2023-05-04 09:18:42,101 INFO Loading train dataset
2023-05-04 09:18:42,642 INFO Avaliable images: 60000
2023-05-04 09:18:42,643 INFO Running on 10000 images
2023-05-04 09:18:42,654 INFO building database...
2023-05-04 09:18:44,607 INFO database build finish
2023-05-04 09:18:44,608 INFO Using MUNIT output from /mnt/raid/home/eyal_michaeli/git/imaginaire/logs/2023_0421_1405_28_ampO1_lower_LR/inference_cp_400k_style_std_1.5_on_new_10k/
2023-05-04 09:18:44,609 INFO Loading validation dataset
2023-05-04 09:18:44,684 INFO Avaliable images: 10000
2023-05-04 09:18:44,684 INFO Running on 3300 images
2023-05-04 09:18:44,686 INFO building database...
2023-05-04 09:18:45,298 INFO database build finish
2023-05-04 09:18:45,298 INFO Not using MUNIT output
2023-05-04 09:18:47,947 INFO [Warning] Ignoring Error(s) in loading state_dict for HybridNetsBackbone:
	size mismatch for classifier.header.pointwise_conv.conv.weight: copying a param with shape torch.Size([9, 160, 1, 1]) from checkpoint, the shape in current model is torch.Size([36, 160, 1, 1]).
	size mismatch for classifier.header.pointwise_conv.conv.bias: copying a param with shape torch.Size([9]) from checkpoint, the shape in current model is torch.Size([36]).
2023-05-04 09:18:47,947 INFO [Warning] Don't panic if you see this, this might be because you load a pretrained weights with different number of classes. The rest of the weights should be loaded already.
2023-05-04 09:18:47,947 INFO [Info] Successfully!!!
2023-05-04 09:18:48,027 INFO Epoch 1/50
2023-05-04 09:20:06,844 INFO Step: 100. Epoch: 1/50. Iteration: 101/625. Cls loss: 2140.835. Reg loss: 3.446. Seg loss: 1.875. Total loss: 2146.156
2023-05-04 09:21:14,555 INFO Step: 200. Epoch: 1/50. Iteration: 201/625. Cls loss: 2472.550. Reg loss: 3.796. Seg loss: 1.794. Total loss: 2478.140
2023-05-04 09:22:21,235 INFO Step: 300. Epoch: 1/50. Iteration: 301/625. Cls loss: 1095.508. Reg loss: 2.557. Seg loss: 2.175. Total loss: 1100.240
2023-05-04 09:23:27,097 INFO Step: 400. Epoch: 1/50. Iteration: 401/625. Cls loss: 814.504. Reg loss: 3.014. Seg loss: 1.754. Total loss: 819.273
2023-05-04 09:24:34,670 INFO Saved checkpoint to: ./logs/onlybdd10k_FT_v0_bs_16_with_MUNIT_5_outputs/2023_0504_0918_42/checkpoints/hybridnets-d3_0_500.pth
2023-05-04 09:24:35,007 INFO Step: 500. Epoch: 1/50. Iteration: 501/625. Cls loss: 833.460. Reg loss: 2.719. Seg loss: 1.897. Total loss: 838.075
2023-05-04 09:25:40,022 INFO Step: 600. Epoch: 1/50. Iteration: 601/625. Cls loss: 1235.078. Reg loss: 3.381. Seg loss: 1.846. Total loss: 1240.306
2023-05-04 09:25:54,090 INFO Validating...
2023-05-04 09:38:34,409 INFO Val. Epoch: 1/50. Classification loss: 1190.06062. Regression loss: 2.90673. Segmentation loss: 1.89636. Total loss: 1194.86372
2023-05-04 09:38:34,793 INFO Epoch 2/50
2023-05-04 09:39:29,929 INFO Step: 700. Epoch: 2/50. Iteration: 76/625. Cls loss: 1026.847. Reg loss: 3.087. Seg loss: 1.530. Total loss: 1031.463
2023-05-04 09:40:34,343 INFO Step: 800. Epoch: 2/50. Iteration: 176/625. Cls loss: 532.814. Reg loss: 3.627. Seg loss: 1.339. Total loss: 537.780
2023-05-04 09:41:41,104 INFO Step: 900. Epoch: 2/50. Iteration: 276/625. Cls loss: 2293.556. Reg loss: 3.869. Seg loss: 1.599. Total loss: 2299.024
2023-05-04 09:42:46,099 INFO Saved checkpoint to: ./logs/onlybdd10k_FT_v0_bs_16_with_MUNIT_5_outputs/2023_0504_0918_42/checkpoints/hybridnets-d3_1_1000.pth
2023-05-04 09:42:46,569 INFO Step: 1000. Epoch: 2/50. Iteration: 376/625. Cls loss: 982.132. Reg loss: 2.776. Seg loss: 1.660. Total loss: 986.568
2023-05-04 09:43:52,571 INFO Step: 1100. Epoch: 2/50. Iteration: 476/625. Cls loss: 2273.240. Reg loss: 2.459. Seg loss: 1.567. Total loss: 2277.266
2023-05-04 09:44:57,167 INFO Step: 1200. Epoch: 2/50. Iteration: 576/625. Cls loss: 1649.378. Reg loss: 3.086. Seg loss: 1.680. Total loss: 1654.143
2023-05-04 09:45:28,145 INFO Validating...
2023-05-04 09:58:04,914 INFO Val. Epoch: 2/50. Classification loss: 1157.79697. Regression loss: 2.92427. Segmentation loss: 1.67439. Total loss: 1162.39563
2023-05-04 09:58:05,231 INFO Epoch 3/50
2023-05-04 09:58:45,382 INFO Step: 1300. Epoch: 3/50. Iteration: 51/625. Cls loss: 729.435. Reg loss: 3.245. Seg loss: 1.555. Total loss: 734.234
2023-05-04 09:59:50,440 INFO Step: 1400. Epoch: 3/50. Iteration: 151/625. Cls loss: 728.657. Reg loss: 3.224. Seg loss: 1.548. Total loss: 733.428
2023-05-04 10:00:57,602 INFO Saved checkpoint to: ./logs/onlybdd10k_FT_v0_bs_16_with_MUNIT_5_outputs/2023_0504_0918_42/checkpoints/hybridnets-d3_2_1500.pth
2023-05-04 10:00:58,036 INFO Step: 1500. Epoch: 3/50. Iteration: 251/625. Cls loss: 650.160. Reg loss: 2.565. Seg loss: 1.187. Total loss: 653.912
2023-05-04 10:02:03,488 INFO Step: 1600. Epoch: 3/50. Iteration: 351/625. Cls loss: 1819.347. Reg loss: 2.534. Seg loss: 1.687. Total loss: 1823.568
2023-05-04 10:03:11,467 INFO Step: 1700. Epoch: 3/50. Iteration: 451/625. Cls loss: 710.431. Reg loss: 3.305. Seg loss: 1.573. Total loss: 715.310
2023-05-04 10:04:16,877 INFO Step: 1800. Epoch: 3/50. Iteration: 551/625. Cls loss: 3814.871. Reg loss: 2.326. Seg loss: 1.425. Total loss: 3818.622
2023-05-04 10:05:03,812 INFO Validating...
2023-05-04 10:17:37,732 INFO Val. Epoch: 3/50. Classification loss: 1125.86282. Regression loss: 2.93761. Segmentation loss: 1.50684. Total loss: 1130.30728
2023-05-04 10:17:37,888 INFO Epoch 4/50
2023-05-04 10:18:01,015 INFO Step: 1900. Epoch: 4/50. Iteration: 26/625. Cls loss: 1326.001. Reg loss: 3.388. Seg loss: 1.265. Total loss: 1330.655
2023-05-04 10:19:05,742 INFO Saved checkpoint to: ./logs/onlybdd10k_FT_v0_bs_16_with_MUNIT_5_outputs/2023_0504_0918_42/checkpoints/hybridnets-d3_3_2000.pth
2023-05-04 10:19:06,116 INFO Step: 2000. Epoch: 4/50. Iteration: 126/625. Cls loss: 1317.637. Reg loss: 2.370. Seg loss: 1.210. Total loss: 1321.218
2023-05-04 10:20:13,198 INFO Step: 2100. Epoch: 4/50. Iteration: 226/625. Cls loss: 680.256. Reg loss: 2.562. Seg loss: 0.999. Total loss: 683.818
2023-05-04 10:21:19,016 INFO Step: 2200. Epoch: 4/50. Iteration: 326/625. Cls loss: 1071.941. Reg loss: 3.003. Seg loss: 1.301. Total loss: 1076.245
2023-05-04 10:22:25,434 INFO Step: 2300. Epoch: 4/50. Iteration: 426/625. Cls loss: 769.967. Reg loss: 3.196. Seg loss: 1.301. Total loss: 774.465
2023-05-04 10:23:31,426 INFO Step: 2400. Epoch: 4/50. Iteration: 526/625. Cls loss: 989.721. Reg loss: 2.473. Seg loss: 1.171. Total loss: 993.365
2023-05-04 10:24:35,396 INFO Saved checkpoint to: ./logs/onlybdd10k_FT_v0_bs_16_with_MUNIT_5_outputs/2023_0504_0918_42/checkpoints/hybridnets-d3_3_2500.pth
2023-05-04 10:24:35,399 INFO Validating...
2023-05-04 10:37:02,538 INFO Val. Epoch: 4/50. Classification loss: 1092.82721. Regression loss: 2.93453. Segmentation loss: 1.36568. Total loss: 1097.12742
2023-05-04 10:37:02,835 INFO Epoch 5/50
2023-05-04 10:37:09,707 INFO Step: 2500. Epoch: 5/50. Iteration: 1/625. Cls loss: 1226.544. Reg loss: 3.062. Seg loss: 1.184. Total loss: 1230.790
2023-05-04 10:38:14,264 INFO Step: 2600. Epoch: 5/50. Iteration: 101/625. Cls loss: 1798.463. Reg loss: 2.949. Seg loss: 0.904. Total loss: 1802.316
2023-05-04 10:39:20,938 INFO Step: 2700. Epoch: 5/50. Iteration: 201/625. Cls loss: 2277.708. Reg loss: 2.913. Seg loss: 0.991. Total loss: 2281.612
2023-05-04 10:40:26,056 INFO Step: 2800. Epoch: 5/50. Iteration: 301/625. Cls loss: 602.355. Reg loss: 3.181. Seg loss: 1.252. Total loss: 606.788
2023-05-04 10:41:32,213 INFO Step: 2900. Epoch: 5/50. Iteration: 401/625. Cls loss: 732.437. Reg loss: 3.155. Seg loss: 0.934. Total loss: 736.525
2023-05-04 10:42:37,995 INFO Saved checkpoint to: ./logs/onlybdd10k_FT_v0_bs_16_with_MUNIT_5_outputs/2023_0504_0918_42/checkpoints/hybridnets-d3_4_3000.pth
2023-05-04 10:42:38,380 INFO Step: 3000. Epoch: 5/50. Iteration: 501/625. Cls loss: 796.870. Reg loss: 2.353. Seg loss: 1.009. Total loss: 800.232
2023-05-04 10:43:43,373 INFO Step: 3100. Epoch: 5/50. Iteration: 601/625. Cls loss: 1791.764. Reg loss: 3.293. Seg loss: 0.967. Total loss: 1796.024
2023-05-04 10:43:57,460 INFO Validating...
2023-05-04 10:56:13,869 INFO Val. Epoch: 5/50. Classification loss: 1055.95526. Regression loss: 2.93542. Segmentation loss: 1.25099. Total loss: 1060.14167
2023-05-04 10:56:14,020 INFO Epoch 6/50
2023-05-04 10:57:08,690 INFO Step: 3200. Epoch: 6/50. Iteration: 76/625. Cls loss: 1046.167. Reg loss: 3.178. Seg loss: 0.846. Total loss: 1050.190
2023-05-04 10:58:13,185 INFO Step: 3300. Epoch: 6/50. Iteration: 176/625. Cls loss: 513.102. Reg loss: 2.671. Seg loss: 0.812. Total loss: 516.586
2023-05-04 10:59:19,350 INFO Step: 3400. Epoch: 6/50. Iteration: 276/625. Cls loss: 1204.144. Reg loss: 3.338. Seg loss: 1.261. Total loss: 1208.743
2023-05-04 11:00:23,586 INFO Saved checkpoint to: ./logs/onlybdd10k_FT_v0_bs_16_with_MUNIT_5_outputs/2023_0504_0918_42/checkpoints/hybridnets-d3_5_3500.pth
2023-05-04 11:00:23,983 INFO Step: 3500. Epoch: 6/50. Iteration: 376/625. Cls loss: 1148.560. Reg loss: 2.332. Seg loss: 1.327. Total loss: 1152.219
2023-05-04 11:01:29,926 INFO Step: 3600. Epoch: 6/50. Iteration: 476/625. Cls loss: 2098.996. Reg loss: 2.546. Seg loss: 1.000. Total loss: 2102.542
2023-05-04 11:02:34,066 INFO Step: 3700. Epoch: 6/50. Iteration: 576/625. Cls loss: 976.694. Reg loss: 2.926. Seg loss: 1.079. Total loss: 980.699
2023-05-04 11:03:05,128 INFO Validating...
2023-05-04 11:15:17,024 INFO Val. Epoch: 6/50. Classification loss: 1019.07270. Regression loss: 2.93276. Segmentation loss: 1.16188. Total loss: 1023.16735
2023-05-04 11:15:17,305 INFO Epoch 7/50
2023-05-04 11:15:56,290 INFO Step: 3800. Epoch: 7/50. Iteration: 51/625. Cls loss: 708.676. Reg loss: 2.931. Seg loss: 0.912. Total loss: 712.519
2023-05-04 11:17:00,554 INFO Step: 3900. Epoch: 7/50. Iteration: 151/625. Cls loss: 546.226. Reg loss: 3.190. Seg loss: 1.121. Total loss: 550.537
2023-05-04 11:18:06,933 INFO Saved checkpoint to: ./logs/onlybdd10k_FT_v0_bs_16_with_MUNIT_5_outputs/2023_0504_0918_42/checkpoints/hybridnets-d3_6_4000.pth
2023-05-04 11:18:07,357 INFO Step: 4000. Epoch: 7/50. Iteration: 251/625. Cls loss: 736.736. Reg loss: 2.566. Seg loss: 0.709. Total loss: 740.011
2023-05-04 11:19:11,389 INFO Step: 4100. Epoch: 7/50. Iteration: 351/625. Cls loss: 1154.526. Reg loss: 2.258. Seg loss: 1.341. Total loss: 1158.125
2023-05-04 11:20:17,345 INFO Step: 4200. Epoch: 7/50. Iteration: 451/625. Cls loss: 652.934. Reg loss: 2.957. Seg loss: 0.797. Total loss: 656.688
2023-05-04 11:21:21,581 INFO Step: 4300. Epoch: 7/50. Iteration: 551/625. Cls loss: 2962.823. Reg loss: 2.870. Seg loss: 0.954. Total loss: 2966.647
2023-05-04 11:22:08,840 INFO Validating...
2023-05-04 11:34:45,229 INFO Val. Epoch: 7/50. Classification loss: 983.42138. Regression loss: 2.92009. Segmentation loss: 1.07541. Total loss: 987.41688
2023-05-04 11:34:45,376 INFO Epoch 8/50
2023-05-04 11:35:08,158 INFO Step: 4400. Epoch: 8/50. Iteration: 26/625. Cls loss: 1172.905. Reg loss: 3.538. Seg loss: 0.931. Total loss: 1177.374
2023-05-04 11:36:12,466 INFO Saved checkpoint to: ./logs/onlybdd10k_FT_v0_bs_16_with_MUNIT_5_outputs/2023_0504_0918_42/checkpoints/hybridnets-d3_7_4500.pth
2023-05-04 11:36:12,841 INFO Step: 4500. Epoch: 8/50. Iteration: 126/625. Cls loss: 1431.888. Reg loss: 2.356. Seg loss: 0.966. Total loss: 1435.210
2023-05-04 11:37:19,478 INFO Step: 4600. Epoch: 8/50. Iteration: 226/625. Cls loss: 575.856. Reg loss: 2.525. Seg loss: 0.607. Total loss: 578.988
2023-05-04 11:38:24,615 INFO Step: 4700. Epoch: 8/50. Iteration: 326/625. Cls loss: 1243.228. Reg loss: 2.801. Seg loss: 0.845. Total loss: 1246.873
2023-05-04 11:39:31,166 INFO Step: 4800. Epoch: 8/50. Iteration: 426/625. Cls loss: 874.324. Reg loss: 2.791. Seg loss: 0.736. Total loss: 877.851
2023-05-04 11:40:36,188 INFO Step: 4900. Epoch: 8/50. Iteration: 526/625. Cls loss: 628.780. Reg loss: 3.231. Seg loss: 0.747. Total loss: 632.758
2023-05-04 11:41:39,941 INFO Saved checkpoint to: ./logs/onlybdd10k_FT_v0_bs_16_with_MUNIT_5_outputs/2023_0504_0918_42/checkpoints/hybridnets-d3_7_5000.pth
2023-05-04 11:41:39,942 INFO Validating...
2023-05-04 11:54:09,482 INFO Val. Epoch: 8/50. Classification loss: 947.67867. Regression loss: 2.91527. Segmentation loss: 1.00678. Total loss: 951.60072
2023-05-04 11:54:09,653 INFO Epoch 9/50
2023-05-04 11:54:16,311 INFO Step: 5000. Epoch: 9/50. Iteration: 1/625. Cls loss: 788.147. Reg loss: 3.053. Seg loss: 0.768. Total loss: 791.968
2023-05-04 11:55:20,986 INFO Step: 5100. Epoch: 9/50. Iteration: 101/625. Cls loss: 1461.200. Reg loss: 3.364. Seg loss: 0.530. Total loss: 1465.094
2023-05-04 11:56:27,598 INFO Step: 5200. Epoch: 9/50. Iteration: 201/625. Cls loss: 857.473. Reg loss: 3.564. Seg loss: 0.765. Total loss: 861.802
2023-05-04 11:57:32,118 INFO Step: 5300. Epoch: 9/50. Iteration: 301/625. Cls loss: 624.996. Reg loss: 3.301. Seg loss: 0.858. Total loss: 629.155
2023-05-04 11:58:38,226 INFO Step: 5400. Epoch: 9/50. Iteration: 401/625. Cls loss: 636.620. Reg loss: 3.008. Seg loss: 0.719. Total loss: 640.347
2023-05-04 11:59:43,125 INFO Saved checkpoint to: ./logs/onlybdd10k_FT_v0_bs_16_with_MUNIT_5_outputs/2023_0504_0918_42/checkpoints/hybridnets-d3_8_5500.pth
2023-05-04 11:59:43,468 INFO Step: 5500. Epoch: 9/50. Iteration: 501/625. Cls loss: 755.728. Reg loss: 2.676. Seg loss: 0.909. Total loss: 759.313
2023-05-04 12:00:49,803 INFO Step: 5600. Epoch: 9/50. Iteration: 601/625. Cls loss: 771.292. Reg loss: 3.149. Seg loss: 0.685. Total loss: 775.126
2023-05-04 12:01:03,270 INFO Validating...
2023-05-04 12:13:39,762 INFO Val. Epoch: 9/50. Classification loss: 916.05327. Regression loss: 2.91134. Segmentation loss: 0.93547. Total loss: 919.90008
2023-05-04 12:13:39,962 INFO Epoch 10/50
2023-05-04 12:14:35,509 INFO Step: 5700. Epoch: 10/50. Iteration: 76/625. Cls loss: 868.974. Reg loss: 2.357. Seg loss: 0.706. Total loss: 872.036
2023-05-04 12:15:40,467 INFO Step: 5800. Epoch: 10/50. Iteration: 176/625. Cls loss: 437.815. Reg loss: 3.070. Seg loss: 0.688. Total loss: 441.574
2023-05-04 12:16:47,950 INFO Step: 5900. Epoch: 10/50. Iteration: 276/625. Cls loss: 958.958. Reg loss: 3.320. Seg loss: 0.946. Total loss: 963.224
2023-05-04 12:17:53,125 INFO Saved checkpoint to: ./logs/onlybdd10k_FT_v0_bs_16_with_MUNIT_5_outputs/2023_0504_0918_42/checkpoints/hybridnets-d3_9_6000.pth
2023-05-04 12:17:53,578 INFO Step: 6000. Epoch: 10/50. Iteration: 376/625. Cls loss: 862.318. Reg loss: 2.391. Seg loss: 0.921. Total loss: 865.629
2023-05-04 12:19:00,518 INFO Step: 6100. Epoch: 10/50. Iteration: 476/625. Cls loss: 2717.980. Reg loss: 2.244. Seg loss: 0.721. Total loss: 2720.945
2023-05-04 12:20:06,126 INFO Step: 6200. Epoch: 10/50. Iteration: 576/625. Cls loss: 1194.252. Reg loss: 2.680. Seg loss: 0.716. Total loss: 1197.648
2023-05-04 12:20:37,886 INFO Validating...
2023-05-04 12:33:15,213 INFO Val. Epoch: 10/50. Classification loss: 884.07524. Regression loss: 2.90615. Segmentation loss: 0.87133. Total loss: 887.85272
2023-05-04 12:33:15,463 INFO Epoch 11/50
2023-05-04 12:33:54,735 INFO Step: 6300. Epoch: 11/50. Iteration: 51/625. Cls loss: 573.131. Reg loss: 3.436. Seg loss: 0.655. Total loss: 577.222
2023-05-04 12:34:59,902 INFO Step: 6400. Epoch: 11/50. Iteration: 151/625. Cls loss: 548.077. Reg loss: 2.892. Seg loss: 0.773. Total loss: 551.742
2023-05-04 12:36:07,757 INFO Saved checkpoint to: ./logs/onlybdd10k_FT_v0_bs_16_with_MUNIT_5_outputs/2023_0504_0918_42/checkpoints/hybridnets-d3_10_6500.pth
2023-05-04 12:36:08,220 INFO Step: 6500. Epoch: 11/50. Iteration: 251/625. Cls loss: 568.661. Reg loss: 2.411. Seg loss: 0.478. Total loss: 571.550
2023-05-04 12:37:13,043 INFO Step: 6600. Epoch: 11/50. Iteration: 351/625. Cls loss: 1100.452. Reg loss: 2.457. Seg loss: 1.093. Total loss: 1104.002
2023-05-04 12:38:20,302 INFO Step: 6700. Epoch: 11/50. Iteration: 451/625. Cls loss: 578.644. Reg loss: 2.972. Seg loss: 0.700. Total loss: 582.316
2023-05-04 12:39:25,201 INFO Step: 6800. Epoch: 11/50. Iteration: 551/625. Cls loss: 2651.711. Reg loss: 2.110. Seg loss: 0.691. Total loss: 2654.512
2023-05-04 12:40:12,734 INFO Validating...
2023-05-04 12:52:40,801 INFO Val. Epoch: 11/50. Classification loss: 854.75709. Regression loss: 2.89994. Segmentation loss: 0.81995. Total loss: 858.47698
2023-05-04 12:52:40,968 INFO Epoch 12/50
2023-05-04 12:53:03,582 INFO Step: 6900. Epoch: 12/50. Iteration: 26/625. Cls loss: 907.578. Reg loss: 3.058. Seg loss: 0.699. Total loss: 911.336
2023-05-04 12:54:07,621 INFO Saved checkpoint to: ./logs/onlybdd10k_FT_v0_bs_16_with_MUNIT_5_outputs/2023_0504_0918_42/checkpoints/hybridnets-d3_11_7000.pth
2023-05-04 12:54:07,995 INFO Step: 7000. Epoch: 12/50. Iteration: 126/625. Cls loss: 1222.535. Reg loss: 2.240. Seg loss: 0.579. Total loss: 1225.354
2023-05-04 12:55:14,441 INFO Step: 7100. Epoch: 12/50. Iteration: 226/625. Cls loss: 512.781. Reg loss: 2.453. Seg loss: 0.450. Total loss: 515.684
2023-05-04 12:56:18,882 INFO Step: 7200. Epoch: 12/50. Iteration: 326/625. Cls loss: 954.465. Reg loss: 2.427. Seg loss: 0.634. Total loss: 957.527
2023-05-04 12:57:24,926 INFO Step: 7300. Epoch: 12/50. Iteration: 426/625. Cls loss: 557.591. Reg loss: 3.053. Seg loss: 0.723. Total loss: 561.368
2023-05-04 12:58:29,011 INFO Step: 7400. Epoch: 12/50. Iteration: 526/625. Cls loss: 609.899. Reg loss: 3.002. Seg loss: 0.584. Total loss: 613.485
2023-05-04 12:59:31,829 INFO Saved checkpoint to: ./logs/onlybdd10k_FT_v0_bs_16_with_MUNIT_5_outputs/2023_0504_0918_42/checkpoints/hybridnets-d3_11_7500.pth
2023-05-04 12:59:31,830 INFO Validating...
2023-05-04 13:12:01,914 INFO Val. Epoch: 12/50. Classification loss: 824.19183. Regression loss: 2.89906. Segmentation loss: 0.77036. Total loss: 827.86126
2023-05-04 13:12:02,176 INFO Epoch 13/50
2023-05-04 13:12:09,314 INFO Step: 7500. Epoch: 13/50. Iteration: 1/625. Cls loss: 645.793. Reg loss: 2.725. Seg loss: 0.668. Total loss: 649.185
2023-05-04 13:13:13,798 INFO Step: 7600. Epoch: 13/50. Iteration: 101/625. Cls loss: 1221.269. Reg loss: 2.667. Seg loss: 0.430. Total loss: 1224.367
2023-05-04 13:14:20,061 INFO Step: 7700. Epoch: 13/50. Iteration: 201/625. Cls loss: 774.474. Reg loss: 3.200. Seg loss: 0.434. Total loss: 778.107
2023-05-04 13:15:25,470 INFO Step: 7800. Epoch: 13/50. Iteration: 301/625. Cls loss: 792.973. Reg loss: 2.739. Seg loss: 0.694. Total loss: 796.407
2023-05-04 13:16:30,864 INFO Step: 7900. Epoch: 13/50. Iteration: 401/625. Cls loss: 650.571. Reg loss: 2.710. Seg loss: 0.488. Total loss: 653.769
2023-05-04 13:17:37,389 INFO Saved checkpoint to: ./logs/onlybdd10k_FT_v0_bs_16_with_MUNIT_5_outputs/2023_0504_0918_42/checkpoints/hybridnets-d3_12_8000.pth
2023-05-04 13:17:37,789 INFO Step: 8000. Epoch: 13/50. Iteration: 501/625. Cls loss: 902.344. Reg loss: 2.376. Seg loss: 0.751. Total loss: 905.471
2023-05-04 13:18:42,559 INFO Step: 8100. Epoch: 13/50. Iteration: 601/625. Cls loss: 862.165. Reg loss: 3.131. Seg loss: 0.541. Total loss: 865.837
2023-05-04 13:18:57,577 INFO Validating...
2023-05-04 13:31:38,232 INFO Val. Epoch: 13/50. Classification loss: 794.06176. Regression loss: 2.89766. Segmentation loss: 0.72962. Total loss: 797.68904
2023-05-04 13:31:38,405 INFO Epoch 14/50
2023-05-04 13:32:33,909 INFO Step: 8200. Epoch: 14/50. Iteration: 76/625. Cls loss: 662.150. Reg loss: 2.582. Seg loss: 0.442. Total loss: 665.173
2023-05-04 13:33:38,458 INFO Step: 8300. Epoch: 14/50. Iteration: 176/625. Cls loss: 352.448. Reg loss: 2.893. Seg loss: 0.639. Total loss: 355.981
2023-05-04 13:34:45,393 INFO Step: 8400. Epoch: 14/50. Iteration: 276/625. Cls loss: 814.537. Reg loss: 2.848. Seg loss: 0.643. Total loss: 818.027
2023-05-04 13:35:50,183 INFO Saved checkpoint to: ./logs/onlybdd10k_FT_v0_bs_16_with_MUNIT_5_outputs/2023_0504_0918_42/checkpoints/hybridnets-d3_13_8500.pth
2023-05-04 13:35:50,677 INFO Step: 8500. Epoch: 14/50. Iteration: 376/625. Cls loss: 772.873. Reg loss: 2.163. Seg loss: 0.686. Total loss: 775.722
2023-05-04 13:36:57,131 INFO Step: 8600. Epoch: 14/50. Iteration: 476/625. Cls loss: 1539.787. Reg loss: 2.379. Seg loss: 0.617. Total loss: 1542.784
2023-05-04 13:38:01,705 INFO Step: 8700. Epoch: 14/50. Iteration: 576/625. Cls loss: 998.564. Reg loss: 2.839. Seg loss: 0.621. Total loss: 1002.024
2023-05-04 13:38:33,217 INFO Validating...
2023-05-04 13:51:23,994 INFO Val. Epoch: 14/50. Classification loss: 766.46734. Regression loss: 2.89452. Segmentation loss: 0.69266. Total loss: 770.05451
2023-05-04 13:51:24,164 INFO Epoch 15/50
2023-05-04 13:52:03,834 INFO Step: 8800. Epoch: 15/50. Iteration: 51/625. Cls loss: 532.536. Reg loss: 2.702. Seg loss: 0.535. Total loss: 535.773
2023-05-04 13:53:08,419 INFO Step: 8900. Epoch: 15/50. Iteration: 151/625. Cls loss: 517.253. Reg loss: 3.201. Seg loss: 0.776. Total loss: 521.230
2023-05-04 13:54:15,223 INFO Saved checkpoint to: ./logs/onlybdd10k_FT_v0_bs_16_with_MUNIT_5_outputs/2023_0504_0918_42/checkpoints/hybridnets-d3_14_9000.pth
2023-05-04 13:54:15,664 INFO Step: 9000. Epoch: 15/50. Iteration: 251/625. Cls loss: 609.830. Reg loss: 2.635. Seg loss: 0.385. Total loss: 612.850
2023-05-04 13:55:20,603 INFO Step: 9100. Epoch: 15/50. Iteration: 351/625. Cls loss: 821.360. Reg loss: 3.063. Seg loss: 0.686. Total loss: 825.109
2023-05-04 13:56:27,585 INFO Step: 9200. Epoch: 15/50. Iteration: 451/625. Cls loss: 506.941. Reg loss: 3.422. Seg loss: 0.498. Total loss: 510.861
2023-05-04 13:57:32,159 INFO Step: 9300. Epoch: 15/50. Iteration: 551/625. Cls loss: 2111.344. Reg loss: 2.613. Seg loss: 0.852. Total loss: 2114.809
2023-05-04 13:58:19,352 INFO Validating...
2023-05-04 14:11:13,487 INFO Val. Epoch: 15/50. Classification loss: 739.95645. Regression loss: 2.89143. Segmentation loss: 0.65939. Total loss: 743.50727
2023-05-04 14:11:13,643 INFO Epoch 16/50
2023-05-04 14:11:36,367 INFO Step: 9400. Epoch: 16/50. Iteration: 26/625. Cls loss: 533.772. Reg loss: 3.157. Seg loss: 0.532. Total loss: 537.461
2023-05-04 14:12:41,220 INFO Saved checkpoint to: ./logs/onlybdd10k_FT_v0_bs_16_with_MUNIT_5_outputs/2023_0504_0918_42/checkpoints/hybridnets-d3_15_9500.pth
2023-05-04 14:12:41,699 INFO Step: 9500. Epoch: 16/50. Iteration: 126/625. Cls loss: 1092.323. Reg loss: 2.109. Seg loss: 0.466. Total loss: 1094.898
2023-05-04 14:13:48,284 INFO Step: 9600. Epoch: 16/50. Iteration: 226/625. Cls loss: 526.794. Reg loss: 2.495. Seg loss: 0.393. Total loss: 529.682
2023-05-04 14:14:53,358 INFO Step: 9700. Epoch: 16/50. Iteration: 326/625. Cls loss: 743.116. Reg loss: 2.686. Seg loss: 0.531. Total loss: 746.333
2023-05-04 14:15:59,557 INFO Step: 9800. Epoch: 16/50. Iteration: 426/625. Cls loss: 786.615. Reg loss: 3.039. Seg loss: 0.508. Total loss: 790.163
2023-05-04 14:17:05,967 INFO Step: 9900. Epoch: 16/50. Iteration: 526/625. Cls loss: 676.921. Reg loss: 2.364. Seg loss: 0.464. Total loss: 679.748
2023-05-04 14:18:09,855 INFO Saved checkpoint to: ./logs/onlybdd10k_FT_v0_bs_16_with_MUNIT_5_outputs/2023_0504_0918_42/checkpoints/hybridnets-d3_15_10000.pth
2023-05-04 14:18:09,856 INFO Validating...
2023-05-04 14:31:08,455 INFO Val. Epoch: 16/50. Classification loss: 710.43710. Regression loss: 2.89252. Segmentation loss: 0.63014. Total loss: 713.95977
2023-05-04 14:31:08,642 INFO Epoch 17/50
2023-05-04 14:31:15,528 INFO Step: 10000. Epoch: 17/50. Iteration: 1/625. Cls loss: 735.529. Reg loss: 3.463. Seg loss: 0.539. Total loss: 739.530
2023-05-04 14:32:21,002 INFO Step: 10100. Epoch: 17/50. Iteration: 101/625. Cls loss: 944.544. Reg loss: 2.872. Seg loss: 0.355. Total loss: 947.770
2023-05-04 14:33:28,581 INFO Step: 10200. Epoch: 17/50. Iteration: 201/625. Cls loss: 776.628. Reg loss: 2.657. Seg loss: 0.438. Total loss: 779.723
2023-05-04 14:34:33,892 INFO Step: 10300. Epoch: 17/50. Iteration: 301/625. Cls loss: 632.129. Reg loss: 2.851. Seg loss: 0.503. Total loss: 635.483
2023-05-04 14:35:41,619 INFO Step: 10400. Epoch: 17/50. Iteration: 401/625. Cls loss: 478.150. Reg loss: 2.925. Seg loss: 0.603. Total loss: 481.678
2023-05-04 14:36:47,329 INFO Saved checkpoint to: ./logs/onlybdd10k_FT_v0_bs_16_with_MUNIT_5_outputs/2023_0504_0918_42/checkpoints/hybridnets-d3_16_10500.pth
2023-05-04 14:36:47,828 INFO Step: 10500. Epoch: 17/50. Iteration: 501/625. Cls loss: 479.617. Reg loss: 2.681. Seg loss: 0.552. Total loss: 482.851
2023-05-04 14:37:54,971 INFO Step: 10600. Epoch: 17/50. Iteration: 601/625. Cls loss: 737.273. Reg loss: 2.967. Seg loss: 0.420. Total loss: 740.660
2023-05-04 14:38:08,685 INFO Validating...
2023-05-04 14:51:05,037 INFO Val. Epoch: 17/50. Classification loss: 689.62024. Regression loss: 2.88539. Segmentation loss: 0.60595. Total loss: 693.11158
2023-05-04 14:51:05,220 INFO Epoch 18/50
2023-05-04 14:52:00,887 INFO Step: 10700. Epoch: 18/50. Iteration: 76/625. Cls loss: 580.729. Reg loss: 2.719. Seg loss: 0.370. Total loss: 583.818
2023-05-04 14:53:05,970 INFO Step: 10800. Epoch: 18/50. Iteration: 176/625. Cls loss: 367.865. Reg loss: 2.936. Seg loss: 0.422. Total loss: 371.223
2023-05-04 14:54:13,807 INFO Step: 10900. Epoch: 18/50. Iteration: 276/625. Cls loss: 1094.572. Reg loss: 3.046. Seg loss: 0.543. Total loss: 1098.162
2023-05-04 14:55:18,780 INFO Saved checkpoint to: ./logs/onlybdd10k_FT_v0_bs_16_with_MUNIT_5_outputs/2023_0504_0918_42/checkpoints/hybridnets-d3_17_11000.pth
2023-05-04 14:55:19,127 INFO Step: 11000. Epoch: 18/50. Iteration: 376/625. Cls loss: 893.274. Reg loss: 2.447. Seg loss: 0.576. Total loss: 896.297
2023-05-04 14:56:26,215 INFO Step: 11100. Epoch: 18/50. Iteration: 476/625. Cls loss: 1097.322. Reg loss: 2.628. Seg loss: 0.517. Total loss: 1100.467
2023-05-04 14:57:31,123 INFO Step: 11200. Epoch: 18/50. Iteration: 576/625. Cls loss: 788.794. Reg loss: 2.829. Seg loss: 0.470. Total loss: 792.093
2023-05-04 14:58:01,877 INFO Validating...
2023-05-04 15:11:12,371 INFO Val. Epoch: 18/50. Classification loss: 661.47549. Regression loss: 2.88649. Segmentation loss: 0.58642. Total loss: 664.94839
2023-05-04 15:11:12,529 INFO Epoch 19/50
2023-05-04 15:11:51,902 INFO Step: 11300. Epoch: 19/50. Iteration: 51/625. Cls loss: 488.884. Reg loss: 2.971. Seg loss: 0.521. Total loss: 492.375
2023-05-04 15:12:56,745 INFO Step: 11400. Epoch: 19/50. Iteration: 151/625. Cls loss: 459.564. Reg loss: 3.073. Seg loss: 0.472. Total loss: 463.109
2023-05-04 15:14:04,022 INFO Saved checkpoint to: ./logs/onlybdd10k_FT_v0_bs_16_with_MUNIT_5_outputs/2023_0504_0918_42/checkpoints/hybridnets-d3_18_11500.pth
2023-05-04 15:14:04,347 INFO Step: 11500. Epoch: 19/50. Iteration: 251/625. Cls loss: 452.134. Reg loss: 2.740. Seg loss: 0.373. Total loss: 455.247
2023-05-04 15:15:08,876 INFO Step: 11600. Epoch: 19/50. Iteration: 351/625. Cls loss: 746.221. Reg loss: 2.230. Seg loss: 0.770. Total loss: 749.220
2023-05-04 15:16:16,508 INFO Step: 11700. Epoch: 19/50. Iteration: 451/625. Cls loss: 522.456. Reg loss: 2.603. Seg loss: 0.387. Total loss: 525.446
2023-05-04 15:17:21,485 INFO Step: 11800. Epoch: 19/50. Iteration: 551/625. Cls loss: 1839.626. Reg loss: 2.507. Seg loss: 0.670. Total loss: 1842.803
2023-05-04 15:18:08,682 INFO Validating...
2023-05-04 15:32:04,734 INFO Val. Epoch: 19/50. Classification loss: 639.50063. Regression loss: 2.88421. Segmentation loss: 0.56680. Total loss: 642.95164
2023-05-04 15:32:04,997 INFO Epoch 20/50
2023-05-04 15:32:34,927 INFO Step: 11900. Epoch: 20/50. Iteration: 26/625. Cls loss: 529.148. Reg loss: 3.265. Seg loss: 0.469. Total loss: 532.882
2023-05-04 15:34:01,733 INFO Saved checkpoint to: ./logs/onlybdd10k_FT_v0_bs_16_with_MUNIT_5_outputs/2023_0504_0918_42/checkpoints/hybridnets-d3_19_12000.pth
2023-05-04 15:34:02,096 INFO Step: 12000. Epoch: 20/50. Iteration: 126/625. Cls loss: 729.546. Reg loss: 2.563. Seg loss: 0.406. Total loss: 732.515
2023-05-04 15:35:29,368 INFO Step: 12100. Epoch: 20/50. Iteration: 226/625. Cls loss: 514.802. Reg loss: 2.687. Seg loss: 0.286. Total loss: 517.776
2023-05-04 15:37:10,709 INFO Step: 12200. Epoch: 20/50. Iteration: 326/625. Cls loss: 753.621. Reg loss: 2.382. Seg loss: 0.440. Total loss: 756.443
2023-05-04 15:39:58,940 INFO Step: 12300. Epoch: 20/50. Iteration: 426/625. Cls loss: 422.438. Reg loss: 2.412. Seg loss: 0.389. Total loss: 425.239
2023-05-04 15:42:39,585 INFO Step: 12400. Epoch: 20/50. Iteration: 526/625. Cls loss: 597.147. Reg loss: 2.346. Seg loss: 0.390. Total loss: 599.884
2023-05-04 15:45:22,553 INFO Saved checkpoint to: ./logs/onlybdd10k_FT_v0_bs_16_with_MUNIT_5_outputs/2023_0504_0918_42/checkpoints/hybridnets-d3_19_12500.pth
2023-05-04 15:45:23,240 INFO Validating...
2023-05-04 16:00:38,823 INFO Val. Epoch: 20/50. Classification loss: 616.44209. Regression loss: 2.88332. Segmentation loss: 0.55136. Total loss: 619.87677
2023-05-04 16:00:38,987 INFO Epoch 21/50
2023-05-04 16:00:52,314 INFO Step: 12500. Epoch: 21/50. Iteration: 1/625. Cls loss: 807.439. Reg loss: 3.000. Seg loss: 0.432. Total loss: 810.872
2023-05-04 16:03:01,958 INFO Step: 12600. Epoch: 21/50. Iteration: 101/625. Cls loss: 783.034. Reg loss: 3.351. Seg loss: 0.343. Total loss: 786.728
2023-05-04 16:04:53,787 INFO Step: 12700. Epoch: 21/50. Iteration: 201/625. Cls loss: 696.252. Reg loss: 3.100. Seg loss: 0.350. Total loss: 699.702
2023-05-04 16:06:59,024 INFO Step: 12800. Epoch: 21/50. Iteration: 301/625. Cls loss: 702.366. Reg loss: 2.692. Seg loss: 0.382. Total loss: 705.439
2023-05-04 16:09:09,782 INFO Step: 12900. Epoch: 21/50. Iteration: 401/625. Cls loss: 431.429. Reg loss: 3.321. Seg loss: 0.404. Total loss: 435.155
2023-05-04 16:11:25,426 INFO Saved checkpoint to: ./logs/onlybdd10k_FT_v0_bs_16_with_MUNIT_5_outputs/2023_0504_0918_42/checkpoints/hybridnets-d3_20_13000.pth
2023-05-04 16:11:25,780 INFO Step: 13000. Epoch: 21/50. Iteration: 501/625. Cls loss: 553.457. Reg loss: 2.877. Seg loss: 0.502. Total loss: 556.837
2023-05-04 16:13:46,070 INFO Step: 13100. Epoch: 21/50. Iteration: 601/625. Cls loss: 347.688. Reg loss: 3.238. Seg loss: 0.430. Total loss: 351.355
2023-05-04 16:14:14,555 INFO Validating...
2023-05-04 16:28:30,267 INFO Val. Epoch: 21/50. Classification loss: 593.37658. Regression loss: 2.88334. Segmentation loss: 0.53439. Total loss: 596.79431
2023-05-04 16:28:30,418 INFO Epoch 22/50
2023-05-04 16:30:21,574 INFO Step: 13200. Epoch: 22/50. Iteration: 76/625. Cls loss: 1157.782. Reg loss: 2.486. Seg loss: 0.325. Total loss: 1160.593
2023-05-04 16:32:28,209 INFO Step: 13300. Epoch: 22/50. Iteration: 176/625. Cls loss: 297.311. Reg loss: 2.772. Seg loss: 0.336. Total loss: 300.419
2023-05-04 16:34:56,317 INFO Step: 13400. Epoch: 22/50. Iteration: 276/625. Cls loss: 530.064. Reg loss: 3.109. Seg loss: 0.351. Total loss: 533.525
2023-05-04 16:37:10,498 INFO Saved checkpoint to: ./logs/onlybdd10k_FT_v0_bs_16_with_MUNIT_5_outputs/2023_0504_0918_42/checkpoints/hybridnets-d3_21_13500.pth
2023-05-04 16:37:10,914 INFO Step: 13500. Epoch: 22/50. Iteration: 376/625. Cls loss: 656.780. Reg loss: 2.601. Seg loss: 0.664. Total loss: 660.044
2023-05-04 16:39:28,752 INFO Step: 13600. Epoch: 22/50. Iteration: 476/625. Cls loss: 1057.326. Reg loss: 2.284. Seg loss: 0.482. Total loss: 1060.092
2023-05-04 16:41:43,261 INFO Step: 13700. Epoch: 22/50. Iteration: 576/625. Cls loss: 933.368. Reg loss: 2.605. Seg loss: 0.434. Total loss: 936.406
2023-05-04 16:42:48,591 INFO Validating...
2023-05-04 16:57:30,945 INFO Val. Epoch: 22/50. Classification loss: 575.79773. Regression loss: 2.88135. Segmentation loss: 0.52121. Total loss: 579.20029
2023-05-04 16:57:31,182 INFO Epoch 23/50
2023-05-04 16:59:08,757 INFO Step: 13800. Epoch: 23/50. Iteration: 51/625. Cls loss: 444.279. Reg loss: 2.913. Seg loss: 0.336. Total loss: 447.528
2023-05-04 17:01:43,302 INFO Step: 13900. Epoch: 23/50. Iteration: 151/625. Cls loss: 422.051. Reg loss: 3.261. Seg loss: 0.457. Total loss: 425.770
2023-05-04 17:04:02,358 INFO Saved checkpoint to: ./logs/onlybdd10k_FT_v0_bs_16_with_MUNIT_5_outputs/2023_0504_0918_42/checkpoints/hybridnets-d3_22_14000.pth
2023-05-04 17:04:02,960 INFO Step: 14000. Epoch: 23/50. Iteration: 251/625. Cls loss: 428.479. Reg loss: 2.541. Seg loss: 0.242. Total loss: 431.262
2023-05-04 17:06:38,659 INFO Step: 14100. Epoch: 23/50. Iteration: 351/625. Cls loss: 811.682. Reg loss: 2.175. Seg loss: 0.621. Total loss: 814.479
2023-05-04 17:09:00,091 INFO Step: 14200. Epoch: 23/50. Iteration: 451/625. Cls loss: 379.659. Reg loss: 2.801. Seg loss: 0.354. Total loss: 382.813
2023-05-04 17:10:55,024 INFO Step: 14300. Epoch: 23/50. Iteration: 551/625. Cls loss: 1482.265. Reg loss: 2.178. Seg loss: 0.530. Total loss: 1484.974
2023-05-04 17:12:24,107 INFO Validating...
2023-05-04 17:26:40,682 INFO Val. Epoch: 23/50. Classification loss: 551.26360. Regression loss: 2.88573. Segmentation loss: 0.51110. Total loss: 554.66044
2023-05-04 17:26:40,844 INFO Epoch 24/50
2023-05-04 17:27:26,266 INFO Step: 14400. Epoch: 24/50. Iteration: 26/625. Cls loss: 426.098. Reg loss: 3.323. Seg loss: 0.445. Total loss: 429.866
2023-05-04 17:29:38,752 INFO Saved checkpoint to: ./logs/onlybdd10k_FT_v0_bs_16_with_MUNIT_5_outputs/2023_0504_0918_42/checkpoints/hybridnets-d3_23_14500.pth
2023-05-04 17:29:39,148 INFO Step: 14500. Epoch: 24/50. Iteration: 126/625. Cls loss: 681.879. Reg loss: 2.302. Seg loss: 0.367. Total loss: 684.548
2023-05-04 17:32:08,209 INFO Step: 14600. Epoch: 24/50. Iteration: 226/625. Cls loss: 378.490. Reg loss: 3.147. Seg loss: 0.310. Total loss: 381.948
2023-05-04 17:35:11,579 INFO Step: 14700. Epoch: 24/50. Iteration: 326/625. Cls loss: 673.120. Reg loss: 2.488. Seg loss: 0.362. Total loss: 675.970
2023-05-04 17:38:04,513 INFO Step: 14800. Epoch: 24/50. Iteration: 426/625. Cls loss: 532.223. Reg loss: 2.703. Seg loss: 0.368. Total loss: 535.294
2023-05-04 17:39:54,243 INFO Step: 14900. Epoch: 24/50. Iteration: 526/625. Cls loss: 562.849. Reg loss: 2.830. Seg loss: 0.362. Total loss: 566.041
2023-05-04 17:42:26,213 INFO Saved checkpoint to: ./logs/onlybdd10k_FT_v0_bs_16_with_MUNIT_5_outputs/2023_0504_0918_42/checkpoints/hybridnets-d3_23_15000.pth
2023-05-04 17:42:26,332 INFO Validating...
2023-05-04 17:56:41,660 INFO Val. Epoch: 24/50. Classification loss: 533.54242. Regression loss: 2.88511. Segmentation loss: 0.49737. Total loss: 536.92490
2023-05-04 17:56:41,821 INFO Epoch 25/50
2023-05-04 17:56:55,024 INFO Step: 15000. Epoch: 25/50. Iteration: 1/625. Cls loss: 750.045. Reg loss: 3.150. Seg loss: 0.375. Total loss: 753.569
2023-05-04 17:59:05,097 INFO Step: 15100. Epoch: 25/50. Iteration: 101/625. Cls loss: 608.941. Reg loss: 3.028. Seg loss: 0.291. Total loss: 612.260
2023-05-04 18:01:21,284 INFO Step: 15200. Epoch: 25/50. Iteration: 201/625. Cls loss: 546.104. Reg loss: 3.516. Seg loss: 0.325. Total loss: 549.945
2023-05-04 18:03:32,067 INFO Step: 15300. Epoch: 25/50. Iteration: 301/625. Cls loss: 403.072. Reg loss: 2.778. Seg loss: 0.350. Total loss: 406.199
2023-05-04 18:05:24,200 INFO Step: 15400. Epoch: 25/50. Iteration: 401/625. Cls loss: 488.440. Reg loss: 2.215. Seg loss: 0.348. Total loss: 491.003
2023-05-04 18:07:31,420 INFO Saved checkpoint to: ./logs/onlybdd10k_FT_v0_bs_16_with_MUNIT_5_outputs/2023_0504_0918_42/checkpoints/hybridnets-d3_24_15500.pth
2023-05-04 18:07:31,721 INFO Step: 15500. Epoch: 25/50. Iteration: 501/625. Cls loss: 581.495. Reg loss: 2.418. Seg loss: 0.393. Total loss: 584.306
2023-05-04 18:09:39,118 INFO Step: 15600. Epoch: 25/50. Iteration: 601/625. Cls loss: 365.351. Reg loss: 2.976. Seg loss: 0.340. Total loss: 368.667
2023-05-04 18:10:07,661 INFO Validating...
2023-05-04 18:24:42,708 INFO Val. Epoch: 25/50. Classification loss: 514.25420. Regression loss: 2.87682. Segmentation loss: 0.48719. Total loss: 517.61822
2023-05-04 18:24:42,871 INFO Epoch 26/50
2023-05-04 18:26:35,052 INFO Step: 15700. Epoch: 26/50. Iteration: 76/625. Cls loss: 594.091. Reg loss: 2.304. Seg loss: 0.312. Total loss: 596.707
2023-05-04 18:28:25,013 INFO Step: 15800. Epoch: 26/50. Iteration: 176/625. Cls loss: 290.469. Reg loss: 2.681. Seg loss: 0.318. Total loss: 293.468
2023-05-04 18:30:37,866 INFO Step: 15900. Epoch: 26/50. Iteration: 276/625. Cls loss: 692.506. Reg loss: 2.740. Seg loss: 0.338. Total loss: 695.584
2023-05-04 18:32:45,304 INFO Saved checkpoint to: ./logs/onlybdd10k_FT_v0_bs_16_with_MUNIT_5_outputs/2023_0504_0918_42/checkpoints/hybridnets-d3_25_16000.pth
2023-05-04 18:32:45,663 INFO Step: 16000. Epoch: 26/50. Iteration: 376/625. Cls loss: 620.082. Reg loss: 2.392. Seg loss: 0.483. Total loss: 622.956
2023-05-04 18:35:04,136 INFO Step: 16100. Epoch: 26/50. Iteration: 476/625. Cls loss: 794.918. Reg loss: 2.491. Seg loss: 0.378. Total loss: 797.787
2023-05-04 18:37:14,863 INFO Step: 16200. Epoch: 26/50. Iteration: 576/625. Cls loss: 508.184. Reg loss: 2.574. Seg loss: 0.384. Total loss: 511.142
2023-05-04 18:38:22,071 INFO Validating...
2023-05-04 18:53:01,128 INFO Val. Epoch: 26/50. Classification loss: 496.83819. Regression loss: 2.88215. Segmentation loss: 0.47725. Total loss: 500.19759
2023-05-04 18:53:01,289 INFO Epoch 27/50
2023-05-04 18:54:11,898 INFO Step: 16300. Epoch: 27/50. Iteration: 51/625. Cls loss: 358.637. Reg loss: 3.436. Seg loss: 0.299. Total loss: 362.372
2023-05-04 18:56:21,601 INFO Step: 16400. Epoch: 27/50. Iteration: 151/625. Cls loss: 413.938. Reg loss: 3.033. Seg loss: 0.427. Total loss: 417.398
2023-05-04 18:58:38,766 INFO Saved checkpoint to: ./logs/onlybdd10k_FT_v0_bs_16_with_MUNIT_5_outputs/2023_0504_0918_42/checkpoints/hybridnets-d3_26_16500.pth
2023-05-04 18:58:39,437 INFO Step: 16500. Epoch: 27/50. Iteration: 251/625. Cls loss: 396.470. Reg loss: 2.513. Seg loss: 0.233. Total loss: 399.215
2023-05-04 19:00:49,664 INFO Step: 16600. Epoch: 27/50. Iteration: 351/625. Cls loss: 633.115. Reg loss: 2.657. Seg loss: 0.613. Total loss: 636.385
2023-05-04 19:03:07,031 INFO Step: 16700. Epoch: 27/50. Iteration: 451/625. Cls loss: 345.877. Reg loss: 2.835. Seg loss: 0.387. Total loss: 349.099
2023-05-04 19:05:17,006 INFO Step: 16800. Epoch: 27/50. Iteration: 551/625. Cls loss: 1232.134. Reg loss: 2.562. Seg loss: 0.479. Total loss: 1235.175
2023-05-04 19:06:50,754 INFO Validating...
2023-05-04 19:21:23,915 INFO Val. Epoch: 27/50. Classification loss: 481.33183. Regression loss: 2.87614. Segmentation loss: 0.46596. Total loss: 484.67393
2023-05-04 19:21:24,091 INFO Epoch 28/50
2023-05-04 19:22:09,241 INFO Step: 16900. Epoch: 28/50. Iteration: 26/625. Cls loss: 366.670. Reg loss: 3.463. Seg loss: 0.343. Total loss: 370.476
2023-05-04 19:24:21,503 INFO Saved checkpoint to: ./logs/onlybdd10k_FT_v0_bs_16_with_MUNIT_5_outputs/2023_0504_0918_42/checkpoints/hybridnets-d3_27_17000.pth
2023-05-04 19:24:21,978 INFO Step: 17000. Epoch: 28/50. Iteration: 126/625. Cls loss: 538.795. Reg loss: 2.320. Seg loss: 0.363. Total loss: 541.478
2023-05-04 19:26:41,101 INFO Step: 17100. Epoch: 28/50. Iteration: 226/625. Cls loss: 344.310. Reg loss: 2.414. Seg loss: 0.272. Total loss: 346.996
2023-05-04 19:28:52,752 INFO Step: 17200. Epoch: 28/50. Iteration: 326/625. Cls loss: 533.062. Reg loss: 2.603. Seg loss: 0.342. Total loss: 536.007
2023-05-04 19:30:56,907 INFO Step: 17300. Epoch: 28/50. Iteration: 426/625. Cls loss: 360.860. Reg loss: 3.150. Seg loss: 0.317. Total loss: 364.328
2023-05-04 19:33:03,792 INFO Step: 17400. Epoch: 28/50. Iteration: 526/625. Cls loss: 508.305. Reg loss: 2.620. Seg loss: 0.319. Total loss: 511.244
2023-05-04 19:35:10,812 INFO Saved checkpoint to: ./logs/onlybdd10k_FT_v0_bs_16_with_MUNIT_5_outputs/2023_0504_0918_42/checkpoints/hybridnets-d3_27_17500.pth
2023-05-04 19:35:11,472 INFO Validating...
2023-05-04 19:50:18,372 INFO Val. Epoch: 28/50. Classification loss: 464.55025. Regression loss: 2.87994. Segmentation loss: 0.45921. Total loss: 467.88940
2023-05-04 19:50:18,610 INFO Epoch 29/50
2023-05-04 19:50:31,899 INFO Step: 17500. Epoch: 29/50. Iteration: 1/625. Cls loss: 463.586. Reg loss: 3.372. Seg loss: 0.366. Total loss: 467.323
2023-05-04 19:52:32,818 INFO Step: 17600. Epoch: 29/50. Iteration: 101/625. Cls loss: 515.337. Reg loss: 2.606. Seg loss: 0.275. Total loss: 518.218
2023-05-04 19:54:43,168 INFO Step: 17700. Epoch: 29/50. Iteration: 201/625. Cls loss: 607.797. Reg loss: 2.924. Seg loss: 0.323. Total loss: 611.043
2023-05-04 19:56:46,863 INFO Step: 17800. Epoch: 29/50. Iteration: 301/625. Cls loss: 334.798. Reg loss: 2.663. Seg loss: 0.399. Total loss: 337.860
2023-05-04 19:59:04,268 INFO Step: 17900. Epoch: 29/50. Iteration: 401/625. Cls loss: 410.090. Reg loss: 2.714. Seg loss: 0.359. Total loss: 413.163
2023-05-04 20:01:16,264 INFO Saved checkpoint to: ./logs/onlybdd10k_FT_v0_bs_16_with_MUNIT_5_outputs/2023_0504_0918_42/checkpoints/hybridnets-d3_28_18000.pth
2023-05-04 20:01:16,783 INFO Step: 18000. Epoch: 29/50. Iteration: 501/625. Cls loss: 327.046. Reg loss: 2.450. Seg loss: 0.324. Total loss: 329.820
2023-05-04 20:03:32,603 INFO Step: 18100. Epoch: 29/50. Iteration: 601/625. Cls loss: 467.258. Reg loss: 3.020. Seg loss: 0.323. Total loss: 470.600
2023-05-04 20:04:01,324 INFO Validating...
2023-05-04 20:19:31,668 INFO Val. Epoch: 29/50. Classification loss: 448.24037. Regression loss: 2.87359. Segmentation loss: 0.45080. Total loss: 451.56476
2023-05-04 20:19:31,887 INFO Epoch 30/50
2023-05-04 20:21:24,583 INFO Step: 18200. Epoch: 30/50. Iteration: 76/625. Cls loss: 431.040. Reg loss: 2.921. Seg loss: 0.241. Total loss: 434.203
2023-05-04 20:23:36,225 INFO Step: 18300. Epoch: 30/50. Iteration: 176/625. Cls loss: 242.047. Reg loss: 3.237. Seg loss: 0.298. Total loss: 245.582
2023-05-04 20:25:55,435 INFO Step: 18400. Epoch: 30/50. Iteration: 276/625. Cls loss: 589.740. Reg loss: 3.241. Seg loss: 0.317. Total loss: 593.297
2023-05-04 20:28:07,491 INFO Saved checkpoint to: ./logs/onlybdd10k_FT_v0_bs_16_with_MUNIT_5_outputs/2023_0504_0918_42/checkpoints/hybridnets-d3_29_18500.pth
2023-05-04 20:28:07,897 INFO Step: 18500. Epoch: 30/50. Iteration: 376/625. Cls loss: 434.375. Reg loss: 2.312. Seg loss: 0.336. Total loss: 437.023
2023-05-04 20:30:21,313 INFO Step: 18600. Epoch: 30/50. Iteration: 476/625. Cls loss: 660.081. Reg loss: 2.529. Seg loss: 0.321. Total loss: 662.931
2023-05-04 20:32:26,320 INFO Step: 18700. Epoch: 30/50. Iteration: 576/625. Cls loss: 562.188. Reg loss: 2.694. Seg loss: 0.342. Total loss: 565.224
2023-05-04 20:33:30,565 INFO Validating...
2023-05-04 20:48:35,982 INFO Val. Epoch: 30/50. Classification loss: 430.19612. Regression loss: 2.87242. Segmentation loss: 0.44231. Total loss: 433.51086
2023-05-04 20:48:36,148 INFO Epoch 31/50
2023-05-04 20:49:55,470 INFO Step: 18800. Epoch: 31/50. Iteration: 51/625. Cls loss: 289.540. Reg loss: 3.298. Seg loss: 0.297. Total loss: 293.135
2023-05-04 20:52:04,667 INFO Step: 18900. Epoch: 31/50. Iteration: 151/625. Cls loss: 360.703. Reg loss: 2.874. Seg loss: 0.386. Total loss: 363.962
2023-05-04 20:54:16,105 INFO Saved checkpoint to: ./logs/onlybdd10k_FT_v0_bs_16_with_MUNIT_5_outputs/2023_0504_0918_42/checkpoints/hybridnets-d3_30_19000.pth
2023-05-04 20:54:16,562 INFO Step: 19000. Epoch: 31/50. Iteration: 251/625. Cls loss: 321.338. Reg loss: 2.238. Seg loss: 0.242. Total loss: 323.818
2023-05-04 20:56:21,374 INFO Step: 19100. Epoch: 31/50. Iteration: 351/625. Cls loss: 566.465. Reg loss: 2.324. Seg loss: 0.439. Total loss: 569.229
2023-05-04 20:58:41,197 INFO Step: 19200. Epoch: 31/50. Iteration: 451/625. Cls loss: 312.400. Reg loss: 2.629. Seg loss: 0.289. Total loss: 315.319
2023-05-04 21:00:53,398 INFO Step: 19300. Epoch: 31/50. Iteration: 551/625. Cls loss: 1002.806. Reg loss: 2.131. Seg loss: 0.457. Total loss: 1005.394
2023-05-04 21:02:33,433 INFO Validating...
2023-05-04 21:16:05,748 INFO Val. Epoch: 31/50. Classification loss: 416.24580. Regression loss: 2.86916. Segmentation loss: 0.43425. Total loss: 419.54921
2023-05-04 21:16:05,943 INFO Epoch 32/50
2023-05-04 21:16:28,613 INFO Step: 19400. Epoch: 32/50. Iteration: 26/625. Cls loss: 476.756. Reg loss: 2.983. Seg loss: 0.316. Total loss: 480.055
2023-05-04 21:17:33,357 INFO Saved checkpoint to: ./logs/onlybdd10k_FT_v0_bs_16_with_MUNIT_5_outputs/2023_0504_0918_42/checkpoints/hybridnets-d3_31_19500.pth
2023-05-04 21:17:33,730 INFO Step: 19500. Epoch: 32/50. Iteration: 126/625. Cls loss: 468.185. Reg loss: 2.426. Seg loss: 0.345. Total loss: 470.956
2023-05-04 21:18:40,176 INFO Step: 19600. Epoch: 32/50. Iteration: 226/625. Cls loss: 368.518. Reg loss: 2.163. Seg loss: 0.208. Total loss: 370.889
2023-05-04 21:19:45,718 INFO Step: 19700. Epoch: 32/50. Iteration: 326/625. Cls loss: 484.432. Reg loss: 2.402. Seg loss: 0.376. Total loss: 487.211
2023-05-04 21:20:51,867 INFO Step: 19800. Epoch: 32/50. Iteration: 426/625. Cls loss: 333.946. Reg loss: 2.653. Seg loss: 0.372. Total loss: 336.971
2023-05-04 21:21:57,595 INFO Step: 19900. Epoch: 32/50. Iteration: 526/625. Cls loss: 391.885. Reg loss: 3.188. Seg loss: 0.277. Total loss: 395.350
2023-05-04 21:23:01,550 INFO Saved checkpoint to: ./logs/onlybdd10k_FT_v0_bs_16_with_MUNIT_5_outputs/2023_0504_0918_42/checkpoints/hybridnets-d3_31_20000.pth
2023-05-04 21:23:01,552 INFO Validating...
2023-05-04 21:36:38,696 INFO Val. Epoch: 32/50. Classification loss: 402.63794. Regression loss: 2.86710. Segmentation loss: 0.42528. Total loss: 405.93033
2023-05-04 21:36:38,931 INFO Epoch 33/50
2023-05-04 21:36:51,868 INFO Step: 20000. Epoch: 33/50. Iteration: 1/625. Cls loss: 371.421. Reg loss: 2.575. Seg loss: 0.380. Total loss: 374.376
2023-05-04 21:38:52,545 INFO Step: 20100. Epoch: 33/50. Iteration: 101/625. Cls loss: 382.959. Reg loss: 3.052. Seg loss: 0.231. Total loss: 386.242
2023-05-04 21:39:59,934 INFO Step: 20200. Epoch: 33/50. Iteration: 201/625. Cls loss: 590.026. Reg loss: 3.237. Seg loss: 0.254. Total loss: 593.517
2023-05-04 21:42:08,515 INFO Step: 20300. Epoch: 33/50. Iteration: 301/625. Cls loss: 386.878. Reg loss: 2.397. Seg loss: 0.434. Total loss: 389.710
2023-05-04 21:44:26,513 INFO Step: 20400. Epoch: 33/50. Iteration: 401/625. Cls loss: 371.095. Reg loss: 3.001. Seg loss: 0.303. Total loss: 374.400
2023-05-04 21:46:59,538 INFO Saved checkpoint to: ./logs/onlybdd10k_FT_v0_bs_16_with_MUNIT_5_outputs/2023_0504_0918_42/checkpoints/hybridnets-d3_32_20500.pth
2023-05-04 21:46:59,985 INFO Step: 20500. Epoch: 33/50. Iteration: 501/625. Cls loss: 324.436. Reg loss: 2.568. Seg loss: 0.322. Total loss: 327.327
2023-05-04 21:50:29,364 INFO Step: 20600. Epoch: 33/50. Iteration: 601/625. Cls loss: 298.760. Reg loss: 2.872. Seg loss: 0.268. Total loss: 301.900
2023-05-04 21:51:14,684 INFO Validating...
2023-05-04 22:05:28,855 INFO Val. Epoch: 33/50. Classification loss: 391.56870. Regression loss: 2.86515. Segmentation loss: 0.41859. Total loss: 394.85243
2023-05-04 22:05:29,158 INFO Epoch 34/50
2023-05-04 22:06:25,601 INFO Step: 20700. Epoch: 34/50. Iteration: 76/625. Cls loss: 411.790. Reg loss: 2.723. Seg loss: 0.282. Total loss: 414.794
2023-05-04 22:07:58,444 INFO Step: 20800. Epoch: 34/50. Iteration: 176/625. Cls loss: 244.385. Reg loss: 2.909. Seg loss: 0.323. Total loss: 247.616
2023-05-04 22:09:38,792 INFO Step: 20900. Epoch: 34/50. Iteration: 276/625. Cls loss: 307.673. Reg loss: 3.576. Seg loss: 0.375. Total loss: 311.624
2023-05-04 22:11:23,405 INFO Saved checkpoint to: ./logs/onlybdd10k_FT_v0_bs_16_with_MUNIT_5_outputs/2023_0504_0918_42/checkpoints/hybridnets-d3_33_21000.pth
2023-05-04 22:11:23,857 INFO Step: 21000. Epoch: 34/50. Iteration: 376/625. Cls loss: 371.773. Reg loss: 2.363. Seg loss: 0.404. Total loss: 374.540
2023-05-04 22:12:31,037 INFO Step: 21100. Epoch: 34/50. Iteration: 476/625. Cls loss: 540.003. Reg loss: 2.723. Seg loss: 0.340. Total loss: 543.067
2023-05-04 22:13:36,834 INFO Step: 21200. Epoch: 34/50. Iteration: 576/625. Cls loss: 635.943. Reg loss: 2.479. Seg loss: 0.255. Total loss: 638.676
2023-05-04 22:14:08,943 INFO Validating...
2023-05-04 22:27:47,631 INFO Val. Epoch: 34/50. Classification loss: 375.83902. Regression loss: 2.86593. Segmentation loss: 0.41058. Total loss: 379.11553
2023-05-04 22:27:47,908 INFO Epoch 35/50
2023-05-04 22:29:45,194 INFO Step: 21300. Epoch: 35/50. Iteration: 51/625. Cls loss: 278.530. Reg loss: 3.418. Seg loss: 0.276. Total loss: 282.223
2023-05-04 22:33:02,696 INFO Step: 21400. Epoch: 35/50. Iteration: 151/625. Cls loss: 351.972. Reg loss: 3.145. Seg loss: 0.373. Total loss: 355.491
2023-05-04 22:36:32,729 INFO Saved checkpoint to: ./logs/onlybdd10k_FT_v0_bs_16_with_MUNIT_5_outputs/2023_0504_0918_42/checkpoints/hybridnets-d3_34_21500.pth
2023-05-04 22:36:33,112 INFO Step: 21500. Epoch: 35/50. Iteration: 251/625. Cls loss: 311.268. Reg loss: 2.175. Seg loss: 0.227. Total loss: 313.670
2023-05-04 22:39:49,953 INFO Step: 21600. Epoch: 35/50. Iteration: 351/625. Cls loss: 513.783. Reg loss: 2.564. Seg loss: 0.511. Total loss: 516.858
2023-05-04 22:43:19,309 INFO Step: 21700. Epoch: 35/50. Iteration: 451/625. Cls loss: 312.160. Reg loss: 3.022. Seg loss: 0.277. Total loss: 315.458
2023-05-04 22:46:31,131 INFO Step: 21800. Epoch: 35/50. Iteration: 551/625. Cls loss: 770.700. Reg loss: 2.120. Seg loss: 0.395. Total loss: 773.215
2023-05-04 22:48:55,436 INFO Validating...
2023-05-04 23:03:54,162 INFO Val. Epoch: 35/50. Classification loss: 363.88238. Regression loss: 2.86565. Segmentation loss: 0.40212. Total loss: 367.15015
2023-05-04 23:03:54,334 INFO Epoch 36/50
2023-05-04 23:04:56,684 INFO Step: 21900. Epoch: 36/50. Iteration: 26/625. Cls loss: 297.392. Reg loss: 2.896. Seg loss: 0.310. Total loss: 300.598
2023-05-04 23:08:06,227 INFO Saved checkpoint to: ./logs/onlybdd10k_FT_v0_bs_16_with_MUNIT_5_outputs/2023_0504_0918_42/checkpoints/hybridnets-d3_35_22000.pth
2023-05-04 23:08:06,595 INFO Step: 22000. Epoch: 36/50. Iteration: 126/625. Cls loss: 429.250. Reg loss: 2.237. Seg loss: 0.270. Total loss: 431.757
2023-05-04 23:11:24,684 INFO Step: 22100. Epoch: 36/50. Iteration: 226/625. Cls loss: 299.075. Reg loss: 2.116. Seg loss: 0.224. Total loss: 301.416
2023-05-04 23:14:39,150 INFO Step: 22200. Epoch: 36/50. Iteration: 326/625. Cls loss: 405.530. Reg loss: 2.745. Seg loss: 0.287. Total loss: 408.561
2023-05-04 23:17:53,415 INFO Step: 22300. Epoch: 36/50. Iteration: 426/625. Cls loss: 373.338. Reg loss: 2.375. Seg loss: 0.264. Total loss: 375.977
2023-05-04 23:21:03,479 INFO Step: 22400. Epoch: 36/50. Iteration: 526/625. Cls loss: 403.321. Reg loss: 2.970. Seg loss: 0.282. Total loss: 406.573
2023-05-04 23:24:17,249 INFO Saved checkpoint to: ./logs/onlybdd10k_FT_v0_bs_16_with_MUNIT_5_outputs/2023_0504_0918_42/checkpoints/hybridnets-d3_35_22500.pth
2023-05-04 23:24:18,587 INFO Validating...
2023-05-04 23:38:39,924 INFO Val. Epoch: 36/50. Classification loss: 351.88912. Regression loss: 2.86607. Segmentation loss: 0.39641. Total loss: 355.15160
2023-05-04 23:38:40,160 INFO Epoch 37/50
2023-05-04 23:38:58,973 INFO Step: 22500. Epoch: 37/50. Iteration: 1/625. Cls loss: 335.772. Reg loss: 2.849. Seg loss: 0.382. Total loss: 339.004
2023-05-04 23:42:13,613 INFO Step: 22600. Epoch: 37/50. Iteration: 101/625. Cls loss: 306.294. Reg loss: 2.733. Seg loss: 0.232. Total loss: 309.259
2023-05-04 23:45:33,930 INFO Step: 22700. Epoch: 37/50. Iteration: 201/625. Cls loss: 381.290. Reg loss: 2.762. Seg loss: 0.276. Total loss: 384.328
2023-05-04 23:48:44,063 INFO Step: 22800. Epoch: 37/50. Iteration: 301/625. Cls loss: 306.819. Reg loss: 2.677. Seg loss: 0.330. Total loss: 309.827
2023-05-04 23:51:54,350 INFO Step: 22900. Epoch: 37/50. Iteration: 401/625. Cls loss: 324.742. Reg loss: 3.284. Seg loss: 0.291. Total loss: 328.317
2023-05-04 23:55:09,260 INFO Saved checkpoint to: ./logs/onlybdd10k_FT_v0_bs_16_with_MUNIT_5_outputs/2023_0504_0918_42/checkpoints/hybridnets-d3_36_23000.pth
2023-05-04 23:55:09,647 INFO Step: 23000. Epoch: 37/50. Iteration: 501/625. Cls loss: 260.335. Reg loss: 2.549. Seg loss: 0.326. Total loss: 263.210
2023-05-04 23:58:26,169 INFO Step: 23100. Epoch: 37/50. Iteration: 601/625. Cls loss: 229.001. Reg loss: 2.720. Seg loss: 0.267. Total loss: 231.988
2023-05-04 23:59:11,359 INFO Validating...
2023-05-05 00:13:33,787 INFO Val. Epoch: 37/50. Classification loss: 342.19036. Regression loss: 2.86393. Segmentation loss: 0.39004. Total loss: 345.44434
2023-05-05 00:13:34,315 INFO Epoch 38/50
2023-05-05 00:16:12,959 INFO Step: 23200. Epoch: 38/50. Iteration: 76/625. Cls loss: 366.042. Reg loss: 2.717. Seg loss: 0.234. Total loss: 368.993
2023-05-05 00:19:19,201 INFO Step: 23300. Epoch: 38/50. Iteration: 176/625. Cls loss: 221.088. Reg loss: 2.466. Seg loss: 0.268. Total loss: 223.822
2023-05-05 00:22:48,898 INFO Step: 23400. Epoch: 38/50. Iteration: 276/625. Cls loss: 301.288. Reg loss: 2.766. Seg loss: 0.262. Total loss: 304.316
2023-05-05 00:26:04,334 INFO Saved checkpoint to: ./logs/onlybdd10k_FT_v0_bs_16_with_MUNIT_5_outputs/2023_0504_0918_42/checkpoints/hybridnets-d3_37_23500.pth
2023-05-05 00:26:04,739 INFO Step: 23500. Epoch: 38/50. Iteration: 376/625. Cls loss: 354.409. Reg loss: 2.327. Seg loss: 0.330. Total loss: 357.066
2023-05-05 00:29:33,616 INFO Step: 23600. Epoch: 38/50. Iteration: 476/625. Cls loss: 418.748. Reg loss: 2.700. Seg loss: 0.322. Total loss: 421.771
2023-05-05 00:32:49,170 INFO Step: 23700. Epoch: 38/50. Iteration: 576/625. Cls loss: 373.269. Reg loss: 2.967. Seg loss: 0.302. Total loss: 376.539
2023-05-05 00:34:33,639 INFO Validating...
2023-05-05 00:48:55,055 INFO Val. Epoch: 38/50. Classification loss: 328.18723. Regression loss: 2.86272. Segmentation loss: 0.38494. Total loss: 331.43489
2023-05-05 00:48:55,266 INFO Epoch 39/50
2023-05-05 00:50:52,506 INFO Step: 23800. Epoch: 39/50. Iteration: 51/625. Cls loss: 240.668. Reg loss: 3.421. Seg loss: 0.271. Total loss: 244.360
2023-05-05 00:54:09,047 INFO Step: 23900. Epoch: 39/50. Iteration: 151/625. Cls loss: 269.491. Reg loss: 3.268. Seg loss: 0.299. Total loss: 273.058
2023-05-05 00:57:33,332 INFO Saved checkpoint to: ./logs/onlybdd10k_FT_v0_bs_16_with_MUNIT_5_outputs/2023_0504_0918_42/checkpoints/hybridnets-d3_38_24000.pth
2023-05-05 00:57:34,701 INFO Step: 24000. Epoch: 39/50. Iteration: 251/625. Cls loss: 258.691. Reg loss: 2.429. Seg loss: 0.215. Total loss: 261.335
2023-05-05 01:00:45,560 INFO Step: 24100. Epoch: 39/50. Iteration: 351/625. Cls loss: 473.148. Reg loss: 2.279. Seg loss: 0.426. Total loss: 475.852
2023-05-05 01:04:09,740 INFO Step: 24200. Epoch: 39/50. Iteration: 451/625. Cls loss: 271.657. Reg loss: 2.212. Seg loss: 0.284. Total loss: 274.154
2023-05-05 01:07:25,920 INFO Step: 24300. Epoch: 39/50. Iteration: 551/625. Cls loss: 599.923. Reg loss: 2.313. Seg loss: 0.325. Total loss: 602.560
2023-05-05 01:10:02,532 INFO Validating...
2023-05-05 01:24:15,231 INFO Val. Epoch: 39/50. Classification loss: 315.31741. Regression loss: 2.85762. Segmentation loss: 0.37899. Total loss: 318.55402
2023-05-05 01:24:15,400 INFO Epoch 40/50
2023-05-05 01:25:22,600 INFO Step: 24400. Epoch: 40/50. Iteration: 26/625. Cls loss: 303.698. Reg loss: 3.518. Seg loss: 0.356. Total loss: 307.572
2023-05-05 01:28:39,962 INFO Saved checkpoint to: ./logs/onlybdd10k_FT_v0_bs_16_with_MUNIT_5_outputs/2023_0504_0918_42/checkpoints/hybridnets-d3_39_24500.pth
2023-05-05 01:28:40,346 INFO Step: 24500. Epoch: 40/50. Iteration: 126/625. Cls loss: 389.485. Reg loss: 2.321. Seg loss: 0.229. Total loss: 392.035
2023-05-05 01:32:09,950 INFO Step: 24600. Epoch: 40/50. Iteration: 226/625. Cls loss: 283.144. Reg loss: 2.126. Seg loss: 0.261. Total loss: 285.530
2023-05-05 01:35:28,708 INFO Step: 24700. Epoch: 40/50. Iteration: 326/625. Cls loss: 333.432. Reg loss: 2.186. Seg loss: 0.238. Total loss: 335.856
2023-05-05 01:38:56,089 INFO Step: 24800. Epoch: 40/50. Iteration: 426/625. Cls loss: 263.471. Reg loss: 2.862. Seg loss: 0.304. Total loss: 266.637
2023-05-05 01:42:08,888 INFO Step: 24900. Epoch: 40/50. Iteration: 526/625. Cls loss: 314.903. Reg loss: 2.791. Seg loss: 0.267. Total loss: 317.961
2023-05-05 01:45:11,356 INFO Saved checkpoint to: ./logs/onlybdd10k_FT_v0_bs_16_with_MUNIT_5_outputs/2023_0504_0918_42/checkpoints/hybridnets-d3_39_25000.pth
2023-05-05 01:45:12,259 INFO Validating...
2023-05-05 01:59:19,012 INFO Val. Epoch: 40/50. Classification loss: 306.56918. Regression loss: 2.85400. Segmentation loss: 0.37507. Total loss: 309.79825
2023-05-05 01:59:19,172 INFO Epoch 41/50
2023-05-05 01:59:37,837 INFO Step: 25000. Epoch: 41/50. Iteration: 1/625. Cls loss: 233.213. Reg loss: 3.111. Seg loss: 0.308. Total loss: 236.633
2023-05-05 02:02:52,268 INFO Step: 25100. Epoch: 41/50. Iteration: 101/625. Cls loss: 255.368. Reg loss: 2.925. Seg loss: 0.230. Total loss: 258.523
2023-05-05 02:06:10,233 INFO Step: 25200. Epoch: 41/50. Iteration: 201/625. Cls loss: 253.188. Reg loss: 3.022. Seg loss: 0.231. Total loss: 256.440
2023-05-05 02:09:13,356 INFO Step: 25300. Epoch: 41/50. Iteration: 301/625. Cls loss: 331.496. Reg loss: 3.114. Seg loss: 0.341. Total loss: 334.950
2023-05-05 02:12:28,274 INFO Step: 25400. Epoch: 41/50. Iteration: 401/625. Cls loss: 259.675. Reg loss: 2.709. Seg loss: 0.253. Total loss: 262.637
2023-05-05 02:15:40,801 INFO Saved checkpoint to: ./logs/onlybdd10k_FT_v0_bs_16_with_MUNIT_5_outputs/2023_0504_0918_42/checkpoints/hybridnets-d3_40_25500.pth
2023-05-05 02:15:41,177 INFO Step: 25500. Epoch: 41/50. Iteration: 501/625. Cls loss: 247.872. Reg loss: 2.386. Seg loss: 0.293. Total loss: 250.551
2023-05-05 02:19:05,408 INFO Step: 25600. Epoch: 41/50. Iteration: 601/625. Cls loss: 206.158. Reg loss: 3.048. Seg loss: 0.241. Total loss: 209.447
2023-05-05 02:19:50,724 INFO Validating...
2023-05-05 02:33:48,421 INFO Val. Epoch: 41/50. Classification loss: 296.68895. Regression loss: 2.85240. Segmentation loss: 0.36876. Total loss: 299.91011
2023-05-05 02:33:48,611 INFO Epoch 42/50
2023-05-05 02:36:31,768 INFO Step: 25700. Epoch: 42/50. Iteration: 76/625. Cls loss: 333.963. Reg loss: 2.510. Seg loss: 0.259. Total loss: 336.731
2023-05-05 02:39:43,395 INFO Step: 25800. Epoch: 42/50. Iteration: 176/625. Cls loss: 177.425. Reg loss: 2.968. Seg loss: 0.229. Total loss: 180.622
2023-05-05 02:43:06,047 INFO Step: 25900. Epoch: 42/50. Iteration: 276/625. Cls loss: 329.552. Reg loss: 2.758. Seg loss: 0.251. Total loss: 332.560
2023-05-05 02:46:22,377 INFO Saved checkpoint to: ./logs/onlybdd10k_FT_v0_bs_16_with_MUNIT_5_outputs/2023_0504_0918_42/checkpoints/hybridnets-d3_41_26000.pth
2023-05-05 02:46:24,223 INFO Step: 26000. Epoch: 42/50. Iteration: 376/625. Cls loss: 316.500. Reg loss: 2.497. Seg loss: 0.299. Total loss: 319.296
2023-05-05 02:49:50,401 INFO Step: 26100. Epoch: 42/50. Iteration: 476/625. Cls loss: 405.320. Reg loss: 2.219. Seg loss: 0.265. Total loss: 407.804
2023-05-05 02:52:59,723 INFO Step: 26200. Epoch: 42/50. Iteration: 576/625. Cls loss: 302.195. Reg loss: 2.541. Seg loss: 0.244. Total loss: 304.980
2023-05-05 02:54:39,850 INFO Validating...
2023-05-05 03:08:26,961 INFO Val. Epoch: 42/50. Classification loss: 285.57823. Regression loss: 2.85195. Segmentation loss: 0.36501. Total loss: 288.79519
2023-05-05 03:08:27,169 INFO Epoch 43/50
2023-05-05 03:10:18,685 INFO Step: 26300. Epoch: 43/50. Iteration: 51/625. Cls loss: 215.304. Reg loss: 3.013. Seg loss: 0.276. Total loss: 218.592
2023-05-05 03:13:25,662 INFO Step: 26400. Epoch: 43/50. Iteration: 151/625. Cls loss: 227.376. Reg loss: 3.148. Seg loss: 0.255. Total loss: 230.779
2023-05-05 03:16:43,023 INFO Saved checkpoint to: ./logs/onlybdd10k_FT_v0_bs_16_with_MUNIT_5_outputs/2023_0504_0918_42/checkpoints/hybridnets-d3_42_26500.pth
2023-05-05 03:16:44,634 INFO Step: 26500. Epoch: 43/50. Iteration: 251/625. Cls loss: 244.862. Reg loss: 2.215. Seg loss: 0.199. Total loss: 247.276
2023-05-05 03:19:59,177 INFO Step: 26600. Epoch: 43/50. Iteration: 351/625. Cls loss: 428.475. Reg loss: 2.581. Seg loss: 0.456. Total loss: 431.511
2023-05-05 03:23:25,646 INFO Step: 26700. Epoch: 43/50. Iteration: 451/625. Cls loss: 197.240. Reg loss: 2.831. Seg loss: 0.244. Total loss: 200.314
2023-05-05 03:26:40,021 INFO Step: 26800. Epoch: 43/50. Iteration: 551/625. Cls loss: 497.280. Reg loss: 2.109. Seg loss: 0.344. Total loss: 499.733
2023-05-05 03:29:10,387 INFO Validating...
2023-05-05 03:42:22,130 INFO Val. Epoch: 43/50. Classification loss: 275.79340. Regression loss: 2.85048. Segmentation loss: 0.35888. Total loss: 279.00277
2023-05-05 03:42:22,345 INFO Epoch 44/50
2023-05-05 03:42:45,224 INFO Step: 26900. Epoch: 44/50. Iteration: 26/625. Cls loss: 262.693. Reg loss: 2.805. Seg loss: 0.283. Total loss: 265.782
2023-05-05 03:43:49,832 INFO Saved checkpoint to: ./logs/onlybdd10k_FT_v0_bs_16_with_MUNIT_5_outputs/2023_0504_0918_42/checkpoints/hybridnets-d3_43_27000.pth
2023-05-05 03:43:50,255 INFO Step: 27000. Epoch: 44/50. Iteration: 126/625. Cls loss: 329.293. Reg loss: 2.145. Seg loss: 0.231. Total loss: 331.668
2023-05-05 03:44:56,608 INFO Step: 27100. Epoch: 44/50. Iteration: 226/625. Cls loss: 200.492. Reg loss: 2.488. Seg loss: 0.181. Total loss: 203.161
2023-05-05 03:46:01,244 INFO Step: 27200. Epoch: 44/50. Iteration: 326/625. Cls loss: 313.699. Reg loss: 2.614. Seg loss: 0.271. Total loss: 316.583
2023-05-05 03:47:08,508 INFO Step: 27300. Epoch: 44/50. Iteration: 426/625. Cls loss: 254.004. Reg loss: 2.683. Seg loss: 0.307. Total loss: 256.994
2023-05-05 03:48:13,631 INFO Step: 27400. Epoch: 44/50. Iteration: 526/625. Cls loss: 248.760. Reg loss: 2.800. Seg loss: 0.233. Total loss: 251.793
2023-05-05 03:49:18,359 INFO Saved checkpoint to: ./logs/onlybdd10k_FT_v0_bs_16_with_MUNIT_5_outputs/2023_0504_0918_42/checkpoints/hybridnets-d3_43_27500.pth
2023-05-05 03:49:18,362 INFO Validating...
2023-05-05 04:01:41,912 INFO Val. Epoch: 44/50. Classification loss: 266.58153. Regression loss: 2.84849. Segmentation loss: 0.35446. Total loss: 269.78448
2023-05-05 04:01:42,097 INFO Epoch 45/50
2023-05-05 04:01:48,652 INFO Step: 27500. Epoch: 45/50. Iteration: 1/625. Cls loss: 233.054. Reg loss: 2.625. Seg loss: 0.276. Total loss: 235.955
2023-05-05 04:02:54,079 INFO Step: 27600. Epoch: 45/50. Iteration: 101/625. Cls loss: 206.111. Reg loss: 2.668. Seg loss: 0.248. Total loss: 209.027
2023-05-05 04:04:01,039 INFO Step: 27700. Epoch: 45/50. Iteration: 201/625. Cls loss: 211.729. Reg loss: 3.212. Seg loss: 0.234. Total loss: 215.175
2023-05-05 04:05:06,048 INFO Step: 27800. Epoch: 45/50. Iteration: 301/625. Cls loss: 251.549. Reg loss: 2.913. Seg loss: 0.265. Total loss: 254.726
2023-05-05 04:06:12,779 INFO Step: 27900. Epoch: 45/50. Iteration: 401/625. Cls loss: 248.558. Reg loss: 3.309. Seg loss: 0.248. Total loss: 252.114
2023-05-05 04:57:35,335 INFO Saved checkpoint to: ./logs/onlybdd10k_FT_v0_bs_16_with_MUNIT_5_outputs/2023_0504_0918_42/checkpoints/hybridnets-d3_44_28000.pth
2023-05-05 04:57:42,261 INFO Step: 28000. Epoch: 45/50. Iteration: 501/625. Cls loss: 206.393. Reg loss: 2.469. Seg loss: 0.298. Total loss: 209.161
2023-05-05 05:00:54,298 INFO Step: 28100. Epoch: 45/50. Iteration: 601/625. Cls loss: 222.309. Reg loss: 2.860. Seg loss: 0.274. Total loss: 225.443
2023-05-05 05:01:35,744 INFO Validating...
2023-05-05 05:15:17,670 INFO Val. Epoch: 45/50. Classification loss: 255.99260. Regression loss: 2.84669. Segmentation loss: 0.35014. Total loss: 259.18943
2023-05-05 05:15:17,884 INFO Epoch 46/50
2023-05-05 05:17:58,585 INFO Step: 28200. Epoch: 46/50. Iteration: 76/625. Cls loss: 250.717. Reg loss: 2.821. Seg loss: 0.216. Total loss: 253.754
2023-05-05 05:21:08,887 INFO Step: 28300. Epoch: 46/50. Iteration: 176/625. Cls loss: 176.024. Reg loss: 2.576. Seg loss: 0.269. Total loss: 178.869
2023-05-05 05:24:29,611 INFO Step: 28400. Epoch: 46/50. Iteration: 276/625. Cls loss: 231.725. Reg loss: 2.866. Seg loss: 0.199. Total loss: 234.790
2023-05-05 05:27:38,710 INFO Saved checkpoint to: ./logs/onlybdd10k_FT_v0_bs_16_with_MUNIT_5_outputs/2023_0504_0918_42/checkpoints/hybridnets-d3_45_28500.pth
2023-05-05 05:27:39,096 INFO Step: 28500. Epoch: 46/50. Iteration: 376/625. Cls loss: 227.489. Reg loss: 2.313. Seg loss: 0.260. Total loss: 230.061
2023-05-05 05:30:59,901 INFO Step: 28600. Epoch: 46/50. Iteration: 476/625. Cls loss: 308.671. Reg loss: 2.426. Seg loss: 0.238. Total loss: 311.335
2023-05-05 05:34:12,772 INFO Step: 28700. Epoch: 46/50. Iteration: 576/625. Cls loss: 201.534. Reg loss: 2.831. Seg loss: 0.262. Total loss: 204.627
2023-05-05 05:35:56,010 INFO Validating...
2023-05-05 05:49:14,980 INFO Val. Epoch: 46/50. Classification loss: 249.30908. Regression loss: 2.84018. Segmentation loss: 0.34614. Total loss: 252.49540
2023-05-05 05:49:15,153 INFO Epoch 47/50
2023-05-05 05:49:54,422 INFO Step: 28800. Epoch: 47/50. Iteration: 51/625. Cls loss: 219.664. Reg loss: 3.209. Seg loss: 0.250. Total loss: 223.123
2023-05-05 05:50:59,871 INFO Step: 28900. Epoch: 47/50. Iteration: 151/625. Cls loss: 201.350. Reg loss: 2.865. Seg loss: 0.290. Total loss: 204.505
2023-05-05 05:52:07,788 INFO Saved checkpoint to: ./logs/onlybdd10k_FT_v0_bs_16_with_MUNIT_5_outputs/2023_0504_0918_42/checkpoints/hybridnets-d3_46_29000.pth
2023-05-05 05:52:08,160 INFO Step: 29000. Epoch: 47/50. Iteration: 251/625. Cls loss: 195.693. Reg loss: 2.829. Seg loss: 0.166. Total loss: 198.688
2023-05-05 05:53:13,558 INFO Step: 29100. Epoch: 47/50. Iteration: 351/625. Cls loss: 368.518. Reg loss: 2.400. Seg loss: 0.344. Total loss: 371.262
2023-05-05 05:54:20,771 INFO Step: 29200. Epoch: 47/50. Iteration: 451/625. Cls loss: 181.328. Reg loss: 2.877. Seg loss: 0.205. Total loss: 184.410
2023-05-05 05:55:26,510 INFO Step: 29300. Epoch: 47/50. Iteration: 551/625. Cls loss: 413.099. Reg loss: 2.453. Seg loss: 0.282. Total loss: 415.833
2023-05-05 05:56:14,635 INFO Validating...
2023-05-05 06:38:54,622 INFO Val. Epoch: 47/50. Classification loss: 240.04144. Regression loss: 2.84209. Segmentation loss: 0.34341. Total loss: 243.22694
2023-05-05 06:38:54,793 INFO Epoch 48/50
2023-05-05 06:39:58,037 INFO Step: 29400. Epoch: 48/50. Iteration: 26/625. Cls loss: 165.653. Reg loss: 3.041. Seg loss: 0.257. Total loss: 168.951
2023-05-05 06:43:07,440 INFO Saved checkpoint to: ./logs/onlybdd10k_FT_v0_bs_16_with_MUNIT_5_outputs/2023_0504_0918_42/checkpoints/hybridnets-d3_47_29500.pth
2023-05-05 06:43:07,782 INFO Step: 29500. Epoch: 48/50. Iteration: 126/625. Cls loss: 272.208. Reg loss: 2.499. Seg loss: 0.237. Total loss: 274.943
2023-05-05 06:46:31,629 INFO Step: 29600. Epoch: 48/50. Iteration: 226/625. Cls loss: 210.059. Reg loss: 2.092. Seg loss: 0.200. Total loss: 212.351
2023-05-05 06:49:43,475 INFO Step: 29700. Epoch: 48/50. Iteration: 326/625. Cls loss: 236.767. Reg loss: 2.423. Seg loss: 0.272. Total loss: 239.462
2023-05-05 06:53:11,264 INFO Step: 29800. Epoch: 48/50. Iteration: 426/625. Cls loss: 189.725. Reg loss: 3.036. Seg loss: 0.236. Total loss: 192.997
2023-05-05 06:56:27,781 INFO Step: 29900. Epoch: 48/50. Iteration: 526/625. Cls loss: 288.791. Reg loss: 2.258. Seg loss: 0.224. Total loss: 291.272
2023-05-05 06:59:50,101 INFO Saved checkpoint to: ./logs/onlybdd10k_FT_v0_bs_16_with_MUNIT_5_outputs/2023_0504_0918_42/checkpoints/hybridnets-d3_47_30000.pth
2023-05-05 06:59:50,864 INFO Validating...
2023-05-05 07:13:13,911 INFO Val. Epoch: 48/50. Classification loss: 231.07629. Regression loss: 2.83650. Segmentation loss: 0.34003. Total loss: 234.25281
2023-05-05 07:13:14,070 INFO Epoch 49/50
2023-05-05 07:13:32,556 INFO Step: 30000. Epoch: 49/50. Iteration: 1/625. Cls loss: 152.537. Reg loss: 2.888. Seg loss: 0.266. Total loss: 155.691
2023-05-05 07:16:46,054 INFO Step: 30100. Epoch: 49/50. Iteration: 101/625. Cls loss: 161.161. Reg loss: 2.740. Seg loss: 0.220. Total loss: 164.121
2023-05-05 07:20:11,982 INFO Step: 30200. Epoch: 49/50. Iteration: 201/625. Cls loss: 218.702. Reg loss: 3.178. Seg loss: 0.202. Total loss: 222.082
2023-05-05 07:23:25,123 INFO Step: 30300. Epoch: 49/50. Iteration: 301/625. Cls loss: 192.750. Reg loss: 3.427. Seg loss: 0.319. Total loss: 196.497
2023-05-05 07:26:47,902 INFO Step: 30400. Epoch: 49/50. Iteration: 401/625. Cls loss: 185.920. Reg loss: 2.959. Seg loss: 0.237. Total loss: 189.116
2023-05-05 07:29:54,567 INFO Saved checkpoint to: ./logs/onlybdd10k_FT_v0_bs_16_with_MUNIT_5_outputs/2023_0504_0918_42/checkpoints/hybridnets-d3_48_30500.pth
2023-05-05 07:29:54,930 INFO Step: 30500. Epoch: 49/50. Iteration: 501/625. Cls loss: 229.032. Reg loss: 2.561. Seg loss: 0.211. Total loss: 231.804
2023-05-05 07:33:08,671 INFO Step: 30600. Epoch: 49/50. Iteration: 601/625. Cls loss: 239.523. Reg loss: 2.496. Seg loss: 0.212. Total loss: 242.231
2023-05-05 07:33:50,555 INFO Validating...
2023-05-05 07:47:18,321 INFO Val. Epoch: 49/50. Classification loss: 223.13548. Regression loss: 2.83307. Segmentation loss: 0.33572. Total loss: 226.30426
2023-05-05 07:47:18,500 INFO Epoch 50/50
2023-05-05 07:49:56,351 INFO Step: 30700. Epoch: 50/50. Iteration: 76/625. Cls loss: 240.469. Reg loss: 2.748. Seg loss: 0.183. Total loss: 243.400
2023-05-05 07:53:03,525 INFO Step: 30800. Epoch: 50/50. Iteration: 176/625. Cls loss: 128.156. Reg loss: 3.035. Seg loss: 0.220. Total loss: 131.410
2023-05-05 07:56:26,667 INFO Step: 30900. Epoch: 50/50. Iteration: 276/625. Cls loss: 184.629. Reg loss: 2.567. Seg loss: 0.233. Total loss: 187.429
2023-05-05 07:59:38,985 INFO Saved checkpoint to: ./logs/onlybdd10k_FT_v0_bs_16_with_MUNIT_5_outputs/2023_0504_0918_42/checkpoints/hybridnets-d3_49_31000.pth
2023-05-05 07:59:39,433 INFO Step: 31000. Epoch: 50/50. Iteration: 376/625. Cls loss: 203.481. Reg loss: 2.372. Seg loss: 0.259. Total loss: 206.111
2023-05-05 08:02:58,683 INFO Step: 31100. Epoch: 50/50. Iteration: 476/625. Cls loss: 260.313. Reg loss: 2.342. Seg loss: 0.264. Total loss: 262.919
2023-05-05 08:06:06,339 INFO Step: 31200. Epoch: 50/50. Iteration: 576/625. Cls loss: 183.409. Reg loss: 2.545. Seg loss: 0.214. Total loss: 186.168
2023-05-05 08:07:45,554 INFO Validating...
2023-05-05 08:21:06,546 INFO Val. Epoch: 50/50. Classification loss: 213.32617. Regression loss: 2.83444. Segmentation loss: 0.33279. Total loss: 216.49340
