2023-05-03 10:31:14,581 INFO Loading train dataset
2023-05-03 10:31:15,707 INFO Avaliable images: 70000
2023-05-03 10:31:15,708 INFO Running on 10000 images
2023-05-03 10:31:15,737 INFO building database...
2023-05-03 10:31:18,007 INFO database build finish
2023-05-03 10:31:18,008 INFO Not using MUNIT output
2023-05-03 10:31:18,008 INFO Loading validation dataset
2023-05-03 10:31:18,096 INFO Avaliable images: 10000
2023-05-03 10:31:18,096 INFO Running on 10000 images
2023-05-03 10:31:18,097 INFO building database...
2023-05-03 10:31:20,005 INFO database build finish
2023-05-03 10:31:20,005 INFO Not using MUNIT output
2023-05-03 10:31:22,524 INFO [Warning] Ignoring Error(s) in loading state_dict for HybridNetsBackbone:
	size mismatch for classifier.header.pointwise_conv.conv.weight: copying a param with shape torch.Size([9, 160, 1, 1]) from checkpoint, the shape in current model is torch.Size([36, 160, 1, 1]).
	size mismatch for classifier.header.pointwise_conv.conv.bias: copying a param with shape torch.Size([9]) from checkpoint, the shape in current model is torch.Size([36]).
2023-05-03 10:31:22,524 INFO [Warning] Don't panic if you see this, this might be because you load a pretrained weights with different number of classes. The rest of the weights should be loaded already.
2023-05-03 10:31:22,524 INFO [Info] Successfully!!!
2023-05-03 10:31:22,600 INFO Epoch 1/50
2023-05-03 10:31:43,490 INFO Validating...
2023-05-03 10:31:43,501 INFO Calculating mAP... will take one hour
