2023-04-27 15:52:02,687 INFO Avaliable images: 70000
2023-04-27 15:52:02,688 INFO Running on 10000 images
2023-04-27 15:52:02,695 INFO building database...
2023-04-27 15:52:53,857 INFO database build finish
2023-04-27 15:52:53,940 INFO Avaliable images: 10000
2023-04-27 15:52:53,940 INFO Running on 10000 images
2023-04-27 15:52:53,940 INFO building database...
2023-04-27 15:53:05,946 INFO database build finish
2023-04-27 15:53:16,462 INFO [Info] Successfully!!!
2023-04-27 15:53:16,572 INFO Epoch 0/50
2023-04-27 15:55:21,725 INFO Step: 100. Epoch: 0/50. Iteration: 101/625. Cls loss: 0.233. Reg loss: 2.540. Seg loss: 1.770. Total loss: 4.543
2023-04-27 15:57:03,609 INFO Step: 200. Epoch: 0/50. Iteration: 201/625. Cls loss: 0.298. Reg loss: 2.670. Seg loss: 1.664. Total loss: 4.632
2023-04-27 15:58:49,376 INFO Step: 300. Epoch: 0/50. Iteration: 301/625. Cls loss: 0.228. Reg loss: 2.697. Seg loss: 1.265. Total loss: 4.190
2023-04-27 16:00:31,257 INFO Step: 400. Epoch: 0/50. Iteration: 401/625. Cls loss: 0.231. Reg loss: 3.325. Seg loss: 1.572. Total loss: 5.128
2023-04-27 16:02:13,159 INFO Saved checkpoint to: ./logs/onlybdd10k_FT_v0_bs_16_with_amp_no_cal_map/2023_0427_1552_02/checkpoints/hybridnets-d3_0_500.pth
2023-04-27 16:02:17,300 INFO Step: 500. Epoch: 0/50. Iteration: 501/625. Cls loss: 0.187. Reg loss: 2.065. Seg loss: 1.443. Total loss: 3.696
2023-04-27 16:03:59,132 INFO Step: 600. Epoch: 0/50. Iteration: 601/625. Cls loss: 0.223. Reg loss: 2.124. Seg loss: 1.746. Total loss: 4.093
2023-04-27 16:04:20,180 INFO NOT Validating...
2023-04-27 16:04:20,180 INFO Epoch 1/50
2023-04-27 16:05:45,423 INFO Step: 700. Epoch: 1/50. Iteration: 76/625. Cls loss: 0.208. Reg loss: 2.460. Seg loss: 1.202. Total loss: 3.870
2023-04-27 16:07:29,099 INFO Step: 800. Epoch: 1/50. Iteration: 176/625. Cls loss: 0.183. Reg loss: 2.037. Seg loss: 1.224. Total loss: 3.445
2023-04-27 16:09:16,693 INFO Step: 900. Epoch: 1/50. Iteration: 276/625. Cls loss: 0.215. Reg loss: 2.648. Seg loss: 1.158. Total loss: 4.021
2023-04-27 16:11:00,105 INFO Saved checkpoint to: ./logs/onlybdd10k_FT_v0_bs_16_with_amp_no_cal_map/2023_0427_1552_02/checkpoints/hybridnets-d3_1_1000.pth
2023-04-27 16:11:00,390 INFO Step: 1000. Epoch: 1/50. Iteration: 376/625. Cls loss: 0.221. Reg loss: 2.306. Seg loss: 1.074. Total loss: 3.600
2023-04-27 16:12:45,177 INFO Step: 1100. Epoch: 1/50. Iteration: 476/625. Cls loss: 0.223. Reg loss: 2.404. Seg loss: 1.238. Total loss: 3.865
2023-04-27 16:14:30,089 INFO Step: 1200. Epoch: 1/50. Iteration: 576/625. Cls loss: 0.221. Reg loss: 2.741. Seg loss: 1.145. Total loss: 4.107
2023-04-27 16:15:13,627 INFO NOT Validating...
2023-04-27 16:15:13,627 INFO Epoch 2/50
2023-04-27 16:16:13,256 INFO Step: 1300. Epoch: 2/50. Iteration: 51/625. Cls loss: 0.244. Reg loss: 2.733. Seg loss: 1.206. Total loss: 4.184
2023-04-27 16:17:55,520 INFO Step: 1400. Epoch: 2/50. Iteration: 151/625. Cls loss: 0.245. Reg loss: 2.507. Seg loss: 0.972. Total loss: 3.724
2023-04-27 16:19:41,470 INFO Saved checkpoint to: ./logs/onlybdd10k_FT_v0_bs_16_with_amp_no_cal_map/2023_0427_1552_02/checkpoints/hybridnets-d3_2_1500.pth
2023-04-27 16:19:44,106 INFO Step: 1500. Epoch: 2/50. Iteration: 251/625. Cls loss: 0.214. Reg loss: 1.999. Seg loss: 0.948. Total loss: 3.161
2023-04-27 16:21:26,487 INFO Step: 1600. Epoch: 2/50. Iteration: 351/625. Cls loss: 0.192. Reg loss: 2.185. Seg loss: 1.083. Total loss: 3.460
2023-04-27 16:23:13,406 INFO Step: 1700. Epoch: 2/50. Iteration: 451/625. Cls loss: 0.221. Reg loss: 2.880. Seg loss: 1.005. Total loss: 4.106
2023-04-27 16:24:56,338 INFO Step: 1800. Epoch: 2/50. Iteration: 551/625. Cls loss: 0.186. Reg loss: 2.009. Seg loss: 0.850. Total loss: 3.045
2023-04-27 16:26:05,160 INFO NOT Validating...
2023-04-27 16:26:05,160 INFO Epoch 3/50
2023-04-27 16:26:39,239 INFO Step: 1900. Epoch: 3/50. Iteration: 26/625. Cls loss: 0.189. Reg loss: 2.149. Seg loss: 0.913. Total loss: 3.251
2023-04-27 16:28:21,166 INFO Saved checkpoint to: ./logs/onlybdd10k_FT_v0_bs_16_with_amp_no_cal_map/2023_0427_1552_02/checkpoints/hybridnets-d3_3_2000.pth
2023-04-27 16:28:21,444 INFO Step: 2000. Epoch: 3/50. Iteration: 126/625. Cls loss: 0.220. Reg loss: 2.711. Seg loss: 0.684. Total loss: 3.616
2023-04-27 16:30:04,884 INFO Step: 2100. Epoch: 3/50. Iteration: 226/625. Cls loss: 0.220. Reg loss: 2.225. Seg loss: 0.783. Total loss: 3.227
2023-04-27 16:31:52,788 INFO Step: 2200. Epoch: 3/50. Iteration: 326/625. Cls loss: 0.194. Reg loss: 2.440. Seg loss: 0.652. Total loss: 3.287
2023-04-27 16:33:34,937 INFO Step: 2300. Epoch: 3/50. Iteration: 426/625. Cls loss: 0.217. Reg loss: 2.753. Seg loss: 0.610. Total loss: 3.579
2023-04-27 16:35:22,776 INFO Step: 2400. Epoch: 3/50. Iteration: 526/625. Cls loss: 0.216. Reg loss: 2.156. Seg loss: 0.654. Total loss: 3.026
2023-04-27 16:36:56,716 INFO Saved checkpoint to: ./logs/onlybdd10k_FT_v0_bs_16_with_amp_no_cal_map/2023_0427_1552_02/checkpoints/hybridnets-d3_3_2500.pth
2023-04-27 16:36:56,717 INFO NOT Validating...
2023-04-27 16:36:56,717 INFO Epoch 4/50
2023-04-27 16:37:05,904 INFO Step: 2500. Epoch: 4/50. Iteration: 1/625. Cls loss: 0.187. Reg loss: 2.203. Seg loss: 0.631. Total loss: 3.021
2023-04-27 16:38:47,394 INFO Step: 2600. Epoch: 4/50. Iteration: 101/625. Cls loss: 0.208. Reg loss: 2.135. Seg loss: 0.602. Total loss: 2.945
2023-04-27 16:40:34,725 INFO Step: 2700. Epoch: 4/50. Iteration: 201/625. Cls loss: 0.215. Reg loss: 2.534. Seg loss: 0.560. Total loss: 3.310
2023-04-27 16:42:17,986 INFO Step: 2800. Epoch: 4/50. Iteration: 301/625. Cls loss: 0.201. Reg loss: 2.454. Seg loss: 0.409. Total loss: 3.064
2023-04-27 16:44:03,295 INFO Step: 2900. Epoch: 4/50. Iteration: 401/625. Cls loss: 0.200. Reg loss: 2.651. Seg loss: 0.762. Total loss: 3.613
2023-04-27 16:45:46,733 INFO Saved checkpoint to: ./logs/onlybdd10k_FT_v0_bs_16_with_amp_no_cal_map/2023_0427_1552_02/checkpoints/hybridnets-d3_4_3000.pth
2023-04-27 16:45:47,040 INFO Step: 3000. Epoch: 4/50. Iteration: 501/625. Cls loss: 0.207. Reg loss: 2.453. Seg loss: 0.598. Total loss: 3.258
2023-04-27 16:47:30,663 INFO Step: 3100. Epoch: 4/50. Iteration: 601/625. Cls loss: 0.214. Reg loss: 2.222. Seg loss: 0.740. Total loss: 3.175
2023-04-27 16:47:48,814 INFO NOT Validating...
2023-04-27 16:47:48,814 INFO Epoch 5/50
2023-04-27 16:49:14,407 INFO Step: 3200. Epoch: 5/50. Iteration: 76/625. Cls loss: 0.217. Reg loss: 2.091. Seg loss: 0.709. Total loss: 3.017
2023-04-27 16:50:55,800 INFO Step: 3300. Epoch: 5/50. Iteration: 176/625. Cls loss: 0.213. Reg loss: 2.197. Seg loss: 0.544. Total loss: 2.954
2023-04-27 16:52:43,895 INFO Step: 3400. Epoch: 5/50. Iteration: 276/625. Cls loss: 0.199. Reg loss: 2.382. Seg loss: 0.663. Total loss: 3.245
2023-04-27 16:54:26,548 INFO Saved checkpoint to: ./logs/onlybdd10k_FT_v0_bs_16_with_amp_no_cal_map/2023_0427_1552_02/checkpoints/hybridnets-d3_5_3500.pth
2023-04-27 16:54:26,828 INFO Step: 3500. Epoch: 5/50. Iteration: 376/625. Cls loss: 0.204. Reg loss: 2.084. Seg loss: 0.498. Total loss: 2.785
2023-04-27 16:56:13,630 INFO Step: 3600. Epoch: 5/50. Iteration: 476/625. Cls loss: 0.188. Reg loss: 1.960. Seg loss: 0.623. Total loss: 2.771
2023-04-27 16:57:54,531 INFO Step: 3700. Epoch: 5/50. Iteration: 576/625. Cls loss: 0.208. Reg loss: 2.620. Seg loss: 0.492. Total loss: 3.320
2023-04-27 16:58:42,154 INFO NOT Validating...
2023-04-27 16:58:42,154 INFO Epoch 6/50
2023-04-27 16:59:41,974 INFO Step: 3800. Epoch: 6/50. Iteration: 51/625. Cls loss: 0.203. Reg loss: 2.434. Seg loss: 0.493. Total loss: 3.130
2023-04-27 17:01:24,421 INFO Step: 3900. Epoch: 6/50. Iteration: 151/625. Cls loss: 0.197. Reg loss: 2.139. Seg loss: 0.473. Total loss: 2.808
2023-04-27 17:03:10,749 INFO Saved checkpoint to: ./logs/onlybdd10k_FT_v0_bs_16_with_amp_no_cal_map/2023_0427_1552_02/checkpoints/hybridnets-d3_6_4000.pth
2023-04-27 17:03:11,056 INFO Step: 4000. Epoch: 6/50. Iteration: 251/625. Cls loss: 0.163. Reg loss: 1.923. Seg loss: 0.446. Total loss: 2.532
2023-04-27 17:04:52,441 INFO Step: 4100. Epoch: 6/50. Iteration: 351/625. Cls loss: 0.188. Reg loss: 1.986. Seg loss: 0.457. Total loss: 2.631
2023-04-27 17:06:39,580 INFO Step: 4200. Epoch: 6/50. Iteration: 451/625. Cls loss: 0.215. Reg loss: 2.914. Seg loss: 0.419. Total loss: 3.549
2023-04-27 17:08:21,846 INFO Step: 4300. Epoch: 6/50. Iteration: 551/625. Cls loss: 0.196. Reg loss: 2.406. Seg loss: 0.426. Total loss: 3.028
2023-04-27 17:09:33,313 INFO NOT Validating...
2023-04-27 17:09:33,314 INFO Epoch 7/50
2023-04-27 17:10:06,429 INFO Step: 4400. Epoch: 7/50. Iteration: 26/625. Cls loss: 0.235. Reg loss: 1.937. Seg loss: 0.450. Total loss: 2.622
2023-04-27 17:11:49,095 INFO Saved checkpoint to: ./logs/onlybdd10k_FT_v0_bs_16_with_amp_no_cal_map/2023_0427_1552_02/checkpoints/hybridnets-d3_7_4500.pth
2023-04-27 17:11:49,379 INFO Step: 4500. Epoch: 7/50. Iteration: 126/625. Cls loss: 0.201. Reg loss: 2.121. Seg loss: 0.391. Total loss: 2.712
2023-04-27 17:13:36,428 INFO Step: 4600. Epoch: 7/50. Iteration: 226/625. Cls loss: 0.194. Reg loss: 2.093. Seg loss: 0.349. Total loss: 2.636
2023-04-27 17:15:20,094 INFO Step: 4700. Epoch: 7/50. Iteration: 326/625. Cls loss: 0.238. Reg loss: 3.057. Seg loss: 0.291. Total loss: 3.586
2023-04-27 17:17:03,239 INFO Step: 4800. Epoch: 7/50. Iteration: 426/625. Cls loss: 0.195. Reg loss: 1.991. Seg loss: 0.331. Total loss: 2.517
2023-04-27 17:18:49,601 INFO Step: 4900. Epoch: 7/50. Iteration: 526/625. Cls loss: 0.197. Reg loss: 2.330. Seg loss: 0.344. Total loss: 2.871
2023-04-27 17:20:26,717 INFO Saved checkpoint to: ./logs/onlybdd10k_FT_v0_bs_16_with_amp_no_cal_map/2023_0427_1552_02/checkpoints/hybridnets-d3_7_5000.pth
2023-04-27 17:20:26,719 INFO NOT Validating...
2023-04-27 17:20:26,719 INFO Epoch 8/50
2023-04-27 17:20:35,015 INFO Step: 5000. Epoch: 8/50. Iteration: 1/625. Cls loss: 0.186. Reg loss: 2.042. Seg loss: 0.327. Total loss: 2.555
2023-04-27 17:22:18,304 INFO Step: 5100. Epoch: 8/50. Iteration: 101/625. Cls loss: 0.175. Reg loss: 1.637. Seg loss: 0.330. Total loss: 2.142
2023-04-27 17:24:04,457 INFO Step: 5200. Epoch: 8/50. Iteration: 201/625. Cls loss: 0.187. Reg loss: 2.135. Seg loss: 0.408. Total loss: 2.730
2023-04-27 17:25:47,660 INFO Step: 5300. Epoch: 8/50. Iteration: 301/625. Cls loss: 0.196. Reg loss: 1.979. Seg loss: 0.248. Total loss: 2.423
2023-04-27 17:27:32,719 INFO Step: 5400. Epoch: 8/50. Iteration: 401/625. Cls loss: 0.176. Reg loss: 2.753. Seg loss: 0.346. Total loss: 3.275
2023-04-27 17:29:14,941 INFO Saved checkpoint to: ./logs/onlybdd10k_FT_v0_bs_16_with_amp_no_cal_map/2023_0427_1552_02/checkpoints/hybridnets-d3_8_5500.pth
2023-04-27 17:29:16,130 INFO Step: 5500. Epoch: 8/50. Iteration: 501/625. Cls loss: 0.187. Reg loss: 1.907. Seg loss: 0.314. Total loss: 2.407
2023-04-27 17:31:00,512 INFO Step: 5600. Epoch: 8/50. Iteration: 601/625. Cls loss: 0.219. Reg loss: 2.359. Seg loss: 0.348. Total loss: 2.927
2023-04-27 17:31:19,220 INFO NOT Validating...
2023-04-27 17:31:19,221 INFO Epoch 9/50
2023-04-27 17:32:44,878 INFO Step: 5700. Epoch: 9/50. Iteration: 76/625. Cls loss: 0.179. Reg loss: 2.205. Seg loss: 0.291. Total loss: 2.675
2023-04-27 17:34:26,521 INFO Step: 5800. Epoch: 9/50. Iteration: 176/625. Cls loss: 0.166. Reg loss: 1.777. Seg loss: 0.294. Total loss: 2.237
2023-04-27 17:36:14,519 INFO Step: 5900. Epoch: 9/50. Iteration: 276/625. Cls loss: 0.192. Reg loss: 2.214. Seg loss: 0.364. Total loss: 2.770
2023-04-27 17:37:55,998 INFO Saved checkpoint to: ./logs/onlybdd10k_FT_v0_bs_16_with_amp_no_cal_map/2023_0427_1552_02/checkpoints/hybridnets-d3_9_6000.pth
2023-04-27 17:37:56,277 INFO Step: 6000. Epoch: 9/50. Iteration: 376/625. Cls loss: 0.178. Reg loss: 1.973. Seg loss: 0.273. Total loss: 2.423
2023-04-27 17:39:44,430 INFO Step: 6100. Epoch: 9/50. Iteration: 476/625. Cls loss: 0.198. Reg loss: 2.374. Seg loss: 0.298. Total loss: 2.871
2023-04-27 17:41:25,655 INFO Step: 6200. Epoch: 9/50. Iteration: 576/625. Cls loss: 0.193. Reg loss: 2.044. Seg loss: 0.289. Total loss: 2.526
2023-04-27 17:42:12,760 INFO NOT Validating...
2023-04-27 17:42:12,760 INFO Epoch 10/50
2023-04-27 17:43:12,905 INFO Step: 6300. Epoch: 10/50. Iteration: 51/625. Cls loss: 0.221. Reg loss: 2.115. Seg loss: 0.340. Total loss: 2.676
2023-04-27 17:44:54,638 INFO Step: 6400. Epoch: 10/50. Iteration: 151/625. Cls loss: 0.184. Reg loss: 2.166. Seg loss: 0.316. Total loss: 2.666
2023-04-27 17:46:42,917 INFO Saved checkpoint to: ./logs/onlybdd10k_FT_v0_bs_16_with_amp_no_cal_map/2023_0427_1552_02/checkpoints/hybridnets-d3_10_6500.pth
2023-04-27 17:46:43,579 INFO Step: 6500. Epoch: 10/50. Iteration: 251/625. Cls loss: 0.209. Reg loss: 2.247. Seg loss: 0.321. Total loss: 2.776
2023-04-27 17:48:25,895 INFO Step: 6600. Epoch: 10/50. Iteration: 351/625. Cls loss: 0.158. Reg loss: 1.861. Seg loss: 0.290. Total loss: 2.309
2023-04-27 17:50:13,713 INFO Step: 6700. Epoch: 10/50. Iteration: 451/625. Cls loss: 0.226. Reg loss: 2.621. Seg loss: 0.311. Total loss: 3.158
2023-04-27 17:51:54,332 INFO Step: 6800. Epoch: 10/50. Iteration: 551/625. Cls loss: 0.183. Reg loss: 2.133. Seg loss: 0.274. Total loss: 2.591
2023-04-27 17:53:05,509 INFO NOT Validating...
2023-04-27 17:53:05,509 INFO Epoch 11/50
2023-04-27 17:53:40,290 INFO Step: 6900. Epoch: 11/50. Iteration: 26/625. Cls loss: 0.211. Reg loss: 2.123. Seg loss: 0.312. Total loss: 2.646
2023-04-27 17:55:22,726 INFO Saved checkpoint to: ./logs/onlybdd10k_FT_v0_bs_16_with_amp_no_cal_map/2023_0427_1552_02/checkpoints/hybridnets-d3_11_7000.pth
2023-04-27 17:55:23,027 INFO Step: 7000. Epoch: 11/50. Iteration: 126/625. Cls loss: 0.203. Reg loss: 2.283. Seg loss: 0.258. Total loss: 2.744
2023-04-27 17:57:10,815 INFO Step: 7100. Epoch: 11/50. Iteration: 226/625. Cls loss: 0.212. Reg loss: 2.012. Seg loss: 0.271. Total loss: 2.495
2023-04-27 17:58:52,875 INFO Step: 7200. Epoch: 11/50. Iteration: 326/625. Cls loss: 0.196. Reg loss: 2.394. Seg loss: 0.211. Total loss: 2.801
2023-04-27 18:00:38,738 INFO Step: 7300. Epoch: 11/50. Iteration: 426/625. Cls loss: 0.193. Reg loss: 2.196. Seg loss: 0.234. Total loss: 2.623
2023-04-27 18:02:20,852 INFO Step: 7400. Epoch: 11/50. Iteration: 526/625. Cls loss: 0.196. Reg loss: 2.097. Seg loss: 0.183. Total loss: 2.476
2023-04-27 18:03:57,089 INFO Saved checkpoint to: ./logs/onlybdd10k_FT_v0_bs_16_with_amp_no_cal_map/2023_0427_1552_02/checkpoints/hybridnets-d3_11_7500.pth
2023-04-27 18:03:57,090 INFO NOT Validating...
2023-04-27 18:03:57,090 INFO Epoch 12/50
2023-04-27 18:04:06,221 INFO Step: 7500. Epoch: 12/50. Iteration: 1/625. Cls loss: 0.186. Reg loss: 2.057. Seg loss: 0.239. Total loss: 2.482
2023-04-27 18:05:49,108 INFO Step: 7600. Epoch: 12/50. Iteration: 101/625. Cls loss: 0.185. Reg loss: 1.982. Seg loss: 0.240. Total loss: 2.407
2023-04-27 18:07:35,997 INFO Step: 7700. Epoch: 12/50. Iteration: 201/625. Cls loss: 0.169. Reg loss: 1.754. Seg loss: 0.250. Total loss: 2.173
2023-04-27 18:09:20,537 INFO Step: 7800. Epoch: 12/50. Iteration: 301/625. Cls loss: 0.185. Reg loss: 2.295. Seg loss: 0.180. Total loss: 2.661
2023-04-27 18:11:04,480 INFO Step: 7900. Epoch: 12/50. Iteration: 401/625. Cls loss: 0.165. Reg loss: 2.320. Seg loss: 0.258. Total loss: 2.744
2023-04-27 18:12:49,419 INFO Saved checkpoint to: ./logs/onlybdd10k_FT_v0_bs_16_with_amp_no_cal_map/2023_0427_1552_02/checkpoints/hybridnets-d3_12_8000.pth
2023-04-27 18:12:49,725 INFO Step: 8000. Epoch: 12/50. Iteration: 501/625. Cls loss: 0.193. Reg loss: 2.295. Seg loss: 0.232. Total loss: 2.720
2023-04-27 18:14:31,833 INFO Step: 8100. Epoch: 12/50. Iteration: 601/625. Cls loss: 0.201. Reg loss: 2.272. Seg loss: 0.337. Total loss: 2.809
2023-04-27 18:14:50,499 INFO NOT Validating...
2023-04-27 18:14:50,499 INFO Epoch 13/50
2023-04-27 18:16:15,663 INFO Step: 8200. Epoch: 13/50. Iteration: 76/625. Cls loss: 0.202. Reg loss: 2.353. Seg loss: 0.225. Total loss: 2.780
2023-04-27 18:17:57,829 INFO Step: 8300. Epoch: 13/50. Iteration: 176/625. Cls loss: 0.187. Reg loss: 1.888. Seg loss: 0.227. Total loss: 2.302
2023-04-27 18:19:46,129 INFO Step: 8400. Epoch: 13/50. Iteration: 276/625. Cls loss: 0.192. Reg loss: 2.152. Seg loss: 0.241. Total loss: 2.585
2023-04-27 18:21:28,292 INFO Saved checkpoint to: ./logs/onlybdd10k_FT_v0_bs_16_with_amp_no_cal_map/2023_0427_1552_02/checkpoints/hybridnets-d3_13_8500.pth
2023-04-27 18:21:28,579 INFO Step: 8500. Epoch: 13/50. Iteration: 376/625. Cls loss: 0.192. Reg loss: 2.059. Seg loss: 0.241. Total loss: 2.493
2023-04-27 18:23:15,476 INFO Step: 8600. Epoch: 13/50. Iteration: 476/625. Cls loss: 0.165. Reg loss: 1.618. Seg loss: 0.212. Total loss: 1.996
2023-04-27 18:24:56,412 INFO Step: 8700. Epoch: 13/50. Iteration: 576/625. Cls loss: 0.172. Reg loss: 2.297. Seg loss: 0.239. Total loss: 2.708
2023-04-27 18:25:43,678 INFO NOT Validating...
2023-04-27 18:25:43,678 INFO Epoch 14/50
2023-04-27 18:26:41,811 INFO Step: 8800. Epoch: 14/50. Iteration: 51/625. Cls loss: 0.223. Reg loss: 2.605. Seg loss: 0.258. Total loss: 3.087
2023-04-27 18:28:23,678 INFO Step: 8900. Epoch: 14/50. Iteration: 151/625. Cls loss: 0.248. Reg loss: 2.587. Seg loss: 0.234. Total loss: 3.069
2023-04-27 18:30:10,574 INFO Saved checkpoint to: ./logs/onlybdd10k_FT_v0_bs_16_with_amp_no_cal_map/2023_0427_1552_02/checkpoints/hybridnets-d3_14_9000.pth
2023-04-27 18:30:10,860 INFO Step: 9000. Epoch: 14/50. Iteration: 251/625. Cls loss: 0.165. Reg loss: 1.702. Seg loss: 0.321. Total loss: 2.187
2023-04-27 18:31:53,278 INFO Step: 9100. Epoch: 14/50. Iteration: 351/625. Cls loss: 0.187. Reg loss: 1.966. Seg loss: 0.220. Total loss: 2.372
2023-04-27 18:33:38,776 INFO Step: 9200. Epoch: 14/50. Iteration: 451/625. Cls loss: 0.204. Reg loss: 2.250. Seg loss: 0.242. Total loss: 2.696
2023-04-27 18:35:23,304 INFO Step: 9300. Epoch: 14/50. Iteration: 551/625. Cls loss: 0.173. Reg loss: 1.943. Seg loss: 0.208. Total loss: 2.324
2023-04-27 18:36:35,209 INFO NOT Validating...
2023-04-27 18:36:35,209 INFO Epoch 15/50
2023-04-27 18:37:08,979 INFO Step: 9400. Epoch: 15/50. Iteration: 26/625. Cls loss: 0.186. Reg loss: 2.004. Seg loss: 0.269. Total loss: 2.460
2023-04-27 18:38:50,773 INFO Saved checkpoint to: ./logs/onlybdd10k_FT_v0_bs_16_with_amp_no_cal_map/2023_0427_1552_02/checkpoints/hybridnets-d3_15_9500.pth
2023-04-27 18:38:51,052 INFO Step: 9500. Epoch: 15/50. Iteration: 126/625. Cls loss: 0.207. Reg loss: 2.401. Seg loss: 0.205. Total loss: 2.813
2023-04-27 18:40:38,817 INFO Step: 9600. Epoch: 15/50. Iteration: 226/625. Cls loss: 0.212. Reg loss: 1.979. Seg loss: 0.206. Total loss: 2.398
2023-04-27 18:42:20,785 INFO Step: 9700. Epoch: 15/50. Iteration: 326/625. Cls loss: 0.188. Reg loss: 2.196. Seg loss: 0.143. Total loss: 2.527
2023-04-27 18:44:07,412 INFO Step: 9800. Epoch: 15/50. Iteration: 426/625. Cls loss: 0.175. Reg loss: 1.793. Seg loss: 0.164. Total loss: 2.131
2023-04-27 18:45:52,014 INFO Step: 9900. Epoch: 15/50. Iteration: 526/625. Cls loss: 0.191. Reg loss: 2.049. Seg loss: 0.161. Total loss: 2.400
2023-04-27 18:47:29,567 INFO Saved checkpoint to: ./logs/onlybdd10k_FT_v0_bs_16_with_amp_no_cal_map/2023_0427_1552_02/checkpoints/hybridnets-d3_15_10000.pth
2023-04-27 18:47:29,568 INFO NOT Validating...
2023-04-27 18:47:29,568 INFO Epoch 16/50
2023-04-27 18:47:38,501 INFO Step: 10000. Epoch: 16/50. Iteration: 1/625. Cls loss: 0.184. Reg loss: 1.940. Seg loss: 0.177. Total loss: 2.301
2023-04-27 18:49:21,763 INFO Step: 10100. Epoch: 16/50. Iteration: 101/625. Cls loss: 0.155. Reg loss: 1.731. Seg loss: 0.228. Total loss: 2.114
2023-04-27 18:51:09,006 INFO Step: 10200. Epoch: 16/50. Iteration: 201/625. Cls loss: 0.176. Reg loss: 1.938. Seg loss: 0.206. Total loss: 2.320
2023-04-27 18:52:52,397 INFO Step: 10300. Epoch: 16/50. Iteration: 301/625. Cls loss: 0.195. Reg loss: 2.125. Seg loss: 0.143. Total loss: 2.463
2023-04-27 18:54:38,283 INFO Step: 10400. Epoch: 16/50. Iteration: 401/625. Cls loss: 0.186. Reg loss: 2.593. Seg loss: 0.236. Total loss: 3.014
2023-04-27 18:56:22,137 INFO Saved checkpoint to: ./logs/onlybdd10k_FT_v0_bs_16_with_amp_no_cal_map/2023_0427_1552_02/checkpoints/hybridnets-d3_16_10500.pth
2023-04-27 18:56:22,448 INFO Step: 10500. Epoch: 16/50. Iteration: 501/625. Cls loss: 0.182. Reg loss: 2.027. Seg loss: 0.167. Total loss: 2.376
2023-04-27 18:58:05,990 INFO Step: 10600. Epoch: 16/50. Iteration: 601/625. Cls loss: 0.204. Reg loss: 2.242. Seg loss: 0.208. Total loss: 2.653
2023-04-27 18:58:22,505 INFO NOT Validating...
2023-04-27 18:58:22,505 INFO Epoch 17/50
2023-04-27 18:59:48,653 INFO Step: 10700. Epoch: 17/50. Iteration: 76/625. Cls loss: 0.174. Reg loss: 2.187. Seg loss: 0.186. Total loss: 2.548
2023-04-27 19:01:32,126 INFO Step: 10800. Epoch: 17/50. Iteration: 176/625. Cls loss: 0.178. Reg loss: 1.679. Seg loss: 0.170. Total loss: 2.027
2023-04-27 19:03:21,021 INFO Step: 10900. Epoch: 17/50. Iteration: 276/625. Cls loss: 0.201. Reg loss: 2.625. Seg loss: 0.185. Total loss: 3.010
2023-04-27 19:05:04,383 INFO Saved checkpoint to: ./logs/onlybdd10k_FT_v0_bs_16_with_amp_no_cal_map/2023_0427_1552_02/checkpoints/hybridnets-d3_17_11000.pth
2023-04-27 19:05:04,691 INFO Step: 11000. Epoch: 17/50. Iteration: 376/625. Cls loss: 0.194. Reg loss: 1.995. Seg loss: 0.194. Total loss: 2.383
2023-04-27 19:06:51,654 INFO Step: 11100. Epoch: 17/50. Iteration: 476/625. Cls loss: 0.175. Reg loss: 2.039. Seg loss: 0.180. Total loss: 2.394
2023-04-27 19:08:32,586 INFO Step: 11200. Epoch: 17/50. Iteration: 576/625. Cls loss: 0.183. Reg loss: 2.287. Seg loss: 0.170. Total loss: 2.641
2023-04-27 19:09:15,948 INFO NOT Validating...
2023-04-27 19:09:15,948 INFO Epoch 18/50
2023-04-27 19:10:15,664 INFO Step: 11300. Epoch: 18/50. Iteration: 51/625. Cls loss: 0.187. Reg loss: 2.029. Seg loss: 0.216. Total loss: 2.432
2023-04-27 19:11:59,147 INFO Step: 11400. Epoch: 18/50. Iteration: 151/625. Cls loss: 0.208. Reg loss: 2.553. Seg loss: 0.196. Total loss: 2.957
2023-04-27 19:13:44,369 INFO Saved checkpoint to: ./logs/onlybdd10k_FT_v0_bs_16_with_amp_no_cal_map/2023_0427_1552_02/checkpoints/hybridnets-d3_18_11500.pth
2023-04-27 19:13:47,124 INFO Step: 11500. Epoch: 18/50. Iteration: 251/625. Cls loss: 0.197. Reg loss: 1.857. Seg loss: 0.232. Total loss: 2.287
2023-04-27 19:15:28,439 INFO Step: 11600. Epoch: 18/50. Iteration: 351/625. Cls loss: 0.194. Reg loss: 2.084. Seg loss: 0.200. Total loss: 2.478
2023-04-27 19:17:15,429 INFO Step: 11700. Epoch: 18/50. Iteration: 451/625. Cls loss: 0.214. Reg loss: 2.770. Seg loss: 0.223. Total loss: 3.208
2023-04-27 19:18:57,562 INFO Step: 11800. Epoch: 18/50. Iteration: 551/625. Cls loss: 0.182. Reg loss: 1.909. Seg loss: 0.187. Total loss: 2.278
2023-04-27 19:20:07,318 INFO NOT Validating...
2023-04-27 19:20:07,318 INFO Epoch 19/50
2023-04-27 19:20:41,670 INFO Step: 11900. Epoch: 19/50. Iteration: 26/625. Cls loss: 0.205. Reg loss: 2.454. Seg loss: 0.194. Total loss: 2.854
2023-04-27 19:22:24,272 INFO Saved checkpoint to: ./logs/onlybdd10k_FT_v0_bs_16_with_amp_no_cal_map/2023_0427_1552_02/checkpoints/hybridnets-d3_19_12000.pth
2023-04-27 19:22:24,580 INFO Step: 12000. Epoch: 19/50. Iteration: 126/625. Cls loss: 0.201. Reg loss: 2.350. Seg loss: 0.214. Total loss: 2.765
2023-04-27 19:24:10,288 INFO Step: 12100. Epoch: 19/50. Iteration: 226/625. Cls loss: 0.195. Reg loss: 1.974. Seg loss: 0.175. Total loss: 2.344
2023-04-27 19:25:53,781 INFO Step: 12200. Epoch: 19/50. Iteration: 326/625. Cls loss: 0.185. Reg loss: 2.239. Seg loss: 0.155. Total loss: 2.580
2023-04-27 19:27:37,715 INFO Step: 12300. Epoch: 19/50. Iteration: 426/625. Cls loss: 0.161. Reg loss: 1.939. Seg loss: 0.150. Total loss: 2.250
2023-04-27 19:29:21,926 INFO Step: 12400. Epoch: 19/50. Iteration: 526/625. Cls loss: 0.186. Reg loss: 1.971. Seg loss: 0.170. Total loss: 2.327
2023-04-27 19:30:58,147 INFO Saved checkpoint to: ./logs/onlybdd10k_FT_v0_bs_16_with_amp_no_cal_map/2023_0427_1552_02/checkpoints/hybridnets-d3_19_12500.pth
2023-04-27 19:30:58,148 INFO NOT Validating...
2023-04-27 19:30:58,148 INFO Epoch 20/50
2023-04-27 19:31:07,379 INFO Step: 12500. Epoch: 20/50. Iteration: 1/625. Cls loss: 0.182. Reg loss: 2.004. Seg loss: 0.157. Total loss: 2.343
2023-04-27 19:32:49,582 INFO Step: 12600. Epoch: 20/50. Iteration: 101/625. Cls loss: 0.199. Reg loss: 2.206. Seg loss: 0.191. Total loss: 2.596
2023-04-27 19:34:36,685 INFO Step: 12700. Epoch: 20/50. Iteration: 201/625. Cls loss: 0.176. Reg loss: 1.921. Seg loss: 0.199. Total loss: 2.295
2023-04-27 19:36:21,808 INFO Step: 12800. Epoch: 20/50. Iteration: 301/625. Cls loss: 0.174. Reg loss: 2.255. Seg loss: 0.130. Total loss: 2.559
2023-04-27 19:38:06,308 INFO Step: 12900. Epoch: 20/50. Iteration: 401/625. Cls loss: 0.167. Reg loss: 2.500. Seg loss: 0.206. Total loss: 2.873
2023-04-27 19:39:49,754 INFO Saved checkpoint to: ./logs/onlybdd10k_FT_v0_bs_16_with_amp_no_cal_map/2023_0427_1552_02/checkpoints/hybridnets-d3_20_13000.pth
2023-04-27 19:39:50,021 INFO Step: 13000. Epoch: 20/50. Iteration: 501/625. Cls loss: 0.179. Reg loss: 1.946. Seg loss: 0.152. Total loss: 2.276
2023-04-27 19:41:35,164 INFO Step: 13100. Epoch: 20/50. Iteration: 601/625. Cls loss: 0.177. Reg loss: 1.879. Seg loss: 0.183. Total loss: 2.240
2023-04-27 19:41:51,105 INFO NOT Validating...
2023-04-27 19:41:51,105 INFO Epoch 21/50
2023-04-27 19:43:16,154 INFO Step: 13200. Epoch: 21/50. Iteration: 76/625. Cls loss: 0.198. Reg loss: 2.288. Seg loss: 0.158. Total loss: 2.644
2023-04-27 19:44:58,583 INFO Step: 13300. Epoch: 21/50. Iteration: 176/625. Cls loss: 0.174. Reg loss: 1.821. Seg loss: 0.173. Total loss: 2.167
2023-04-27 19:46:47,448 INFO Step: 13400. Epoch: 21/50. Iteration: 276/625. Cls loss: 0.180. Reg loss: 2.145. Seg loss: 0.167. Total loss: 2.492
2023-04-27 19:48:28,150 INFO Saved checkpoint to: ./logs/onlybdd10k_FT_v0_bs_16_with_amp_no_cal_map/2023_0427_1552_02/checkpoints/hybridnets-d3_21_13500.pth
2023-04-27 19:48:28,435 INFO Step: 13500. Epoch: 21/50. Iteration: 376/625. Cls loss: 0.180. Reg loss: 1.796. Seg loss: 0.217. Total loss: 2.193
2023-04-27 19:50:15,472 INFO Step: 13600. Epoch: 21/50. Iteration: 476/625. Cls loss: 0.172. Reg loss: 1.888. Seg loss: 0.146. Total loss: 2.205
2023-04-27 19:51:57,436 INFO Step: 13700. Epoch: 21/50. Iteration: 576/625. Cls loss: 0.191. Reg loss: 2.377. Seg loss: 0.163. Total loss: 2.731
2023-04-27 19:52:42,410 INFO NOT Validating...
2023-04-27 19:52:42,410 INFO Epoch 22/50
2023-04-27 19:53:42,122 INFO Step: 13800. Epoch: 22/50. Iteration: 51/625. Cls loss: 0.206. Reg loss: 2.254. Seg loss: 0.202. Total loss: 2.662
2023-04-27 19:55:25,058 INFO Step: 13900. Epoch: 22/50. Iteration: 151/625. Cls loss: 0.214. Reg loss: 2.400. Seg loss: 0.212. Total loss: 2.826
2023-04-27 19:57:09,383 INFO Saved checkpoint to: ./logs/onlybdd10k_FT_v0_bs_16_with_amp_no_cal_map/2023_0427_1552_02/checkpoints/hybridnets-d3_22_14000.pth
2023-04-27 19:57:12,269 INFO Step: 14000. Epoch: 22/50. Iteration: 251/625. Cls loss: 0.175. Reg loss: 1.933. Seg loss: 0.203. Total loss: 2.312
2023-04-27 19:58:55,641 INFO Step: 14100. Epoch: 22/50. Iteration: 351/625. Cls loss: 0.188. Reg loss: 2.017. Seg loss: 0.179. Total loss: 2.384
2023-04-27 20:00:42,606 INFO Step: 14200. Epoch: 22/50. Iteration: 451/625. Cls loss: 0.184. Reg loss: 2.384. Seg loss: 0.218. Total loss: 2.787
2023-04-27 20:02:24,533 INFO Step: 14300. Epoch: 22/50. Iteration: 551/625. Cls loss: 0.178. Reg loss: 1.878. Seg loss: 0.235. Total loss: 2.290
2023-04-27 20:03:35,289 INFO NOT Validating...
2023-04-27 20:03:35,289 INFO Epoch 23/50
2023-04-27 20:04:09,928 INFO Step: 14400. Epoch: 23/50. Iteration: 26/625. Cls loss: 0.193. Reg loss: 2.028. Seg loss: 0.172. Total loss: 2.392
2023-04-27 20:05:52,595 INFO Saved checkpoint to: ./logs/onlybdd10k_FT_v0_bs_16_with_amp_no_cal_map/2023_0427_1552_02/checkpoints/hybridnets-d3_23_14500.pth
2023-04-27 20:05:52,879 INFO Step: 14500. Epoch: 23/50. Iteration: 126/625. Cls loss: 0.220. Reg loss: 2.385. Seg loss: 0.200. Total loss: 2.806
2023-04-27 20:07:38,534 INFO Step: 14600. Epoch: 23/50. Iteration: 226/625. Cls loss: 0.203. Reg loss: 2.262. Seg loss: 0.163. Total loss: 2.628
2023-04-27 20:09:22,320 INFO Step: 14700. Epoch: 23/50. Iteration: 326/625. Cls loss: 0.165. Reg loss: 2.046. Seg loss: 0.122. Total loss: 2.333
2023-04-27 20:11:06,058 INFO Step: 14800. Epoch: 23/50. Iteration: 426/625. Cls loss: 0.183. Reg loss: 2.057. Seg loss: 0.144. Total loss: 2.384
2023-04-27 20:12:51,271 INFO Step: 14900. Epoch: 23/50. Iteration: 526/625. Cls loss: 0.183. Reg loss: 1.914. Seg loss: 0.154. Total loss: 2.251
2023-04-27 20:14:27,248 INFO Saved checkpoint to: ./logs/onlybdd10k_FT_v0_bs_16_with_amp_no_cal_map/2023_0427_1552_02/checkpoints/hybridnets-d3_23_15000.pth
2023-04-27 20:14:27,249 INFO NOT Validating...
2023-04-27 20:14:27,249 INFO Epoch 24/50
2023-04-27 20:14:36,427 INFO Step: 15000. Epoch: 24/50. Iteration: 1/625. Cls loss: 0.177. Reg loss: 1.947. Seg loss: 0.147. Total loss: 2.271
2023-04-27 20:16:18,351 INFO Step: 15100. Epoch: 24/50. Iteration: 101/625. Cls loss: 0.162. Reg loss: 1.542. Seg loss: 0.173. Total loss: 1.876
2023-04-27 20:18:04,545 INFO Step: 15200. Epoch: 24/50. Iteration: 201/625. Cls loss: 0.184. Reg loss: 2.006. Seg loss: 0.151. Total loss: 2.341
2023-04-27 20:19:48,757 INFO Step: 15300. Epoch: 24/50. Iteration: 301/625. Cls loss: 0.200. Reg loss: 2.231. Seg loss: 0.125. Total loss: 2.556
2023-04-27 20:21:34,332 INFO Step: 15400. Epoch: 24/50. Iteration: 401/625. Cls loss: 0.178. Reg loss: 2.320. Seg loss: 0.176. Total loss: 2.674
2023-04-27 20:23:18,331 INFO Saved checkpoint to: ./logs/onlybdd10k_FT_v0_bs_16_with_amp_no_cal_map/2023_0427_1552_02/checkpoints/hybridnets-d3_24_15500.pth
2023-04-27 20:23:18,685 INFO Step: 15500. Epoch: 24/50. Iteration: 501/625. Cls loss: 0.185. Reg loss: 1.861. Seg loss: 0.134. Total loss: 2.180
2023-04-27 20:25:01,881 INFO Step: 15600. Epoch: 24/50. Iteration: 601/625. Cls loss: 0.223. Reg loss: 2.273. Seg loss: 0.182. Total loss: 2.678
2023-04-27 20:25:18,661 INFO NOT Validating...
2023-04-27 20:25:18,662 INFO Epoch 25/50
2023-04-27 20:26:43,915 INFO Step: 15700. Epoch: 25/50. Iteration: 76/625. Cls loss: 0.175. Reg loss: 2.159. Seg loss: 0.147. Total loss: 2.481
2023-04-27 20:28:25,807 INFO Step: 15800. Epoch: 25/50. Iteration: 176/625. Cls loss: 0.171. Reg loss: 1.588. Seg loss: 0.144. Total loss: 1.902
2023-04-27 20:30:13,596 INFO Step: 15900. Epoch: 25/50. Iteration: 276/625. Cls loss: 0.184. Reg loss: 2.200. Seg loss: 0.156. Total loss: 2.540
2023-04-27 20:31:54,797 INFO Saved checkpoint to: ./logs/onlybdd10k_FT_v0_bs_16_with_amp_no_cal_map/2023_0427_1552_02/checkpoints/hybridnets-d3_25_16000.pth
2023-04-27 20:31:55,080 INFO Step: 16000. Epoch: 25/50. Iteration: 376/625. Cls loss: 0.166. Reg loss: 1.707. Seg loss: 0.190. Total loss: 2.064
2023-04-27 20:33:44,160 INFO Step: 16100. Epoch: 25/50. Iteration: 476/625. Cls loss: 0.181. Reg loss: 1.825. Seg loss: 0.154. Total loss: 2.159
2023-04-27 20:35:24,051 INFO Step: 16200. Epoch: 25/50. Iteration: 576/625. Cls loss: 0.180. Reg loss: 2.368. Seg loss: 0.153. Total loss: 2.702
2023-04-27 20:36:09,183 INFO NOT Validating...
2023-04-27 20:36:09,183 INFO Epoch 26/50
2023-04-27 20:37:09,160 INFO Step: 16300. Epoch: 26/50. Iteration: 51/625. Cls loss: 0.181. Reg loss: 2.076. Seg loss: 0.165. Total loss: 2.422
2023-04-27 20:38:50,493 INFO Step: 16400. Epoch: 26/50. Iteration: 151/625. Cls loss: 0.212. Reg loss: 2.267. Seg loss: 0.188. Total loss: 2.667
2023-04-27 20:40:37,064 INFO Saved checkpoint to: ./logs/onlybdd10k_FT_v0_bs_16_with_amp_no_cal_map/2023_0427_1552_02/checkpoints/hybridnets-d3_26_16500.pth
2023-04-27 20:40:38,529 INFO Step: 16500. Epoch: 26/50. Iteration: 251/625. Cls loss: 0.167. Reg loss: 1.910. Seg loss: 0.169. Total loss: 2.247
2023-04-27 20:42:19,903 INFO Step: 16600. Epoch: 26/50. Iteration: 351/625. Cls loss: 0.175. Reg loss: 1.757. Seg loss: 0.204. Total loss: 2.135
2023-04-27 20:44:07,718 INFO Step: 16700. Epoch: 26/50. Iteration: 451/625. Cls loss: 0.195. Reg loss: 2.339. Seg loss: 0.196. Total loss: 2.730
2023-04-27 20:45:49,164 INFO Step: 16800. Epoch: 26/50. Iteration: 551/625. Cls loss: 0.192. Reg loss: 2.184. Seg loss: 0.166. Total loss: 2.542
2023-04-27 20:47:01,168 INFO NOT Validating...
2023-04-27 20:47:01,168 INFO Epoch 27/50
2023-04-27 20:47:35,708 INFO Step: 16900. Epoch: 27/50. Iteration: 26/625. Cls loss: 0.210. Reg loss: 2.467. Seg loss: 0.188. Total loss: 2.865
2023-04-27 20:49:17,121 INFO Saved checkpoint to: ./logs/onlybdd10k_FT_v0_bs_16_with_amp_no_cal_map/2023_0427_1552_02/checkpoints/hybridnets-d3_27_17000.pth
2023-04-27 20:49:17,435 INFO Step: 17000. Epoch: 27/50. Iteration: 126/625. Cls loss: 0.195. Reg loss: 2.495. Seg loss: 0.172. Total loss: 2.861
2023-04-27 20:51:05,149 INFO Step: 17100. Epoch: 27/50. Iteration: 226/625. Cls loss: 0.190. Reg loss: 1.948. Seg loss: 0.147. Total loss: 2.286
2023-04-27 20:52:49,298 INFO Step: 17200. Epoch: 27/50. Iteration: 326/625. Cls loss: 0.201. Reg loss: 2.427. Seg loss: 0.119. Total loss: 2.747
2023-04-27 20:54:34,206 INFO Step: 17300. Epoch: 27/50. Iteration: 426/625. Cls loss: 0.176. Reg loss: 1.961. Seg loss: 0.122. Total loss: 2.259
2023-04-27 20:56:21,058 INFO Step: 17400. Epoch: 27/50. Iteration: 526/625. Cls loss: 0.200. Reg loss: 1.961. Seg loss: 0.137. Total loss: 2.298
2023-04-27 20:57:54,069 INFO Saved checkpoint to: ./logs/onlybdd10k_FT_v0_bs_16_with_amp_no_cal_map/2023_0427_1552_02/checkpoints/hybridnets-d3_27_17500.pth
2023-04-27 20:57:54,070 INFO NOT Validating...
2023-04-27 20:57:54,070 INFO Epoch 28/50
2023-04-27 20:58:03,249 INFO Step: 17500. Epoch: 28/50. Iteration: 1/625. Cls loss: 0.163. Reg loss: 1.838. Seg loss: 0.131. Total loss: 2.131
2023-04-27 20:59:44,756 INFO Step: 17600. Epoch: 28/50. Iteration: 101/625. Cls loss: 0.165. Reg loss: 1.699. Seg loss: 0.147. Total loss: 2.011
2023-04-27 21:01:31,717 INFO Step: 17700. Epoch: 28/50. Iteration: 201/625. Cls loss: 0.186. Reg loss: 1.951. Seg loss: 0.156. Total loss: 2.293
2023-04-27 21:03:14,381 INFO Step: 17800. Epoch: 28/50. Iteration: 301/625. Cls loss: 0.187. Reg loss: 2.074. Seg loss: 0.131. Total loss: 2.392
2023-04-27 21:04:58,864 INFO Step: 17900. Epoch: 28/50. Iteration: 401/625. Cls loss: 0.182. Reg loss: 2.611. Seg loss: 0.153. Total loss: 2.947
2023-04-27 21:06:42,417 INFO Saved checkpoint to: ./logs/onlybdd10k_FT_v0_bs_16_with_amp_no_cal_map/2023_0427_1552_02/checkpoints/hybridnets-d3_28_18000.pth
2023-04-27 21:06:42,704 INFO Step: 18000. Epoch: 28/50. Iteration: 501/625. Cls loss: 0.177. Reg loss: 2.275. Seg loss: 0.137. Total loss: 2.589
2023-04-27 21:08:25,882 INFO Step: 18100. Epoch: 28/50. Iteration: 601/625. Cls loss: 0.210. Reg loss: 1.979. Seg loss: 0.186. Total loss: 2.375
2023-04-27 21:08:46,134 INFO NOT Validating...
2023-04-27 21:08:46,134 INFO Epoch 29/50
2023-04-27 21:10:10,980 INFO Step: 18200. Epoch: 29/50. Iteration: 76/625. Cls loss: 0.186. Reg loss: 2.027. Seg loss: 0.154. Total loss: 2.367
2023-04-27 21:11:54,706 INFO Step: 18300. Epoch: 29/50. Iteration: 176/625. Cls loss: 0.179. Reg loss: 1.891. Seg loss: 0.150. Total loss: 2.220
2023-04-27 21:13:40,333 INFO Step: 18400. Epoch: 29/50. Iteration: 276/625. Cls loss: 0.197. Reg loss: 2.392. Seg loss: 0.143. Total loss: 2.732
2023-04-27 21:15:25,512 INFO Saved checkpoint to: ./logs/onlybdd10k_FT_v0_bs_16_with_amp_no_cal_map/2023_0427_1552_02/checkpoints/hybridnets-d3_29_18500.pth
2023-04-27 21:15:25,791 INFO Step: 18500. Epoch: 29/50. Iteration: 376/625. Cls loss: 0.199. Reg loss: 1.917. Seg loss: 0.133. Total loss: 2.248
2023-04-27 21:17:07,559 INFO Step: 18600. Epoch: 29/50. Iteration: 476/625. Cls loss: 0.176. Reg loss: 1.675. Seg loss: 0.135. Total loss: 1.986
2023-04-27 21:18:54,331 INFO Step: 18700. Epoch: 29/50. Iteration: 576/625. Cls loss: 0.196. Reg loss: 2.197. Seg loss: 0.161. Total loss: 2.554
2023-04-27 21:19:37,797 INFO NOT Validating...
2023-04-27 21:19:37,797 INFO Epoch 30/50
2023-04-27 21:20:37,343 INFO Step: 18800. Epoch: 30/50. Iteration: 51/625. Cls loss: 0.196. Reg loss: 2.108. Seg loss: 0.200. Total loss: 2.505
2023-04-27 21:22:20,307 INFO Step: 18900. Epoch: 30/50. Iteration: 151/625. Cls loss: 0.182. Reg loss: 2.091. Seg loss: 0.174. Total loss: 2.447
2023-04-27 21:24:04,551 INFO Saved checkpoint to: ./logs/onlybdd10k_FT_v0_bs_16_with_amp_no_cal_map/2023_0427_1552_02/checkpoints/hybridnets-d3_30_19000.pth
2023-04-27 21:24:07,768 INFO Step: 19000. Epoch: 30/50. Iteration: 251/625. Cls loss: 0.161. Reg loss: 1.631. Seg loss: 0.169. Total loss: 1.960
2023-04-27 21:25:49,373 INFO Step: 19100. Epoch: 30/50. Iteration: 351/625. Cls loss: 0.174. Reg loss: 2.066. Seg loss: 0.175. Total loss: 2.415
2023-04-27 21:27:37,595 INFO Step: 19200. Epoch: 30/50. Iteration: 451/625. Cls loss: 0.182. Reg loss: 2.254. Seg loss: 0.159. Total loss: 2.595
2023-04-27 21:29:20,046 INFO Step: 19300. Epoch: 30/50. Iteration: 551/625. Cls loss: 0.160. Reg loss: 1.776. Seg loss: 0.146. Total loss: 2.081
2023-04-27 21:30:31,058 INFO NOT Validating...
2023-04-27 21:30:31,058 INFO Epoch 31/50
2023-04-27 21:31:05,810 INFO Step: 19400. Epoch: 31/50. Iteration: 26/625. Cls loss: 0.194. Reg loss: 2.085. Seg loss: 0.155. Total loss: 2.434
2023-04-27 21:32:47,687 INFO Saved checkpoint to: ./logs/onlybdd10k_FT_v0_bs_16_with_amp_no_cal_map/2023_0427_1552_02/checkpoints/hybridnets-d3_31_19500.pth
2023-04-27 21:32:47,988 INFO Step: 19500. Epoch: 31/50. Iteration: 126/625. Cls loss: 0.179. Reg loss: 2.135. Seg loss: 0.160. Total loss: 2.475
2023-04-27 21:34:33,905 INFO Step: 19600. Epoch: 31/50. Iteration: 226/625. Cls loss: 0.180. Reg loss: 2.073. Seg loss: 0.134. Total loss: 2.388
2023-04-27 21:36:17,138 INFO Step: 19700. Epoch: 31/50. Iteration: 326/625. Cls loss: 0.169. Reg loss: 2.206. Seg loss: 0.119. Total loss: 2.494
2023-04-27 21:37:59,275 INFO Step: 19800. Epoch: 31/50. Iteration: 426/625. Cls loss: 0.195. Reg loss: 1.898. Seg loss: 0.124. Total loss: 2.217
2023-04-27 21:39:46,642 INFO Step: 19900. Epoch: 31/50. Iteration: 526/625. Cls loss: 0.187. Reg loss: 1.696. Seg loss: 0.122. Total loss: 2.006
2023-04-27 21:41:23,428 INFO Saved checkpoint to: ./logs/onlybdd10k_FT_v0_bs_16_with_amp_no_cal_map/2023_0427_1552_02/checkpoints/hybridnets-d3_31_20000.pth
2023-04-27 21:41:23,429 INFO NOT Validating...
2023-04-27 21:41:23,429 INFO Epoch 32/50
2023-04-27 21:41:32,416 INFO Step: 20000. Epoch: 32/50. Iteration: 1/625. Cls loss: 0.185. Reg loss: 1.981. Seg loss: 0.136. Total loss: 2.302
2023-04-27 21:43:14,083 INFO Step: 20100. Epoch: 32/50. Iteration: 101/625. Cls loss: 0.183. Reg loss: 1.820. Seg loss: 0.137. Total loss: 2.140
2023-04-27 21:44:59,981 INFO Step: 20200. Epoch: 32/50. Iteration: 201/625. Cls loss: 0.179. Reg loss: 1.964. Seg loss: 0.149. Total loss: 2.291
2023-04-27 21:46:43,037 INFO Step: 20300. Epoch: 32/50. Iteration: 301/625. Cls loss: 0.176. Reg loss: 2.173. Seg loss: 0.116. Total loss: 2.466
2023-04-27 21:48:27,375 INFO Step: 20400. Epoch: 32/50. Iteration: 401/625. Cls loss: 0.164. Reg loss: 2.468. Seg loss: 0.137. Total loss: 2.770
2023-04-27 21:50:11,946 INFO Saved checkpoint to: ./logs/onlybdd10k_FT_v0_bs_16_with_amp_no_cal_map/2023_0427_1552_02/checkpoints/hybridnets-d3_32_20500.pth
2023-04-27 21:50:12,254 INFO Step: 20500. Epoch: 32/50. Iteration: 501/625. Cls loss: 0.178. Reg loss: 2.099. Seg loss: 0.145. Total loss: 2.423
2023-04-27 21:51:56,550 INFO Step: 20600. Epoch: 32/50. Iteration: 601/625. Cls loss: 0.183. Reg loss: 2.023. Seg loss: 0.186. Total loss: 2.392
2023-04-27 21:52:15,539 INFO NOT Validating...
2023-04-27 21:52:15,539 INFO Epoch 33/50
2023-04-27 21:53:40,008 INFO Step: 20700. Epoch: 33/50. Iteration: 76/625. Cls loss: 0.177. Reg loss: 2.289. Seg loss: 0.139. Total loss: 2.605
2023-04-27 21:55:21,888 INFO Step: 20800. Epoch: 33/50. Iteration: 176/625. Cls loss: 0.183. Reg loss: 1.806. Seg loss: 0.144. Total loss: 2.132
2023-04-27 21:57:09,806 INFO Step: 20900. Epoch: 33/50. Iteration: 276/625. Cls loss: 0.187. Reg loss: 2.079. Seg loss: 0.137. Total loss: 2.403
2023-04-27 21:58:51,313 INFO Saved checkpoint to: ./logs/onlybdd10k_FT_v0_bs_16_with_amp_no_cal_map/2023_0427_1552_02/checkpoints/hybridnets-d3_33_21000.pth
2023-04-27 21:58:51,599 INFO Step: 21000. Epoch: 33/50. Iteration: 376/625. Cls loss: 0.190. Reg loss: 1.791. Seg loss: 0.138. Total loss: 2.119
2023-04-27 22:00:38,480 INFO Step: 21100. Epoch: 33/50. Iteration: 476/625. Cls loss: 0.168. Reg loss: 1.770. Seg loss: 0.129. Total loss: 2.068
2023-04-27 22:02:19,538 INFO Step: 21200. Epoch: 33/50. Iteration: 576/625. Cls loss: 0.169. Reg loss: 2.151. Seg loss: 0.160. Total loss: 2.480
2023-04-27 22:03:06,089 INFO NOT Validating...
2023-04-27 22:03:06,089 INFO Epoch 34/50
2023-04-27 22:04:04,682 INFO Step: 21300. Epoch: 34/50. Iteration: 51/625. Cls loss: 0.188. Reg loss: 2.045. Seg loss: 0.168. Total loss: 2.402
2023-04-27 22:05:47,822 INFO Step: 21400. Epoch: 34/50. Iteration: 151/625. Cls loss: 0.204. Reg loss: 2.552. Seg loss: 0.167. Total loss: 2.924
2023-04-27 22:07:33,671 INFO Saved checkpoint to: ./logs/onlybdd10k_FT_v0_bs_16_with_amp_no_cal_map/2023_0427_1552_02/checkpoints/hybridnets-d3_34_21500.pth
2023-04-27 22:07:33,960 INFO Step: 21500. Epoch: 34/50. Iteration: 251/625. Cls loss: 0.176. Reg loss: 1.857. Seg loss: 0.163. Total loss: 2.196
2023-04-27 22:09:19,252 INFO Step: 21600. Epoch: 34/50. Iteration: 351/625. Cls loss: 0.173. Reg loss: 2.023. Seg loss: 0.155. Total loss: 2.351
2023-04-27 22:11:02,196 INFO Step: 21700. Epoch: 34/50. Iteration: 451/625. Cls loss: 0.183. Reg loss: 2.163. Seg loss: 0.148. Total loss: 2.494
2023-04-27 22:12:48,523 INFO Step: 21800. Epoch: 34/50. Iteration: 551/625. Cls loss: 0.177. Reg loss: 1.929. Seg loss: 0.143. Total loss: 2.249
2023-04-27 22:13:59,035 INFO NOT Validating...
2023-04-27 22:13:59,035 INFO Epoch 35/50
2023-04-27 22:14:32,655 INFO Step: 21900. Epoch: 35/50. Iteration: 26/625. Cls loss: 0.188. Reg loss: 2.118. Seg loss: 0.145. Total loss: 2.451
2023-04-27 22:16:15,147 INFO Saved checkpoint to: ./logs/onlybdd10k_FT_v0_bs_16_with_amp_no_cal_map/2023_0427_1552_02/checkpoints/hybridnets-d3_35_22000.pth
2023-04-27 22:16:15,430 INFO Step: 22000. Epoch: 35/50. Iteration: 126/625. Cls loss: 0.181. Reg loss: 2.093. Seg loss: 0.134. Total loss: 2.408
2023-04-27 22:18:00,903 INFO Step: 22100. Epoch: 35/50. Iteration: 226/625. Cls loss: 0.201. Reg loss: 1.853. Seg loss: 0.132. Total loss: 2.186
2023-04-27 22:19:44,713 INFO Step: 22200. Epoch: 35/50. Iteration: 326/625. Cls loss: 0.173. Reg loss: 1.995. Seg loss: 0.112. Total loss: 2.279
2023-04-27 22:21:29,109 INFO Step: 22300. Epoch: 35/50. Iteration: 426/625. Cls loss: 0.184. Reg loss: 1.947. Seg loss: 0.104. Total loss: 2.235
2023-04-27 22:23:13,476 INFO Step: 22400. Epoch: 35/50. Iteration: 526/625. Cls loss: 0.181. Reg loss: 1.822. Seg loss: 0.139. Total loss: 2.142
2023-04-27 22:24:50,837 INFO Saved checkpoint to: ./logs/onlybdd10k_FT_v0_bs_16_with_amp_no_cal_map/2023_0427_1552_02/checkpoints/hybridnets-d3_35_22500.pth
2023-04-27 22:24:50,838 INFO NOT Validating...
2023-04-27 22:24:50,838 INFO Epoch 36/50
2023-04-27 22:25:00,229 INFO Step: 22500. Epoch: 36/50. Iteration: 1/625. Cls loss: 0.154. Reg loss: 1.726. Seg loss: 0.124. Total loss: 2.005
2023-04-27 22:26:41,461 INFO Step: 22600. Epoch: 36/50. Iteration: 101/625. Cls loss: 0.161. Reg loss: 1.815. Seg loss: 0.141. Total loss: 2.117
2023-04-27 22:28:24,875 INFO Step: 22700. Epoch: 36/50. Iteration: 201/625. Cls loss: 0.178. Reg loss: 2.067. Seg loss: 0.135. Total loss: 2.381
2023-04-27 22:30:12,032 INFO Step: 22800. Epoch: 36/50. Iteration: 301/625. Cls loss: 0.192. Reg loss: 2.407. Seg loss: 0.105. Total loss: 2.705
2023-04-27 22:31:54,486 INFO Step: 22900. Epoch: 36/50. Iteration: 401/625. Cls loss: 0.161. Reg loss: 2.488. Seg loss: 0.138. Total loss: 2.787
2023-04-27 22:33:39,197 INFO Saved checkpoint to: ./logs/onlybdd10k_FT_v0_bs_16_with_amp_no_cal_map/2023_0427_1552_02/checkpoints/hybridnets-d3_36_23000.pth
2023-04-27 22:33:41,135 INFO Step: 23000. Epoch: 36/50. Iteration: 501/625. Cls loss: 0.184. Reg loss: 2.139. Seg loss: 0.122. Total loss: 2.445
2023-04-27 22:35:21,944 INFO Step: 23100. Epoch: 36/50. Iteration: 601/625. Cls loss: 0.223. Reg loss: 2.376. Seg loss: 0.144. Total loss: 2.743
2023-04-27 22:35:39,643 INFO NOT Validating...
2023-04-27 22:35:39,643 INFO Epoch 37/50
2023-04-27 22:37:04,882 INFO Step: 23200. Epoch: 37/50. Iteration: 76/625. Cls loss: 0.184. Reg loss: 2.136. Seg loss: 0.125. Total loss: 2.445
2023-04-27 22:38:47,508 INFO Step: 23300. Epoch: 37/50. Iteration: 176/625. Cls loss: 0.188. Reg loss: 1.562. Seg loss: 0.155. Total loss: 1.904
2023-04-27 22:40:33,013 INFO Step: 23400. Epoch: 37/50. Iteration: 276/625. Cls loss: 0.186. Reg loss: 2.091. Seg loss: 0.164. Total loss: 2.441
2023-04-27 22:42:13,635 INFO Saved checkpoint to: ./logs/onlybdd10k_FT_v0_bs_16_with_amp_no_cal_map/2023_0427_1552_02/checkpoints/hybridnets-d3_37_23500.pth
2023-04-27 22:42:14,195 INFO Step: 23500. Epoch: 37/50. Iteration: 376/625. Cls loss: 0.175. Reg loss: 1.705. Seg loss: 0.142. Total loss: 2.021
2023-04-27 22:44:00,877 INFO Step: 23600. Epoch: 37/50. Iteration: 476/625. Cls loss: 0.168. Reg loss: 1.695. Seg loss: 0.143. Total loss: 2.005
2023-04-27 22:45:43,460 INFO Step: 23700. Epoch: 37/50. Iteration: 576/625. Cls loss: 0.176. Reg loss: 2.266. Seg loss: 0.142. Total loss: 2.585
2023-04-27 22:46:26,655 INFO NOT Validating...
2023-04-27 22:46:26,655 INFO Epoch 38/50
2023-04-27 22:47:25,477 INFO Step: 23800. Epoch: 38/50. Iteration: 51/625. Cls loss: 0.182. Reg loss: 2.296. Seg loss: 0.157. Total loss: 2.636
2023-04-27 22:49:06,855 INFO Step: 23900. Epoch: 38/50. Iteration: 151/625. Cls loss: 0.201. Reg loss: 2.304. Seg loss: 0.157. Total loss: 2.663
2023-04-27 22:50:51,457 INFO Saved checkpoint to: ./logs/onlybdd10k_FT_v0_bs_16_with_amp_no_cal_map/2023_0427_1552_02/checkpoints/hybridnets-d3_38_24000.pth
2023-04-27 22:50:54,880 INFO Step: 24000. Epoch: 38/50. Iteration: 251/625. Cls loss: 0.170. Reg loss: 1.781. Seg loss: 0.154. Total loss: 2.104
2023-04-27 22:52:36,506 INFO Step: 24100. Epoch: 38/50. Iteration: 351/625. Cls loss: 0.182. Reg loss: 2.273. Seg loss: 0.144. Total loss: 2.599
2023-04-27 22:54:21,802 INFO Step: 24200. Epoch: 38/50. Iteration: 451/625. Cls loss: 0.182. Reg loss: 2.400. Seg loss: 0.143. Total loss: 2.725
2023-04-27 22:56:03,555 INFO Step: 24300. Epoch: 38/50. Iteration: 551/625. Cls loss: 0.194. Reg loss: 1.785. Seg loss: 0.117. Total loss: 2.097
2023-04-27 22:57:15,167 INFO NOT Validating...
2023-04-27 22:57:15,167 INFO Epoch 39/50
2023-04-27 22:57:47,111 INFO Step: 24400. Epoch: 39/50. Iteration: 26/625. Cls loss: 0.190. Reg loss: 2.063. Seg loss: 0.183. Total loss: 2.435
2023-04-27 22:59:28,168 INFO Saved checkpoint to: ./logs/onlybdd10k_FT_v0_bs_16_with_amp_no_cal_map/2023_0427_1552_02/checkpoints/hybridnets-d3_39_24500.pth
2023-04-27 22:59:28,441 INFO Step: 24500. Epoch: 39/50. Iteration: 126/625. Cls loss: 0.210. Reg loss: 2.212. Seg loss: 0.136. Total loss: 2.559
2023-04-27 23:01:13,030 INFO Step: 24600. Epoch: 39/50. Iteration: 226/625. Cls loss: 0.214. Reg loss: 2.149. Seg loss: 0.121. Total loss: 2.484
