2023-04-26 17:24:33,155 INFO Avaliable images: 70000
2023-04-26 17:24:33,155 INFO Running on 10000 images
2023-04-26 17:24:33,162 INFO building database...
2023-04-26 17:24:35,301 INFO database build finish
2023-04-26 17:24:35,318 INFO Avaliable images: 10000
2023-04-26 17:24:35,318 INFO Running on 10000 images
2023-04-26 17:24:35,318 INFO building database...
2023-04-26 17:24:37,148 INFO database build finish
2023-04-26 17:24:39,219 INFO [Info] Successfully!!!
2023-04-26 17:24:39,280 INFO Epoch 1/50
2023-04-26 17:26:35,564 INFO Step: 100. Epoch: 0/50. Iteration: 101/625. Cls loss: 0.213. Reg loss: 2.246. Seg loss: 1.773. Total loss: 4.232
2023-04-26 17:28:27,974 INFO Step: 200. Epoch: 0/50. Iteration: 201/625. Cls loss: 0.251. Reg loss: 2.748. Seg loss: 1.698. Total loss: 4.696
2023-04-26 17:30:56,361 INFO Step: 300. Epoch: 0/50. Iteration: 301/625. Cls loss: 0.285. Reg loss: 3.265. Seg loss: 1.338. Total loss: 4.888
2023-04-26 17:33:29,352 INFO Step: 400. Epoch: 0/50. Iteration: 401/625. Cls loss: 0.222. Reg loss: 3.202. Seg loss: 1.302. Total loss: 4.726
2023-04-26 17:36:01,421 INFO Saved checkpoint to: ./logs/onlybdd10k_FT_v0_bs_16_with_amp_cal_map_False/2023_0426_1724_32/checkpoints/hybridnets-d3_0_500.pth
2023-04-26 17:36:11,977 INFO Step: 500. Epoch: 0/50. Iteration: 501/625. Cls loss: 0.227. Reg loss: 2.348. Seg loss: 1.527. Total loss: 4.102
2023-04-26 17:38:43,170 INFO Step: 600. Epoch: 0/50. Iteration: 601/625. Cls loss: 0.248. Reg loss: 2.405. Seg loss: 1.722. Total loss: 4.375
2023-04-26 17:39:17,913 INFO Validating...
2023-04-26 17:53:45,999 INFO Epoch 2/50
2023-04-26 17:55:52,606 INFO Step: 700. Epoch: 1/50. Iteration: 76/625. Cls loss: 0.222. Reg loss: 2.855. Seg loss: 1.032. Total loss: 4.109
2023-04-26 17:58:23,382 INFO Step: 800. Epoch: 1/50. Iteration: 176/625. Cls loss: 0.217. Reg loss: 2.030. Seg loss: 1.168. Total loss: 3.414
2023-04-26 18:00:56,034 INFO Step: 900. Epoch: 1/50. Iteration: 276/625. Cls loss: 0.207. Reg loss: 2.367. Seg loss: 1.269. Total loss: 3.842
2023-04-26 18:03:29,734 INFO Saved checkpoint to: ./logs/onlybdd10k_FT_v0_bs_16_with_amp_cal_map_False/2023_0426_1724_32/checkpoints/hybridnets-d3_1_1000.pth
2023-04-26 18:03:30,044 INFO Step: 1000. Epoch: 1/50. Iteration: 376/625. Cls loss: 0.206. Reg loss: 2.420. Seg loss: 1.065. Total loss: 3.691
2023-04-26 18:06:14,304 INFO Step: 1100. Epoch: 1/50. Iteration: 476/625. Cls loss: 0.210. Reg loss: 2.544. Seg loss: 1.202. Total loss: 3.956
2023-04-26 18:08:45,572 INFO Step: 1200. Epoch: 1/50. Iteration: 576/625. Cls loss: 0.200. Reg loss: 2.537. Seg loss: 1.066. Total loss: 3.803
2023-04-26 18:10:04,530 INFO Validating...
2023-04-26 18:24:19,295 INFO Epoch 3/50
2023-04-26 18:25:47,253 INFO Step: 1300. Epoch: 2/50. Iteration: 51/625. Cls loss: 0.257. Reg loss: 3.139. Seg loss: 1.135. Total loss: 4.531
2023-04-26 18:28:14,784 INFO Step: 1400. Epoch: 2/50. Iteration: 151/625. Cls loss: 0.249. Reg loss: 2.981. Seg loss: 0.898. Total loss: 4.128
2023-04-26 18:30:44,496 INFO Saved checkpoint to: ./logs/onlybdd10k_FT_v0_bs_16_with_amp_cal_map_False/2023_0426_1724_32/checkpoints/hybridnets-d3_2_1500.pth
2023-04-26 18:30:44,807 INFO Step: 1500. Epoch: 2/50. Iteration: 251/625. Cls loss: 0.208. Reg loss: 2.046. Seg loss: 1.036. Total loss: 3.290
2023-04-26 18:33:18,987 INFO Step: 1600. Epoch: 2/50. Iteration: 351/625. Cls loss: 0.228. Reg loss: 2.426. Seg loss: 0.907. Total loss: 3.561
2023-04-26 18:36:03,277 INFO Step: 1700. Epoch: 2/50. Iteration: 451/625. Cls loss: 0.200. Reg loss: 2.700. Seg loss: 0.921. Total loss: 3.822
2023-04-26 18:38:36,893 INFO Step: 1800. Epoch: 2/50. Iteration: 551/625. Cls loss: 0.203. Reg loss: 2.120. Seg loss: 0.821. Total loss: 3.144
2023-04-26 18:40:33,545 INFO Validating...
2023-04-26 18:54:47,755 INFO Epoch 4/50
2023-04-26 18:55:37,368 INFO Step: 1900. Epoch: 3/50. Iteration: 26/625. Cls loss: 0.210. Reg loss: 1.941. Seg loss: 0.922. Total loss: 3.073
2023-04-26 18:58:05,867 INFO Saved checkpoint to: ./logs/onlybdd10k_FT_v0_bs_16_with_amp_cal_map_False/2023_0426_1724_32/checkpoints/hybridnets-d3_3_2000.pth
2023-04-26 18:58:06,170 INFO Step: 2000. Epoch: 3/50. Iteration: 126/625. Cls loss: 0.237. Reg loss: 2.649. Seg loss: 0.661. Total loss: 3.547
2023-04-26 19:00:33,517 INFO Step: 2100. Epoch: 3/50. Iteration: 226/625. Cls loss: 0.211. Reg loss: 2.199. Seg loss: 0.692. Total loss: 3.102
2023-04-26 19:03:12,046 INFO Step: 2200. Epoch: 3/50. Iteration: 326/625. Cls loss: 0.185. Reg loss: 2.239. Seg loss: 0.641. Total loss: 3.065
2023-04-26 19:05:45,117 INFO Step: 2300. Epoch: 3/50. Iteration: 426/625. Cls loss: 0.201. Reg loss: 2.103. Seg loss: 0.578. Total loss: 2.882
2023-04-26 19:08:24,973 INFO Step: 2400. Epoch: 3/50. Iteration: 526/625. Cls loss: 0.169. Reg loss: 1.762. Seg loss: 0.659. Total loss: 2.591
