2023-05-06 17:38:14,504 INFO Loading train dataset
2023-05-06 17:38:14,505 INFO Using paths list file: /mnt/raid/home/eyal_michaeli/datasets/bdd/file_paths_csv/base_10k_extra_munit_3_buses.csv
2023-05-06 17:38:14,536 INFO Number of avaliable images: 13801
2023-05-06 17:38:14,538 INFO building database...
2023-05-06 17:38:16,625 INFO database build finish
2023-05-06 17:38:16,626 INFO Loading validation dataset
2023-05-06 17:38:16,626 INFO Using paths list file: /mnt/raid/home/eyal_michaeli/datasets/bdd/file_paths_csv/base_10k_extra_munit_3_buses.csv
2023-05-06 17:38:16,652 INFO Number of avaliable images: 13801
2023-05-06 17:38:16,652 WARNING Using 3300 images
2023-05-06 17:38:16,652 INFO building database...
2023-05-06 17:38:17,152 INFO database build finish
2023-05-06 17:38:19,215 WARNING [Warning] Ignoring Error(s) in loading state_dict for HybridNetsBackbone:
	size mismatch for classifier.header.pointwise_conv.conv.weight: copying a param with shape torch.Size([9, 160, 1, 1]) from checkpoint, the shape in current model is torch.Size([36, 160, 1, 1]).
	size mismatch for classifier.header.pointwise_conv.conv.bias: copying a param with shape torch.Size([9]) from checkpoint, the shape in current model is torch.Size([36]).
2023-05-06 17:38:19,216 INFO [Warning] Don't panic if you see this, this might be because you load a pretrained weights with different number of classes. The rest of the weights should be loaded already.
2023-05-06 17:38:19,216 INFO [Info] Weights init Successfully
2023-05-06 17:38:19,269 INFO Epoch 1/50
2023-05-06 17:39:23,772 INFO Step: 100. Epoch: 1/50. Iteration: 101/863. Cls loss: 2237.222. Reg loss: 2.691. Seg loss: 1.896. Total loss: 2241.809
2023-05-06 17:40:17,414 INFO Step: 200. Epoch: 1/50. Iteration: 201/863. Cls loss: 828.006. Reg loss: 2.688. Seg loss: 1.872. Total loss: 832.567
2023-05-06 17:41:10,755 INFO Step: 300. Epoch: 1/50. Iteration: 301/863. Cls loss: 899.601. Reg loss: 2.992. Seg loss: 1.947. Total loss: 904.540
2023-05-06 17:42:03,463 INFO Step: 400. Epoch: 1/50. Iteration: 401/863. Cls loss: 2182.639. Reg loss: 2.740. Seg loss: 1.559. Total loss: 2186.938
2023-05-06 17:42:55,661 INFO Saved checkpoint to: logs/2023_0506_1738_14_bdd10k_extra_munit_3_buses/checkpoints/hybridnets-d3_0_500.pth
2023-05-06 17:42:55,973 INFO Step: 500. Epoch: 1/50. Iteration: 501/863. Cls loss: 941.848. Reg loss: 2.754. Seg loss: 1.784. Total loss: 946.386
2023-05-06 17:43:49,676 INFO Step: 600. Epoch: 1/50. Iteration: 601/863. Cls loss: 954.079. Reg loss: 2.824. Seg loss: 1.583. Total loss: 958.486
2023-05-06 17:44:45,571 INFO Step: 700. Epoch: 1/50. Iteration: 701/863. Cls loss: 931.666. Reg loss: 2.249. Seg loss: 1.639. Total loss: 935.554
2023-05-06 17:45:45,294 INFO Step: 800. Epoch: 1/50. Iteration: 801/863. Cls loss: 630.828. Reg loss: 2.266. Seg loss: 2.024. Total loss: 635.118
2023-05-06 17:46:26,880 INFO Validating...
2023-05-06 17:48:02,403 INFO Val. Epoch: 1/50. Classification loss: 1080.34293. Regression loss: 2.53094. Segmentation loss: 1.42237. Total loss: 1084.29624
2023-05-06 17:48:02,594 INFO Epoch 2/50
2023-05-06 17:48:26,271 INFO Step: 900. Epoch: 2/50. Iteration: 38/863. Cls loss: 2642.616. Reg loss: 2.837. Seg loss: 1.332. Total loss: 2646.785
2023-05-06 17:49:19,446 INFO Saved checkpoint to: logs/2023_0506_1738_14_bdd10k_extra_munit_3_buses/checkpoints/hybridnets-d3_1_1000.pth
2023-05-06 17:49:19,813 INFO Step: 1000. Epoch: 2/50. Iteration: 138/863. Cls loss: 1198.383. Reg loss: 2.165. Seg loss: 1.459. Total loss: 1202.007
2023-05-06 17:50:11,496 INFO Step: 1100. Epoch: 2/50. Iteration: 238/863. Cls loss: 2057.323. Reg loss: 3.076. Seg loss: 1.523. Total loss: 2061.922
2023-05-06 17:51:05,305 INFO Step: 1200. Epoch: 2/50. Iteration: 338/863. Cls loss: 841.273. Reg loss: 2.572. Seg loss: 1.072. Total loss: 844.917
2023-05-06 17:51:57,065 INFO Step: 1300. Epoch: 2/50. Iteration: 438/863. Cls loss: 666.426. Reg loss: 2.273. Seg loss: 1.348. Total loss: 670.047
2023-05-06 17:52:50,520 INFO Step: 1400. Epoch: 2/50. Iteration: 538/863. Cls loss: 725.414. Reg loss: 2.811. Seg loss: 1.393. Total loss: 729.618
2023-05-06 17:53:44,288 INFO Saved checkpoint to: logs/2023_0506_1738_14_bdd10k_extra_munit_3_buses/checkpoints/hybridnets-d3_1_1500.pth
2023-05-06 17:53:44,601 INFO Step: 1500. Epoch: 2/50. Iteration: 638/863. Cls loss: 540.351. Reg loss: 2.726. Seg loss: 1.267. Total loss: 544.345
2023-05-06 17:54:42,022 INFO Step: 1600. Epoch: 2/50. Iteration: 738/863. Cls loss: 569.890. Reg loss: 2.922. Seg loss: 1.349. Total loss: 574.160
2023-05-06 17:55:42,223 INFO Step: 1700. Epoch: 2/50. Iteration: 838/863. Cls loss: 602.414. Reg loss: 2.302. Seg loss: 1.492. Total loss: 606.208
2023-05-06 17:55:53,463 INFO Validating...
2023-05-06 17:57:26,776 INFO Val. Epoch: 2/50. Classification loss: 1038.50440. Regression loss: 2.54610. Segmentation loss: 1.15287. Total loss: 1042.20337
2023-05-06 17:57:26,966 INFO Epoch 3/50
2023-05-06 17:58:10,620 INFO Step: 1800. Epoch: 3/50. Iteration: 75/863. Cls loss: 488.836. Reg loss: 2.676. Seg loss: 0.982. Total loss: 492.494
2023-05-06 17:59:02,371 INFO Step: 1900. Epoch: 3/50. Iteration: 175/863. Cls loss: 754.653. Reg loss: 2.943. Seg loss: 0.983. Total loss: 758.580
2023-05-06 17:59:55,591 INFO Saved checkpoint to: logs/2023_0506_1738_14_bdd10k_extra_munit_3_buses/checkpoints/hybridnets-d3_2_2000.pth
2023-05-06 17:59:55,903 INFO Step: 2000. Epoch: 3/50. Iteration: 275/863. Cls loss: 938.263. Reg loss: 1.810. Seg loss: 0.954. Total loss: 941.027
2023-05-06 18:00:47,528 INFO Step: 2100. Epoch: 3/50. Iteration: 375/863. Cls loss: 2268.568. Reg loss: 2.502. Seg loss: 1.250. Total loss: 2272.320
2023-05-06 18:01:40,911 INFO Step: 2200. Epoch: 3/50. Iteration: 475/863. Cls loss: 1056.322. Reg loss: 2.233. Seg loss: 1.146. Total loss: 1059.701
2023-05-06 18:02:32,833 INFO Step: 2300. Epoch: 3/50. Iteration: 575/863. Cls loss: 824.758. Reg loss: 3.165. Seg loss: 1.900. Total loss: 829.823
2023-05-06 18:03:29,409 INFO Step: 2400. Epoch: 3/50. Iteration: 675/863. Cls loss: 519.689. Reg loss: 2.531. Seg loss: 1.298. Total loss: 523.519
2023-05-06 18:04:26,075 INFO Saved checkpoint to: logs/2023_0506_1738_14_bdd10k_extra_munit_3_buses/checkpoints/hybridnets-d3_2_2500.pth
2023-05-06 18:04:26,388 INFO Step: 2500. Epoch: 3/50. Iteration: 775/863. Cls loss: 483.316. Reg loss: 2.860. Seg loss: 1.010. Total loss: 487.186
2023-05-06 18:05:16,693 INFO Validating...
2023-05-06 18:06:50,177 INFO Val. Epoch: 3/50. Classification loss: 991.21111. Regression loss: 2.53987. Segmentation loss: 0.98707. Total loss: 994.73805
2023-05-06 18:06:50,320 INFO Epoch 4/50
2023-05-06 18:07:00,613 INFO Step: 2600. Epoch: 4/50. Iteration: 12/863. Cls loss: 757.963. Reg loss: 2.864. Seg loss: 0.722. Total loss: 761.549
2023-05-06 18:07:52,298 INFO Step: 2700. Epoch: 4/50. Iteration: 112/863. Cls loss: 1884.776. Reg loss: 2.127. Seg loss: 1.095. Total loss: 1887.998
2023-05-06 18:08:45,397 INFO Step: 2800. Epoch: 4/50. Iteration: 212/863. Cls loss: 412.265. Reg loss: 2.552. Seg loss: 0.844. Total loss: 415.661
2023-05-06 18:09:37,156 INFO Step: 2900. Epoch: 4/50. Iteration: 312/863. Cls loss: 795.710. Reg loss: 2.193. Seg loss: 1.173. Total loss: 799.075
2023-05-06 18:10:30,231 INFO Saved checkpoint to: logs/2023_0506_1738_14_bdd10k_extra_munit_3_buses/checkpoints/hybridnets-d3_3_3000.pth
2023-05-06 18:10:30,728 INFO Step: 3000. Epoch: 4/50. Iteration: 412/863. Cls loss: 601.197. Reg loss: 2.594. Seg loss: 0.916. Total loss: 604.706
2023-05-06 18:11:22,165 INFO Step: 3100. Epoch: 4/50. Iteration: 512/863. Cls loss: 614.009. Reg loss: 2.885. Seg loss: 1.180. Total loss: 618.074
2023-05-06 18:12:15,731 INFO Step: 3200. Epoch: 4/50. Iteration: 612/863. Cls loss: 621.922. Reg loss: 2.124. Seg loss: 1.012. Total loss: 625.059
2023-05-06 18:13:12,519 INFO Step: 3300. Epoch: 4/50. Iteration: 712/863. Cls loss: 615.122. Reg loss: 2.681. Seg loss: 1.185. Total loss: 618.989
2023-05-06 18:14:11,761 INFO Step: 3400. Epoch: 4/50. Iteration: 812/863. Cls loss: 592.475. Reg loss: 2.765. Seg loss: 1.146. Total loss: 596.387
2023-05-06 18:14:38,559 INFO Validating...
2023-05-06 18:16:11,929 INFO Val. Epoch: 4/50. Classification loss: 937.50718. Regression loss: 2.52679. Segmentation loss: 0.87027. Total loss: 940.90424
2023-05-06 18:16:12,116 INFO Epoch 5/50
2023-05-06 18:16:40,621 INFO Saved checkpoint to: logs/2023_0506_1738_14_bdd10k_extra_munit_3_buses/checkpoints/hybridnets-d3_4_3500.pth
2023-05-06 18:16:42,422 INFO Step: 3500. Epoch: 5/50. Iteration: 49/863. Cls loss: 896.987. Reg loss: 2.527. Seg loss: 0.740. Total loss: 900.253
2023-05-06 18:17:33,623 INFO Step: 3600. Epoch: 5/50. Iteration: 149/863. Cls loss: 853.171. Reg loss: 2.670. Seg loss: 0.676. Total loss: 856.517
2023-05-06 18:18:26,338 INFO Step: 3700. Epoch: 5/50. Iteration: 249/863. Cls loss: 612.830. Reg loss: 2.504. Seg loss: 1.348. Total loss: 616.682
2023-05-06 18:19:17,479 INFO Step: 3800. Epoch: 5/50. Iteration: 349/863. Cls loss: 698.036. Reg loss: 1.860. Seg loss: 0.773. Total loss: 700.668
2023-05-06 18:20:10,105 INFO Step: 3900. Epoch: 5/50. Iteration: 449/863. Cls loss: 695.998. Reg loss: 2.426. Seg loss: 0.927. Total loss: 699.351
2023-05-06 18:21:01,360 INFO Saved checkpoint to: logs/2023_0506_1738_14_bdd10k_extra_munit_3_buses/checkpoints/hybridnets-d3_4_4000.pth
2023-05-06 18:21:01,672 INFO Step: 4000. Epoch: 5/50. Iteration: 549/863. Cls loss: 717.281. Reg loss: 2.484. Seg loss: 0.739. Total loss: 720.504
2023-05-06 18:21:55,560 INFO Step: 4100. Epoch: 5/50. Iteration: 649/863. Cls loss: 688.333. Reg loss: 2.459. Seg loss: 1.064. Total loss: 691.856
2023-05-06 18:22:52,781 INFO Step: 4200. Epoch: 5/50. Iteration: 749/863. Cls loss: 437.285. Reg loss: 3.039. Seg loss: 1.065. Total loss: 441.388
2023-05-06 18:23:50,213 INFO Step: 4300. Epoch: 5/50. Iteration: 849/863. Cls loss: 466.819. Reg loss: 3.147. Seg loss: 0.928. Total loss: 470.894
2023-05-06 18:23:56,459 INFO Validating...
2023-05-06 18:25:29,548 INFO Val. Epoch: 5/50. Classification loss: 884.81317. Regression loss: 2.52178. Segmentation loss: 0.77488. Total loss: 888.10983
2023-05-06 18:25:29,683 INFO Epoch 6/50
2023-05-06 18:26:17,901 INFO Step: 4400. Epoch: 6/50. Iteration: 86/863. Cls loss: 993.608. Reg loss: 2.022. Seg loss: 1.131. Total loss: 996.761
2023-05-06 18:27:10,664 INFO Saved checkpoint to: logs/2023_0506_1738_14_bdd10k_extra_munit_3_buses/checkpoints/hybridnets-d3_5_4500.pth
2023-05-06 18:27:10,977 INFO Step: 4500. Epoch: 6/50. Iteration: 186/863. Cls loss: 707.708. Reg loss: 2.323. Seg loss: 0.766. Total loss: 710.798
2023-05-06 18:28:02,048 INFO Step: 4600. Epoch: 6/50. Iteration: 286/863. Cls loss: 2578.998. Reg loss: 2.463. Seg loss: 0.826. Total loss: 2582.287
2023-05-06 18:28:55,156 INFO Step: 4700. Epoch: 6/50. Iteration: 386/863. Cls loss: 663.897. Reg loss: 2.449. Seg loss: 0.667. Total loss: 667.013
2023-05-06 18:29:46,330 INFO Step: 4800. Epoch: 6/50. Iteration: 486/863. Cls loss: 1828.238. Reg loss: 2.470. Seg loss: 0.714. Total loss: 1831.423
2023-05-06 18:30:39,259 INFO Step: 4900. Epoch: 6/50. Iteration: 586/863. Cls loss: 639.028. Reg loss: 2.323. Seg loss: 0.830. Total loss: 642.181
2023-05-06 18:31:33,777 INFO Saved checkpoint to: logs/2023_0506_1738_14_bdd10k_extra_munit_3_buses/checkpoints/hybridnets-d3_5_5000.pth
2023-05-06 18:31:34,083 INFO Step: 5000. Epoch: 6/50. Iteration: 686/863. Cls loss: 700.191. Reg loss: 2.814. Seg loss: 1.051. Total loss: 704.056
2023-05-06 18:32:32,376 INFO Step: 5100. Epoch: 6/50. Iteration: 786/863. Cls loss: 488.685. Reg loss: 2.478. Seg loss: 0.801. Total loss: 491.964
2023-05-06 18:33:14,473 INFO Validating...
2023-05-06 18:34:47,533 INFO Val. Epoch: 6/50. Classification loss: 835.76797. Regression loss: 2.51550. Segmentation loss: 0.69195. Total loss: 838.97543
2023-05-06 18:34:47,719 INFO Epoch 7/50
2023-05-06 18:35:03,349 INFO Step: 5200. Epoch: 7/50. Iteration: 23/863. Cls loss: 772.747. Reg loss: 1.653. Seg loss: 0.801. Total loss: 775.201
2023-05-06 18:35:57,238 INFO Step: 5300. Epoch: 7/50. Iteration: 123/863. Cls loss: 1540.058. Reg loss: 2.453. Seg loss: 0.606. Total loss: 1543.117
2023-05-06 18:36:49,468 INFO Step: 5400. Epoch: 7/50. Iteration: 223/863. Cls loss: 654.626. Reg loss: 2.127. Seg loss: 0.636. Total loss: 657.389
2023-05-06 18:37:43,049 INFO Saved checkpoint to: logs/2023_0506_1738_14_bdd10k_extra_munit_3_buses/checkpoints/hybridnets-d3_6_5500.pth
2023-05-06 18:37:43,359 INFO Step: 5500. Epoch: 7/50. Iteration: 323/863. Cls loss: 1543.571. Reg loss: 2.895. Seg loss: 0.867. Total loss: 1547.333
2023-05-06 18:38:35,293 INFO Step: 5600. Epoch: 7/50. Iteration: 423/863. Cls loss: 1738.495. Reg loss: 2.311. Seg loss: 0.582. Total loss: 1741.388
2023-05-06 18:39:29,270 INFO Step: 5700. Epoch: 7/50. Iteration: 523/863. Cls loss: 1595.473. Reg loss: 2.417. Seg loss: 0.496. Total loss: 1598.386
2023-05-06 18:40:21,139 INFO Step: 5800. Epoch: 7/50. Iteration: 623/863. Cls loss: 628.681. Reg loss: 2.498. Seg loss: 0.838. Total loss: 632.017
2023-05-06 18:41:20,363 INFO Step: 5900. Epoch: 7/50. Iteration: 723/863. Cls loss: 451.850. Reg loss: 2.721. Seg loss: 1.201. Total loss: 455.772
2023-05-06 18:42:18,523 INFO Saved checkpoint to: logs/2023_0506_1738_14_bdd10k_extra_munit_3_buses/checkpoints/hybridnets-d3_6_6000.pth
2023-05-06 18:42:18,827 INFO Step: 6000. Epoch: 7/50. Iteration: 823/863. Cls loss: 1456.192. Reg loss: 2.729. Seg loss: 0.652. Total loss: 1459.572
2023-05-06 18:42:39,794 INFO Validating...
2023-05-06 18:44:13,781 INFO Val. Epoch: 7/50. Classification loss: 789.46370. Regression loss: 2.50890. Segmentation loss: 0.61903. Total loss: 792.59163
2023-05-06 18:44:13,914 INFO Epoch 8/50
2023-05-06 18:44:49,511 INFO Step: 6100. Epoch: 8/50. Iteration: 60/863. Cls loss: 1342.248. Reg loss: 2.547. Seg loss: 0.733. Total loss: 1345.528
2023-05-06 18:45:41,602 INFO Step: 6200. Epoch: 8/50. Iteration: 160/863. Cls loss: 1256.572. Reg loss: 2.362. Seg loss: 0.367. Total loss: 1259.301
2023-05-06 18:46:35,472 INFO Step: 6300. Epoch: 8/50. Iteration: 260/863. Cls loss: 455.513. Reg loss: 2.752. Seg loss: 0.493. Total loss: 458.759
2023-05-06 18:47:27,413 INFO Step: 6400. Epoch: 8/50. Iteration: 360/863. Cls loss: 1533.844. Reg loss: 2.897. Seg loss: 0.535. Total loss: 1537.276
2023-05-06 18:48:21,135 INFO Saved checkpoint to: logs/2023_0506_1738_14_bdd10k_extra_munit_3_buses/checkpoints/hybridnets-d3_7_6500.pth
2023-05-06 18:48:21,452 INFO Step: 6500. Epoch: 8/50. Iteration: 460/863. Cls loss: 631.506. Reg loss: 2.319. Seg loss: 0.648. Total loss: 634.474
2023-05-06 18:49:13,256 INFO Step: 6600. Epoch: 8/50. Iteration: 560/863. Cls loss: 842.570. Reg loss: 2.377. Seg loss: 0.747. Total loss: 845.694
2023-05-06 18:50:09,420 INFO Step: 6700. Epoch: 8/50. Iteration: 660/863. Cls loss: 718.512. Reg loss: 2.345. Seg loss: 0.617. Total loss: 721.474
2023-05-06 18:51:06,975 INFO Step: 6800. Epoch: 8/50. Iteration: 760/863. Cls loss: 400.530. Reg loss: 2.345. Seg loss: 0.583. Total loss: 403.457
2023-05-06 18:52:05,160 INFO Step: 6900. Epoch: 8/50. Iteration: 860/863. Cls loss: 556.057. Reg loss: 2.099. Seg loss: 0.773. Total loss: 558.930
2023-05-06 18:52:06,128 INFO Validating...
2023-05-06 18:53:39,337 INFO Val. Epoch: 8/50. Classification loss: 746.24939. Regression loss: 2.50529. Segmentation loss: 0.56675. Total loss: 749.32144
2023-05-06 18:53:39,546 INFO Epoch 9/50
2023-05-06 18:54:33,658 INFO Saved checkpoint to: logs/2023_0506_1738_14_bdd10k_extra_munit_3_buses/checkpoints/hybridnets-d3_8_7000.pth
2023-05-06 18:54:35,520 INFO Step: 7000. Epoch: 9/50. Iteration: 97/863. Cls loss: 588.006. Reg loss: 2.720. Seg loss: 0.481. Total loss: 591.207
2023-05-06 18:55:27,148 INFO Step: 7100. Epoch: 9/50. Iteration: 197/863. Cls loss: 944.708. Reg loss: 2.707. Seg loss: 0.761. Total loss: 948.176
2023-05-06 18:56:20,540 INFO Step: 7200. Epoch: 9/50. Iteration: 297/863. Cls loss: 1328.712. Reg loss: 2.054. Seg loss: 0.476. Total loss: 1331.241
2023-05-06 18:57:12,483 INFO Step: 7300. Epoch: 9/50. Iteration: 397/863. Cls loss: 1243.028. Reg loss: 2.352. Seg loss: 0.584. Total loss: 1245.964
2023-05-06 18:58:05,771 INFO Step: 7400. Epoch: 9/50. Iteration: 497/863. Cls loss: 687.658. Reg loss: 2.180. Seg loss: 0.493. Total loss: 690.331
2023-05-06 18:58:57,061 INFO Saved checkpoint to: logs/2023_0506_1738_14_bdd10k_extra_munit_3_buses/checkpoints/hybridnets-d3_8_7500.pth
2023-05-06 18:58:57,376 INFO Step: 7500. Epoch: 9/50. Iteration: 597/863. Cls loss: 1087.117. Reg loss: 2.468. Seg loss: 0.527. Total loss: 1090.112
2023-05-06 18:59:54,363 INFO Step: 7600. Epoch: 9/50. Iteration: 697/863. Cls loss: 1275.717. Reg loss: 2.655. Seg loss: 0.533. Total loss: 1278.905
2023-05-06 19:00:53,206 INFO Step: 7700. Epoch: 9/50. Iteration: 797/863. Cls loss: 617.093. Reg loss: 2.186. Seg loss: 0.801. Total loss: 620.080
2023-05-06 19:01:34,852 INFO Validating...
2023-05-06 19:03:08,702 INFO Val. Epoch: 9/50. Classification loss: 706.44322. Regression loss: 2.50517. Segmentation loss: 0.51844. Total loss: 709.46683
2023-05-06 19:03:08,881 INFO Epoch 10/50
2023-05-06 19:03:31,505 INFO Step: 7800. Epoch: 10/50. Iteration: 34/863. Cls loss: 1447.809. Reg loss: 2.132. Seg loss: 0.791. Total loss: 1450.732
2023-05-06 19:04:23,176 INFO Step: 7900. Epoch: 10/50. Iteration: 134/863. Cls loss: 1129.732. Reg loss: 2.241. Seg loss: 0.554. Total loss: 1132.527
2023-05-06 19:05:16,811 INFO Saved checkpoint to: logs/2023_0506_1738_14_bdd10k_extra_munit_3_buses/checkpoints/hybridnets-d3_9_8000.pth
2023-05-06 19:05:17,125 INFO Step: 8000. Epoch: 10/50. Iteration: 234/863. Cls loss: 467.738. Reg loss: 2.227. Seg loss: 0.366. Total loss: 470.331
2023-05-06 19:06:10,385 INFO Step: 8100. Epoch: 10/50. Iteration: 334/863. Cls loss: 388.786. Reg loss: 2.572. Seg loss: 0.718. Total loss: 392.075
2023-05-06 19:07:05,753 INFO Step: 8200. Epoch: 10/50. Iteration: 434/863. Cls loss: 1217.942. Reg loss: 1.585. Seg loss: 0.503. Total loss: 1220.030
2023-05-06 19:07:59,541 INFO Step: 8300. Epoch: 10/50. Iteration: 534/863. Cls loss: 710.238. Reg loss: 1.909. Seg loss: 0.604. Total loss: 712.750
2023-05-06 19:08:55,287 INFO Step: 8400. Epoch: 10/50. Iteration: 634/863. Cls loss: 1395.029. Reg loss: 2.133. Seg loss: 0.433. Total loss: 1397.595
2023-05-06 19:09:54,322 INFO Saved checkpoint to: logs/2023_0506_1738_14_bdd10k_extra_munit_3_buses/checkpoints/hybridnets-d3_9_8500.pth
2023-05-06 19:09:54,629 INFO Step: 8500. Epoch: 10/50. Iteration: 734/863. Cls loss: 641.602. Reg loss: 1.962. Seg loss: 0.675. Total loss: 644.240
2023-05-06 19:10:55,650 INFO Step: 8600. Epoch: 10/50. Iteration: 834/863. Cls loss: 560.522. Reg loss: 3.806. Seg loss: 0.368. Total loss: 564.696
2023-05-06 19:11:10,678 INFO Validating...
2023-05-06 19:12:47,194 INFO Val. Epoch: 10/50. Classification loss: 673.08184. Regression loss: 2.50268. Segmentation loss: 0.47685. Total loss: 676.06138
2023-05-06 19:12:47,376 INFO Epoch 11/50
2023-05-06 19:13:29,467 INFO Step: 8700. Epoch: 11/50. Iteration: 71/863. Cls loss: 419.879. Reg loss: 2.629. Seg loss: 0.434. Total loss: 422.942
2023-05-06 19:14:24,685 INFO Step: 8800. Epoch: 11/50. Iteration: 171/863. Cls loss: 455.304. Reg loss: 2.892. Seg loss: 0.486. Total loss: 458.682
2023-05-06 19:15:18,321 INFO Step: 8900. Epoch: 11/50. Iteration: 271/863. Cls loss: 439.654. Reg loss: 2.788. Seg loss: 0.409. Total loss: 442.850
2023-05-06 19:16:12,926 INFO Saved checkpoint to: logs/2023_0506_1738_14_bdd10k_extra_munit_3_buses/checkpoints/hybridnets-d3_10_9000.pth
2023-05-06 19:16:13,242 INFO Step: 9000. Epoch: 11/50. Iteration: 371/863. Cls loss: 508.681. Reg loss: 2.313. Seg loss: 0.593. Total loss: 511.587
2023-05-06 19:17:05,936 INFO Step: 9100. Epoch: 11/50. Iteration: 471/863. Cls loss: 478.103. Reg loss: 2.400. Seg loss: 0.368. Total loss: 480.871
2023-05-06 19:18:00,776 INFO Step: 9200. Epoch: 11/50. Iteration: 571/863. Cls loss: 557.859. Reg loss: 2.108. Seg loss: 0.388. Total loss: 560.355
2023-05-06 19:18:55,399 INFO Step: 9300. Epoch: 11/50. Iteration: 671/863. Cls loss: 754.946. Reg loss: 3.148. Seg loss: 0.402. Total loss: 758.496
2023-05-06 19:19:56,295 INFO Step: 9400. Epoch: 11/50. Iteration: 771/863. Cls loss: 805.086. Reg loss: 2.255. Seg loss: 0.619. Total loss: 807.960
2023-05-06 19:20:48,274 INFO Validating...
2023-05-06 19:22:24,764 INFO Val. Epoch: 11/50. Classification loss: 637.63248. Regression loss: 2.49289. Segmentation loss: 0.44326. Total loss: 640.56863
2023-05-06 19:22:24,930 INFO Epoch 12/50
2023-05-06 19:22:32,415 INFO Saved checkpoint to: logs/2023_0506_1738_14_bdd10k_extra_munit_3_buses/checkpoints/hybridnets-d3_11_9500.pth
2023-05-06 19:22:32,729 INFO Step: 9500. Epoch: 12/50. Iteration: 8/863. Cls loss: 693.705. Reg loss: 1.744. Seg loss: 0.414. Total loss: 695.863
2023-05-06 19:23:28,068 INFO Step: 9600. Epoch: 12/50. Iteration: 108/863. Cls loss: 583.691. Reg loss: 2.616. Seg loss: 0.514. Total loss: 586.821
2023-05-06 19:24:21,613 INFO Step: 9700. Epoch: 12/50. Iteration: 208/863. Cls loss: 367.421. Reg loss: 2.179. Seg loss: 0.579. Total loss: 370.179
2023-05-06 19:25:16,855 INFO Step: 9800. Epoch: 12/50. Iteration: 308/863. Cls loss: 468.669. Reg loss: 2.145. Seg loss: 0.313. Total loss: 471.127
2023-05-06 19:26:10,325 INFO Step: 9900. Epoch: 12/50. Iteration: 408/863. Cls loss: 637.144. Reg loss: 2.573. Seg loss: 0.479. Total loss: 640.196
2023-05-06 19:27:05,598 INFO Saved checkpoint to: logs/2023_0506_1738_14_bdd10k_extra_munit_3_buses/checkpoints/hybridnets-d3_11_10000.pth
2023-05-06 19:27:05,906 INFO Step: 10000. Epoch: 12/50. Iteration: 508/863. Cls loss: 628.548. Reg loss: 2.384. Seg loss: 0.544. Total loss: 631.477
2023-05-06 19:27:59,272 INFO Step: 10100. Epoch: 12/50. Iteration: 608/863. Cls loss: 693.359. Reg loss: 2.345. Seg loss: 0.461. Total loss: 696.164
2023-05-06 19:28:59,501 INFO Step: 10200. Epoch: 12/50. Iteration: 708/863. Cls loss: 385.395. Reg loss: 2.731. Seg loss: 0.491. Total loss: 388.617
2023-05-06 19:29:57,523 INFO Step: 10300. Epoch: 12/50. Iteration: 808/863. Cls loss: 392.063. Reg loss: 2.740. Seg loss: 0.358. Total loss: 395.161
2023-05-06 19:30:28,278 INFO Validating...
2023-05-06 19:32:02,311 INFO Val. Epoch: 12/50. Classification loss: 606.28681. Regression loss: 2.49247. Segmentation loss: 0.41598. Total loss: 609.19526
2023-05-06 19:32:02,505 INFO Epoch 13/50
2023-05-06 19:32:30,023 INFO Step: 10400. Epoch: 13/50. Iteration: 45/863. Cls loss: 885.721. Reg loss: 2.409. Seg loss: 0.406. Total loss: 888.537
2023-05-06 19:33:21,883 INFO Saved checkpoint to: logs/2023_0506_1738_14_bdd10k_extra_munit_3_buses/checkpoints/hybridnets-d3_12_10500.pth
2023-05-06 19:33:23,832 INFO Step: 10500. Epoch: 13/50. Iteration: 145/863. Cls loss: 537.437. Reg loss: 1.812. Seg loss: 0.376. Total loss: 539.625
2023-05-06 19:34:15,874 INFO Step: 10600. Epoch: 13/50. Iteration: 245/863. Cls loss: 270.826. Reg loss: 3.692. Seg loss: 0.343. Total loss: 274.861
2023-05-06 19:35:09,437 INFO Step: 10700. Epoch: 13/50. Iteration: 345/863. Cls loss: 522.112. Reg loss: 1.650. Seg loss: 0.376. Total loss: 524.138
2023-05-06 19:36:01,388 INFO Step: 10800. Epoch: 13/50. Iteration: 445/863. Cls loss: 402.449. Reg loss: 2.199. Seg loss: 0.329. Total loss: 404.976
2023-05-06 19:36:55,140 INFO Step: 10900. Epoch: 13/50. Iteration: 545/863. Cls loss: 477.422. Reg loss: 2.130. Seg loss: 0.381. Total loss: 479.933
2023-05-06 19:37:47,982 INFO Saved checkpoint to: logs/2023_0506_1738_14_bdd10k_extra_munit_3_buses/checkpoints/hybridnets-d3_12_11000.pth
2023-05-06 19:37:48,357 INFO Step: 11000. Epoch: 13/50. Iteration: 645/863. Cls loss: 435.663. Reg loss: 2.513. Seg loss: 0.385. Total loss: 438.561
2023-05-06 19:38:47,124 INFO Step: 11100. Epoch: 13/50. Iteration: 745/863. Cls loss: 352.870. Reg loss: 2.470. Seg loss: 0.314. Total loss: 355.654
2023-05-06 19:39:45,390 INFO Step: 11200. Epoch: 13/50. Iteration: 845/863. Cls loss: 487.024. Reg loss: 2.880. Seg loss: 0.406. Total loss: 490.310
2023-05-06 19:39:53,846 INFO Validating...
2023-05-06 19:41:27,540 INFO Val. Epoch: 13/50. Classification loss: 573.27191. Regression loss: 2.49056. Segmentation loss: 0.39643. Total loss: 576.15891
2023-05-06 19:41:27,718 INFO Epoch 14/50
2023-05-06 19:42:15,510 INFO Step: 11300. Epoch: 14/50. Iteration: 82/863. Cls loss: 1398.902. Reg loss: 2.062. Seg loss: 0.466. Total loss: 1401.430
2023-05-06 19:43:07,441 INFO Step: 11400. Epoch: 14/50. Iteration: 182/863. Cls loss: 454.862. Reg loss: 2.268. Seg loss: 0.485. Total loss: 457.615
2023-05-06 19:44:00,906 INFO Saved checkpoint to: logs/2023_0506_1738_14_bdd10k_extra_munit_3_buses/checkpoints/hybridnets-d3_13_11500.pth
2023-05-06 19:44:01,219 INFO Step: 11500. Epoch: 14/50. Iteration: 282/863. Cls loss: 629.221. Reg loss: 2.313. Seg loss: 0.365. Total loss: 631.899
2023-05-06 19:44:52,904 INFO Step: 11600. Epoch: 14/50. Iteration: 382/863. Cls loss: 1053.245. Reg loss: 2.470. Seg loss: 0.344. Total loss: 1056.059
2023-05-06 19:45:46,687 INFO Step: 11700. Epoch: 14/50. Iteration: 482/863. Cls loss: 437.923. Reg loss: 2.089. Seg loss: 0.361. Total loss: 440.373
2023-05-06 19:46:38,853 INFO Step: 11800. Epoch: 14/50. Iteration: 582/863. Cls loss: 625.789. Reg loss: 2.347. Seg loss: 0.305. Total loss: 628.441
2023-05-06 19:47:35,849 INFO Step: 11900. Epoch: 14/50. Iteration: 682/863. Cls loss: 526.447. Reg loss: 1.783. Seg loss: 0.579. Total loss: 528.809
2023-05-06 19:48:33,291 INFO Saved checkpoint to: logs/2023_0506_1738_14_bdd10k_extra_munit_3_buses/checkpoints/hybridnets-d3_13_12000.pth
2023-05-06 19:48:33,602 INFO Step: 12000. Epoch: 14/50. Iteration: 782/863. Cls loss: 338.594. Reg loss: 3.098. Seg loss: 0.344. Total loss: 342.037
2023-05-06 19:49:19,227 INFO Validating...
2023-05-06 19:50:53,740 INFO Val. Epoch: 14/50. Classification loss: 542.52849. Regression loss: 2.48148. Segmentation loss: 0.37747. Total loss: 545.38744
2023-05-06 19:50:53,929 INFO Epoch 15/50
2023-05-06 19:51:08,578 INFO Step: 12100. Epoch: 15/50. Iteration: 19/863. Cls loss: 484.431. Reg loss: 2.161. Seg loss: 0.368. Total loss: 486.960
2023-05-06 19:52:01,914 INFO Step: 12200. Epoch: 15/50. Iteration: 119/863. Cls loss: 596.881. Reg loss: 3.009. Seg loss: 0.300. Total loss: 600.190
2023-05-06 19:52:57,133 INFO Step: 12300. Epoch: 15/50. Iteration: 219/863. Cls loss: 661.919. Reg loss: 2.198. Seg loss: 0.311. Total loss: 664.428
2023-05-06 19:53:50,612 INFO Step: 12400. Epoch: 15/50. Iteration: 319/863. Cls loss: 400.094. Reg loss: 2.341. Seg loss: 0.288. Total loss: 402.723
2023-05-06 19:54:46,016 INFO Saved checkpoint to: logs/2023_0506_1738_14_bdd10k_extra_munit_3_buses/checkpoints/hybridnets-d3_14_12500.pth
2023-05-06 19:54:46,327 INFO Step: 12500. Epoch: 15/50. Iteration: 419/863. Cls loss: 586.501. Reg loss: 2.182. Seg loss: 0.356. Total loss: 589.039
2023-05-06 19:55:39,271 INFO Step: 12600. Epoch: 15/50. Iteration: 519/863. Cls loss: 433.267. Reg loss: 2.778. Seg loss: 0.345. Total loss: 436.390
2023-05-06 19:56:34,645 INFO Step: 12700. Epoch: 15/50. Iteration: 619/863. Cls loss: 684.141. Reg loss: 2.557. Seg loss: 0.442. Total loss: 687.140
2023-05-06 19:57:33,667 INFO Step: 12800. Epoch: 15/50. Iteration: 719/863. Cls loss: 362.725. Reg loss: 2.892. Seg loss: 0.331. Total loss: 365.948
2023-05-06 19:58:34,599 INFO Step: 12900. Epoch: 15/50. Iteration: 819/863. Cls loss: 336.178. Reg loss: 2.765. Seg loss: 0.357. Total loss: 339.299
2023-05-06 19:58:58,913 INFO Validating...
2023-05-06 20:00:34,647 INFO Val. Epoch: 15/50. Classification loss: 518.10690. Regression loss: 2.47747. Segmentation loss: 0.35844. Total loss: 520.94281
2023-05-06 20:00:34,784 INFO Epoch 16/50
2023-05-06 20:01:08,306 INFO Saved checkpoint to: logs/2023_0506_1738_14_bdd10k_extra_munit_3_buses/checkpoints/hybridnets-d3_15_13000.pth
2023-05-06 20:01:08,617 INFO Step: 13000. Epoch: 16/50. Iteration: 56/863. Cls loss: 458.619. Reg loss: 2.223. Seg loss: 0.431. Total loss: 461.274
2023-05-06 20:02:02,315 INFO Step: 13100. Epoch: 16/50. Iteration: 156/863. Cls loss: 1019.780. Reg loss: 2.068. Seg loss: 0.265. Total loss: 1022.113
2023-05-06 20:02:54,228 INFO Step: 13200. Epoch: 16/50. Iteration: 256/863. Cls loss: 338.512. Reg loss: 3.152. Seg loss: 0.377. Total loss: 342.041
2023-05-06 20:03:47,664 INFO Step: 13300. Epoch: 16/50. Iteration: 356/863. Cls loss: 334.941. Reg loss: 2.035. Seg loss: 0.356. Total loss: 337.332
2023-05-06 20:04:39,772 INFO Step: 13400. Epoch: 16/50. Iteration: 456/863. Cls loss: 914.708. Reg loss: 1.473. Seg loss: 0.224. Total loss: 916.406
2023-05-06 20:05:33,449 INFO Saved checkpoint to: logs/2023_0506_1738_14_bdd10k_extra_munit_3_buses/checkpoints/hybridnets-d3_15_13500.pth
2023-05-06 20:05:33,765 INFO Step: 13500. Epoch: 16/50. Iteration: 556/863. Cls loss: 429.877. Reg loss: 2.800. Seg loss: 0.341. Total loss: 433.018
2023-05-06 20:06:27,770 INFO Step: 13600. Epoch: 16/50. Iteration: 656/863. Cls loss: 338.353. Reg loss: 3.104. Seg loss: 0.373. Total loss: 341.829
2023-05-06 20:07:26,833 INFO Step: 13700. Epoch: 16/50. Iteration: 756/863. Cls loss: 357.837. Reg loss: 2.792. Seg loss: 0.390. Total loss: 361.020
2023-05-06 20:08:23,748 INFO Step: 13800. Epoch: 16/50. Iteration: 856/863. Cls loss: 265.755. Reg loss: 3.281. Seg loss: 0.326. Total loss: 269.363
2023-05-06 20:08:27,363 INFO Validating...
2023-05-06 20:10:00,878 INFO Val. Epoch: 16/50. Classification loss: 492.54296. Regression loss: 2.47444. Segmentation loss: 0.34480. Total loss: 495.36220
2023-05-06 20:10:01,053 INFO Epoch 17/50
2023-05-06 20:10:54,024 INFO Step: 13900. Epoch: 17/50. Iteration: 93/863. Cls loss: 428.508. Reg loss: 2.568. Seg loss: 0.287. Total loss: 431.364
2023-05-06 20:11:46,069 INFO Saved checkpoint to: logs/2023_0506_1738_14_bdd10k_extra_munit_3_buses/checkpoints/hybridnets-d3_16_14000.pth
2023-05-06 20:11:47,929 INFO Step: 14000. Epoch: 17/50. Iteration: 193/863. Cls loss: 357.592. Reg loss: 2.468. Seg loss: 0.401. Total loss: 360.461
2023-05-06 20:12:39,700 INFO Step: 14100. Epoch: 17/50. Iteration: 293/863. Cls loss: 302.178. Reg loss: 2.006. Seg loss: 0.243. Total loss: 304.427
2023-05-06 20:13:33,278 INFO Step: 14200. Epoch: 17/50. Iteration: 393/863. Cls loss: 437.277. Reg loss: 2.272. Seg loss: 0.522. Total loss: 440.071
2023-05-06 20:14:25,125 INFO Step: 14300. Epoch: 17/50. Iteration: 493/863. Cls loss: 475.815. Reg loss: 2.264. Seg loss: 0.304. Total loss: 478.383
2023-05-06 20:15:18,636 INFO Step: 14400. Epoch: 17/50. Iteration: 593/863. Cls loss: 715.437. Reg loss: 2.475. Seg loss: 0.329. Total loss: 718.241
2023-05-06 20:16:14,385 INFO Saved checkpoint to: logs/2023_0506_1738_14_bdd10k_extra_munit_3_buses/checkpoints/hybridnets-d3_16_14500.pth
2023-05-06 20:16:14,694 INFO Step: 14500. Epoch: 17/50. Iteration: 693/863. Cls loss: 318.826. Reg loss: 2.771. Seg loss: 0.382. Total loss: 321.979
2023-05-06 20:17:13,242 INFO Step: 14600. Epoch: 17/50. Iteration: 793/863. Cls loss: 364.889. Reg loss: 2.572. Seg loss: 0.367. Total loss: 367.827
2023-05-06 20:17:52,380 INFO Validating...
2023-05-06 20:19:26,330 INFO Val. Epoch: 17/50. Classification loss: 465.64080. Regression loss: 2.47399. Segmentation loss: 0.33552. Total loss: 468.45031
2023-05-06 20:19:26,521 INFO Epoch 18/50
2023-05-06 20:19:46,068 INFO Step: 14700. Epoch: 18/50. Iteration: 30/863. Cls loss: 560.139. Reg loss: 2.502. Seg loss: 0.306. Total loss: 562.947
2023-05-06 20:20:39,308 INFO Step: 14800. Epoch: 18/50. Iteration: 130/863. Cls loss: 463.316. Reg loss: 2.559. Seg loss: 0.489. Total loss: 466.364
2023-05-06 20:21:31,224 INFO Step: 14900. Epoch: 18/50. Iteration: 230/863. Cls loss: 347.875. Reg loss: 2.589. Seg loss: 0.272. Total loss: 350.736
2023-05-06 20:22:24,535 INFO Saved checkpoint to: logs/2023_0506_1738_14_bdd10k_extra_munit_3_buses/checkpoints/hybridnets-d3_17_15000.pth
2023-05-06 20:22:24,948 INFO Step: 15000. Epoch: 18/50. Iteration: 330/863. Cls loss: 555.788. Reg loss: 2.351. Seg loss: 0.310. Total loss: 558.450
2023-05-06 20:23:17,275 INFO Step: 15100. Epoch: 18/50. Iteration: 430/863. Cls loss: 470.160. Reg loss: 2.083. Seg loss: 0.349. Total loss: 472.591
2023-05-06 20:24:10,529 INFO Step: 15200. Epoch: 18/50. Iteration: 530/863. Cls loss: 527.627. Reg loss: 2.507. Seg loss: 0.305. Total loss: 530.439
2023-05-06 20:25:03,246 INFO Step: 15300. Epoch: 18/50. Iteration: 630/863. Cls loss: 306.491. Reg loss: 2.954. Seg loss: 0.366. Total loss: 309.811
2023-05-06 20:26:01,801 INFO Step: 15400. Epoch: 18/50. Iteration: 730/863. Cls loss: 276.957. Reg loss: 2.236. Seg loss: 0.294. Total loss: 279.487
2023-05-06 20:26:59,847 INFO Saved checkpoint to: logs/2023_0506_1738_14_bdd10k_extra_munit_3_buses/checkpoints/hybridnets-d3_17_15500.pth
2023-05-06 20:27:00,179 INFO Step: 15500. Epoch: 18/50. Iteration: 830/863. Cls loss: 254.264. Reg loss: 2.838. Seg loss: 0.239. Total loss: 257.340
2023-05-06 20:27:17,013 INFO Validating...
2023-05-06 20:28:50,672 INFO Val. Epoch: 18/50. Classification loss: 443.13769. Regression loss: 2.47177. Segmentation loss: 0.32758. Total loss: 445.93705
2023-05-06 20:28:50,863 INFO Epoch 19/50
2023-05-06 20:29:30,434 INFO Step: 15600. Epoch: 19/50. Iteration: 67/863. Cls loss: 418.459. Reg loss: 2.390. Seg loss: 0.316. Total loss: 421.165
2023-05-06 20:30:22,282 INFO Step: 15700. Epoch: 19/50. Iteration: 167/863. Cls loss: 497.404. Reg loss: 1.863. Seg loss: 0.323. Total loss: 499.589
2023-05-06 20:31:15,454 INFO Step: 15800. Epoch: 19/50. Iteration: 267/863. Cls loss: 462.716. Reg loss: 2.644. Seg loss: 0.472. Total loss: 465.832
2023-05-06 20:32:07,375 INFO Step: 15900. Epoch: 19/50. Iteration: 367/863. Cls loss: 328.854. Reg loss: 2.319. Seg loss: 0.254. Total loss: 331.426
2023-05-06 20:33:00,084 INFO Saved checkpoint to: logs/2023_0506_1738_14_bdd10k_extra_munit_3_buses/checkpoints/hybridnets-d3_18_16000.pth
2023-05-06 20:33:00,398 INFO Step: 16000. Epoch: 19/50. Iteration: 467/863. Cls loss: 444.905. Reg loss: 2.317. Seg loss: 0.222. Total loss: 447.444
2023-05-06 20:33:52,687 INFO Step: 16100. Epoch: 19/50. Iteration: 567/863. Cls loss: 543.145. Reg loss: 1.763. Seg loss: 0.232. Total loss: 545.140
2023-05-06 20:34:47,939 INFO Step: 16200. Epoch: 19/50. Iteration: 667/863. Cls loss: 410.445. Reg loss: 2.615. Seg loss: 0.358. Total loss: 413.418
2023-05-06 20:35:46,092 INFO Step: 16300. Epoch: 19/50. Iteration: 767/863. Cls loss: 316.447. Reg loss: 2.210. Seg loss: 0.375. Total loss: 319.033
2023-05-06 20:36:39,726 INFO Validating...
2023-05-06 20:38:13,024 INFO Val. Epoch: 19/50. Classification loss: 421.41165. Regression loss: 2.46876. Segmentation loss: 0.31614. Total loss: 424.19655
2023-05-06 20:38:13,164 INFO Epoch 20/50
2023-05-06 20:38:19,420 INFO Step: 16400. Epoch: 20/50. Iteration: 4/863. Cls loss: 332.909. Reg loss: 2.017. Seg loss: 0.295. Total loss: 335.221
2023-05-06 20:39:10,603 INFO Saved checkpoint to: logs/2023_0506_1738_14_bdd10k_extra_munit_3_buses/checkpoints/hybridnets-d3_19_16500.pth
2023-05-06 20:39:10,909 INFO Step: 16500. Epoch: 20/50. Iteration: 104/863. Cls loss: 489.659. Reg loss: 2.369. Seg loss: 0.276. Total loss: 492.304
2023-05-06 20:40:04,156 INFO Step: 16600. Epoch: 20/50. Iteration: 204/863. Cls loss: 811.708. Reg loss: 2.287. Seg loss: 0.410. Total loss: 814.404
2023-05-06 20:40:55,954 INFO Step: 16700. Epoch: 20/50. Iteration: 304/863. Cls loss: 492.005. Reg loss: 2.836. Seg loss: 0.294. Total loss: 495.135
2023-05-06 20:41:49,675 INFO Step: 16800. Epoch: 20/50. Iteration: 404/863. Cls loss: 311.398. Reg loss: 2.071. Seg loss: 0.278. Total loss: 313.747
2023-05-06 20:42:41,949 INFO Step: 16900. Epoch: 20/50. Iteration: 504/863. Cls loss: 324.663. Reg loss: 2.424. Seg loss: 0.357. Total loss: 327.444
2023-05-06 20:43:35,281 INFO Saved checkpoint to: logs/2023_0506_1738_14_bdd10k_extra_munit_3_buses/checkpoints/hybridnets-d3_19_17000.pth
2023-05-06 20:43:35,595 INFO Step: 17000. Epoch: 20/50. Iteration: 604/863. Cls loss: 339.129. Reg loss: 2.696. Seg loss: 0.259. Total loss: 342.083
2023-05-06 20:44:32,035 INFO Step: 17100. Epoch: 20/50. Iteration: 704/863. Cls loss: 392.278. Reg loss: 2.731. Seg loss: 0.300. Total loss: 395.309
2023-05-06 20:45:31,167 INFO Step: 17200. Epoch: 20/50. Iteration: 804/863. Cls loss: 365.936. Reg loss: 2.541. Seg loss: 0.303. Total loss: 368.779
2023-05-06 20:46:03,717 INFO Validating...
2023-05-06 20:47:37,457 INFO Val. Epoch: 20/50. Classification loss: 403.41102. Regression loss: 2.46944. Segmentation loss: 0.30624. Total loss: 406.18671
2023-05-06 20:47:37,634 INFO Epoch 21/50
2023-05-06 20:48:04,120 INFO Step: 17300. Epoch: 21/50. Iteration: 41/863. Cls loss: 980.067. Reg loss: 1.533. Seg loss: 0.315. Total loss: 981.915
2023-05-06 20:48:56,053 INFO Step: 17400. Epoch: 21/50. Iteration: 141/863. Cls loss: 347.291. Reg loss: 3.005. Seg loss: 0.273. Total loss: 350.569
2023-05-06 20:49:47,790 INFO Saved checkpoint to: logs/2023_0506_1738_14_bdd10k_extra_munit_3_buses/checkpoints/hybridnets-d3_20_17500.pth
2023-05-06 20:49:49,635 INFO Step: 17500. Epoch: 21/50. Iteration: 241/863. Cls loss: 347.065. Reg loss: 1.923. Seg loss: 0.229. Total loss: 349.217
2023-05-06 20:50:41,673 INFO Step: 17600. Epoch: 21/50. Iteration: 341/863. Cls loss: 308.399. Reg loss: 2.706. Seg loss: 0.324. Total loss: 311.429
2023-05-06 20:51:35,377 INFO Step: 17700. Epoch: 21/50. Iteration: 441/863. Cls loss: 576.947. Reg loss: 2.298. Seg loss: 0.222. Total loss: 579.466
2023-05-06 20:52:27,426 INFO Step: 17800. Epoch: 21/50. Iteration: 541/863. Cls loss: 264.991. Reg loss: 2.733. Seg loss: 0.219. Total loss: 267.942
2023-05-06 20:53:21,709 INFO Step: 17900. Epoch: 21/50. Iteration: 641/863. Cls loss: 295.987. Reg loss: 2.776. Seg loss: 0.255. Total loss: 299.018
2023-05-06 20:54:18,658 INFO Saved checkpoint to: logs/2023_0506_1738_14_bdd10k_extra_munit_3_buses/checkpoints/hybridnets-d3_20_18000.pth
2023-05-06 20:54:18,963 INFO Step: 18000. Epoch: 21/50. Iteration: 741/863. Cls loss: 257.513. Reg loss: 2.325. Seg loss: 0.460. Total loss: 260.299
2023-05-06 20:55:17,443 INFO Step: 18100. Epoch: 21/50. Iteration: 841/863. Cls loss: 303.947. Reg loss: 2.496. Seg loss: 0.280. Total loss: 306.723
2023-05-06 20:55:28,258 INFO Validating...
2023-05-06 20:57:01,517 INFO Val. Epoch: 21/50. Classification loss: 383.20615. Regression loss: 2.46339. Segmentation loss: 0.29971. Total loss: 385.96925
2023-05-06 20:57:01,712 INFO Epoch 22/50
2023-05-06 20:57:46,065 INFO Step: 18200. Epoch: 22/50. Iteration: 78/863. Cls loss: 404.202. Reg loss: 1.854. Seg loss: 0.334. Total loss: 406.390
2023-05-06 20:58:39,343 INFO Step: 18300. Epoch: 22/50. Iteration: 178/863. Cls loss: 365.353. Reg loss: 3.063. Seg loss: 0.260. Total loss: 368.676
2023-05-06 20:59:31,047 INFO Step: 18400. Epoch: 22/50. Iteration: 278/863. Cls loss: 701.885. Reg loss: 2.169. Seg loss: 0.473. Total loss: 704.527
2023-05-06 21:00:24,088 INFO Saved checkpoint to: logs/2023_0506_1738_14_bdd10k_extra_munit_3_buses/checkpoints/hybridnets-d3_21_18500.pth
2023-05-06 21:00:24,404 INFO Step: 18500. Epoch: 22/50. Iteration: 378/863. Cls loss: 392.027. Reg loss: 2.511. Seg loss: 0.356. Total loss: 394.895
2023-05-06 21:01:15,813 INFO Step: 18600. Epoch: 22/50. Iteration: 478/863. Cls loss: 856.540. Reg loss: 2.308. Seg loss: 0.299. Total loss: 859.146
2023-05-06 21:02:09,332 INFO Step: 18700. Epoch: 22/50. Iteration: 578/863. Cls loss: 355.801. Reg loss: 2.192. Seg loss: 0.263. Total loss: 358.256
2023-05-06 21:03:04,026 INFO Step: 18800. Epoch: 22/50. Iteration: 678/863. Cls loss: 267.150. Reg loss: 2.653. Seg loss: 0.331. Total loss: 270.134
2023-05-06 21:04:03,164 INFO Step: 18900. Epoch: 22/50. Iteration: 778/863. Cls loss: 309.518. Reg loss: 2.598. Seg loss: 0.303. Total loss: 312.420
2023-05-06 21:04:50,316 INFO Validating...
2023-05-06 21:06:23,260 INFO Val. Epoch: 22/50. Classification loss: 366.56193. Regression loss: 2.45935. Segmentation loss: 0.28938. Total loss: 369.31065
2023-05-06 21:06:23,437 INFO Epoch 23/50
2023-05-06 21:06:34,621 INFO Saved checkpoint to: logs/2023_0506_1738_14_bdd10k_extra_munit_3_buses/checkpoints/hybridnets-d3_22_19000.pth
2023-05-06 21:06:34,935 INFO Step: 19000. Epoch: 23/50. Iteration: 15/863. Cls loss: 312.465. Reg loss: 2.262. Seg loss: 0.261. Total loss: 314.988
2023-05-06 21:07:28,002 INFO Step: 19100. Epoch: 23/50. Iteration: 115/863. Cls loss: 295.187. Reg loss: 1.963. Seg loss: 0.231. Total loss: 297.380
2023-05-06 21:08:19,930 INFO Step: 19200. Epoch: 23/50. Iteration: 215/863. Cls loss: 483.737. Reg loss: 2.147. Seg loss: 0.300. Total loss: 486.184
2023-05-06 21:09:13,207 INFO Step: 19300. Epoch: 23/50. Iteration: 315/863. Cls loss: 520.139. Reg loss: 1.920. Seg loss: 0.260. Total loss: 522.320
2023-05-06 21:10:05,043 INFO Step: 19400. Epoch: 23/50. Iteration: 415/863. Cls loss: 240.968. Reg loss: 2.764. Seg loss: 0.327. Total loss: 244.059
2023-05-06 21:10:58,341 INFO Saved checkpoint to: logs/2023_0506_1738_14_bdd10k_extra_munit_3_buses/checkpoints/hybridnets-d3_22_19500.pth
2023-05-06 21:10:58,652 INFO Step: 19500. Epoch: 23/50. Iteration: 515/863. Cls loss: 212.118. Reg loss: 3.013. Seg loss: 0.192. Total loss: 215.323
2023-05-06 21:11:50,072 INFO Step: 19600. Epoch: 23/50. Iteration: 615/863. Cls loss: 264.018. Reg loss: 2.700. Seg loss: 0.302. Total loss: 267.019
2023-05-06 21:12:48,408 INFO Step: 19700. Epoch: 23/50. Iteration: 715/863. Cls loss: 266.441. Reg loss: 2.454. Seg loss: 0.336. Total loss: 269.231
2023-05-06 21:13:45,069 INFO Step: 19800. Epoch: 23/50. Iteration: 815/863. Cls loss: 267.585. Reg loss: 2.932. Seg loss: 0.259. Total loss: 270.776
2023-05-06 21:14:12,296 INFO Validating...
2023-05-06 21:15:45,654 INFO Val. Epoch: 23/50. Classification loss: 346.59033. Regression loss: 2.45320. Segmentation loss: 0.28414. Total loss: 349.32766
2023-05-06 21:15:45,966 INFO Epoch 24/50
2023-05-06 21:16:17,431 INFO Step: 19900. Epoch: 24/50. Iteration: 52/863. Cls loss: 360.219. Reg loss: 2.698. Seg loss: 0.274. Total loss: 363.191
2023-05-06 21:17:09,157 INFO Saved checkpoint to: logs/2023_0506_1738_14_bdd10k_extra_munit_3_buses/checkpoints/hybridnets-d3_23_20000.pth
2023-05-06 21:17:09,461 INFO Step: 20000. Epoch: 24/50. Iteration: 152/863. Cls loss: 609.202. Reg loss: 2.308. Seg loss: 0.375. Total loss: 611.885
2023-05-06 21:18:02,721 INFO Step: 20100. Epoch: 24/50. Iteration: 252/863. Cls loss: 228.867. Reg loss: 2.116. Seg loss: 0.252. Total loss: 231.235
2023-05-06 21:18:54,268 INFO Step: 20200. Epoch: 24/50. Iteration: 352/863. Cls loss: 384.735. Reg loss: 2.331. Seg loss: 0.238. Total loss: 387.305
2023-05-06 21:19:47,733 INFO Step: 20300. Epoch: 24/50. Iteration: 452/863. Cls loss: 406.261. Reg loss: 1.951. Seg loss: 0.322. Total loss: 408.533
2023-05-06 21:20:39,676 INFO Step: 20400. Epoch: 24/50. Iteration: 552/863. Cls loss: 218.196. Reg loss: 2.524. Seg loss: 0.374. Total loss: 221.094
2023-05-06 21:21:34,267 INFO Saved checkpoint to: logs/2023_0506_1738_14_bdd10k_extra_munit_3_buses/checkpoints/hybridnets-d3_23_20500.pth
2023-05-06 21:21:34,584 INFO Step: 20500. Epoch: 24/50. Iteration: 652/863. Cls loss: 299.893. Reg loss: 2.559. Seg loss: 0.268. Total loss: 302.720
2023-05-06 21:22:31,549 INFO Step: 20600. Epoch: 24/50. Iteration: 752/863. Cls loss: 243.861. Reg loss: 2.264. Seg loss: 0.332. Total loss: 246.457
2023-05-06 21:23:30,508 INFO Step: 20700. Epoch: 24/50. Iteration: 852/863. Cls loss: 276.321. Reg loss: 2.378. Seg loss: 0.338. Total loss: 279.038
2023-05-06 21:23:35,360 INFO Validating...
2023-05-06 21:25:08,723 INFO Val. Epoch: 24/50. Classification loss: 331.46373. Regression loss: 2.45207. Segmentation loss: 0.27514. Total loss: 334.19093
2023-05-06 21:25:08,862 INFO Epoch 25/50
2023-05-06 21:26:00,713 INFO Step: 20800. Epoch: 25/50. Iteration: 89/863. Cls loss: 291.503. Reg loss: 2.744. Seg loss: 0.216. Total loss: 294.462
2023-05-06 21:26:52,534 INFO Step: 20900. Epoch: 25/50. Iteration: 189/863. Cls loss: 294.914. Reg loss: 2.060. Seg loss: 0.213. Total loss: 297.187
2023-05-06 21:27:44,033 INFO Saved checkpoint to: logs/2023_0506_1738_14_bdd10k_extra_munit_3_buses/checkpoints/hybridnets-d3_24_21000.pth
2023-05-06 21:27:45,991 INFO Step: 21000. Epoch: 25/50. Iteration: 289/863. Cls loss: 431.058. Reg loss: 2.354. Seg loss: 0.249. Total loss: 433.661
2023-05-06 21:28:37,628 INFO Step: 21100. Epoch: 25/50. Iteration: 389/863. Cls loss: 539.529. Reg loss: 2.439. Seg loss: 0.258. Total loss: 542.226
2023-05-06 21:29:30,937 INFO Step: 21200. Epoch: 25/50. Iteration: 489/863. Cls loss: 326.754. Reg loss: 3.080. Seg loss: 0.298. Total loss: 330.132
2023-05-06 21:30:22,474 INFO Step: 21300. Epoch: 25/50. Iteration: 589/863. Cls loss: 306.297. Reg loss: 2.369. Seg loss: 0.207. Total loss: 308.873
2023-05-06 21:31:19,173 INFO Step: 21400. Epoch: 25/50. Iteration: 689/863. Cls loss: 195.117. Reg loss: 2.702. Seg loss: 0.246. Total loss: 198.066
2023-05-06 21:32:16,097 INFO Saved checkpoint to: logs/2023_0506_1738_14_bdd10k_extra_munit_3_buses/checkpoints/hybridnets-d3_24_21500.pth
2023-05-06 21:32:16,412 INFO Step: 21500. Epoch: 25/50. Iteration: 789/863. Cls loss: 360.775. Reg loss: 3.231. Seg loss: 0.293. Total loss: 364.298
2023-05-06 21:32:57,949 INFO Validating...
2023-05-06 21:34:31,215 INFO Val. Epoch: 25/50. Classification loss: 316.67394. Regression loss: 2.44995. Segmentation loss: 0.26889. Total loss: 319.39278
2023-05-06 21:34:31,401 INFO Epoch 26/50
2023-05-06 21:34:49,636 INFO Step: 21600. Epoch: 26/50. Iteration: 26/863. Cls loss: 260.156. Reg loss: 2.739. Seg loss: 0.286. Total loss: 263.182
2023-05-06 21:35:41,142 INFO Step: 21700. Epoch: 26/50. Iteration: 126/863. Cls loss: 396.610. Reg loss: 1.950. Seg loss: 0.262. Total loss: 398.822
2023-05-06 21:36:35,301 INFO Step: 21800. Epoch: 26/50. Iteration: 226/863. Cls loss: 291.466. Reg loss: 2.588. Seg loss: 0.186. Total loss: 294.240
2023-05-06 21:37:27,438 INFO Step: 21900. Epoch: 26/50. Iteration: 326/863. Cls loss: 254.473. Reg loss: 2.365. Seg loss: 0.256. Total loss: 257.094
2023-05-06 21:38:20,895 INFO Saved checkpoint to: logs/2023_0506_1738_14_bdd10k_extra_munit_3_buses/checkpoints/hybridnets-d3_25_22000.pth
2023-05-06 21:38:21,196 INFO Step: 22000. Epoch: 26/50. Iteration: 426/863. Cls loss: 249.764. Reg loss: 2.251. Seg loss: 0.266. Total loss: 252.282
2023-05-06 21:39:12,656 INFO Step: 22100. Epoch: 26/50. Iteration: 526/863. Cls loss: 206.909. Reg loss: 2.148. Seg loss: 0.263. Total loss: 209.320
2023-05-06 21:40:06,238 INFO Step: 22200. Epoch: 26/50. Iteration: 626/863. Cls loss: 216.520. Reg loss: 2.921. Seg loss: 0.283. Total loss: 219.724
2023-05-06 21:41:03,680 INFO Step: 22300. Epoch: 26/50. Iteration: 726/863. Cls loss: 250.085. Reg loss: 2.329. Seg loss: 0.304. Total loss: 252.718
2023-05-06 21:42:02,566 INFO Step: 22400. Epoch: 26/50. Iteration: 826/863. Cls loss: 240.968. Reg loss: 2.415. Seg loss: 0.256. Total loss: 243.638
2023-05-06 21:42:22,009 INFO Validating...
2023-05-06 21:43:55,591 INFO Val. Epoch: 26/50. Classification loss: 303.24113. Regression loss: 2.44417. Segmentation loss: 0.26076. Total loss: 305.94607
2023-05-06 21:43:55,774 INFO Epoch 27/50
2023-05-06 21:44:32,458 INFO Saved checkpoint to: logs/2023_0506_1738_14_bdd10k_extra_munit_3_buses/checkpoints/hybridnets-d3_26_22500.pth
2023-05-06 21:44:32,769 INFO Step: 22500. Epoch: 27/50. Iteration: 63/863. Cls loss: 290.583. Reg loss: 2.125. Seg loss: 0.270. Total loss: 292.978
2023-05-06 21:45:26,525 INFO Step: 22600. Epoch: 27/50. Iteration: 163/863. Cls loss: 332.211. Reg loss: 2.592. Seg loss: 0.249. Total loss: 335.052
2023-05-06 21:46:18,630 INFO Step: 22700. Epoch: 27/50. Iteration: 263/863. Cls loss: 291.899. Reg loss: 2.468. Seg loss: 0.294. Total loss: 294.661
2023-05-06 21:47:12,276 INFO Step: 22800. Epoch: 27/50. Iteration: 363/863. Cls loss: 225.550. Reg loss: 2.144. Seg loss: 0.222. Total loss: 227.917
2023-05-06 21:48:04,149 INFO Step: 22900. Epoch: 27/50. Iteration: 463/863. Cls loss: 316.350. Reg loss: 2.301. Seg loss: 0.236. Total loss: 318.887
2023-05-06 21:48:57,693 INFO Saved checkpoint to: logs/2023_0506_1738_14_bdd10k_extra_munit_3_buses/checkpoints/hybridnets-d3_26_23000.pth
2023-05-06 21:48:58,005 INFO Step: 23000. Epoch: 27/50. Iteration: 563/863. Cls loss: 208.123. Reg loss: 2.313. Seg loss: 0.222. Total loss: 210.658
2023-05-06 21:49:51,821 INFO Step: 23100. Epoch: 27/50. Iteration: 663/863. Cls loss: 193.864. Reg loss: 2.767. Seg loss: 0.251. Total loss: 196.882
2023-05-06 21:50:51,133 INFO Step: 23200. Epoch: 27/50. Iteration: 763/863. Cls loss: 234.385. Reg loss: 3.039. Seg loss: 0.342. Total loss: 237.767
2023-05-06 21:51:46,701 INFO Step: 23300. Epoch: 27/50. Iteration: 863/863. Cls loss: 194.423. Reg loss: 2.341. Seg loss: 0.328. Total loss: 197.092
2023-05-06 21:51:46,703 INFO Validating...
2023-05-06 21:53:20,316 INFO Val. Epoch: 27/50. Classification loss: 288.00759. Regression loss: 2.44213. Segmentation loss: 0.25474. Total loss: 290.70446
2023-05-06 21:53:20,495 INFO Epoch 28/50
2023-05-06 21:54:17,485 INFO Step: 23400. Epoch: 28/50. Iteration: 100/863. Cls loss: 248.787. Reg loss: 2.661. Seg loss: 0.262. Total loss: 251.711
2023-05-06 21:55:09,169 INFO Saved checkpoint to: logs/2023_0506_1738_14_bdd10k_extra_munit_3_buses/checkpoints/hybridnets-d3_27_23500.pth
2023-05-06 21:55:09,480 INFO Step: 23500. Epoch: 28/50. Iteration: 200/863. Cls loss: 262.056. Reg loss: 1.972. Seg loss: 0.245. Total loss: 264.273
2023-05-06 21:56:03,106 INFO Step: 23600. Epoch: 28/50. Iteration: 300/863. Cls loss: 234.983. Reg loss: 2.567. Seg loss: 0.334. Total loss: 237.883
2023-05-06 21:56:55,187 INFO Step: 23700. Epoch: 28/50. Iteration: 400/863. Cls loss: 256.103. Reg loss: 2.006. Seg loss: 0.234. Total loss: 258.343
2023-05-06 21:57:49,147 INFO Step: 23800. Epoch: 28/50. Iteration: 500/863. Cls loss: 309.178. Reg loss: 1.773. Seg loss: 0.248. Total loss: 311.199
2023-05-06 21:58:41,069 INFO Step: 23900. Epoch: 28/50. Iteration: 600/863. Cls loss: 252.855. Reg loss: 2.245. Seg loss: 0.232. Total loss: 255.332
2023-05-06 21:59:38,664 INFO Saved checkpoint to: logs/2023_0506_1738_14_bdd10k_extra_munit_3_buses/checkpoints/hybridnets-d3_27_24000.pth
2023-05-06 21:59:38,973 INFO Step: 24000. Epoch: 28/50. Iteration: 700/863. Cls loss: 285.742. Reg loss: 2.302. Seg loss: 0.307. Total loss: 288.352
2023-05-06 22:00:35,871 INFO Step: 24100. Epoch: 28/50. Iteration: 800/863. Cls loss: 250.850. Reg loss: 2.432. Seg loss: 0.210. Total loss: 253.493
2023-05-06 22:01:11,498 INFO Validating...
2023-05-06 22:02:45,037 INFO Val. Epoch: 28/50. Classification loss: 273.19132. Regression loss: 2.43948. Segmentation loss: 0.24851. Total loss: 275.87931
2023-05-06 22:02:45,228 INFO Epoch 29/50
2023-05-06 22:03:08,669 INFO Step: 24200. Epoch: 29/50. Iteration: 37/863. Cls loss: 244.572. Reg loss: 2.249. Seg loss: 0.282. Total loss: 247.104
2023-05-06 22:04:02,341 INFO Step: 24300. Epoch: 29/50. Iteration: 137/863. Cls loss: 291.072. Reg loss: 1.705. Seg loss: 0.227. Total loss: 293.003
2023-05-06 22:04:54,372 INFO Step: 24400. Epoch: 29/50. Iteration: 237/863. Cls loss: 350.987. Reg loss: 2.147. Seg loss: 0.276. Total loss: 353.410
2023-05-06 22:05:46,303 INFO Saved checkpoint to: logs/2023_0506_1738_14_bdd10k_extra_munit_3_buses/checkpoints/hybridnets-d3_28_24500.pth
2023-05-06 22:05:48,080 INFO Step: 24500. Epoch: 29/50. Iteration: 337/863. Cls loss: 687.217. Reg loss: 2.033. Seg loss: 0.286. Total loss: 689.536
2023-05-06 22:06:40,046 INFO Step: 24600. Epoch: 29/50. Iteration: 437/863. Cls loss: 376.566. Reg loss: 2.592. Seg loss: 0.224. Total loss: 379.383
2023-05-06 22:07:33,885 INFO Step: 24700. Epoch: 29/50. Iteration: 537/863. Cls loss: 404.345. Reg loss: 1.898. Seg loss: 0.213. Total loss: 406.456
2023-05-06 22:08:26,525 INFO Step: 24800. Epoch: 29/50. Iteration: 637/863. Cls loss: 214.541. Reg loss: 3.130. Seg loss: 0.291. Total loss: 217.962
2023-05-06 22:09:25,745 INFO Step: 24900. Epoch: 29/50. Iteration: 737/863. Cls loss: 214.134. Reg loss: 2.889. Seg loss: 0.360. Total loss: 217.383
2023-05-06 22:10:22,980 INFO Saved checkpoint to: logs/2023_0506_1738_14_bdd10k_extra_munit_3_buses/checkpoints/hybridnets-d3_28_25000.pth
2023-05-06 22:10:23,322 INFO Step: 25000. Epoch: 29/50. Iteration: 837/863. Cls loss: 242.283. Reg loss: 2.994. Seg loss: 0.385. Total loss: 245.662
2023-05-06 22:10:37,087 INFO Validating...
2023-05-06 22:12:10,615 INFO Val. Epoch: 29/50. Classification loss: 261.79388. Regression loss: 2.43494. Segmentation loss: 0.24148. Total loss: 264.47031
2023-05-06 22:12:10,797 INFO Epoch 30/50
2023-05-06 22:12:54,525 INFO Step: 25100. Epoch: 30/50. Iteration: 74/863. Cls loss: 226.827. Reg loss: 2.434. Seg loss: 0.212. Total loss: 229.472
2023-05-06 22:13:46,559 INFO Step: 25200. Epoch: 30/50. Iteration: 174/863. Cls loss: 491.488. Reg loss: 2.313. Seg loss: 0.317. Total loss: 494.118
2023-05-06 22:14:40,259 INFO Step: 25300. Epoch: 30/50. Iteration: 274/863. Cls loss: 377.451. Reg loss: 2.553. Seg loss: 0.276. Total loss: 380.281
2023-05-06 22:15:32,073 INFO Step: 25400. Epoch: 30/50. Iteration: 374/863. Cls loss: 371.425. Reg loss: 2.410. Seg loss: 0.278. Total loss: 374.113
2023-05-06 22:16:25,958 INFO Saved checkpoint to: logs/2023_0506_1738_14_bdd10k_extra_munit_3_buses/checkpoints/hybridnets-d3_29_25500.pth
2023-05-06 22:16:26,271 INFO Step: 25500. Epoch: 30/50. Iteration: 474/863. Cls loss: 432.403. Reg loss: 2.639. Seg loss: 0.236. Total loss: 435.278
2023-05-06 22:17:18,315 INFO Step: 25600. Epoch: 30/50. Iteration: 574/863. Cls loss: 272.537. Reg loss: 2.108. Seg loss: 0.211. Total loss: 274.856
2023-05-06 22:18:14,429 INFO Step: 25700. Epoch: 30/50. Iteration: 674/863. Cls loss: 202.263. Reg loss: 3.124. Seg loss: 0.254. Total loss: 205.641
2023-05-06 22:19:12,806 INFO Step: 25800. Epoch: 30/50. Iteration: 774/863. Cls loss: 249.503. Reg loss: 2.271. Seg loss: 0.274. Total loss: 252.048
2023-05-06 22:20:03,278 INFO Validating...
2023-05-06 22:21:37,429 INFO Val. Epoch: 30/50. Classification loss: 247.58807. Regression loss: 2.43315. Segmentation loss: 0.23576. Total loss: 250.25699
2023-05-06 22:21:37,620 INFO Epoch 31/50
2023-05-06 22:21:47,800 INFO Step: 25900. Epoch: 31/50. Iteration: 11/863. Cls loss: 336.375. Reg loss: 2.073. Seg loss: 0.241. Total loss: 338.688
2023-05-06 22:22:39,431 INFO Saved checkpoint to: logs/2023_0506_1738_14_bdd10k_extra_munit_3_buses/checkpoints/hybridnets-d3_30_26000.pth
2023-05-06 22:22:39,742 INFO Step: 26000. Epoch: 31/50. Iteration: 111/863. Cls loss: 218.778. Reg loss: 2.328. Seg loss: 0.405. Total loss: 221.511
2023-05-06 22:23:33,381 INFO Step: 26100. Epoch: 31/50. Iteration: 211/863. Cls loss: 407.712. Reg loss: 2.049. Seg loss: 0.261. Total loss: 410.022
2023-05-06 22:24:25,454 INFO Step: 26200. Epoch: 31/50. Iteration: 311/863. Cls loss: 169.756. Reg loss: 2.423. Seg loss: 0.295. Total loss: 172.475
2023-05-06 22:25:19,367 INFO Step: 26300. Epoch: 31/50. Iteration: 411/863. Cls loss: 299.068. Reg loss: 2.314. Seg loss: 0.239. Total loss: 301.621
2023-05-06 22:26:11,807 INFO Step: 26400. Epoch: 31/50. Iteration: 511/863. Cls loss: 194.235. Reg loss: 2.380. Seg loss: 0.256. Total loss: 196.871
2023-05-06 22:27:05,332 INFO Saved checkpoint to: logs/2023_0506_1738_14_bdd10k_extra_munit_3_buses/checkpoints/hybridnets-d3_30_26500.pth
2023-05-06 22:27:05,654 INFO Step: 26500. Epoch: 31/50. Iteration: 611/863. Cls loss: 275.702. Reg loss: 2.092. Seg loss: 0.214. Total loss: 278.007
