2023-04-30 23:17:04,357 INFO Loading train dataset
2023-04-30 23:17:04,641 INFO Avaliable images: 70000
2023-04-30 23:17:04,641 INFO Running on 10000 images
2023-04-30 23:17:04,648 INFO building database...
2023-04-30 23:17:06,537 INFO database build finish
2023-04-30 23:17:06,537 INFO Not using MUNIT output
2023-04-30 23:17:06,537 INFO Loading validation dataset
2023-04-30 23:17:06,555 INFO Avaliable images: 10000
2023-04-30 23:17:06,555 INFO Running on 10000 images
2023-04-30 23:17:06,555 INFO building database...
2023-04-30 23:17:08,551 INFO database build finish
2023-04-30 23:17:08,551 INFO Not using MUNIT output
2023-04-30 23:17:10,935 INFO [Info] Successfully!!!
2023-04-30 23:17:10,995 INFO Epoch 1/50
2023-04-30 23:18:18,705 INFO Step: 100. Epoch: 1/50. Iteration: 101/625. Cls loss: 0.215. Reg loss: 2.216. Seg loss: 1.797. Total loss: 4.228
2023-04-30 23:19:14,734 INFO Step: 200. Epoch: 1/50. Iteration: 201/625. Cls loss: 0.221. Reg loss: 2.483. Seg loss: 1.641. Total loss: 4.344
2023-04-30 23:20:10,352 INFO Step: 300. Epoch: 1/50. Iteration: 301/625. Cls loss: 0.265. Reg loss: 2.962. Seg loss: 1.272. Total loss: 4.499
2023-04-30 23:21:06,784 INFO Step: 400. Epoch: 1/50. Iteration: 401/625. Cls loss: 0.232. Reg loss: 3.246. Seg loss: 1.475. Total loss: 4.953
2023-04-30 23:22:01,744 INFO Saved checkpoint to: ./logs/onlybdd10k_FT_v0_bs_16_repeat/2023_0430_2317_04/checkpoints/hybridnets-d3_0_500.pth
2023-04-30 23:22:02,055 INFO Step: 500. Epoch: 1/50. Iteration: 501/625. Cls loss: 0.203. Reg loss: 2.250. Seg loss: 1.540. Total loss: 3.993
2023-04-30 23:22:58,047 INFO Step: 600. Epoch: 1/50. Iteration: 601/625. Cls loss: 0.249. Reg loss: 2.420. Seg loss: 1.699. Total loss: 4.368
2023-04-30 23:28:03,738 INFO Epoch 2/50
2023-04-30 23:28:49,851 INFO Step: 700. Epoch: 2/50. Iteration: 76/625. Cls loss: 0.213. Reg loss: 2.639. Seg loss: 0.949. Total loss: 3.801
2023-04-30 23:29:44,708 INFO Step: 800. Epoch: 2/50. Iteration: 176/625. Cls loss: 0.203. Reg loss: 2.157. Seg loss: 1.655. Total loss: 4.015
2023-04-30 23:30:41,638 INFO Step: 900. Epoch: 2/50. Iteration: 276/625. Cls loss: 0.215. Reg loss: 2.506. Seg loss: 1.110. Total loss: 3.832
2023-04-30 23:31:35,334 INFO Saved checkpoint to: ./logs/onlybdd10k_FT_v0_bs_16_repeat/2023_0430_2317_04/checkpoints/hybridnets-d3_1_1000.pth
2023-04-30 23:31:35,665 INFO Step: 1000. Epoch: 2/50. Iteration: 376/625. Cls loss: 0.231. Reg loss: 2.335. Seg loss: 1.211. Total loss: 3.777
2023-04-30 23:32:31,234 INFO Step: 1100. Epoch: 2/50. Iteration: 476/625. Cls loss: 0.217. Reg loss: 2.426. Seg loss: 1.286. Total loss: 3.929
2023-04-30 23:33:24,067 INFO Step: 1200. Epoch: 2/50. Iteration: 576/625. Cls loss: 0.227. Reg loss: 3.147. Seg loss: 1.117. Total loss: 4.490
2023-04-30 23:38:34,490 INFO Epoch 3/50
2023-04-30 23:39:07,003 INFO Step: 1300. Epoch: 3/50. Iteration: 51/625. Cls loss: 0.238. Reg loss: 2.628. Seg loss: 1.130. Total loss: 3.996
2023-04-30 23:40:00,610 INFO Step: 1400. Epoch: 3/50. Iteration: 151/625. Cls loss: 0.220. Reg loss: 2.595. Seg loss: 0.786. Total loss: 3.602
2023-04-30 23:40:55,567 INFO Saved checkpoint to: ./logs/onlybdd10k_FT_v0_bs_16_repeat/2023_0430_2317_04/checkpoints/hybridnets-d3_2_1500.pth
2023-04-30 23:40:55,884 INFO Step: 1500. Epoch: 3/50. Iteration: 251/625. Cls loss: 0.206. Reg loss: 2.544. Seg loss: 1.136. Total loss: 3.886
2023-04-30 23:41:49,132 INFO Step: 1600. Epoch: 3/50. Iteration: 351/625. Cls loss: 0.198. Reg loss: 2.361. Seg loss: 1.070. Total loss: 3.629
2023-04-30 23:42:43,567 INFO Step: 1700. Epoch: 3/50. Iteration: 451/625. Cls loss: 0.193. Reg loss: 2.459. Seg loss: 1.041. Total loss: 3.693
2023-04-30 23:43:37,970 INFO Step: 1800. Epoch: 3/50. Iteration: 551/625. Cls loss: 0.198. Reg loss: 2.228. Seg loss: 0.879. Total loss: 3.305
2023-04-30 23:49:00,241 INFO Epoch 4/50
2023-04-30 23:49:18,824 INFO Step: 1900. Epoch: 4/50. Iteration: 26/625. Cls loss: 0.235. Reg loss: 2.636. Seg loss: 1.050. Total loss: 3.922
2023-04-30 23:50:14,982 INFO Saved checkpoint to: ./logs/onlybdd10k_FT_v0_bs_16_repeat/2023_0430_2317_04/checkpoints/hybridnets-d3_3_2000.pth
2023-04-30 23:50:15,289 INFO Step: 2000. Epoch: 4/50. Iteration: 126/625. Cls loss: 0.235. Reg loss: 2.774. Seg loss: 0.696. Total loss: 3.704
2023-04-30 23:51:11,490 INFO Step: 2100. Epoch: 4/50. Iteration: 226/625. Cls loss: 0.196. Reg loss: 2.168. Seg loss: 0.740. Total loss: 3.104
2023-04-30 23:52:08,335 INFO Step: 2200. Epoch: 4/50. Iteration: 326/625. Cls loss: 0.210. Reg loss: 2.169. Seg loss: 0.566. Total loss: 2.946
2023-04-30 23:53:03,431 INFO Step: 2300. Epoch: 4/50. Iteration: 426/625. Cls loss: 0.189. Reg loss: 1.862. Seg loss: 0.597. Total loss: 2.648
2023-04-30 23:54:00,602 INFO Step: 2400. Epoch: 4/50. Iteration: 526/625. Cls loss: 0.200. Reg loss: 2.052. Seg loss: 0.601. Total loss: 2.852
2023-04-30 23:54:53,561 INFO Saved checkpoint to: ./logs/onlybdd10k_FT_v0_bs_16_repeat/2023_0430_2317_04/checkpoints/hybridnets-d3_3_2500.pth
2023-04-30 23:59:47,309 INFO Epoch 5/50
2023-04-30 23:59:52,784 INFO Step: 2500. Epoch: 5/50. Iteration: 1/625. Cls loss: 0.190. Reg loss: 2.348. Seg loss: 0.598. Total loss: 3.136
2023-05-01 00:00:47,936 INFO Step: 2600. Epoch: 5/50. Iteration: 101/625. Cls loss: 0.187. Reg loss: 1.870. Seg loss: 0.597. Total loss: 2.654
2023-05-01 00:01:44,732 INFO Step: 2700. Epoch: 5/50. Iteration: 201/625. Cls loss: 0.220. Reg loss: 2.114. Seg loss: 0.657. Total loss: 2.992
2023-05-01 00:02:41,879 INFO Step: 2800. Epoch: 5/50. Iteration: 301/625. Cls loss: 0.219. Reg loss: 2.387. Seg loss: 0.473. Total loss: 3.079
2023-05-01 00:03:38,105 INFO Step: 2900. Epoch: 5/50. Iteration: 401/625. Cls loss: 0.204. Reg loss: 3.028. Seg loss: 0.683. Total loss: 3.914
2023-05-01 00:04:35,444 INFO Saved checkpoint to: ./logs/onlybdd10k_FT_v0_bs_16_repeat/2023_0430_2317_04/checkpoints/hybridnets-d3_4_3000.pth
2023-05-01 00:04:35,778 INFO Step: 3000. Epoch: 5/50. Iteration: 501/625. Cls loss: 0.193. Reg loss: 1.779. Seg loss: 0.522. Total loss: 2.494
2023-05-01 00:05:28,254 INFO Step: 3100. Epoch: 5/50. Iteration: 601/625. Cls loss: 0.204. Reg loss: 2.078. Seg loss: 0.800. Total loss: 3.083
2023-05-01 00:10:24,034 INFO Epoch 6/50
2023-05-01 00:11:09,919 INFO Step: 3200. Epoch: 6/50. Iteration: 76/625. Cls loss: 0.208. Reg loss: 2.393. Seg loss: 0.503. Total loss: 3.104
2023-05-01 00:12:06,307 INFO Step: 3300. Epoch: 6/50. Iteration: 176/625. Cls loss: 0.186. Reg loss: 2.022. Seg loss: 0.572. Total loss: 2.780
2023-05-01 00:13:03,355 INFO Step: 3400. Epoch: 6/50. Iteration: 276/625. Cls loss: 0.205. Reg loss: 2.435. Seg loss: 0.595. Total loss: 3.235
2023-05-01 00:13:59,652 INFO Saved checkpoint to: ./logs/onlybdd10k_FT_v0_bs_16_repeat/2023_0430_2317_04/checkpoints/hybridnets-d3_5_3500.pth
2023-05-01 00:13:59,977 INFO Step: 3500. Epoch: 6/50. Iteration: 376/625. Cls loss: 0.204. Reg loss: 2.267. Seg loss: 0.540. Total loss: 3.011
2023-05-01 00:14:57,708 INFO Step: 3600. Epoch: 6/50. Iteration: 476/625. Cls loss: 0.180. Reg loss: 2.059. Seg loss: 0.685. Total loss: 2.924
2023-05-01 00:15:54,294 INFO Step: 3700. Epoch: 6/50. Iteration: 576/625. Cls loss: 0.211. Reg loss: 2.860. Seg loss: 0.596. Total loss: 3.667
2023-05-01 00:21:12,813 INFO Epoch 7/50
2023-05-01 00:21:45,599 INFO Step: 3800. Epoch: 7/50. Iteration: 51/625. Cls loss: 0.223. Reg loss: 2.653. Seg loss: 0.454. Total loss: 3.330
2023-05-01 00:22:41,171 INFO Step: 3900. Epoch: 7/50. Iteration: 151/625. Cls loss: 0.210. Reg loss: 2.600. Seg loss: 0.472. Total loss: 3.281
2023-05-01 00:23:37,296 INFO Saved checkpoint to: ./logs/onlybdd10k_FT_v0_bs_16_repeat/2023_0430_2317_04/checkpoints/hybridnets-d3_6_4000.pth
2023-05-01 00:23:37,586 INFO Step: 4000. Epoch: 7/50. Iteration: 251/625. Cls loss: 0.180. Reg loss: 2.053. Seg loss: 0.445. Total loss: 2.678
2023-05-01 00:24:32,677 INFO Step: 4100. Epoch: 7/50. Iteration: 351/625. Cls loss: 0.202. Reg loss: 2.526. Seg loss: 0.531. Total loss: 3.258
2023-05-01 00:25:28,493 INFO Step: 4200. Epoch: 7/50. Iteration: 451/625. Cls loss: 0.183. Reg loss: 2.920. Seg loss: 0.389. Total loss: 3.493
2023-05-01 00:26:22,534 INFO Step: 4300. Epoch: 7/50. Iteration: 551/625. Cls loss: 0.185. Reg loss: 2.093. Seg loss: 0.469. Total loss: 2.748
2023-05-01 00:31:53,996 INFO Epoch 8/50
2023-05-01 00:32:13,161 INFO Step: 4400. Epoch: 8/50. Iteration: 26/625. Cls loss: 0.232. Reg loss: 2.073. Seg loss: 0.462. Total loss: 2.767
2023-05-01 00:33:08,387 INFO Saved checkpoint to: ./logs/onlybdd10k_FT_v0_bs_16_repeat/2023_0430_2317_04/checkpoints/hybridnets-d3_7_4500.pth
2023-05-01 00:33:08,711 INFO Step: 4500. Epoch: 8/50. Iteration: 126/625. Cls loss: 0.210. Reg loss: 2.619. Seg loss: 0.348. Total loss: 3.176
2023-05-01 00:34:05,309 INFO Step: 4600. Epoch: 8/50. Iteration: 226/625. Cls loss: 0.213. Reg loss: 2.300. Seg loss: 0.356. Total loss: 2.870
2023-05-01 00:35:01,853 INFO Step: 4700. Epoch: 8/50. Iteration: 326/625. Cls loss: 0.201. Reg loss: 2.379. Seg loss: 0.268. Total loss: 2.847
2023-05-01 00:35:57,569 INFO Step: 4800. Epoch: 8/50. Iteration: 426/625. Cls loss: 0.188. Reg loss: 2.152. Seg loss: 0.325. Total loss: 2.664
2023-05-01 00:36:54,586 INFO Step: 4900. Epoch: 8/50. Iteration: 526/625. Cls loss: 0.218. Reg loss: 1.936. Seg loss: 0.316. Total loss: 2.470
2023-05-01 00:37:46,205 INFO Saved checkpoint to: ./logs/onlybdd10k_FT_v0_bs_16_repeat/2023_0430_2317_04/checkpoints/hybridnets-d3_7_5000.pth
2023-05-01 00:42:34,495 INFO Epoch 9/50
2023-05-01 00:42:39,758 INFO Step: 5000. Epoch: 9/50. Iteration: 1/625. Cls loss: 0.167. Reg loss: 1.925. Seg loss: 0.266. Total loss: 2.359
2023-05-01 00:43:33,317 INFO Step: 5100. Epoch: 9/50. Iteration: 101/625. Cls loss: 0.184. Reg loss: 2.200. Seg loss: 0.343. Total loss: 2.726
2023-05-01 00:44:28,160 INFO Step: 5200. Epoch: 9/50. Iteration: 201/625. Cls loss: 0.191. Reg loss: 1.875. Seg loss: 0.367. Total loss: 2.434
2023-05-01 00:45:22,511 INFO Step: 5300. Epoch: 9/50. Iteration: 301/625. Cls loss: 0.190. Reg loss: 2.414. Seg loss: 0.249. Total loss: 2.853
2023-05-01 00:46:16,362 INFO Step: 5400. Epoch: 9/50. Iteration: 401/625. Cls loss: 0.177. Reg loss: 2.440. Seg loss: 0.309. Total loss: 2.926
2023-05-01 00:47:11,189 INFO Saved checkpoint to: ./logs/onlybdd10k_FT_v0_bs_16_repeat/2023_0430_2317_04/checkpoints/hybridnets-d3_8_5500.pth
2023-05-01 00:47:11,707 INFO Step: 5500. Epoch: 9/50. Iteration: 501/625. Cls loss: 0.192. Reg loss: 2.259. Seg loss: 0.306. Total loss: 2.757
2023-05-01 00:48:05,360 INFO Step: 5600. Epoch: 9/50. Iteration: 601/625. Cls loss: 0.222. Reg loss: 2.321. Seg loss: 0.334. Total loss: 2.877
2023-05-01 00:53:06,120 INFO Epoch 10/50
2023-05-01 00:53:53,123 INFO Step: 5700. Epoch: 10/50. Iteration: 76/625. Cls loss: 0.188. Reg loss: 2.549. Seg loss: 0.271. Total loss: 3.008
2023-05-01 00:54:48,466 INFO Step: 5800. Epoch: 10/50. Iteration: 176/625. Cls loss: 0.201. Reg loss: 1.943. Seg loss: 0.276. Total loss: 2.420
2023-05-01 00:55:44,899 INFO Step: 5900. Epoch: 10/50. Iteration: 276/625. Cls loss: 0.192. Reg loss: 2.303. Seg loss: 0.373. Total loss: 2.867
2023-05-01 00:56:40,691 INFO Saved checkpoint to: ./logs/onlybdd10k_FT_v0_bs_16_repeat/2023_0430_2317_04/checkpoints/hybridnets-d3_9_6000.pth
2023-05-01 00:56:40,997 INFO Step: 6000. Epoch: 10/50. Iteration: 376/625. Cls loss: 0.187. Reg loss: 2.056. Seg loss: 0.287. Total loss: 2.530
2023-05-01 00:57:37,050 INFO Step: 6100. Epoch: 10/50. Iteration: 476/625. Cls loss: 0.186. Reg loss: 1.762. Seg loss: 0.292. Total loss: 2.240
2023-05-01 00:58:34,190 INFO Step: 6200. Epoch: 10/50. Iteration: 576/625. Cls loss: 0.200. Reg loss: 2.629. Seg loss: 0.292. Total loss: 3.120
2023-05-01 01:03:51,448 INFO Epoch 11/50
2023-05-01 01:04:24,432 INFO Step: 6300. Epoch: 11/50. Iteration: 51/625. Cls loss: 0.190. Reg loss: 2.294. Seg loss: 0.306. Total loss: 2.790
2023-05-01 01:05:18,907 INFO Step: 6400. Epoch: 11/50. Iteration: 151/625. Cls loss: 0.192. Reg loss: 2.084. Seg loss: 0.386. Total loss: 2.663
2023-05-01 01:06:15,207 INFO Saved checkpoint to: ./logs/onlybdd10k_FT_v0_bs_16_repeat/2023_0430_2317_04/checkpoints/hybridnets-d3_10_6500.pth
2023-05-01 01:06:15,533 INFO Step: 6500. Epoch: 11/50. Iteration: 251/625. Cls loss: 0.204. Reg loss: 2.312. Seg loss: 0.389. Total loss: 2.906
2023-05-01 01:07:09,030 INFO Step: 6600. Epoch: 11/50. Iteration: 351/625. Cls loss: 0.176. Reg loss: 2.153. Seg loss: 0.334. Total loss: 2.662
2023-05-01 01:08:04,866 INFO Step: 6700. Epoch: 11/50. Iteration: 451/625. Cls loss: 0.193. Reg loss: 2.500. Seg loss: 0.323. Total loss: 3.017
2023-05-01 01:08:58,356 INFO Step: 6800. Epoch: 11/50. Iteration: 551/625. Cls loss: 0.177. Reg loss: 1.797. Seg loss: 0.287. Total loss: 2.261
2023-05-01 01:14:22,581 INFO Epoch 12/50
2023-05-01 01:14:40,803 INFO Step: 6900. Epoch: 12/50. Iteration: 26/625. Cls loss: 0.193. Reg loss: 2.095. Seg loss: 0.256. Total loss: 2.543
2023-05-01 01:15:34,194 INFO Saved checkpoint to: ./logs/onlybdd10k_FT_v0_bs_16_repeat/2023_0430_2317_04/checkpoints/hybridnets-d3_11_7000.pth
2023-05-01 01:15:34,512 INFO Step: 7000. Epoch: 12/50. Iteration: 126/625. Cls loss: 0.211. Reg loss: 2.218. Seg loss: 0.274. Total loss: 2.703
2023-05-01 01:16:28,671 INFO Step: 7100. Epoch: 12/50. Iteration: 226/625. Cls loss: 0.204. Reg loss: 2.108. Seg loss: 0.271. Total loss: 2.583
2023-05-01 01:17:23,628 INFO Step: 7200. Epoch: 12/50. Iteration: 326/625. Cls loss: 0.174. Reg loss: 1.869. Seg loss: 0.185. Total loss: 2.227
2023-05-01 01:18:17,134 INFO Step: 7300. Epoch: 12/50. Iteration: 426/625. Cls loss: 0.183. Reg loss: 1.823. Seg loss: 0.247. Total loss: 2.253
2023-05-01 01:19:12,361 INFO Step: 7400. Epoch: 12/50. Iteration: 526/625. Cls loss: 0.183. Reg loss: 1.944. Seg loss: 0.212. Total loss: 2.340
2023-05-01 01:20:03,291 INFO Saved checkpoint to: ./logs/onlybdd10k_FT_v0_bs_16_repeat/2023_0430_2317_04/checkpoints/hybridnets-d3_11_7500.pth
2023-05-01 01:24:46,701 INFO Epoch 13/50
2023-05-01 01:24:52,044 INFO Step: 7500. Epoch: 13/50. Iteration: 1/625. Cls loss: 0.172. Reg loss: 2.010. Seg loss: 0.204. Total loss: 2.386
2023-05-01 01:25:45,537 INFO Step: 7600. Epoch: 13/50. Iteration: 101/625. Cls loss: 0.169. Reg loss: 1.760. Seg loss: 0.292. Total loss: 2.221
2023-05-01 02:54:16,406 INFO Step: 7700. Epoch: 13/50. Iteration: 201/625. Cls loss: 0.194. Reg loss: 2.065. Seg loss: 0.239. Total loss: 2.499
2023-05-01 02:55:12,569 INFO Step: 7800. Epoch: 13/50. Iteration: 301/625. Cls loss: 0.204. Reg loss: 2.191. Seg loss: 0.170. Total loss: 2.565
2023-05-01 02:56:09,506 INFO Step: 7900. Epoch: 13/50. Iteration: 401/625. Cls loss: 0.175. Reg loss: 2.645. Seg loss: 0.230. Total loss: 3.049
2023-05-01 02:57:04,915 INFO Saved checkpoint to: ./logs/onlybdd10k_FT_v0_bs_16_repeat/2023_0430_2317_04/checkpoints/hybridnets-d3_12_8000.pth
2023-05-01 02:57:05,221 INFO Step: 8000. Epoch: 13/50. Iteration: 501/625. Cls loss: 0.200. Reg loss: 2.232. Seg loss: 0.218. Total loss: 2.649
2023-05-01 02:58:03,526 INFO Step: 8100. Epoch: 13/50. Iteration: 601/625. Cls loss: 0.194. Reg loss: 2.025. Seg loss: 0.239. Total loss: 2.458
2023-05-01 03:03:08,305 INFO Epoch 14/50
2023-05-01 03:03:54,937 INFO Step: 8200. Epoch: 14/50. Iteration: 76/625. Cls loss: 0.188. Reg loss: 1.890. Seg loss: 0.251. Total loss: 2.329
2023-05-01 03:04:50,750 INFO Step: 8300. Epoch: 14/50. Iteration: 176/625. Cls loss: 0.187. Reg loss: 1.971. Seg loss: 0.273. Total loss: 2.431
2023-05-01 03:05:47,939 INFO Step: 8400. Epoch: 14/50. Iteration: 276/625. Cls loss: 0.204. Reg loss: 2.495. Seg loss: 0.228. Total loss: 2.927
2023-05-01 03:06:43,444 INFO Saved checkpoint to: ./logs/onlybdd10k_FT_v0_bs_16_repeat/2023_0430_2317_04/checkpoints/hybridnets-d3_13_8500.pth
2023-05-01 03:06:43,747 INFO Step: 8500. Epoch: 14/50. Iteration: 376/625. Cls loss: 0.176. Reg loss: 1.936. Seg loss: 0.236. Total loss: 2.348
2023-05-01 03:07:39,445 INFO Step: 8600. Epoch: 14/50. Iteration: 476/625. Cls loss: 0.167. Reg loss: 1.683. Seg loss: 0.210. Total loss: 2.060
2023-05-01 03:08:35,242 INFO Step: 8700. Epoch: 14/50. Iteration: 576/625. Cls loss: 0.185. Reg loss: 2.253. Seg loss: 0.188. Total loss: 2.625
2023-05-01 03:13:54,485 INFO Epoch 15/50
2023-05-01 03:14:26,726 INFO Step: 8800. Epoch: 15/50. Iteration: 51/625. Cls loss: 0.221. Reg loss: 2.731. Seg loss: 0.254. Total loss: 3.206
2023-05-01 03:15:21,806 INFO Step: 8900. Epoch: 15/50. Iteration: 151/625. Cls loss: 0.219. Reg loss: 2.541. Seg loss: 0.224. Total loss: 2.983
2023-05-01 03:16:16,188 INFO Saved checkpoint to: ./logs/onlybdd10k_FT_v0_bs_16_repeat/2023_0430_2317_04/checkpoints/hybridnets-d3_14_9000.pth
2023-05-01 03:16:18,553 INFO Step: 9000. Epoch: 15/50. Iteration: 251/625. Cls loss: 0.174. Reg loss: 1.668. Seg loss: 0.254. Total loss: 2.095
2023-05-01 03:17:13,077 INFO Step: 9100. Epoch: 15/50. Iteration: 351/625. Cls loss: 0.168. Reg loss: 1.894. Seg loss: 0.244. Total loss: 2.306
2023-05-01 03:18:09,795 INFO Step: 9200. Epoch: 15/50. Iteration: 451/625. Cls loss: 0.190. Reg loss: 2.046. Seg loss: 0.279. Total loss: 2.515
2023-05-01 03:19:03,200 INFO Step: 9300. Epoch: 15/50. Iteration: 551/625. Cls loss: 0.183. Reg loss: 2.016. Seg loss: 0.222. Total loss: 2.421
2023-05-01 03:24:26,306 INFO Epoch 16/50
2023-05-01 03:24:44,405 INFO Step: 9400. Epoch: 16/50. Iteration: 26/625. Cls loss: 0.189. Reg loss: 2.050. Seg loss: 0.276. Total loss: 2.515
2023-05-01 03:25:38,946 INFO Saved checkpoint to: ./logs/onlybdd10k_FT_v0_bs_16_repeat/2023_0430_2317_04/checkpoints/hybridnets-d3_15_9500.pth
2023-05-01 03:25:39,238 INFO Step: 9500. Epoch: 16/50. Iteration: 126/625. Cls loss: 0.219. Reg loss: 2.915. Seg loss: 0.225. Total loss: 3.359
2023-05-01 03:26:34,658 INFO Step: 9600. Epoch: 16/50. Iteration: 226/625. Cls loss: 0.215. Reg loss: 2.076. Seg loss: 0.216. Total loss: 2.507
2023-05-01 03:27:28,869 INFO Step: 9700. Epoch: 16/50. Iteration: 326/625. Cls loss: 0.209. Reg loss: 2.713. Seg loss: 0.146. Total loss: 3.068
2023-05-01 03:28:24,965 INFO Step: 9800. Epoch: 16/50. Iteration: 426/625. Cls loss: 0.176. Reg loss: 1.985. Seg loss: 0.192. Total loss: 2.353
2023-05-01 03:29:18,574 INFO Step: 9900. Epoch: 16/50. Iteration: 526/625. Cls loss: 0.185. Reg loss: 2.053. Seg loss: 0.178. Total loss: 2.417
2023-05-01 03:30:10,374 INFO Saved checkpoint to: ./logs/onlybdd10k_FT_v0_bs_16_repeat/2023_0430_2317_04/checkpoints/hybridnets-d3_15_10000.pth
2023-05-01 03:34:52,856 INFO Epoch 17/50
2023-05-01 03:34:58,016 INFO Step: 10000. Epoch: 17/50. Iteration: 1/625. Cls loss: 0.151. Reg loss: 1.591. Seg loss: 0.192. Total loss: 1.935
2023-05-01 05:02:50,073 INFO Step: 10100. Epoch: 17/50. Iteration: 101/625. Cls loss: 0.186. Reg loss: 2.171. Seg loss: 0.217. Total loss: 2.574
2023-05-01 05:03:46,609 INFO Step: 10200. Epoch: 17/50. Iteration: 201/625. Cls loss: 0.191. Reg loss: 1.948. Seg loss: 0.191. Total loss: 2.331
2023-05-01 05:04:43,947 INFO Step: 10300. Epoch: 17/50. Iteration: 301/625. Cls loss: 0.204. Reg loss: 2.391. Seg loss: 0.145. Total loss: 2.741
2023-05-01 05:05:39,026 INFO Step: 10400. Epoch: 17/50. Iteration: 401/625. Cls loss: 0.188. Reg loss: 2.618. Seg loss: 0.197. Total loss: 3.003
2023-05-01 05:06:36,133 INFO Saved checkpoint to: ./logs/onlybdd10k_FT_v0_bs_16_repeat/2023_0430_2317_04/checkpoints/hybridnets-d3_16_10500.pth
2023-05-01 05:06:37,368 INFO Step: 10500. Epoch: 17/50. Iteration: 501/625. Cls loss: 0.189. Reg loss: 1.976. Seg loss: 0.191. Total loss: 2.356
2023-05-01 05:07:33,016 INFO Step: 10600. Epoch: 17/50. Iteration: 601/625. Cls loss: 0.253. Reg loss: 2.364. Seg loss: 0.212. Total loss: 2.829
2023-05-01 05:12:38,679 INFO Epoch 18/50
2023-05-01 05:13:25,611 INFO Step: 10700. Epoch: 18/50. Iteration: 76/625. Cls loss: 0.175. Reg loss: 1.967. Seg loss: 0.202. Total loss: 2.344
2023-05-01 05:14:20,799 INFO Step: 10800. Epoch: 18/50. Iteration: 176/625. Cls loss: 0.157. Reg loss: 1.721. Seg loss: 0.169. Total loss: 2.047
2023-05-01 05:15:18,583 INFO Step: 10900. Epoch: 18/50. Iteration: 276/625. Cls loss: 0.194. Reg loss: 2.331. Seg loss: 0.186. Total loss: 2.711
2023-05-01 05:16:12,555 INFO Saved checkpoint to: ./logs/onlybdd10k_FT_v0_bs_16_repeat/2023_0430_2317_04/checkpoints/hybridnets-d3_17_11000.pth
2023-05-01 05:16:12,865 INFO Step: 11000. Epoch: 18/50. Iteration: 376/625. Cls loss: 0.181. Reg loss: 1.746. Seg loss: 0.189. Total loss: 2.115
2023-05-01 05:17:07,982 INFO Step: 11100. Epoch: 18/50. Iteration: 476/625. Cls loss: 0.184. Reg loss: 2.008. Seg loss: 0.215. Total loss: 2.407
2023-05-01 05:18:01,607 INFO Step: 11200. Epoch: 18/50. Iteration: 576/625. Cls loss: 0.182. Reg loss: 2.614. Seg loss: 0.197. Total loss: 2.992
2023-05-01 05:23:10,660 INFO Epoch 19/50
2023-05-01 05:23:42,762 INFO Step: 11300. Epoch: 19/50. Iteration: 51/625. Cls loss: 0.199. Reg loss: 2.273. Seg loss: 0.228. Total loss: 2.700
2023-05-01 05:24:36,916 INFO Step: 11400. Epoch: 19/50. Iteration: 151/625. Cls loss: 0.205. Reg loss: 2.606. Seg loss: 0.245. Total loss: 3.056
2023-05-01 05:25:32,286 INFO Saved checkpoint to: ./logs/onlybdd10k_FT_v0_bs_16_repeat/2023_0430_2317_04/checkpoints/hybridnets-d3_18_11500.pth
2023-05-01 05:25:32,998 INFO Step: 11500. Epoch: 19/50. Iteration: 251/625. Cls loss: 0.191. Reg loss: 1.809. Seg loss: 0.232. Total loss: 2.231
2023-05-01 05:26:27,356 INFO Step: 11600. Epoch: 19/50. Iteration: 351/625. Cls loss: 0.172. Reg loss: 1.937. Seg loss: 0.194. Total loss: 2.303
2023-05-01 05:27:23,060 INFO Step: 11700. Epoch: 19/50. Iteration: 451/625. Cls loss: 0.184. Reg loss: 2.504. Seg loss: 0.209. Total loss: 2.896
2023-05-01 05:28:15,802 INFO Step: 11800. Epoch: 19/50. Iteration: 551/625. Cls loss: 0.178. Reg loss: 2.046. Seg loss: 0.176. Total loss: 2.400
2023-05-01 05:33:45,184 INFO Epoch 20/50
2023-05-01 05:34:04,445 INFO Step: 11900. Epoch: 20/50. Iteration: 26/625. Cls loss: 0.193. Reg loss: 2.044. Seg loss: 0.187. Total loss: 2.424
2023-05-01 05:34:59,399 INFO Saved checkpoint to: ./logs/onlybdd10k_FT_v0_bs_16_repeat/2023_0430_2317_04/checkpoints/hybridnets-d3_19_12000.pth
2023-05-01 05:34:59,711 INFO Step: 12000. Epoch: 20/50. Iteration: 126/625. Cls loss: 0.211. Reg loss: 2.520. Seg loss: 0.179. Total loss: 2.910
2023-05-01 05:35:56,002 INFO Step: 12100. Epoch: 20/50. Iteration: 226/625. Cls loss: 0.180. Reg loss: 2.266. Seg loss: 0.184. Total loss: 2.630
2023-05-01 05:36:53,519 INFO Step: 12200. Epoch: 20/50. Iteration: 326/625. Cls loss: 0.172. Reg loss: 2.145. Seg loss: 0.135. Total loss: 2.451
2023-05-01 05:37:48,187 INFO Step: 12300. Epoch: 20/50. Iteration: 426/625. Cls loss: 0.164. Reg loss: 1.850. Seg loss: 0.138. Total loss: 2.152
2023-05-01 05:38:45,621 INFO Step: 12400. Epoch: 20/50. Iteration: 526/625. Cls loss: 0.194. Reg loss: 2.122. Seg loss: 0.160. Total loss: 2.476
2023-05-01 05:39:37,510 INFO Saved checkpoint to: ./logs/onlybdd10k_FT_v0_bs_16_repeat/2023_0430_2317_04/checkpoints/hybridnets-d3_19_12500.pth
2023-05-01 05:44:26,382 INFO Epoch 21/50
2023-05-01 05:44:31,356 INFO Step: 12500. Epoch: 21/50. Iteration: 1/625. Cls loss: 0.177. Reg loss: 1.584. Seg loss: 0.152. Total loss: 1.913
2023-05-01 05:45:24,617 INFO Step: 12600. Epoch: 21/50. Iteration: 101/625. Cls loss: 0.175. Reg loss: 1.987. Seg loss: 0.176. Total loss: 2.338
2023-05-01 05:46:20,010 INFO Step: 12700. Epoch: 21/50. Iteration: 201/625. Cls loss: 0.173. Reg loss: 1.986. Seg loss: 0.198. Total loss: 2.357
2023-05-01 05:47:14,465 INFO Step: 12800. Epoch: 21/50. Iteration: 301/625. Cls loss: 0.176. Reg loss: 1.888. Seg loss: 0.144. Total loss: 2.208
2023-05-01 05:48:08,779 INFO Step: 12900. Epoch: 21/50. Iteration: 401/625. Cls loss: 0.174. Reg loss: 2.504. Seg loss: 0.183. Total loss: 2.861
2023-05-01 05:49:03,397 INFO Saved checkpoint to: ./logs/onlybdd10k_FT_v0_bs_16_repeat/2023_0430_2317_04/checkpoints/hybridnets-d3_20_13000.pth
2023-05-01 05:49:04,010 INFO Step: 13000. Epoch: 21/50. Iteration: 501/625. Cls loss: 0.178. Reg loss: 2.220. Seg loss: 0.164. Total loss: 2.561
2023-05-01 05:49:57,615 INFO Step: 13100. Epoch: 21/50. Iteration: 601/625. Cls loss: 0.209. Reg loss: 2.127. Seg loss: 0.209. Total loss: 2.545
2023-05-01 05:54:52,212 INFO Epoch 22/50
2023-05-01 05:55:38,269 INFO Step: 13200. Epoch: 22/50. Iteration: 76/625. Cls loss: 0.184. Reg loss: 2.233. Seg loss: 0.161. Total loss: 2.578
2023-05-01 05:56:31,766 INFO Step: 13300. Epoch: 22/50. Iteration: 176/625. Cls loss: 0.188. Reg loss: 2.119. Seg loss: 0.154. Total loss: 2.461
2023-05-01 05:57:26,429 INFO Step: 13400. Epoch: 22/50. Iteration: 276/625. Cls loss: 0.189. Reg loss: 2.277. Seg loss: 0.158. Total loss: 2.623
2023-05-01 05:58:20,027 INFO Saved checkpoint to: ./logs/onlybdd10k_FT_v0_bs_16_repeat/2023_0430_2317_04/checkpoints/hybridnets-d3_21_13500.pth
2023-05-01 05:58:20,318 INFO Step: 13500. Epoch: 22/50. Iteration: 376/625. Cls loss: 0.202. Reg loss: 1.975. Seg loss: 0.199. Total loss: 2.376
2023-05-01 05:59:15,826 INFO Step: 13600. Epoch: 22/50. Iteration: 476/625. Cls loss: 0.171. Reg loss: 1.863. Seg loss: 0.175. Total loss: 2.210
2023-05-01 06:00:09,079 INFO Step: 13700. Epoch: 22/50. Iteration: 576/625. Cls loss: 0.193. Reg loss: 2.268. Seg loss: 0.164. Total loss: 2.625
2023-05-01 07:33:12,761 INFO Epoch 23/50
2023-05-01 07:33:45,038 INFO Step: 13800. Epoch: 23/50. Iteration: 51/625. Cls loss: 0.224. Reg loss: 2.561. Seg loss: 0.207. Total loss: 2.992
2023-05-01 07:34:41,344 INFO Step: 13900. Epoch: 23/50. Iteration: 151/625. Cls loss: 0.192. Reg loss: 2.356. Seg loss: 0.203. Total loss: 2.751
2023-05-01 07:35:36,646 INFO Saved checkpoint to: ./logs/onlybdd10k_FT_v0_bs_16_repeat/2023_0430_2317_04/checkpoints/hybridnets-d3_22_14000.pth
2023-05-01 07:35:38,110 INFO Step: 14000. Epoch: 23/50. Iteration: 251/625. Cls loss: 0.188. Reg loss: 1.794. Seg loss: 0.194. Total loss: 2.176
2023-05-01 07:36:33,442 INFO Step: 14100. Epoch: 23/50. Iteration: 351/625. Cls loss: 0.165. Reg loss: 2.288. Seg loss: 0.199. Total loss: 2.652
2023-05-01 07:37:29,858 INFO Step: 14200. Epoch: 23/50. Iteration: 451/625. Cls loss: 0.181. Reg loss: 2.462. Seg loss: 0.204. Total loss: 2.847
2023-05-01 07:38:25,729 INFO Step: 14300. Epoch: 23/50. Iteration: 551/625. Cls loss: 0.193. Reg loss: 2.030. Seg loss: 0.362. Total loss: 2.585
2023-05-01 07:43:59,630 INFO Epoch 24/50
2023-05-01 07:44:18,927 INFO Step: 14400. Epoch: 24/50. Iteration: 26/625. Cls loss: 0.199. Reg loss: 1.992. Seg loss: 0.165. Total loss: 2.357
2023-05-01 07:45:14,390 INFO Saved checkpoint to: ./logs/onlybdd10k_FT_v0_bs_16_repeat/2023_0430_2317_04/checkpoints/hybridnets-d3_23_14500.pth
2023-05-01 07:45:14,723 INFO Step: 14500. Epoch: 24/50. Iteration: 126/625. Cls loss: 0.199. Reg loss: 2.459. Seg loss: 0.167. Total loss: 2.825
2023-05-01 07:46:10,629 INFO Step: 14600. Epoch: 24/50. Iteration: 226/625. Cls loss: 0.218. Reg loss: 2.095. Seg loss: 0.164. Total loss: 2.478
2023-05-01 07:47:07,208 INFO Step: 14700. Epoch: 24/50. Iteration: 326/625. Cls loss: 0.189. Reg loss: 2.382. Seg loss: 0.128. Total loss: 2.698
2023-05-01 07:48:02,144 INFO Step: 14800. Epoch: 24/50. Iteration: 426/625. Cls loss: 0.159. Reg loss: 1.709. Seg loss: 0.127. Total loss: 1.995
2023-05-01 07:48:58,069 INFO Step: 14900. Epoch: 24/50. Iteration: 526/625. Cls loss: 0.189. Reg loss: 2.260. Seg loss: 0.135. Total loss: 2.584
2023-05-01 07:49:49,588 INFO Saved checkpoint to: ./logs/onlybdd10k_FT_v0_bs_16_repeat/2023_0430_2317_04/checkpoints/hybridnets-d3_23_15000.pth
2023-05-01 07:54:34,294 INFO Epoch 25/50
2023-05-01 07:54:39,651 INFO Step: 15000. Epoch: 25/50. Iteration: 1/625. Cls loss: 0.169. Reg loss: 1.804. Seg loss: 0.129. Total loss: 2.103
2023-05-01 07:55:32,690 INFO Step: 15100. Epoch: 25/50. Iteration: 101/625. Cls loss: 0.163. Reg loss: 1.509. Seg loss: 0.171. Total loss: 1.843
2023-05-01 07:56:28,232 INFO Step: 15200. Epoch: 25/50. Iteration: 201/625. Cls loss: 0.200. Reg loss: 2.041. Seg loss: 0.154. Total loss: 2.396
2023-05-01 07:57:21,248 INFO Step: 15300. Epoch: 25/50. Iteration: 301/625. Cls loss: 0.194. Reg loss: 2.174. Seg loss: 0.131. Total loss: 2.498
2023-05-01 07:58:15,850 INFO Step: 15400. Epoch: 25/50. Iteration: 401/625. Cls loss: 0.198. Reg loss: 2.720. Seg loss: 0.162. Total loss: 3.080
2023-05-01 07:59:10,162 INFO Saved checkpoint to: ./logs/onlybdd10k_FT_v0_bs_16_repeat/2023_0430_2317_04/checkpoints/hybridnets-d3_24_15500.pth
2023-05-01 07:59:10,838 INFO Step: 15500. Epoch: 25/50. Iteration: 501/625. Cls loss: 0.200. Reg loss: 2.029. Seg loss: 0.150. Total loss: 2.379
2023-05-01 08:00:04,547 INFO Step: 15600. Epoch: 25/50. Iteration: 601/625. Cls loss: 0.259. Reg loss: 2.158. Seg loss: 0.169. Total loss: 2.586
2023-05-01 08:05:00,979 INFO Epoch 26/50
2023-05-01 08:05:46,267 INFO Step: 15700. Epoch: 26/50. Iteration: 76/625. Cls loss: 0.187. Reg loss: 2.186. Seg loss: 0.154. Total loss: 2.526
2023-05-01 08:06:39,589 INFO Step: 15800. Epoch: 26/50. Iteration: 176/625. Cls loss: 0.181. Reg loss: 1.944. Seg loss: 0.160. Total loss: 2.284
2023-05-01 08:07:36,845 INFO Step: 15900. Epoch: 26/50. Iteration: 276/625. Cls loss: 0.192. Reg loss: 2.335. Seg loss: 0.166. Total loss: 2.692
2023-05-01 08:08:31,910 INFO Saved checkpoint to: ./logs/onlybdd10k_FT_v0_bs_16_repeat/2023_0430_2317_04/checkpoints/hybridnets-d3_25_16000.pth
2023-05-01 08:08:32,266 INFO Step: 16000. Epoch: 26/50. Iteration: 376/625. Cls loss: 0.184. Reg loss: 1.629. Seg loss: 0.199. Total loss: 2.012
2023-05-01 08:09:29,555 INFO Step: 16100. Epoch: 26/50. Iteration: 476/625. Cls loss: 0.189. Reg loss: 2.413. Seg loss: 0.150. Total loss: 2.752
2023-05-01 08:10:25,376 INFO Step: 16200. Epoch: 26/50. Iteration: 576/625. Cls loss: 0.181. Reg loss: 2.117. Seg loss: 0.149. Total loss: 2.447
2023-05-01 08:15:43,267 INFO Epoch 27/50
2023-05-01 08:16:15,889 INFO Step: 16300. Epoch: 27/50. Iteration: 51/625. Cls loss: 0.194. Reg loss: 2.221. Seg loss: 0.210. Total loss: 2.625
2023-05-01 08:17:11,710 INFO Step: 16400. Epoch: 27/50. Iteration: 151/625. Cls loss: 0.202. Reg loss: 2.843. Seg loss: 0.194. Total loss: 3.239
2023-05-01 08:18:08,351 INFO Saved checkpoint to: ./logs/onlybdd10k_FT_v0_bs_16_repeat/2023_0430_2317_04/checkpoints/hybridnets-d3_26_16500.pth
2023-05-01 08:18:09,248 INFO Step: 16500. Epoch: 27/50. Iteration: 251/625. Cls loss: 0.194. Reg loss: 1.833. Seg loss: 0.178. Total loss: 2.205
2023-05-01 08:19:04,616 INFO Step: 16600. Epoch: 27/50. Iteration: 351/625. Cls loss: 0.189. Reg loss: 1.980. Seg loss: 0.191. Total loss: 2.360
2023-05-01 08:20:00,859 INFO Step: 16700. Epoch: 27/50. Iteration: 451/625. Cls loss: 0.180. Reg loss: 2.510. Seg loss: 0.178. Total loss: 2.868
2023-05-01 08:20:55,299 INFO Step: 16800. Epoch: 27/50. Iteration: 551/625. Cls loss: 0.176. Reg loss: 2.167. Seg loss: 0.128. Total loss: 2.471
2023-05-01 08:26:26,323 INFO Epoch 28/50
2023-05-01 08:26:45,475 INFO Step: 16900. Epoch: 28/50. Iteration: 26/625. Cls loss: 0.211. Reg loss: 2.231. Seg loss: 0.159. Total loss: 2.602
2023-05-01 08:27:40,864 INFO Saved checkpoint to: ./logs/onlybdd10k_FT_v0_bs_16_repeat/2023_0430_2317_04/checkpoints/hybridnets-d3_27_17000.pth
2023-05-01 08:27:41,172 INFO Step: 17000. Epoch: 28/50. Iteration: 126/625. Cls loss: 0.183. Reg loss: 2.217. Seg loss: 0.153. Total loss: 2.553
2023-05-01 08:28:39,300 INFO Step: 17100. Epoch: 28/50. Iteration: 226/625. Cls loss: 0.188. Reg loss: 1.819. Seg loss: 0.146. Total loss: 2.154
2023-05-01 08:29:35,111 INFO Step: 17200. Epoch: 28/50. Iteration: 326/625. Cls loss: 0.224. Reg loss: 2.295. Seg loss: 0.138. Total loss: 2.657
2023-05-01 08:30:32,176 INFO Step: 17300. Epoch: 28/50. Iteration: 426/625. Cls loss: 0.169. Reg loss: 2.132. Seg loss: 0.119. Total loss: 2.419
2023-05-01 08:31:29,109 INFO Step: 17400. Epoch: 28/50. Iteration: 526/625. Cls loss: 0.194. Reg loss: 1.728. Seg loss: 0.134. Total loss: 2.056
2023-05-01 08:32:22,789 INFO Saved checkpoint to: ./logs/onlybdd10k_FT_v0_bs_16_repeat/2023_0430_2317_04/checkpoints/hybridnets-d3_27_17500.pth
2023-05-01 08:37:16,292 INFO Epoch 29/50
2023-05-01 08:37:21,788 INFO Step: 17500. Epoch: 29/50. Iteration: 1/625. Cls loss: 0.174. Reg loss: 2.005. Seg loss: 0.128. Total loss: 2.307
2023-05-01 08:38:16,357 INFO Step: 17600. Epoch: 29/50. Iteration: 101/625. Cls loss: 0.151. Reg loss: 1.675. Seg loss: 0.155. Total loss: 1.982
2023-05-01 08:39:12,645 INFO Step: 17700. Epoch: 29/50. Iteration: 201/625. Cls loss: 0.180. Reg loss: 1.840. Seg loss: 0.173. Total loss: 2.192
2023-05-01 08:40:07,585 INFO Step: 17800. Epoch: 29/50. Iteration: 301/625. Cls loss: 0.167. Reg loss: 1.877. Seg loss: 0.125. Total loss: 2.170
2023-05-01 08:41:02,318 INFO Step: 17900. Epoch: 29/50. Iteration: 401/625. Cls loss: 0.168. Reg loss: 2.422. Seg loss: 0.155. Total loss: 2.744
2023-05-01 08:41:56,684 INFO Saved checkpoint to: ./logs/onlybdd10k_FT_v0_bs_16_repeat/2023_0430_2317_04/checkpoints/hybridnets-d3_28_18000.pth
2023-05-01 08:41:57,004 INFO Step: 18000. Epoch: 29/50. Iteration: 501/625. Cls loss: 0.186. Reg loss: 2.000. Seg loss: 0.135. Total loss: 2.321
2023-05-01 08:42:52,980 INFO Step: 18100. Epoch: 29/50. Iteration: 601/625. Cls loss: 0.184. Reg loss: 1.818. Seg loss: 0.155. Total loss: 2.157
2023-05-01 08:47:47,522 INFO Epoch 30/50
2023-05-01 08:48:33,046 INFO Step: 18200. Epoch: 30/50. Iteration: 76/625. Cls loss: 0.168. Reg loss: 2.145. Seg loss: 0.159. Total loss: 2.473
2023-05-01 08:49:28,541 INFO Step: 18300. Epoch: 30/50. Iteration: 176/625. Cls loss: 0.190. Reg loss: 1.882. Seg loss: 0.151. Total loss: 2.222
2023-05-01 08:50:25,238 INFO Step: 18400. Epoch: 30/50. Iteration: 276/625. Cls loss: 0.199. Reg loss: 2.213. Seg loss: 0.160. Total loss: 2.572
2023-05-01 08:51:17,960 INFO Saved checkpoint to: ./logs/onlybdd10k_FT_v0_bs_16_repeat/2023_0430_2317_04/checkpoints/hybridnets-d3_29_18500.pth
2023-05-01 08:51:18,279 INFO Step: 18500. Epoch: 30/50. Iteration: 376/625. Cls loss: 0.181. Reg loss: 2.208. Seg loss: 0.167. Total loss: 2.557
2023-05-01 08:52:13,987 INFO Step: 18600. Epoch: 30/50. Iteration: 476/625. Cls loss: 0.178. Reg loss: 1.764. Seg loss: 0.141. Total loss: 2.084
2023-05-01 08:53:06,849 INFO Step: 18700. Epoch: 30/50. Iteration: 576/625. Cls loss: 0.183. Reg loss: 2.098. Seg loss: 0.148. Total loss: 2.429
2023-05-01 08:58:15,873 INFO Epoch 31/50
2023-05-01 08:58:47,576 INFO Step: 18800. Epoch: 31/50. Iteration: 51/625. Cls loss: 0.214. Reg loss: 2.417. Seg loss: 0.175. Total loss: 2.807
2023-05-01 08:59:41,937 INFO Step: 18900. Epoch: 31/50. Iteration: 151/625. Cls loss: 0.201. Reg loss: 1.929. Seg loss: 0.177. Total loss: 2.306
2023-05-01 09:00:36,751 INFO Saved checkpoint to: ./logs/onlybdd10k_FT_v0_bs_16_repeat/2023_0430_2317_04/checkpoints/hybridnets-d3_30_19000.pth
2023-05-01 09:00:37,982 INFO Step: 19000. Epoch: 31/50. Iteration: 251/625. Cls loss: 0.192. Reg loss: 1.702. Seg loss: 0.163. Total loss: 2.056
2023-05-01 09:01:32,242 INFO Step: 19100. Epoch: 31/50. Iteration: 351/625. Cls loss: 0.165. Reg loss: 2.108. Seg loss: 0.229. Total loss: 2.502
2023-05-01 09:11:25,965 INFO Step: 19200. Epoch: 31/50. Iteration: 451/625. Cls loss: 0.184. Reg loss: 1.915. Seg loss: 0.176. Total loss: 2.275
2023-05-01 09:12:19,832 INFO Step: 19300. Epoch: 31/50. Iteration: 551/625. Cls loss: 0.153. Reg loss: 1.873. Seg loss: 0.146. Total loss: 2.171
2023-05-01 09:17:43,432 INFO Epoch 32/50
2023-05-01 09:18:01,874 INFO Step: 19400. Epoch: 32/50. Iteration: 26/625. Cls loss: 0.193. Reg loss: 1.851. Seg loss: 0.180. Total loss: 2.224
2023-05-01 09:18:56,473 INFO Saved checkpoint to: ./logs/onlybdd10k_FT_v0_bs_16_repeat/2023_0430_2317_04/checkpoints/hybridnets-d3_31_19500.pth
2023-05-01 09:18:56,783 INFO Step: 19500. Epoch: 32/50. Iteration: 126/625. Cls loss: 0.174. Reg loss: 2.408. Seg loss: 0.157. Total loss: 2.738
2023-05-01 09:19:52,380 INFO Step: 19600. Epoch: 32/50. Iteration: 226/625. Cls loss: 0.187. Reg loss: 1.852. Seg loss: 0.150. Total loss: 2.188
2023-05-01 09:20:47,347 INFO Step: 19700. Epoch: 32/50. Iteration: 326/625. Cls loss: 0.184. Reg loss: 2.114. Seg loss: 0.115. Total loss: 2.413
2023-05-01 09:21:43,043 INFO Step: 19800. Epoch: 32/50. Iteration: 426/625. Cls loss: 0.182. Reg loss: 1.763. Seg loss: 0.115. Total loss: 2.059
2023-05-01 09:22:38,064 INFO Step: 19900. Epoch: 32/50. Iteration: 526/625. Cls loss: 0.185. Reg loss: 1.815. Seg loss: 0.117. Total loss: 2.117
2023-05-01 09:23:30,542 INFO Saved checkpoint to: ./logs/onlybdd10k_FT_v0_bs_16_repeat/2023_0430_2317_04/checkpoints/hybridnets-d3_31_20000.pth
2023-05-01 09:28:17,777 INFO Epoch 33/50
2023-05-01 09:28:23,296 INFO Step: 20000. Epoch: 33/50. Iteration: 1/625. Cls loss: 0.170. Reg loss: 2.056. Seg loss: 0.130. Total loss: 2.355
2023-05-01 09:29:17,131 INFO Step: 20100. Epoch: 33/50. Iteration: 101/625. Cls loss: 0.156. Reg loss: 1.704. Seg loss: 0.145. Total loss: 2.005
2023-05-01 09:30:12,150 INFO Step: 20200. Epoch: 33/50. Iteration: 201/625. Cls loss: 0.162. Reg loss: 2.115. Seg loss: 0.153. Total loss: 2.430
2023-05-01 09:31:06,349 INFO Step: 20300. Epoch: 33/50. Iteration: 301/625. Cls loss: 0.179. Reg loss: 2.147. Seg loss: 0.122. Total loss: 2.448
2023-05-01 09:32:00,974 INFO Step: 20400. Epoch: 33/50. Iteration: 401/625. Cls loss: 0.190. Reg loss: 2.649. Seg loss: 0.143. Total loss: 2.982
2023-05-01 09:32:54,534 INFO Saved checkpoint to: ./logs/onlybdd10k_FT_v0_bs_16_repeat/2023_0430_2317_04/checkpoints/hybridnets-d3_32_20500.pth
2023-05-01 09:32:56,679 INFO Step: 20500. Epoch: 33/50. Iteration: 501/625. Cls loss: 0.180. Reg loss: 1.865. Seg loss: 0.125. Total loss: 2.170
2023-05-01 09:33:50,336 INFO Step: 20600. Epoch: 33/50. Iteration: 601/625. Cls loss: 0.193. Reg loss: 1.852. Seg loss: 0.136. Total loss: 2.181
2023-05-01 09:38:46,673 INFO Epoch 34/50
2023-05-01 09:39:32,206 INFO Step: 20700. Epoch: 34/50. Iteration: 76/625. Cls loss: 0.188. Reg loss: 2.211. Seg loss: 0.141. Total loss: 2.540
2023-05-01 09:40:25,648 INFO Step: 20800. Epoch: 34/50. Iteration: 176/625. Cls loss: 0.184. Reg loss: 1.988. Seg loss: 0.132. Total loss: 2.304
2023-05-01 09:41:22,657 INFO Step: 20900. Epoch: 34/50. Iteration: 276/625. Cls loss: 0.188. Reg loss: 2.083. Seg loss: 0.164. Total loss: 2.435
2023-05-01 09:42:16,675 INFO Saved checkpoint to: ./logs/onlybdd10k_FT_v0_bs_16_repeat/2023_0430_2317_04/checkpoints/hybridnets-d3_33_21000.pth
2023-05-01 09:42:16,976 INFO Step: 21000. Epoch: 34/50. Iteration: 376/625. Cls loss: 0.190. Reg loss: 2.129. Seg loss: 0.139. Total loss: 2.458
2023-05-01 09:43:12,591 INFO Step: 21100. Epoch: 34/50. Iteration: 476/625. Cls loss: 0.185. Reg loss: 1.914. Seg loss: 0.142. Total loss: 2.241
2023-05-01 09:44:06,889 INFO Step: 21200. Epoch: 34/50. Iteration: 576/625. Cls loss: 0.172. Reg loss: 2.313. Seg loss: 0.139. Total loss: 2.624
2023-05-01 09:49:17,727 INFO Epoch 35/50
2023-05-01 09:49:49,206 INFO Step: 21300. Epoch: 35/50. Iteration: 51/625. Cls loss: 0.232. Reg loss: 2.445. Seg loss: 0.179. Total loss: 2.856
2023-05-01 09:50:43,493 INFO Step: 21400. Epoch: 35/50. Iteration: 151/625. Cls loss: 0.215. Reg loss: 2.522. Seg loss: 0.167. Total loss: 2.904
2023-05-01 09:51:38,541 INFO Saved checkpoint to: ./logs/onlybdd10k_FT_v0_bs_16_repeat/2023_0430_2317_04/checkpoints/hybridnets-d3_34_21500.pth
2023-05-01 09:51:39,201 INFO Step: 21500. Epoch: 35/50. Iteration: 251/625. Cls loss: 0.156. Reg loss: 1.874. Seg loss: 0.165. Total loss: 2.195
2023-05-01 09:52:33,965 INFO Step: 21600. Epoch: 35/50. Iteration: 351/625. Cls loss: 0.173. Reg loss: 1.913. Seg loss: 0.160. Total loss: 2.246
2023-05-01 09:53:28,199 INFO Step: 21700. Epoch: 35/50. Iteration: 451/625. Cls loss: 0.165. Reg loss: 2.337. Seg loss: 0.149. Total loss: 2.651
2023-05-01 09:54:24,141 INFO Step: 21800. Epoch: 35/50. Iteration: 551/625. Cls loss: 0.175. Reg loss: 1.691. Seg loss: 0.121. Total loss: 1.987
2023-05-01 09:59:47,011 INFO Epoch 36/50
2023-05-01 10:00:05,486 INFO Step: 21900. Epoch: 36/50. Iteration: 26/625. Cls loss: 0.190. Reg loss: 2.013. Seg loss: 0.147. Total loss: 2.350
2023-05-01 10:00:59,706 INFO Saved checkpoint to: ./logs/onlybdd10k_FT_v0_bs_16_repeat/2023_0430_2317_04/checkpoints/hybridnets-d3_35_22000.pth
2023-05-01 10:01:00,004 INFO Step: 22000. Epoch: 36/50. Iteration: 126/625. Cls loss: 0.198. Reg loss: 2.453. Seg loss: 0.142. Total loss: 2.792
2023-05-01 10:01:55,908 INFO Step: 22100. Epoch: 36/50. Iteration: 226/625. Cls loss: 0.189. Reg loss: 1.838. Seg loss: 0.139. Total loss: 2.166
2023-05-01 10:02:50,420 INFO Step: 22200. Epoch: 36/50. Iteration: 326/625. Cls loss: 0.198. Reg loss: 2.267. Seg loss: 0.109. Total loss: 2.574
2023-05-01 10:03:46,236 INFO Step: 22300. Epoch: 36/50. Iteration: 426/625. Cls loss: 0.169. Reg loss: 1.659. Seg loss: 0.110. Total loss: 1.938
2023-05-01 10:04:40,164 INFO Step: 22400. Epoch: 36/50. Iteration: 526/625. Cls loss: 0.170. Reg loss: 1.920. Seg loss: 0.115. Total loss: 2.206
2023-05-01 10:05:32,163 INFO Saved checkpoint to: ./logs/onlybdd10k_FT_v0_bs_16_repeat/2023_0430_2317_04/checkpoints/hybridnets-d3_35_22500.pth
2023-05-01 10:10:18,200 INFO Epoch 37/50
2023-05-01 10:10:23,586 INFO Step: 22500. Epoch: 37/50. Iteration: 1/625. Cls loss: 0.163. Reg loss: 1.780. Seg loss: 0.114. Total loss: 2.058
2023-05-01 10:11:17,747 INFO Step: 22600. Epoch: 37/50. Iteration: 101/625. Cls loss: 0.159. Reg loss: 1.737. Seg loss: 0.126. Total loss: 2.022
2023-05-01 10:12:12,420 INFO Step: 22700. Epoch: 37/50. Iteration: 201/625. Cls loss: 0.177. Reg loss: 1.848. Seg loss: 0.151. Total loss: 2.176
2023-05-01 10:13:07,188 INFO Step: 22800. Epoch: 37/50. Iteration: 301/625. Cls loss: 0.184. Reg loss: 1.790. Seg loss: 0.103. Total loss: 2.077
2023-05-01 10:14:01,091 INFO Step: 22900. Epoch: 37/50. Iteration: 401/625. Cls loss: 0.182. Reg loss: 2.640. Seg loss: 0.144. Total loss: 2.965
2023-05-01 10:14:56,465 INFO Saved checkpoint to: ./logs/onlybdd10k_FT_v0_bs_16_repeat/2023_0430_2317_04/checkpoints/hybridnets-d3_36_23000.pth
2023-05-01 10:14:56,773 INFO Step: 23000. Epoch: 37/50. Iteration: 501/625. Cls loss: 0.176. Reg loss: 1.897. Seg loss: 0.118. Total loss: 2.190
2023-05-01 10:15:50,470 INFO Step: 23100. Epoch: 37/50. Iteration: 601/625. Cls loss: 0.184. Reg loss: 1.777. Seg loss: 0.154. Total loss: 2.115
2023-05-01 10:20:47,006 INFO Epoch 38/50
2023-05-01 10:21:32,394 INFO Step: 23200. Epoch: 38/50. Iteration: 76/625. Cls loss: 0.176. Reg loss: 2.211. Seg loss: 0.123. Total loss: 2.511
2023-05-01 10:22:26,254 INFO Step: 23300. Epoch: 38/50. Iteration: 176/625. Cls loss: 0.169. Reg loss: 1.506. Seg loss: 0.131. Total loss: 1.806
2023-05-01 10:23:22,942 INFO Step: 23400. Epoch: 38/50. Iteration: 276/625. Cls loss: 0.189. Reg loss: 2.115. Seg loss: 0.144. Total loss: 2.448
2023-05-01 10:24:17,797 INFO Saved checkpoint to: ./logs/onlybdd10k_FT_v0_bs_16_repeat/2023_0430_2317_04/checkpoints/hybridnets-d3_37_23500.pth
2023-05-01 10:24:18,107 INFO Step: 23500. Epoch: 38/50. Iteration: 376/625. Cls loss: 0.181. Reg loss: 1.996. Seg loss: 0.136. Total loss: 2.312
2023-05-01 10:25:12,739 INFO Step: 23600. Epoch: 38/50. Iteration: 476/625. Cls loss: 0.176. Reg loss: 2.183. Seg loss: 0.122. Total loss: 2.481
2023-05-01 10:26:08,886 INFO Step: 23700. Epoch: 38/50. Iteration: 576/625. Cls loss: 0.175. Reg loss: 2.165. Seg loss: 0.138. Total loss: 2.478
2023-05-01 10:31:15,910 INFO Epoch 39/50
2023-05-01 10:31:48,147 INFO Step: 23800. Epoch: 39/50. Iteration: 51/625. Cls loss: 0.208. Reg loss: 2.091. Seg loss: 0.151. Total loss: 2.450
2023-05-01 10:32:42,235 INFO Step: 23900. Epoch: 39/50. Iteration: 151/625. Cls loss: 0.201. Reg loss: 2.206. Seg loss: 0.164. Total loss: 2.571
2023-05-01 10:33:38,732 INFO Saved checkpoint to: ./logs/onlybdd10k_FT_v0_bs_16_repeat/2023_0430_2317_04/checkpoints/hybridnets-d3_38_24000.pth
2023-05-01 10:33:39,050 INFO Step: 24000. Epoch: 39/50. Iteration: 251/625. Cls loss: 0.174. Reg loss: 1.714. Seg loss: 0.157. Total loss: 2.045
2023-05-01 10:34:32,622 INFO Step: 24100. Epoch: 39/50. Iteration: 351/625. Cls loss: 0.154. Reg loss: 1.794. Seg loss: 0.145. Total loss: 2.094
2023-05-01 10:35:28,705 INFO Step: 24200. Epoch: 39/50. Iteration: 451/625. Cls loss: 0.182. Reg loss: 2.989. Seg loss: 0.153. Total loss: 3.324
2023-05-01 10:36:22,157 INFO Step: 24300. Epoch: 39/50. Iteration: 551/625. Cls loss: 0.162. Reg loss: 1.599. Seg loss: 0.174. Total loss: 1.936
2023-05-01 10:41:46,882 INFO Epoch 40/50
2023-05-01 10:42:05,232 INFO Step: 24400. Epoch: 40/50. Iteration: 26/625. Cls loss: 0.176. Reg loss: 2.105. Seg loss: 0.145. Total loss: 2.426
2023-05-01 10:42:59,206 INFO Saved checkpoint to: ./logs/onlybdd10k_FT_v0_bs_16_repeat/2023_0430_2317_04/checkpoints/hybridnets-d3_39_24500.pth
2023-05-01 10:42:59,520 INFO Step: 24500. Epoch: 40/50. Iteration: 126/625. Cls loss: 0.205. Reg loss: 2.272. Seg loss: 0.144. Total loss: 2.621
2023-05-01 10:43:56,220 INFO Step: 24600. Epoch: 40/50. Iteration: 226/625. Cls loss: 0.194. Reg loss: 2.077. Seg loss: 0.128. Total loss: 2.398
2023-05-01 10:44:49,673 INFO Step: 24700. Epoch: 40/50. Iteration: 326/625. Cls loss: 0.184. Reg loss: 2.006. Seg loss: 0.107. Total loss: 2.297
2023-05-01 10:45:44,862 INFO Step: 24800. Epoch: 40/50. Iteration: 426/625. Cls loss: 0.192. Reg loss: 1.854. Seg loss: 0.115. Total loss: 2.160
2023-05-01 10:46:40,506 INFO Step: 24900. Epoch: 40/50. Iteration: 526/625. Cls loss: 0.171. Reg loss: 1.686. Seg loss: 0.108. Total loss: 1.965
2023-05-01 10:47:31,907 INFO Saved checkpoint to: ./logs/onlybdd10k_FT_v0_bs_16_repeat/2023_0430_2317_04/checkpoints/hybridnets-d3_39_25000.pth
2023-05-01 10:52:18,031 INFO Epoch 41/50
2023-05-01 10:52:23,404 INFO Step: 25000. Epoch: 41/50. Iteration: 1/625. Cls loss: 0.179. Reg loss: 1.844. Seg loss: 0.109. Total loss: 2.133
2023-05-01 10:53:17,420 INFO Step: 25100. Epoch: 41/50. Iteration: 101/625. Cls loss: 0.181. Reg loss: 1.936. Seg loss: 0.137. Total loss: 2.254
2023-05-01 10:54:12,715 INFO Step: 25200. Epoch: 41/50. Iteration: 201/625. Cls loss: 0.173. Reg loss: 2.031. Seg loss: 0.162. Total loss: 2.365
2023-05-01 10:55:07,805 INFO Step: 25300. Epoch: 41/50. Iteration: 301/625. Cls loss: 0.260. Reg loss: 1.914. Seg loss: 0.102. Total loss: 2.276
2023-05-01 10:56:02,120 INFO Step: 25400. Epoch: 41/50. Iteration: 401/625. Cls loss: 0.169. Reg loss: 2.519. Seg loss: 0.130. Total loss: 2.818
2023-05-01 10:56:56,673 INFO Saved checkpoint to: ./logs/onlybdd10k_FT_v0_bs_16_repeat/2023_0430_2317_04/checkpoints/hybridnets-d3_40_25500.pth
2023-05-01 10:56:56,977 INFO Step: 25500. Epoch: 41/50. Iteration: 501/625. Cls loss: 0.189. Reg loss: 1.959. Seg loss: 0.120. Total loss: 2.268
2023-05-01 10:57:50,257 INFO Step: 25600. Epoch: 41/50. Iteration: 601/625. Cls loss: 0.195. Reg loss: 1.873. Seg loss: 0.146. Total loss: 2.214
2023-05-01 11:02:48,069 INFO Epoch 42/50
2023-05-01 11:03:33,309 INFO Step: 25700. Epoch: 42/50. Iteration: 76/625. Cls loss: 0.170. Reg loss: 2.029. Seg loss: 0.129. Total loss: 2.328
2023-05-01 11:04:28,533 INFO Step: 25800. Epoch: 42/50. Iteration: 176/625. Cls loss: 0.171. Reg loss: 1.668. Seg loss: 0.138. Total loss: 1.977
2023-05-01 11:05:24,429 INFO Step: 25900. Epoch: 42/50. Iteration: 276/625. Cls loss: 0.181. Reg loss: 2.123. Seg loss: 0.160. Total loss: 2.465
2023-05-01 11:06:18,077 INFO Saved checkpoint to: ./logs/onlybdd10k_FT_v0_bs_16_repeat/2023_0430_2317_04/checkpoints/hybridnets-d3_41_26000.pth
2023-05-01 11:06:18,387 INFO Step: 26000. Epoch: 42/50. Iteration: 376/625. Cls loss: 0.184. Reg loss: 2.116. Seg loss: 0.125. Total loss: 2.424
2023-05-01 11:07:13,699 INFO Step: 26100. Epoch: 42/50. Iteration: 476/625. Cls loss: 0.176. Reg loss: 1.995. Seg loss: 0.117. Total loss: 2.288
2023-05-01 11:08:08,665 INFO Step: 26200. Epoch: 42/50. Iteration: 576/625. Cls loss: 0.176. Reg loss: 2.227. Seg loss: 0.127. Total loss: 2.529
2023-05-01 11:13:19,412 INFO Epoch 43/50
2023-05-01 11:13:50,903 INFO Step: 26300. Epoch: 43/50. Iteration: 51/625. Cls loss: 0.187. Reg loss: 2.369. Seg loss: 0.163. Total loss: 2.718
2023-05-01 11:14:44,425 INFO Step: 26400. Epoch: 43/50. Iteration: 151/625. Cls loss: 0.170. Reg loss: 2.012. Seg loss: 0.145. Total loss: 2.328
2023-05-01 11:15:39,925 INFO Saved checkpoint to: ./logs/onlybdd10k_FT_v0_bs_16_repeat/2023_0430_2317_04/checkpoints/hybridnets-d3_42_26500.pth
2023-05-01 11:15:40,905 INFO Step: 26500. Epoch: 43/50. Iteration: 251/625. Cls loss: 0.168. Reg loss: 1.696. Seg loss: 0.156. Total loss: 2.020
2023-05-01 11:16:35,969 INFO Step: 26600. Epoch: 43/50. Iteration: 351/625. Cls loss: 0.163. Reg loss: 2.182. Seg loss: 0.142. Total loss: 2.486
2023-05-01 11:17:31,273 INFO Step: 26700. Epoch: 43/50. Iteration: 451/625. Cls loss: 0.193. Reg loss: 2.268. Seg loss: 0.156. Total loss: 2.617
2023-05-01 11:18:25,838 INFO Step: 26800. Epoch: 43/50. Iteration: 551/625. Cls loss: 0.166. Reg loss: 1.856. Seg loss: 0.128. Total loss: 2.149
2023-05-01 11:23:49,137 INFO Epoch 44/50
2023-05-01 11:24:07,867 INFO Step: 26900. Epoch: 44/50. Iteration: 26/625. Cls loss: 0.165. Reg loss: 1.903. Seg loss: 0.141. Total loss: 2.209
2023-05-01 11:25:02,026 INFO Saved checkpoint to: ./logs/onlybdd10k_FT_v0_bs_16_repeat/2023_0430_2317_04/checkpoints/hybridnets-d3_43_27000.pth
2023-05-01 11:25:02,336 INFO Step: 27000. Epoch: 44/50. Iteration: 126/625. Cls loss: 0.192. Reg loss: 2.193. Seg loss: 0.157. Total loss: 2.542
2023-05-01 11:25:58,066 INFO Step: 27100. Epoch: 44/50. Iteration: 226/625. Cls loss: 0.184. Reg loss: 1.941. Seg loss: 0.122. Total loss: 2.247
2023-05-01 11:26:52,424 INFO Step: 27200. Epoch: 44/50. Iteration: 326/625. Cls loss: 0.180. Reg loss: 2.075. Seg loss: 0.111. Total loss: 2.366
2023-05-01 11:27:46,911 INFO Step: 27300. Epoch: 44/50. Iteration: 426/625. Cls loss: 0.173. Reg loss: 1.869. Seg loss: 0.102. Total loss: 2.145
2023-05-01 11:28:42,922 INFO Step: 27400. Epoch: 44/50. Iteration: 526/625. Cls loss: 0.182. Reg loss: 1.913. Seg loss: 0.117. Total loss: 2.213
2023-05-01 11:29:34,592 INFO Saved checkpoint to: ./logs/onlybdd10k_FT_v0_bs_16_repeat/2023_0430_2317_04/checkpoints/hybridnets-d3_43_27500.pth
2023-05-01 11:34:21,090 INFO Epoch 45/50
2023-05-01 11:34:26,258 INFO Step: 27500. Epoch: 45/50. Iteration: 1/625. Cls loss: 0.165. Reg loss: 1.692. Seg loss: 0.100. Total loss: 1.958
2023-05-01 11:35:21,654 INFO Step: 27600. Epoch: 45/50. Iteration: 101/625. Cls loss: 0.163. Reg loss: 1.906. Seg loss: 0.128. Total loss: 2.197
2023-05-01 11:36:19,060 INFO Step: 27700. Epoch: 45/50. Iteration: 201/625. Cls loss: 0.177. Reg loss: 1.907. Seg loss: 0.148. Total loss: 2.232
2023-05-01 11:37:15,167 INFO Step: 27800. Epoch: 45/50. Iteration: 301/625. Cls loss: 0.182. Reg loss: 1.832. Seg loss: 0.102. Total loss: 2.116
2023-05-01 11:38:11,797 INFO Step: 27900. Epoch: 45/50. Iteration: 401/625. Cls loss: 0.171. Reg loss: 2.412. Seg loss: 0.135. Total loss: 2.718
2023-05-01 11:39:06,148 INFO Saved checkpoint to: ./logs/onlybdd10k_FT_v0_bs_16_repeat/2023_0430_2317_04/checkpoints/hybridnets-d3_44_28000.pth
2023-05-01 11:39:06,464 INFO Step: 28000. Epoch: 45/50. Iteration: 501/625. Cls loss: 0.185. Reg loss: 1.827. Seg loss: 0.119. Total loss: 2.131
2023-05-01 11:40:02,853 INFO Step: 28100. Epoch: 45/50. Iteration: 601/625. Cls loss: 0.196. Reg loss: 1.973. Seg loss: 0.133. Total loss: 2.302
2023-05-01 11:45:07,754 INFO Epoch 46/50
2023-05-01 11:45:54,852 INFO Step: 28200. Epoch: 46/50. Iteration: 76/625. Cls loss: 0.203. Reg loss: 2.121. Seg loss: 0.133. Total loss: 2.456
2023-05-01 11:46:49,825 INFO Step: 28300. Epoch: 46/50. Iteration: 176/625. Cls loss: 0.160. Reg loss: 1.733. Seg loss: 0.133. Total loss: 2.026
2023-05-01 11:47:47,832 INFO Step: 28400. Epoch: 46/50. Iteration: 276/625. Cls loss: 0.178. Reg loss: 2.091. Seg loss: 0.143. Total loss: 2.412
2023-05-01 11:48:42,783 INFO Saved checkpoint to: ./logs/onlybdd10k_FT_v0_bs_16_repeat/2023_0430_2317_04/checkpoints/hybridnets-d3_45_28500.pth
2023-05-01 11:48:43,094 INFO Step: 28500. Epoch: 46/50. Iteration: 376/625. Cls loss: 0.182. Reg loss: 2.061. Seg loss: 0.123. Total loss: 2.366
2023-05-01 11:49:40,529 INFO Step: 28600. Epoch: 46/50. Iteration: 476/625. Cls loss: 0.177. Reg loss: 1.908. Seg loss: 0.109. Total loss: 2.194
2023-05-01 11:50:36,252 INFO Step: 28700. Epoch: 46/50. Iteration: 576/625. Cls loss: 0.181. Reg loss: 2.181. Seg loss: 0.139. Total loss: 2.501
2023-05-01 11:55:59,565 INFO Epoch 47/50
2023-05-01 11:56:32,576 INFO Step: 28800. Epoch: 47/50. Iteration: 51/625. Cls loss: 0.190. Reg loss: 2.343. Seg loss: 0.170. Total loss: 2.703
2023-05-01 11:57:28,090 INFO Step: 28900. Epoch: 47/50. Iteration: 151/625. Cls loss: 0.196. Reg loss: 2.069. Seg loss: 0.146. Total loss: 2.412
2023-05-01 11:58:24,306 INFO Saved checkpoint to: ./logs/onlybdd10k_FT_v0_bs_16_repeat/2023_0430_2317_04/checkpoints/hybridnets-d3_46_29000.pth
2023-05-01 11:58:25,818 INFO Step: 29000. Epoch: 47/50. Iteration: 251/625. Cls loss: 0.180. Reg loss: 1.888. Seg loss: 0.152. Total loss: 2.219
2023-05-01 11:59:21,540 INFO Step: 29100. Epoch: 47/50. Iteration: 351/625. Cls loss: 0.184. Reg loss: 1.835. Seg loss: 0.151. Total loss: 2.170
2023-05-01 12:00:18,760 INFO Step: 29200. Epoch: 47/50. Iteration: 451/625. Cls loss: 0.204. Reg loss: 2.139. Seg loss: 0.136. Total loss: 2.479
2023-05-01 12:01:15,843 INFO Step: 29300. Epoch: 47/50. Iteration: 551/625. Cls loss: 0.164. Reg loss: 1.707. Seg loss: 0.156. Total loss: 2.027
2023-05-01 12:06:49,372 INFO Epoch 48/50
2023-05-01 12:07:08,450 INFO Step: 29400. Epoch: 48/50. Iteration: 26/625. Cls loss: 0.198. Reg loss: 1.705. Seg loss: 0.122. Total loss: 2.025
2023-05-01 12:08:04,288 INFO Saved checkpoint to: ./logs/onlybdd10k_FT_v0_bs_16_repeat/2023_0430_2317_04/checkpoints/hybridnets-d3_47_29500.pth
2023-05-01 12:08:04,587 INFO Step: 29500. Epoch: 48/50. Iteration: 126/625. Cls loss: 0.184. Reg loss: 2.428. Seg loss: 0.146. Total loss: 2.759
2023-05-01 12:09:00,032 INFO Step: 29600. Epoch: 48/50. Iteration: 226/625. Cls loss: 0.188. Reg loss: 2.054. Seg loss: 0.126. Total loss: 2.369
2023-05-01 12:09:57,103 INFO Step: 29700. Epoch: 48/50. Iteration: 326/625. Cls loss: 0.184. Reg loss: 2.239. Seg loss: 0.104. Total loss: 2.527
2023-05-01 12:10:52,595 INFO Step: 29800. Epoch: 48/50. Iteration: 426/625. Cls loss: 0.175. Reg loss: 1.949. Seg loss: 0.101. Total loss: 2.225
2023-05-01 12:11:49,591 INFO Step: 29900. Epoch: 48/50. Iteration: 526/625. Cls loss: 0.152. Reg loss: 1.889. Seg loss: 0.101. Total loss: 2.142
2023-05-01 12:12:43,232 INFO Saved checkpoint to: ./logs/onlybdd10k_FT_v0_bs_16_repeat/2023_0430_2317_04/checkpoints/hybridnets-d3_47_30000.pth
2023-05-01 12:17:35,144 INFO Epoch 49/50
2023-05-01 12:17:40,641 INFO Step: 30000. Epoch: 49/50. Iteration: 1/625. Cls loss: 0.168. Reg loss: 1.794. Seg loss: 0.104. Total loss: 2.066
2023-05-01 12:18:34,496 INFO Step: 30100. Epoch: 49/50. Iteration: 101/625. Cls loss: 0.162. Reg loss: 1.829. Seg loss: 0.120. Total loss: 2.111
2023-05-01 12:19:30,933 INFO Step: 30200. Epoch: 49/50. Iteration: 201/625. Cls loss: 0.172. Reg loss: 1.685. Seg loss: 0.139. Total loss: 1.996
2023-05-01 12:20:26,098 INFO Step: 30300. Epoch: 49/50. Iteration: 301/625. Cls loss: 0.188. Reg loss: 2.180. Seg loss: 0.105. Total loss: 2.473
2023-05-01 12:21:22,615 INFO Step: 30400. Epoch: 49/50. Iteration: 401/625. Cls loss: 0.179. Reg loss: 2.439. Seg loss: 0.117. Total loss: 2.735
2023-05-01 12:22:17,515 INFO Saved checkpoint to: ./logs/onlybdd10k_FT_v0_bs_16_repeat/2023_0430_2317_04/checkpoints/hybridnets-d3_48_30500.pth
2023-05-01 12:22:17,829 INFO Step: 30500. Epoch: 49/50. Iteration: 501/625. Cls loss: 0.173. Reg loss: 1.790. Seg loss: 0.118. Total loss: 2.081
2023-05-01 12:23:14,589 INFO Step: 30600. Epoch: 49/50. Iteration: 601/625. Cls loss: 0.201. Reg loss: 1.786. Seg loss: 0.140. Total loss: 2.127
2023-05-01 12:28:13,529 INFO Epoch 50/50
2023-05-01 12:28:59,501 INFO Step: 30700. Epoch: 50/50. Iteration: 76/625. Cls loss: 0.181. Reg loss: 2.065. Seg loss: 0.126. Total loss: 2.373
2023-05-01 12:29:54,571 INFO Step: 30800. Epoch: 50/50. Iteration: 176/625. Cls loss: 0.187. Reg loss: 1.845. Seg loss: 0.132. Total loss: 2.165
2023-05-01 12:30:50,749 INFO Step: 30900. Epoch: 50/50. Iteration: 276/625. Cls loss: 0.175. Reg loss: 1.982. Seg loss: 0.129. Total loss: 2.286
2023-05-01 12:31:45,571 INFO Saved checkpoint to: ./logs/onlybdd10k_FT_v0_bs_16_repeat/2023_0430_2317_04/checkpoints/hybridnets-d3_49_31000.pth
2023-05-01 12:31:45,889 INFO Step: 31000. Epoch: 50/50. Iteration: 376/625. Cls loss: 0.199. Reg loss: 2.145. Seg loss: 0.126. Total loss: 2.470
2023-05-01 12:32:41,902 INFO Step: 31100. Epoch: 50/50. Iteration: 476/625. Cls loss: 0.180. Reg loss: 1.647. Seg loss: 0.115. Total loss: 1.942
2023-05-01 12:33:36,990 INFO Step: 31200. Epoch: 50/50. Iteration: 576/625. Cls loss: 0.180. Reg loss: 2.089. Seg loss: 0.124. Total loss: 2.393
