2023-05-04 22:24:32,974 INFO Loading train dataset
2023-05-04 22:24:32,975 INFO Using paths list file: /mnt/raid/home/eyal_michaeli/datasets/bdd/file_paths_txt/10.0k_images_duplicated_bus_3.txt
2023-05-04 22:24:32,984 INFO Number of avaliable images: 13801
2023-05-04 22:24:32,987 INFO building database...
2023-05-04 22:24:35,664 INFO database build finish
2023-05-04 22:24:35,664 INFO Not using MUNIT output
2023-05-04 22:24:35,664 INFO Loading validation dataset
2023-05-04 22:24:35,694 INFO Number of avaliable images: 10000
2023-05-04 22:24:35,695 WARNING Using 3300 images
2023-05-04 22:24:35,695 INFO building database...
2023-05-04 22:24:36,335 INFO database build finish
2023-05-04 22:24:36,335 INFO Not using MUNIT output
2023-05-04 22:24:39,293 INFO [Warning] Ignoring Error(s) in loading state_dict for HybridNetsBackbone:
	size mismatch for classifier.header.pointwise_conv.conv.weight: copying a param with shape torch.Size([9, 160, 1, 1]) from checkpoint, the shape in current model is torch.Size([36, 160, 1, 1]).
	size mismatch for classifier.header.pointwise_conv.conv.bias: copying a param with shape torch.Size([9]) from checkpoint, the shape in current model is torch.Size([36]).
2023-05-04 22:24:39,293 INFO [Warning] Don't panic if you see this, this might be because you load a pretrained weights with different number of classes. The rest of the weights should be loaded already.
2023-05-04 22:24:39,293 INFO [Info] Successfully!!!
2023-05-04 22:24:39,399 INFO Epoch 1/50
2023-05-04 22:26:09,177 INFO Step: 100. Epoch: 1/50. Iteration: 101/863. Cls loss: 593.860. Reg loss: 2.522. Seg loss: 2.229. Total loss: 598.611
2023-05-04 22:28:33,203 INFO Step: 200. Epoch: 1/50. Iteration: 201/863. Cls loss: 1412.924. Reg loss: 2.648. Seg loss: 1.601. Total loss: 1417.174
2023-05-04 22:31:36,654 INFO Step: 300. Epoch: 1/50. Iteration: 301/863. Cls loss: 915.044. Reg loss: 3.072. Seg loss: 1.859. Total loss: 919.976
2023-05-04 22:34:50,409 INFO Step: 400. Epoch: 1/50. Iteration: 401/863. Cls loss: 703.045. Reg loss: 2.672. Seg loss: 2.044. Total loss: 707.761
2023-05-04 22:37:52,675 INFO Saved checkpoint to: ./logs/onlybdd10k_FT_v0_bs_16_duplicated_bus_3/2023_0504_2224_32/checkpoints/hybridnets-d3_0_500.pth
2023-05-04 22:37:53,169 INFO Step: 500. Epoch: 1/50. Iteration: 501/863. Cls loss: 2229.187. Reg loss: 2.714. Seg loss: 1.555. Total loss: 2233.456
2023-05-04 22:41:05,568 INFO Step: 600. Epoch: 1/50. Iteration: 601/863. Cls loss: 697.534. Reg loss: 3.282. Seg loss: 1.841. Total loss: 702.657
2023-05-04 22:44:08,072 INFO Step: 700. Epoch: 1/50. Iteration: 701/863. Cls loss: 805.147. Reg loss: 3.028. Seg loss: 1.443. Total loss: 809.619
2023-05-04 22:47:17,567 INFO Step: 800. Epoch: 1/50. Iteration: 801/863. Cls loss: 1295.908. Reg loss: 2.108. Seg loss: 1.597. Total loss: 1299.613
2023-05-04 22:49:04,703 INFO Validating...
2023-05-04 22:53:31,256 INFO Val. Epoch: 1/50. Classification loss: 1120.78723. Regression loss: 2.90975. Segmentation loss: 1.77238. Total loss: 1125.46936
2023-05-04 22:53:31,425 INFO Epoch 2/50
2023-05-04 22:54:32,434 INFO Step: 900. Epoch: 2/50. Iteration: 38/863. Cls loss: 596.489. Reg loss: 3.011. Seg loss: 1.195. Total loss: 600.696
2023-05-04 22:56:59,256 INFO Saved checkpoint to: ./logs/onlybdd10k_FT_v0_bs_16_duplicated_bus_3/2023_0504_2224_32/checkpoints/hybridnets-d3_1_1000.pth
2023-05-04 22:56:59,743 INFO Step: 1000. Epoch: 2/50. Iteration: 138/863. Cls loss: 676.763. Reg loss: 2.237. Seg loss: 1.302. Total loss: 680.302
2023-05-04 22:59:22,989 INFO Step: 1100. Epoch: 2/50. Iteration: 238/863. Cls loss: 1436.450. Reg loss: 3.760. Seg loss: 1.353. Total loss: 1441.563
2023-05-04 23:01:44,040 INFO Step: 1200. Epoch: 2/50. Iteration: 338/863. Cls loss: 436.554. Reg loss: 2.646. Seg loss: 1.204. Total loss: 440.404
2023-05-04 23:04:02,914 INFO Step: 1300. Epoch: 2/50. Iteration: 438/863. Cls loss: 1197.429. Reg loss: 1.994. Seg loss: 1.827. Total loss: 1201.250
2023-05-04 23:06:57,649 INFO Step: 1400. Epoch: 2/50. Iteration: 538/863. Cls loss: 1713.714. Reg loss: 1.814. Seg loss: 1.149. Total loss: 1716.677
2023-05-04 23:09:58,734 INFO Saved checkpoint to: ./logs/onlybdd10k_FT_v0_bs_16_duplicated_bus_3/2023_0504_2224_32/checkpoints/hybridnets-d3_1_1500.pth
2023-05-04 23:10:11,150 INFO Step: 1500. Epoch: 2/50. Iteration: 638/863. Cls loss: 755.017. Reg loss: 2.093. Seg loss: 1.905. Total loss: 759.015
2023-05-04 23:13:13,158 INFO Step: 1600. Epoch: 2/50. Iteration: 738/863. Cls loss: 538.024. Reg loss: 2.760. Seg loss: 1.280. Total loss: 542.064
2023-05-04 23:16:30,763 INFO Step: 1700. Epoch: 2/50. Iteration: 838/863. Cls loss: 862.328. Reg loss: 2.592. Seg loss: 2.091. Total loss: 867.011
2023-05-04 23:17:09,288 INFO Validating...
2023-05-04 23:23:01,677 INFO Val. Epoch: 2/50. Classification loss: 1082.95364. Regression loss: 2.93326. Segmentation loss: 1.51241. Total loss: 1087.39932
2023-05-04 23:23:01,931 INFO Epoch 3/50
2023-05-04 23:25:23,264 INFO Step: 1800. Epoch: 3/50. Iteration: 75/863. Cls loss: 860.494. Reg loss: 2.273. Seg loss: 1.386. Total loss: 864.153
2023-05-04 23:27:42,494 INFO Step: 1900. Epoch: 3/50. Iteration: 175/863. Cls loss: 640.515. Reg loss: 2.278. Seg loss: 1.094. Total loss: 643.887
2023-05-04 23:29:59,528 INFO Saved checkpoint to: ./logs/onlybdd10k_FT_v0_bs_16_duplicated_bus_3/2023_0504_2224_32/checkpoints/hybridnets-d3_2_2000.pth
2023-05-04 23:30:00,155 INFO Step: 2000. Epoch: 3/50. Iteration: 275/863. Cls loss: 710.089. Reg loss: 1.432. Seg loss: 1.308. Total loss: 712.828
2023-05-04 23:32:13,802 INFO Step: 2100. Epoch: 3/50. Iteration: 375/863. Cls loss: 610.094. Reg loss: 3.071. Seg loss: 1.330. Total loss: 614.494
2023-05-04 23:34:34,749 INFO Step: 2200. Epoch: 3/50. Iteration: 475/863. Cls loss: 659.033. Reg loss: 2.861. Seg loss: 1.172. Total loss: 663.066
2023-05-04 23:36:53,146 INFO Step: 2300. Epoch: 3/50. Iteration: 575/863. Cls loss: 1071.146. Reg loss: 2.543. Seg loss: 0.910. Total loss: 1074.599
2023-05-04 23:39:18,339 INFO Step: 2400. Epoch: 3/50. Iteration: 675/863. Cls loss: 461.252. Reg loss: 2.998. Seg loss: 0.865. Total loss: 465.115
2023-05-04 23:42:18,616 INFO Saved checkpoint to: ./logs/onlybdd10k_FT_v0_bs_16_duplicated_bus_3/2023_0504_2224_32/checkpoints/hybridnets-d3_2_2500.pth
2023-05-04 23:42:19,068 INFO Step: 2500. Epoch: 3/50. Iteration: 775/863. Cls loss: 992.486. Reg loss: 2.728. Seg loss: 1.097. Total loss: 996.311
2023-05-04 23:45:02,155 INFO Validating...
2023-05-04 23:50:47,639 INFO Val. Epoch: 3/50. Classification loss: 1044.83758. Regression loss: 2.92989. Segmentation loss: 1.31422. Total loss: 1049.08169
2023-05-04 23:50:47,928 INFO Epoch 4/50
2023-05-04 23:51:20,913 INFO Step: 2600. Epoch: 4/50. Iteration: 12/863. Cls loss: 1122.922. Reg loss: 2.029. Seg loss: 1.019. Total loss: 1125.971
2023-05-04 23:54:16,294 INFO Step: 2700. Epoch: 4/50. Iteration: 112/863. Cls loss: 2260.669. Reg loss: 2.413. Seg loss: 0.888. Total loss: 2263.970
2023-05-04 23:57:21,021 INFO Step: 2800. Epoch: 4/50. Iteration: 212/863. Cls loss: 724.955. Reg loss: 2.036. Seg loss: 1.162. Total loss: 728.153
2023-05-05 00:00:11,292 INFO Step: 2900. Epoch: 4/50. Iteration: 312/863. Cls loss: 788.183. Reg loss: 1.914. Seg loss: 0.753. Total loss: 790.850
2023-05-05 00:02:37,840 INFO Saved checkpoint to: ./logs/onlybdd10k_FT_v0_bs_16_duplicated_bus_3/2023_0504_2224_32/checkpoints/hybridnets-d3_3_3000.pth
2023-05-05 00:02:38,151 INFO Step: 3000. Epoch: 4/50. Iteration: 412/863. Cls loss: 609.306. Reg loss: 2.221. Seg loss: 0.819. Total loss: 612.346
2023-05-05 00:04:56,124 INFO Step: 3100. Epoch: 4/50. Iteration: 512/863. Cls loss: 621.818. Reg loss: 2.042. Seg loss: 1.430. Total loss: 625.290
2023-05-05 00:07:24,119 INFO Step: 3200. Epoch: 4/50. Iteration: 612/863. Cls loss: 805.487. Reg loss: 2.517. Seg loss: 1.004. Total loss: 809.008
2023-05-05 00:09:42,732 INFO Step: 3300. Epoch: 4/50. Iteration: 712/863. Cls loss: 409.767. Reg loss: 2.661. Seg loss: 0.518. Total loss: 412.946
2023-05-05 00:12:06,190 INFO Step: 3400. Epoch: 4/50. Iteration: 812/863. Cls loss: 919.897. Reg loss: 2.765. Seg loss: 0.851. Total loss: 923.512
2023-05-05 00:13:04,100 INFO Validating...
2023-05-05 00:18:26,807 INFO Val. Epoch: 4/50. Classification loss: 1002.85059. Regression loss: 2.91831. Segmentation loss: 1.16696. Total loss: 1006.93586
2023-05-05 00:18:27,073 INFO Epoch 5/50
2023-05-05 00:20:02,637 INFO Saved checkpoint to: ./logs/onlybdd10k_FT_v0_bs_16_duplicated_bus_3/2023_0504_2224_32/checkpoints/hybridnets-d3_4_3500.pth
2023-05-05 00:20:14,437 INFO Step: 3500. Epoch: 5/50. Iteration: 49/863. Cls loss: 868.888. Reg loss: 2.587. Seg loss: 1.028. Total loss: 872.503
2023-05-05 00:23:14,196 INFO Step: 3600. Epoch: 5/50. Iteration: 149/863. Cls loss: 1772.615. Reg loss: 2.418. Seg loss: 0.861. Total loss: 1775.894
2023-05-05 00:26:26,957 INFO Step: 3700. Epoch: 5/50. Iteration: 249/863. Cls loss: 2819.930. Reg loss: 2.229. Seg loss: 0.897. Total loss: 2823.055
2023-05-05 00:29:27,309 INFO Step: 3800. Epoch: 5/50. Iteration: 349/863. Cls loss: 434.764. Reg loss: 3.723. Seg loss: 0.939. Total loss: 439.425
2023-05-05 00:32:38,062 INFO Step: 3900. Epoch: 5/50. Iteration: 449/863. Cls loss: 846.683. Reg loss: 2.330. Seg loss: 1.236. Total loss: 850.250
2023-05-05 00:35:26,872 INFO Saved checkpoint to: ./logs/onlybdd10k_FT_v0_bs_16_duplicated_bus_3/2023_0504_2224_32/checkpoints/hybridnets-d3_4_4000.pth
2023-05-05 00:35:27,177 INFO Step: 4000. Epoch: 5/50. Iteration: 549/863. Cls loss: 1684.971. Reg loss: 2.324. Seg loss: 1.049. Total loss: 1688.344
2023-05-05 00:37:42,811 INFO Step: 4100. Epoch: 5/50. Iteration: 649/863. Cls loss: 1046.703. Reg loss: 2.141. Seg loss: 0.780. Total loss: 1049.624
2023-05-05 00:39:56,902 INFO Step: 4200. Epoch: 5/50. Iteration: 749/863. Cls loss: 533.584. Reg loss: 2.729. Seg loss: 0.867. Total loss: 537.179
2023-05-05 00:42:18,509 INFO Step: 4300. Epoch: 5/50. Iteration: 849/863. Cls loss: 881.899. Reg loss: 1.889. Seg loss: 0.983. Total loss: 884.771
2023-05-05 00:42:30,443 INFO Validating...
2023-05-05 00:46:54,776 INFO Val. Epoch: 5/50. Classification loss: 957.21979. Regression loss: 2.91528. Segmentation loss: 1.05957. Total loss: 961.19464
2023-05-05 00:46:55,011 INFO Epoch 6/50
2023-05-05 00:48:54,616 INFO Step: 4400. Epoch: 6/50. Iteration: 86/863. Cls loss: 1858.441. Reg loss: 1.999. Seg loss: 0.722. Total loss: 1861.161
2023-05-05 00:52:03,737 INFO Saved checkpoint to: ./logs/onlybdd10k_FT_v0_bs_16_duplicated_bus_3/2023_0504_2224_32/checkpoints/hybridnets-d3_5_4500.pth
2023-05-05 00:52:05,087 INFO Step: 4500. Epoch: 6/50. Iteration: 186/863. Cls loss: 533.201. Reg loss: 1.590. Seg loss: 0.684. Total loss: 535.475
2023-05-05 00:55:05,043 INFO Step: 4600. Epoch: 6/50. Iteration: 286/863. Cls loss: 1731.758. Reg loss: 2.551. Seg loss: 1.088. Total loss: 1735.397
2023-05-05 00:58:11,416 INFO Step: 4700. Epoch: 6/50. Iteration: 386/863. Cls loss: 475.874. Reg loss: 2.703. Seg loss: 0.681. Total loss: 479.258
2023-05-05 01:01:05,843 INFO Step: 4800. Epoch: 6/50. Iteration: 486/863. Cls loss: 591.591. Reg loss: 2.860. Seg loss: 0.989. Total loss: 595.440
2023-05-05 01:04:11,537 INFO Step: 4900. Epoch: 6/50. Iteration: 586/863. Cls loss: 1663.779. Reg loss: 2.860. Seg loss: 1.021. Total loss: 1667.660
2023-05-05 01:07:11,091 INFO Saved checkpoint to: ./logs/onlybdd10k_FT_v0_bs_16_duplicated_bus_3/2023_0504_2224_32/checkpoints/hybridnets-d3_5_5000.pth
2023-05-05 01:07:11,388 INFO Step: 5000. Epoch: 6/50. Iteration: 686/863. Cls loss: 560.356. Reg loss: 2.355. Seg loss: 0.831. Total loss: 563.541
2023-05-05 01:10:18,978 INFO Step: 5100. Epoch: 6/50. Iteration: 786/863. Cls loss: 1765.998. Reg loss: 1.821. Seg loss: 0.586. Total loss: 1768.405
2023-05-05 01:12:07,532 INFO Validating...
2023-05-05 01:16:30,389 INFO Val. Epoch: 6/50. Classification loss: 909.14173. Regression loss: 2.91846. Segmentation loss: 0.97714. Total loss: 913.03734
2023-05-05 01:16:30,567 INFO Epoch 7/50
2023-05-05 01:17:09,435 INFO Step: 5200. Epoch: 7/50. Iteration: 23/863. Cls loss: 583.095. Reg loss: 1.977. Seg loss: 0.854. Total loss: 585.926
2023-05-05 01:19:26,327 INFO Step: 5300. Epoch: 7/50. Iteration: 123/863. Cls loss: 570.392. Reg loss: 2.523. Seg loss: 0.513. Total loss: 573.428
2023-05-05 01:21:38,889 INFO Step: 5400. Epoch: 7/50. Iteration: 223/863. Cls loss: 572.610. Reg loss: 2.266. Seg loss: 0.807. Total loss: 575.682
2023-05-05 01:23:49,441 INFO Saved checkpoint to: ./logs/onlybdd10k_FT_v0_bs_16_duplicated_bus_3/2023_0504_2224_32/checkpoints/hybridnets-d3_6_5500.pth
2023-05-05 01:23:49,912 INFO Step: 5500. Epoch: 7/50. Iteration: 323/863. Cls loss: 487.853. Reg loss: 2.279. Seg loss: 1.019. Total loss: 491.151
2023-05-05 01:26:38,295 INFO Step: 5600. Epoch: 7/50. Iteration: 423/863. Cls loss: 346.231. Reg loss: 3.458. Seg loss: 0.535. Total loss: 350.225
2023-05-05 01:29:48,774 INFO Step: 5700. Epoch: 7/50. Iteration: 523/863. Cls loss: 630.802. Reg loss: 2.584. Seg loss: 0.751. Total loss: 634.138
2023-05-05 01:32:49,105 INFO Step: 5800. Epoch: 7/50. Iteration: 623/863. Cls loss: 1743.332. Reg loss: 2.375. Seg loss: 1.237. Total loss: 1746.945
2023-05-05 01:36:00,523 INFO Step: 5900. Epoch: 7/50. Iteration: 723/863. Cls loss: 811.438. Reg loss: 2.397. Seg loss: 0.497. Total loss: 814.332
2023-05-05 01:39:02,160 INFO Saved checkpoint to: ./logs/onlybdd10k_FT_v0_bs_16_duplicated_bus_3/2023_0504_2224_32/checkpoints/hybridnets-d3_6_6000.pth
2023-05-05 01:39:02,486 INFO Step: 6000. Epoch: 7/50. Iteration: 823/863. Cls loss: 582.822. Reg loss: 2.328. Seg loss: 0.660. Total loss: 585.810
2023-05-05 01:40:16,136 INFO Validating...
2023-05-05 01:45:45,579 INFO Val. Epoch: 7/50. Classification loss: 866.59795. Regression loss: 2.91741. Segmentation loss: 0.89373. Total loss: 870.40909
2023-05-05 01:45:45,823 INFO Epoch 8/50
2023-05-05 01:47:17,519 INFO Step: 6100. Epoch: 8/50. Iteration: 60/863. Cls loss: 739.594. Reg loss: 2.256. Seg loss: 0.662. Total loss: 742.511
2023-05-05 01:49:30,471 INFO Step: 6200. Epoch: 8/50. Iteration: 160/863. Cls loss: 697.328. Reg loss: 2.144. Seg loss: 0.622. Total loss: 700.094
2023-05-05 01:51:59,318 INFO Step: 6300. Epoch: 8/50. Iteration: 260/863. Cls loss: 512.916. Reg loss: 2.455. Seg loss: 0.537. Total loss: 515.908
2023-05-05 01:54:18,459 INFO Step: 6400. Epoch: 8/50. Iteration: 360/863. Cls loss: 1593.438. Reg loss: 2.133. Seg loss: 0.492. Total loss: 1596.063
2023-05-05 01:56:43,335 INFO Saved checkpoint to: ./logs/onlybdd10k_FT_v0_bs_16_duplicated_bus_3/2023_0504_2224_32/checkpoints/hybridnets-d3_7_6500.pth
2023-05-05 01:56:43,734 INFO Step: 6500. Epoch: 8/50. Iteration: 460/863. Cls loss: 1006.615. Reg loss: 2.967. Seg loss: 0.792. Total loss: 1010.375
2023-05-05 01:58:55,114 INFO Step: 6600. Epoch: 8/50. Iteration: 560/863. Cls loss: 670.209. Reg loss: 2.313. Seg loss: 0.617. Total loss: 673.139
2023-05-05 02:01:52,765 INFO Step: 6700. Epoch: 8/50. Iteration: 660/863. Cls loss: 1858.790. Reg loss: 2.067. Seg loss: 0.534. Total loss: 1861.392
2023-05-05 02:04:47,999 INFO Step: 6800. Epoch: 8/50. Iteration: 760/863. Cls loss: 651.917. Reg loss: 2.200. Seg loss: 0.339. Total loss: 654.456
2023-05-05 02:07:54,046 INFO Step: 6900. Epoch: 8/50. Iteration: 860/863. Cls loss: 745.860. Reg loss: 2.394. Seg loss: 1.009. Total loss: 749.263
2023-05-05 02:07:55,971 INFO Validating...
2023-05-05 02:13:39,745 INFO Val. Epoch: 8/50. Classification loss: 821.19112. Regression loss: 2.91439. Segmentation loss: 0.83091. Total loss: 824.93642
2023-05-05 02:13:39,965 INFO Epoch 9/50
2023-05-05 02:16:44,938 INFO Saved checkpoint to: ./logs/onlybdd10k_FT_v0_bs_16_duplicated_bus_3/2023_0504_2224_32/checkpoints/hybridnets-d3_8_7000.pth
2023-05-05 02:16:56,914 INFO Step: 7000. Epoch: 9/50. Iteration: 97/863. Cls loss: 530.544. Reg loss: 2.182. Seg loss: 0.534. Total loss: 533.259
2023-05-05 02:19:52,144 INFO Step: 7100. Epoch: 9/50. Iteration: 197/863. Cls loss: 2476.707. Reg loss: 1.854. Seg loss: 0.499. Total loss: 2479.060
2023-05-05 02:22:28,919 INFO Step: 7200. Epoch: 9/50. Iteration: 297/863. Cls loss: 752.175. Reg loss: 2.521. Seg loss: 0.591. Total loss: 755.288
2023-05-05 02:24:48,820 INFO Step: 7300. Epoch: 9/50. Iteration: 397/863. Cls loss: 431.116. Reg loss: 2.626. Seg loss: 0.461. Total loss: 434.203
2023-05-05 02:27:08,785 INFO Step: 7400. Epoch: 9/50. Iteration: 497/863. Cls loss: 1812.502. Reg loss: 1.978. Seg loss: 0.677. Total loss: 1815.158
2023-05-05 02:29:23,269 INFO Saved checkpoint to: ./logs/onlybdd10k_FT_v0_bs_16_duplicated_bus_3/2023_0504_2224_32/checkpoints/hybridnets-d3_8_7500.pth
2023-05-05 02:29:23,613 INFO Step: 7500. Epoch: 9/50. Iteration: 597/863. Cls loss: 540.696. Reg loss: 2.255. Seg loss: 0.405. Total loss: 543.356
2023-05-05 02:31:38,706 INFO Step: 7600. Epoch: 9/50. Iteration: 697/863. Cls loss: 373.829. Reg loss: 2.637. Seg loss: 1.424. Total loss: 377.890
2023-05-05 02:33:49,343 INFO Step: 7700. Epoch: 9/50. Iteration: 797/863. Cls loss: 767.185. Reg loss: 2.124. Seg loss: 1.705. Total loss: 771.014
2023-05-05 02:35:48,451 INFO Validating...
2023-05-05 02:41:37,664 INFO Val. Epoch: 9/50. Classification loss: 780.63108. Regression loss: 2.91196. Segmentation loss: 0.77235. Total loss: 784.31539
2023-05-05 02:41:37,955 INFO Epoch 10/50
2023-05-05 02:42:55,387 INFO Step: 7800. Epoch: 10/50. Iteration: 34/863. Cls loss: 413.909. Reg loss: 2.251. Seg loss: 0.591. Total loss: 416.751
2023-05-05 02:45:55,724 INFO Step: 7900. Epoch: 10/50. Iteration: 134/863. Cls loss: 471.390. Reg loss: 2.217. Seg loss: 0.657. Total loss: 474.264
2023-05-05 02:49:07,116 INFO Saved checkpoint to: ./logs/onlybdd10k_FT_v0_bs_16_duplicated_bus_3/2023_0504_2224_32/checkpoints/hybridnets-d3_9_8000.pth
2023-05-05 02:49:07,506 INFO Step: 8000. Epoch: 10/50. Iteration: 234/863. Cls loss: 492.287. Reg loss: 2.342. Seg loss: 0.360. Total loss: 494.989
2023-05-05 02:51:59,130 INFO Step: 8100. Epoch: 10/50. Iteration: 334/863. Cls loss: 1342.205. Reg loss: 1.870. Seg loss: 0.407. Total loss: 1344.483
2023-05-05 02:55:00,442 INFO Step: 8200. Epoch: 10/50. Iteration: 434/863. Cls loss: 1894.600. Reg loss: 2.161. Seg loss: 0.582. Total loss: 1897.343
2023-05-05 02:57:17,944 INFO Step: 8300. Epoch: 10/50. Iteration: 534/863. Cls loss: 706.690. Reg loss: 1.720. Seg loss: 0.527. Total loss: 708.936
2023-05-05 02:59:44,729 INFO Step: 8400. Epoch: 10/50. Iteration: 634/863. Cls loss: 458.198. Reg loss: 2.496. Seg loss: 0.797. Total loss: 461.491
2023-05-05 03:02:04,213 INFO Saved checkpoint to: ./logs/onlybdd10k_FT_v0_bs_16_duplicated_bus_3/2023_0504_2224_32/checkpoints/hybridnets-d3_9_8500.pth
2023-05-05 03:02:04,588 INFO Step: 8500. Epoch: 10/50. Iteration: 734/863. Cls loss: 436.961. Reg loss: 2.901. Seg loss: 0.599. Total loss: 440.461
2023-05-05 03:04:32,635 INFO Step: 8600. Epoch: 10/50. Iteration: 834/863. Cls loss: 665.635. Reg loss: 2.707. Seg loss: 0.585. Total loss: 668.927
2023-05-05 03:05:07,239 INFO Validating...
2023-05-05 03:09:38,447 INFO Val. Epoch: 10/50. Classification loss: 740.20705. Regression loss: 2.90691. Segmentation loss: 0.71802. Total loss: 743.83198
2023-05-05 03:09:38,740 INFO Epoch 11/50
2023-05-05 03:11:52,755 INFO Step: 8700. Epoch: 11/50. Iteration: 71/863. Cls loss: 609.479. Reg loss: 2.428. Seg loss: 0.446. Total loss: 612.352
2023-05-05 03:14:58,547 INFO Step: 8800. Epoch: 11/50. Iteration: 171/863. Cls loss: 838.598. Reg loss: 2.230. Seg loss: 0.531. Total loss: 841.359
2023-05-05 03:17:52,779 INFO Step: 8900. Epoch: 11/50. Iteration: 271/863. Cls loss: 1250.504. Reg loss: 2.556. Seg loss: 0.480. Total loss: 1253.540
2023-05-05 03:21:05,473 INFO Saved checkpoint to: ./logs/onlybdd10k_FT_v0_bs_16_duplicated_bus_3/2023_0504_2224_32/checkpoints/hybridnets-d3_10_9000.pth
2023-05-05 03:21:05,820 INFO Step: 9000. Epoch: 11/50. Iteration: 371/863. Cls loss: 365.194. Reg loss: 3.447. Seg loss: 0.584. Total loss: 369.225
2023-05-05 03:24:07,242 INFO Step: 9100. Epoch: 11/50. Iteration: 471/863. Cls loss: 621.306. Reg loss: 2.276. Seg loss: 0.570. Total loss: 624.151
2023-05-05 03:27:18,404 INFO Step: 9200. Epoch: 11/50. Iteration: 571/863. Cls loss: 486.127. Reg loss: 2.139. Seg loss: 0.604. Total loss: 488.870
2023-05-05 03:30:09,491 INFO Step: 9300. Epoch: 11/50. Iteration: 671/863. Cls loss: 970.749. Reg loss: 2.377. Seg loss: 0.726. Total loss: 973.852
2023-05-05 03:32:36,886 INFO Step: 9400. Epoch: 11/50. Iteration: 771/863. Cls loss: 728.169. Reg loss: 2.553. Seg loss: 0.686. Total loss: 731.408
2023-05-05 04:55:44,357 INFO Validating...
2023-05-05 05:01:26,619 INFO Val. Epoch: 11/50. Classification loss: 701.33714. Regression loss: 2.90614. Segmentation loss: 0.67450. Total loss: 704.91778
2023-05-05 05:01:26,838 INFO Epoch 12/50
2023-05-05 05:01:44,669 INFO Saved checkpoint to: ./logs/onlybdd10k_FT_v0_bs_16_duplicated_bus_3/2023_0504_2224_32/checkpoints/hybridnets-d3_11_9500.pth
2023-05-05 05:01:45,009 INFO Step: 9500. Epoch: 12/50. Iteration: 8/863. Cls loss: 445.141. Reg loss: 2.092. Seg loss: 0.530. Total loss: 447.763
2023-05-05 05:04:19,693 INFO Step: 9600. Epoch: 12/50. Iteration: 108/863. Cls loss: 515.594. Reg loss: 2.908. Seg loss: 0.609. Total loss: 519.111
2023-05-05 05:06:39,022 INFO Step: 9700. Epoch: 12/50. Iteration: 208/863. Cls loss: 545.629. Reg loss: 2.496. Seg loss: 0.500. Total loss: 548.624
2023-05-05 05:09:07,522 INFO Step: 9800. Epoch: 12/50. Iteration: 308/863. Cls loss: 714.783. Reg loss: 2.709. Seg loss: 0.534. Total loss: 718.026
2023-05-05 05:11:26,894 INFO Step: 9900. Epoch: 12/50. Iteration: 408/863. Cls loss: 1271.315. Reg loss: 2.097. Seg loss: 0.417. Total loss: 1273.830
2023-05-05 05:13:52,921 INFO Saved checkpoint to: ./logs/onlybdd10k_FT_v0_bs_16_duplicated_bus_3/2023_0504_2224_32/checkpoints/hybridnets-d3_11_10000.pth
2023-05-05 05:13:53,453 INFO Step: 10000. Epoch: 12/50. Iteration: 508/863. Cls loss: 880.117. Reg loss: 2.426. Seg loss: 0.381. Total loss: 882.924
2023-05-05 05:16:01,209 INFO Step: 10100. Epoch: 12/50. Iteration: 608/863. Cls loss: 562.587. Reg loss: 2.000. Seg loss: 0.448. Total loss: 565.035
2023-05-05 05:19:07,871 INFO Step: 10200. Epoch: 12/50. Iteration: 708/863. Cls loss: 420.195. Reg loss: 2.453. Seg loss: 0.458. Total loss: 423.105
2023-05-05 05:22:08,995 INFO Step: 10300. Epoch: 12/50. Iteration: 808/863. Cls loss: 502.956. Reg loss: 2.178. Seg loss: 0.487. Total loss: 505.621
2023-05-05 05:23:51,236 INFO Validating...
2023-05-05 05:29:41,552 INFO Val. Epoch: 12/50. Classification loss: 666.46286. Regression loss: 2.90716. Segmentation loss: 0.63903. Total loss: 670.00905
2023-05-05 05:29:41,753 INFO Epoch 13/50
2023-05-05 05:31:16,019 INFO Step: 10400. Epoch: 13/50. Iteration: 45/863. Cls loss: 499.848. Reg loss: 2.047. Seg loss: 0.503. Total loss: 502.398
2023-05-05 05:34:15,866 INFO Saved checkpoint to: ./logs/onlybdd10k_FT_v0_bs_16_duplicated_bus_3/2023_0504_2224_32/checkpoints/hybridnets-d3_12_10500.pth
2023-05-05 05:34:26,942 INFO Step: 10500. Epoch: 13/50. Iteration: 145/863. Cls loss: 604.053. Reg loss: 1.659. Seg loss: 0.434. Total loss: 606.146
2023-05-05 05:37:13,320 INFO Step: 10600. Epoch: 13/50. Iteration: 245/863. Cls loss: 670.319. Reg loss: 2.555. Seg loss: 0.641. Total loss: 673.515
2023-05-05 05:39:30,421 INFO Step: 10700. Epoch: 13/50. Iteration: 345/863. Cls loss: 409.717. Reg loss: 2.963. Seg loss: 0.319. Total loss: 412.999
2023-05-05 05:41:44,295 INFO Step: 10800. Epoch: 13/50. Iteration: 445/863. Cls loss: 339.761. Reg loss: 3.316. Seg loss: 0.412. Total loss: 343.489
2023-05-05 05:44:05,578 INFO Step: 10900. Epoch: 13/50. Iteration: 545/863. Cls loss: 668.790. Reg loss: 1.623. Seg loss: 0.585. Total loss: 670.998
2023-05-05 05:46:26,103 INFO Saved checkpoint to: ./logs/onlybdd10k_FT_v0_bs_16_duplicated_bus_3/2023_0504_2224_32/checkpoints/hybridnets-d3_12_11000.pth
2023-05-05 05:46:26,580 INFO Step: 11000. Epoch: 13/50. Iteration: 645/863. Cls loss: 1036.225. Reg loss: 2.117. Seg loss: 0.466. Total loss: 1038.807
2023-05-05 06:32:29,340 INFO Step: 11100. Epoch: 13/50. Iteration: 745/863. Cls loss: 332.886. Reg loss: 2.154. Seg loss: 0.700. Total loss: 335.740
2023-05-05 06:34:54,165 INFO Step: 11200. Epoch: 13/50. Iteration: 845/863. Cls loss: 770.125. Reg loss: 2.229. Seg loss: 0.449. Total loss: 772.803
2023-05-05 06:35:16,427 INFO Validating...
2023-05-05 06:39:41,789 INFO Val. Epoch: 13/50. Classification loss: 630.03421. Regression loss: 2.90431. Segmentation loss: 0.61013. Total loss: 633.54864
2023-05-05 06:39:42,015 INFO Epoch 14/50
2023-05-05 06:42:23,147 INFO Step: 11300. Epoch: 14/50. Iteration: 82/863. Cls loss: 1118.130. Reg loss: 2.011. Seg loss: 0.609. Total loss: 1120.750
2023-05-05 06:45:18,086 INFO Step: 11400. Epoch: 14/50. Iteration: 182/863. Cls loss: 389.152. Reg loss: 3.050. Seg loss: 0.380. Total loss: 392.581
2023-05-05 06:48:23,606 INFO Saved checkpoint to: ./logs/onlybdd10k_FT_v0_bs_16_duplicated_bus_3/2023_0504_2224_32/checkpoints/hybridnets-d3_13_11500.pth
2023-05-05 06:48:24,043 INFO Step: 11500. Epoch: 14/50. Iteration: 282/863. Cls loss: 373.142. Reg loss: 1.889. Seg loss: 0.457. Total loss: 375.488
2023-05-05 06:51:23,146 INFO Step: 11600. Epoch: 14/50. Iteration: 382/863. Cls loss: 352.424. Reg loss: 3.049. Seg loss: 0.491. Total loss: 355.965
2023-05-05 06:54:33,500 INFO Step: 11700. Epoch: 14/50. Iteration: 482/863. Cls loss: 546.619. Reg loss: 2.412. Seg loss: 0.533. Total loss: 549.564
2023-05-05 06:57:31,101 INFO Step: 11800. Epoch: 14/50. Iteration: 582/863. Cls loss: 829.270. Reg loss: 1.675. Seg loss: 0.408. Total loss: 831.353
2023-05-05 07:00:32,301 INFO Step: 11900. Epoch: 14/50. Iteration: 682/863. Cls loss: 341.302. Reg loss: 2.825. Seg loss: 0.435. Total loss: 344.562
2023-05-05 07:02:51,986 INFO Saved checkpoint to: ./logs/onlybdd10k_FT_v0_bs_16_duplicated_bus_3/2023_0504_2224_32/checkpoints/hybridnets-d3_13_12000.pth
2023-05-05 07:02:52,366 INFO Step: 12000. Epoch: 14/50. Iteration: 782/863. Cls loss: 425.917. Reg loss: 2.816. Seg loss: 0.867. Total loss: 429.600
2023-05-05 07:04:43,130 INFO Validating...
2023-05-05 07:08:54,890 INFO Val. Epoch: 14/50. Classification loss: 598.92483. Regression loss: 2.90174. Segmentation loss: 0.57738. Total loss: 602.40394
2023-05-05 07:08:55,145 INFO Epoch 15/50
2023-05-05 07:09:31,405 INFO Step: 12100. Epoch: 15/50. Iteration: 19/863. Cls loss: 429.113. Reg loss: 2.578. Seg loss: 0.541. Total loss: 432.232
2023-05-05 07:11:51,289 INFO Step: 12200. Epoch: 15/50. Iteration: 119/863. Cls loss: 1166.456. Reg loss: 1.784. Seg loss: 0.513. Total loss: 1168.753
2023-05-05 07:14:24,235 INFO Step: 12300. Epoch: 15/50. Iteration: 219/863. Cls loss: 503.296. Reg loss: 1.990. Seg loss: 0.355. Total loss: 505.641
2023-05-05 07:17:24,377 INFO Step: 12400. Epoch: 15/50. Iteration: 319/863. Cls loss: 748.176. Reg loss: 1.700. Seg loss: 0.413. Total loss: 750.289
2023-05-05 07:20:33,985 INFO Saved checkpoint to: ./logs/onlybdd10k_FT_v0_bs_16_duplicated_bus_3/2023_0504_2224_32/checkpoints/hybridnets-d3_14_12500.pth
2023-05-05 07:20:34,365 INFO Step: 12500. Epoch: 15/50. Iteration: 419/863. Cls loss: 408.404. Reg loss: 2.194. Seg loss: 0.477. Total loss: 411.076
2023-05-05 07:23:34,586 INFO Step: 12600. Epoch: 15/50. Iteration: 519/863. Cls loss: 1053.636. Reg loss: 2.491. Seg loss: 0.426. Total loss: 1056.554
2023-05-05 07:26:44,529 INFO Step: 12700. Epoch: 15/50. Iteration: 619/863. Cls loss: 520.920. Reg loss: 2.397. Seg loss: 0.649. Total loss: 523.967
2023-05-05 07:29:34,688 INFO Step: 12800. Epoch: 15/50. Iteration: 719/863. Cls loss: 579.379. Reg loss: 2.573. Seg loss: 0.316. Total loss: 582.268
2023-05-05 07:32:39,111 INFO Step: 12900. Epoch: 15/50. Iteration: 819/863. Cls loss: 1025.152. Reg loss: 1.932. Seg loss: 0.420. Total loss: 1027.504
2023-05-05 07:33:49,096 INFO Validating...
2023-05-05 07:38:23,492 INFO Val. Epoch: 15/50. Classification loss: 567.65672. Regression loss: 2.90113. Segmentation loss: 0.55871. Total loss: 571.11656
2023-05-05 07:38:23,645 INFO Epoch 16/50
2023-05-05 07:39:48,209 INFO Saved checkpoint to: ./logs/onlybdd10k_FT_v0_bs_16_duplicated_bus_3/2023_0504_2224_32/checkpoints/hybridnets-d3_15_13000.pth
2023-05-05 07:39:48,691 INFO Step: 13000. Epoch: 16/50. Iteration: 56/863. Cls loss: 443.070. Reg loss: 1.954. Seg loss: 0.335. Total loss: 445.359
2023-05-05 07:42:15,560 INFO Step: 13100. Epoch: 16/50. Iteration: 156/863. Cls loss: 293.297. Reg loss: 2.079. Seg loss: 0.310. Total loss: 295.686
2023-05-05 07:44:35,636 INFO Step: 13200. Epoch: 16/50. Iteration: 256/863. Cls loss: 646.006. Reg loss: 2.213. Seg loss: 0.373. Total loss: 648.592
2023-05-05 07:46:55,970 INFO Step: 13300. Epoch: 16/50. Iteration: 356/863. Cls loss: 587.046. Reg loss: 2.706. Seg loss: 0.441. Total loss: 590.193
2023-05-05 07:49:37,728 INFO Step: 13400. Epoch: 16/50. Iteration: 456/863. Cls loss: 438.966. Reg loss: 2.270. Seg loss: 0.363. Total loss: 441.599
2023-05-05 07:52:43,175 INFO Saved checkpoint to: ./logs/onlybdd10k_FT_v0_bs_16_duplicated_bus_3/2023_0504_2224_32/checkpoints/hybridnets-d3_15_13500.pth
2023-05-05 07:52:43,592 INFO Step: 13500. Epoch: 16/50. Iteration: 556/863. Cls loss: 384.314. Reg loss: 3.673. Seg loss: 0.507. Total loss: 388.494
2023-05-05 07:55:38,738 INFO Step: 13600. Epoch: 16/50. Iteration: 656/863. Cls loss: 273.375. Reg loss: 2.844. Seg loss: 0.401. Total loss: 276.620
2023-05-05 07:58:52,340 INFO Step: 13700. Epoch: 16/50. Iteration: 756/863. Cls loss: 531.839. Reg loss: 2.075. Seg loss: 0.497. Total loss: 534.411
2023-05-05 08:01:52,608 INFO Step: 13800. Epoch: 16/50. Iteration: 856/863. Cls loss: 373.995. Reg loss: 2.070. Seg loss: 0.429. Total loss: 376.494
2023-05-05 08:02:05,283 INFO Validating...
2023-05-05 08:07:48,287 INFO Val. Epoch: 16/50. Classification loss: 539.97079. Regression loss: 2.89973. Segmentation loss: 0.53905. Total loss: 543.40957
2023-05-05 08:07:48,540 INFO Epoch 17/50
2023-05-05 08:10:17,516 INFO Step: 13900. Epoch: 17/50. Iteration: 93/863. Cls loss: 335.329. Reg loss: 2.838. Seg loss: 0.382. Total loss: 338.549
2023-05-05 08:12:28,894 INFO Saved checkpoint to: ./logs/onlybdd10k_FT_v0_bs_16_duplicated_bus_3/2023_0504_2224_32/checkpoints/hybridnets-d3_16_14000.pth
2023-05-05 08:12:36,744 INFO Step: 14000. Epoch: 17/50. Iteration: 193/863. Cls loss: 426.068. Reg loss: 2.257. Seg loss: 0.365. Total loss: 428.690
2023-05-05 08:14:49,580 INFO Step: 14100. Epoch: 17/50. Iteration: 293/863. Cls loss: 589.633. Reg loss: 2.581. Seg loss: 0.273. Total loss: 592.487
2023-05-05 08:21:29,756 INFO Step: 14200. Epoch: 17/50. Iteration: 393/863. Cls loss: 437.130. Reg loss: 2.387. Seg loss: 0.270. Total loss: 439.787
2023-05-05 08:23:35,839 INFO Step: 14300. Epoch: 17/50. Iteration: 493/863. Cls loss: 322.448. Reg loss: 2.685. Seg loss: 0.491. Total loss: 325.624
2023-05-05 08:25:37,629 INFO Step: 14400. Epoch: 17/50. Iteration: 593/863. Cls loss: 461.868. Reg loss: 2.336. Seg loss: 0.478. Total loss: 464.682
2023-05-05 08:27:41,946 INFO Saved checkpoint to: ./logs/onlybdd10k_FT_v0_bs_16_duplicated_bus_3/2023_0504_2224_32/checkpoints/hybridnets-d3_16_14500.pth
2023-05-05 08:27:43,001 INFO Step: 14500. Epoch: 17/50. Iteration: 693/863. Cls loss: 447.973. Reg loss: 2.840. Seg loss: 0.420. Total loss: 451.233
2023-05-05 08:29:44,674 INFO Step: 14600. Epoch: 17/50. Iteration: 793/863. Cls loss: 416.192. Reg loss: 3.024. Seg loss: 0.296. Total loss: 419.513
2023-05-05 08:31:09,647 INFO Validating...
2023-05-05 08:34:47,829 INFO Val. Epoch: 17/50. Classification loss: 512.66027. Regression loss: 2.90200. Segmentation loss: 0.52413. Total loss: 516.08641
2023-05-05 08:34:48,068 INFO Epoch 18/50
2023-05-05 08:35:30,350 INFO Step: 14700. Epoch: 18/50. Iteration: 30/863. Cls loss: 845.240. Reg loss: 2.248. Seg loss: 0.518. Total loss: 848.006
2023-05-05 08:37:28,533 INFO Step: 14800. Epoch: 18/50. Iteration: 130/863. Cls loss: 302.845. Reg loss: 2.653. Seg loss: 0.435. Total loss: 305.933
2023-05-05 08:39:29,599 INFO Step: 14900. Epoch: 18/50. Iteration: 230/863. Cls loss: 470.826. Reg loss: 2.146. Seg loss: 0.448. Total loss: 473.421
2023-05-05 08:41:35,939 INFO Saved checkpoint to: ./logs/onlybdd10k_FT_v0_bs_16_duplicated_bus_3/2023_0504_2224_32/checkpoints/hybridnets-d3_17_15000.pth
2023-05-05 08:41:36,314 INFO Step: 15000. Epoch: 18/50. Iteration: 330/863. Cls loss: 470.500. Reg loss: 2.330. Seg loss: 0.252. Total loss: 473.082
2023-05-05 08:43:37,023 INFO Step: 15100. Epoch: 18/50. Iteration: 430/863. Cls loss: 679.988. Reg loss: 1.958. Seg loss: 0.390. Total loss: 682.336
2023-05-05 08:45:43,672 INFO Step: 15200. Epoch: 18/50. Iteration: 530/863. Cls loss: 899.730. Reg loss: 2.003. Seg loss: 0.480. Total loss: 902.212
2023-05-05 08:47:43,617 INFO Step: 15300. Epoch: 18/50. Iteration: 630/863. Cls loss: 884.338. Reg loss: 1.595. Seg loss: 0.426. Total loss: 886.359
2023-05-05 08:49:49,095 INFO Step: 15400. Epoch: 18/50. Iteration: 730/863. Cls loss: 388.339. Reg loss: 2.610. Seg loss: 0.797. Total loss: 391.746
2023-05-05 08:51:40,812 INFO Saved checkpoint to: ./logs/onlybdd10k_FT_v0_bs_16_duplicated_bus_3/2023_0504_2224_32/checkpoints/hybridnets-d3_17_15500.pth
2023-05-05 08:51:41,272 INFO Step: 15500. Epoch: 18/50. Iteration: 830/863. Cls loss: 270.189. Reg loss: 3.143. Seg loss: 0.448. Total loss: 273.779
2023-05-05 08:52:17,323 INFO Validating...
2023-05-05 08:55:58,180 INFO Val. Epoch: 18/50. Classification loss: 486.86154. Regression loss: 2.89565. Segmentation loss: 0.50856. Total loss: 490.26575
2023-05-05 08:55:58,417 INFO Epoch 19/50
2023-05-05 08:57:30,710 INFO Step: 15600. Epoch: 19/50. Iteration: 67/863. Cls loss: 457.333. Reg loss: 2.364. Seg loss: 0.514. Total loss: 460.211
2023-05-05 08:59:31,020 INFO Step: 15700. Epoch: 19/50. Iteration: 167/863. Cls loss: 286.299. Reg loss: 3.555. Seg loss: 0.376. Total loss: 290.230
2023-05-05 09:01:37,638 INFO Step: 15800. Epoch: 19/50. Iteration: 267/863. Cls loss: 329.653. Reg loss: 2.756. Seg loss: 0.464. Total loss: 332.873
2023-05-05 09:03:37,963 INFO Step: 15900. Epoch: 19/50. Iteration: 367/863. Cls loss: 655.574. Reg loss: 1.609. Seg loss: 0.604. Total loss: 657.787
2023-05-05 09:05:44,720 INFO Saved checkpoint to: ./logs/onlybdd10k_FT_v0_bs_16_duplicated_bus_3/2023_0504_2224_32/checkpoints/hybridnets-d3_18_16000.pth
2023-05-05 09:05:45,173 INFO Step: 16000. Epoch: 19/50. Iteration: 467/863. Cls loss: 1058.246. Reg loss: 2.153. Seg loss: 0.370. Total loss: 1060.770
2023-05-05 09:07:35,297 INFO Step: 16100. Epoch: 19/50. Iteration: 567/863. Cls loss: 713.528. Reg loss: 2.163. Seg loss: 0.304. Total loss: 715.995
2023-05-05 09:09:37,483 INFO Step: 16200. Epoch: 19/50. Iteration: 667/863. Cls loss: 445.162. Reg loss: 2.051. Seg loss: 0.295. Total loss: 447.508
2023-05-05 09:11:32,288 INFO Step: 16300. Epoch: 19/50. Iteration: 767/863. Cls loss: 557.461. Reg loss: 3.105. Seg loss: 0.307. Total loss: 560.873
2023-05-05 09:13:29,123 INFO Validating...
2023-05-05 09:17:18,563 INFO Val. Epoch: 19/50. Classification loss: 462.47624. Regression loss: 2.89441. Segmentation loss: 0.49876. Total loss: 465.86941
2023-05-05 09:17:18,860 INFO Epoch 20/50
2023-05-05 09:17:32,420 INFO Step: 16400. Epoch: 20/50. Iteration: 4/863. Cls loss: 849.388. Reg loss: 1.849. Seg loss: 0.290. Total loss: 851.528
2023-05-05 09:19:32,684 INFO Saved checkpoint to: ./logs/onlybdd10k_FT_v0_bs_16_duplicated_bus_3/2023_0504_2224_32/checkpoints/hybridnets-d3_19_16500.pth
2023-05-05 09:19:33,088 INFO Step: 16500. Epoch: 20/50. Iteration: 104/863. Cls loss: 380.844. Reg loss: 1.962. Seg loss: 0.293. Total loss: 383.099
2023-05-05 09:21:39,427 INFO Step: 16600. Epoch: 20/50. Iteration: 204/863. Cls loss: 378.789. Reg loss: 2.347. Seg loss: 0.274. Total loss: 381.411
2023-05-05 09:23:32,720 INFO Step: 16700. Epoch: 20/50. Iteration: 304/863. Cls loss: 236.362. Reg loss: 2.609. Seg loss: 0.457. Total loss: 239.428
2023-05-05 09:25:35,188 INFO Step: 16800. Epoch: 20/50. Iteration: 404/863. Cls loss: 289.010. Reg loss: 2.080. Seg loss: 0.265. Total loss: 291.354
2023-05-05 09:27:27,768 INFO Step: 16900. Epoch: 20/50. Iteration: 504/863. Cls loss: 641.556. Reg loss: 2.137. Seg loss: 0.363. Total loss: 644.055
2023-05-05 09:29:34,295 INFO Saved checkpoint to: ./logs/onlybdd10k_FT_v0_bs_16_duplicated_bus_3/2023_0504_2224_32/checkpoints/hybridnets-d3_19_17000.pth
2023-05-05 09:29:35,381 INFO Step: 17000. Epoch: 20/50. Iteration: 604/863. Cls loss: 538.936. Reg loss: 1.939. Seg loss: 0.382. Total loss: 541.257
2023-05-05 09:31:35,446 INFO Step: 17100. Epoch: 20/50. Iteration: 704/863. Cls loss: 321.746. Reg loss: 2.206. Seg loss: 0.429. Total loss: 324.381
2023-05-05 09:33:43,301 INFO Step: 17200. Epoch: 20/50. Iteration: 804/863. Cls loss: 337.438. Reg loss: 2.518. Seg loss: 0.346. Total loss: 340.302
2023-05-05 09:34:52,423 INFO Validating...
2023-05-05 09:38:41,704 INFO Val. Epoch: 20/50. Classification loss: 442.31013. Regression loss: 2.89621. Segmentation loss: 0.48204. Total loss: 445.68838
2023-05-05 09:38:41,954 INFO Epoch 21/50
2023-05-05 09:39:42,616 INFO Step: 17300. Epoch: 21/50. Iteration: 41/863. Cls loss: 707.282. Reg loss: 2.013. Seg loss: 0.238. Total loss: 709.533
2023-05-05 09:41:33,821 INFO Step: 17400. Epoch: 21/50. Iteration: 141/863. Cls loss: 477.113. Reg loss: 2.788. Seg loss: 0.344. Total loss: 480.246
2023-05-05 09:43:29,369 INFO Saved checkpoint to: ./logs/onlybdd10k_FT_v0_bs_16_duplicated_bus_3/2023_0504_2224_32/checkpoints/hybridnets-d3_20_17500.pth
2023-05-05 09:43:35,331 INFO Step: 17500. Epoch: 21/50. Iteration: 241/863. Cls loss: 1163.951. Reg loss: 2.269. Seg loss: 0.292. Total loss: 1166.512
2023-05-05 09:45:33,828 INFO Step: 17600. Epoch: 21/50. Iteration: 341/863. Cls loss: 359.046. Reg loss: 2.167. Seg loss: 0.275. Total loss: 361.488
2023-05-05 09:47:40,829 INFO Step: 17700. Epoch: 21/50. Iteration: 441/863. Cls loss: 346.523. Reg loss: 2.592. Seg loss: 0.314. Total loss: 349.430
2023-05-05 09:49:42,267 INFO Step: 17800. Epoch: 21/50. Iteration: 541/863. Cls loss: 553.168. Reg loss: 2.654. Seg loss: 0.419. Total loss: 556.241
2023-05-05 09:51:48,351 INFO Step: 17900. Epoch: 21/50. Iteration: 641/863. Cls loss: 386.639. Reg loss: 2.396. Seg loss: 0.229. Total loss: 389.264
2023-05-05 09:53:51,351 INFO Saved checkpoint to: ./logs/onlybdd10k_FT_v0_bs_16_duplicated_bus_3/2023_0504_2224_32/checkpoints/hybridnets-d3_20_18000.pth
2023-05-05 09:53:51,701 INFO Step: 18000. Epoch: 21/50. Iteration: 741/863. Cls loss: 275.699. Reg loss: 2.759. Seg loss: 0.243. Total loss: 278.701
2023-05-05 09:55:58,810 INFO Step: 18100. Epoch: 21/50. Iteration: 841/863. Cls loss: 296.824. Reg loss: 2.103. Seg loss: 0.244. Total loss: 299.172
2023-05-05 09:56:20,127 INFO Validating...
2023-05-05 09:59:53,585 INFO Val. Epoch: 21/50. Classification loss: 420.51975. Regression loss: 2.89239. Segmentation loss: 0.46937. Total loss: 423.88151
2023-05-05 09:59:53,875 INFO Epoch 22/50
2023-05-05 10:01:34,326 INFO Step: 18200. Epoch: 22/50. Iteration: 78/863. Cls loss: 412.666. Reg loss: 1.874. Seg loss: 0.456. Total loss: 414.996
2023-05-05 10:03:41,437 INFO Step: 18300. Epoch: 22/50. Iteration: 178/863. Cls loss: 495.780. Reg loss: 2.431. Seg loss: 0.425. Total loss: 498.636
2023-05-05 10:05:42,430 INFO Step: 18400. Epoch: 22/50. Iteration: 278/863. Cls loss: 220.243. Reg loss: 2.993. Seg loss: 0.252. Total loss: 223.488
2023-05-05 10:07:49,104 INFO Saved checkpoint to: ./logs/onlybdd10k_FT_v0_bs_16_duplicated_bus_3/2023_0504_2224_32/checkpoints/hybridnets-d3_21_18500.pth
2023-05-05 10:07:50,050 INFO Step: 18500. Epoch: 22/50. Iteration: 378/863. Cls loss: 463.715. Reg loss: 2.582. Seg loss: 0.316. Total loss: 466.612
2023-05-05 10:09:50,872 INFO Step: 18600. Epoch: 22/50. Iteration: 478/863. Cls loss: 677.279. Reg loss: 2.511. Seg loss: 0.232. Total loss: 680.021
2023-05-05 10:11:58,334 INFO Step: 18700. Epoch: 22/50. Iteration: 578/863. Cls loss: 355.770. Reg loss: 2.398. Seg loss: 0.303. Total loss: 358.470
2023-05-05 10:13:52,526 INFO Step: 18800. Epoch: 22/50. Iteration: 678/863. Cls loss: 262.076. Reg loss: 2.375. Seg loss: 0.228. Total loss: 264.680
2023-05-05 10:15:54,834 INFO Step: 18900. Epoch: 22/50. Iteration: 778/863. Cls loss: 355.665. Reg loss: 1.905. Seg loss: 0.338. Total loss: 357.908
2023-05-05 10:17:27,811 INFO Validating...
2023-05-05 10:21:17,460 INFO Val. Epoch: 22/50. Classification loss: 396.27553. Regression loss: 2.88835. Segmentation loss: 0.46364. Total loss: 399.62753
2023-05-05 10:21:17,688 INFO Epoch 23/50
2023-05-05 10:21:41,930 INFO Saved checkpoint to: ./logs/onlybdd10k_FT_v0_bs_16_duplicated_bus_3/2023_0504_2224_32/checkpoints/hybridnets-d3_22_19000.pth
2023-05-05 10:21:42,357 INFO Step: 19000. Epoch: 23/50. Iteration: 15/863. Cls loss: 555.367. Reg loss: 2.005. Seg loss: 0.379. Total loss: 557.752
2023-05-05 10:23:49,222 INFO Step: 19100. Epoch: 23/50. Iteration: 115/863. Cls loss: 414.441. Reg loss: 1.899. Seg loss: 0.359. Total loss: 416.699
2023-05-05 10:25:49,743 INFO Step: 19200. Epoch: 23/50. Iteration: 215/863. Cls loss: 245.000. Reg loss: 2.528. Seg loss: 0.222. Total loss: 247.750
2023-05-05 10:27:57,738 INFO Step: 19300. Epoch: 23/50. Iteration: 315/863. Cls loss: 473.277. Reg loss: 2.538. Seg loss: 0.334. Total loss: 476.149
2023-05-05 10:29:53,660 INFO Step: 19400. Epoch: 23/50. Iteration: 415/863. Cls loss: 280.455. Reg loss: 2.534. Seg loss: 0.306. Total loss: 283.295
2023-05-05 10:31:54,291 INFO Saved checkpoint to: ./logs/onlybdd10k_FT_v0_bs_16_duplicated_bus_3/2023_0504_2224_32/checkpoints/hybridnets-d3_22_19500.pth
2023-05-05 10:31:54,770 INFO Step: 19500. Epoch: 23/50. Iteration: 515/863. Cls loss: 236.655. Reg loss: 3.076. Seg loss: 0.241. Total loss: 239.972
2023-05-05 10:33:47,340 INFO Step: 19600. Epoch: 23/50. Iteration: 615/863. Cls loss: 219.596. Reg loss: 2.273. Seg loss: 0.293. Total loss: 222.161
2023-05-05 10:35:54,293 INFO Step: 19700. Epoch: 23/50. Iteration: 715/863. Cls loss: 282.582. Reg loss: 2.974. Seg loss: 0.393. Total loss: 285.948
2023-05-05 10:37:55,139 INFO Step: 19800. Epoch: 23/50. Iteration: 815/863. Cls loss: 410.403. Reg loss: 2.219. Seg loss: 0.224. Total loss: 412.846
2023-05-05 10:38:53,555 INFO Validating...
2023-05-05 10:42:43,180 INFO Val. Epoch: 23/50. Classification loss: 378.44584. Regression loss: 2.89068. Segmentation loss: 0.45121. Total loss: 381.78773
2023-05-05 10:42:43,372 INFO Epoch 24/50
2023-05-05 10:43:56,148 INFO Step: 19900. Epoch: 24/50. Iteration: 52/863. Cls loss: 502.263. Reg loss: 2.025. Seg loss: 0.340. Total loss: 504.629
2023-05-05 10:45:57,266 INFO Saved checkpoint to: ./logs/onlybdd10k_FT_v0_bs_16_duplicated_bus_3/2023_0504_2224_32/checkpoints/hybridnets-d3_23_20000.pth
2023-05-05 10:45:57,638 INFO Step: 20000. Epoch: 24/50. Iteration: 152/863. Cls loss: 412.735. Reg loss: 1.892. Seg loss: 0.531. Total loss: 415.158
2023-05-05 10:47:54,154 INFO Step: 20100. Epoch: 24/50. Iteration: 252/863. Cls loss: 205.681. Reg loss: 2.539. Seg loss: 0.270. Total loss: 208.491
2023-05-05 10:49:50,178 INFO Step: 20200. Epoch: 24/50. Iteration: 352/863. Cls loss: 275.185. Reg loss: 2.571. Seg loss: 0.645. Total loss: 278.401
2023-05-05 10:51:53,302 INFO Step: 20300. Epoch: 24/50. Iteration: 452/863. Cls loss: 265.143. Reg loss: 2.320. Seg loss: 0.275. Total loss: 267.737
2023-05-05 10:53:53,841 INFO Step: 20400. Epoch: 24/50. Iteration: 552/863. Cls loss: 304.664. Reg loss: 2.524. Seg loss: 0.350. Total loss: 307.538
2023-05-05 10:56:01,525 INFO Saved checkpoint to: ./logs/onlybdd10k_FT_v0_bs_16_duplicated_bus_3/2023_0504_2224_32/checkpoints/hybridnets-d3_23_20500.pth
2023-05-05 10:56:01,942 INFO Step: 20500. Epoch: 24/50. Iteration: 652/863. Cls loss: 351.291. Reg loss: 2.597. Seg loss: 0.286. Total loss: 354.173
2023-05-05 10:58:01,436 INFO Step: 20600. Epoch: 24/50. Iteration: 752/863. Cls loss: 249.075. Reg loss: 2.447. Seg loss: 0.358. Total loss: 251.881
2023-05-05 11:00:09,548 INFO Step: 20700. Epoch: 24/50. Iteration: 852/863. Cls loss: 452.193. Reg loss: 1.771. Seg loss: 0.275. Total loss: 454.238
2023-05-05 11:00:18,291 INFO Validating...
2023-05-05 11:03:57,684 INFO Val. Epoch: 24/50. Classification loss: 362.73808. Regression loss: 2.88774. Segmentation loss: 0.44086. Total loss: 366.06668
2023-05-05 11:03:57,922 INFO Epoch 25/50
2023-05-05 11:05:53,913 INFO Step: 20800. Epoch: 25/50. Iteration: 89/863. Cls loss: 206.627. Reg loss: 2.544. Seg loss: 0.305. Total loss: 209.476
2023-05-05 11:07:47,050 INFO Step: 20900. Epoch: 25/50. Iteration: 189/863. Cls loss: 286.179. Reg loss: 2.290. Seg loss: 0.309. Total loss: 288.779
2023-05-05 11:09:48,153 INFO Saved checkpoint to: ./logs/onlybdd10k_FT_v0_bs_16_duplicated_bus_3/2023_0504_2224_32/checkpoints/hybridnets-d3_24_21000.pth
2023-05-05 11:09:53,913 INFO Step: 21000. Epoch: 25/50. Iteration: 289/863. Cls loss: 680.957. Reg loss: 2.777. Seg loss: 0.350. Total loss: 684.083
2023-05-05 11:11:55,677 INFO Step: 21100. Epoch: 25/50. Iteration: 389/863. Cls loss: 331.480. Reg loss: 2.067. Seg loss: 0.301. Total loss: 333.848
2023-05-05 11:14:02,785 INFO Step: 21200. Epoch: 25/50. Iteration: 489/863. Cls loss: 478.016. Reg loss: 2.273. Seg loss: 0.296. Total loss: 480.585
2023-05-05 11:16:03,766 INFO Step: 21300. Epoch: 25/50. Iteration: 589/863. Cls loss: 388.547. Reg loss: 1.621. Seg loss: 0.364. Total loss: 390.533
2023-05-05 11:18:11,286 INFO Step: 21400. Epoch: 25/50. Iteration: 689/863. Cls loss: 568.973. Reg loss: 2.169. Seg loss: 0.300. Total loss: 571.442
2023-05-05 11:20:05,662 INFO Saved checkpoint to: ./logs/onlybdd10k_FT_v0_bs_16_duplicated_bus_3/2023_0504_2224_32/checkpoints/hybridnets-d3_24_21500.pth
2023-05-05 11:20:06,041 INFO Step: 21500. Epoch: 25/50. Iteration: 789/863. Cls loss: 266.238. Reg loss: 2.660. Seg loss: 0.280. Total loss: 269.178
2023-05-05 11:21:30,347 INFO Validating...
2023-05-05 11:25:09,817 INFO Val. Epoch: 25/50. Classification loss: 343.87326. Regression loss: 2.88644. Segmentation loss: 0.43126. Total loss: 347.19096
2023-05-05 11:25:10,003 INFO Epoch 26/50
2023-05-05 11:25:52,228 INFO Step: 21600. Epoch: 26/50. Iteration: 26/863. Cls loss: 352.850. Reg loss: 2.119. Seg loss: 0.389. Total loss: 355.357
2023-05-05 11:27:53,021 INFO Step: 21700. Epoch: 26/50. Iteration: 126/863. Cls loss: 252.122. Reg loss: 2.803. Seg loss: 0.265. Total loss: 255.191
2023-05-05 11:30:00,802 INFO Step: 21800. Epoch: 26/50. Iteration: 226/863. Cls loss: 273.400. Reg loss: 2.749. Seg loss: 0.253. Total loss: 276.402
2023-05-05 11:32:02,131 INFO Step: 21900. Epoch: 26/50. Iteration: 326/863. Cls loss: 638.661. Reg loss: 1.832. Seg loss: 0.221. Total loss: 640.714
2023-05-05 11:34:09,332 INFO Saved checkpoint to: ./logs/onlybdd10k_FT_v0_bs_16_duplicated_bus_3/2023_0504_2224_32/checkpoints/hybridnets-d3_25_22000.pth
2023-05-05 11:34:09,816 INFO Step: 22000. Epoch: 26/50. Iteration: 426/863. Cls loss: 252.855. Reg loss: 2.058. Seg loss: 0.197. Total loss: 255.111
2023-05-05 11:36:09,685 INFO Step: 22100. Epoch: 26/50. Iteration: 526/863. Cls loss: 276.429. Reg loss: 3.020. Seg loss: 0.274. Total loss: 279.723
2023-05-05 11:38:05,670 INFO Step: 22200. Epoch: 26/50. Iteration: 626/863. Cls loss: 253.940. Reg loss: 2.120. Seg loss: 0.190. Total loss: 256.250
2023-05-05 11:40:01,686 INFO Step: 22300. Epoch: 26/50. Iteration: 726/863. Cls loss: 342.149. Reg loss: 2.826. Seg loss: 0.220. Total loss: 345.195
2023-05-05 11:42:05,034 INFO Step: 22400. Epoch: 26/50. Iteration: 826/863. Cls loss: 242.240. Reg loss: 2.677. Seg loss: 0.167. Total loss: 245.085
2023-05-05 11:42:45,952 INFO Validating...
2023-05-05 11:46:35,737 INFO Val. Epoch: 26/50. Classification loss: 327.14475. Regression loss: 2.88135. Segmentation loss: 0.42341. Total loss: 330.44952
2023-05-05 11:46:35,958 INFO Epoch 27/50
2023-05-05 11:47:59,983 INFO Saved checkpoint to: ./logs/onlybdd10k_FT_v0_bs_16_duplicated_bus_3/2023_0504_2224_32/checkpoints/hybridnets-d3_26_22500.pth
2023-05-05 11:48:00,367 INFO Step: 22500. Epoch: 27/50. Iteration: 63/863. Cls loss: 532.813. Reg loss: 2.383. Seg loss: 0.252. Total loss: 535.448
2023-05-05 11:50:07,791 INFO Step: 22600. Epoch: 27/50. Iteration: 163/863. Cls loss: 278.400. Reg loss: 2.796. Seg loss: 0.235. Total loss: 281.432
2023-05-05 11:52:09,195 INFO Step: 22700. Epoch: 27/50. Iteration: 263/863. Cls loss: 300.730. Reg loss: 1.809. Seg loss: 0.238. Total loss: 302.777
2023-05-05 11:54:08,586 INFO Step: 22800. Epoch: 27/50. Iteration: 363/863. Cls loss: 252.264. Reg loss: 2.532. Seg loss: 0.295. Total loss: 255.090
2023-05-05 11:56:04,993 INFO Step: 22900. Epoch: 27/50. Iteration: 463/863. Cls loss: 255.822. Reg loss: 2.207. Seg loss: 0.215. Total loss: 258.244
2023-05-05 11:58:05,888 INFO Saved checkpoint to: ./logs/onlybdd10k_FT_v0_bs_16_duplicated_bus_3/2023_0504_2224_32/checkpoints/hybridnets-d3_26_23000.pth
2023-05-05 11:58:06,259 INFO Step: 23000. Epoch: 27/50. Iteration: 563/863. Cls loss: 503.730. Reg loss: 2.810. Seg loss: 0.332. Total loss: 506.872
2023-05-05 12:00:08,064 INFO Step: 23100. Epoch: 27/50. Iteration: 663/863. Cls loss: 329.542. Reg loss: 2.439. Seg loss: 0.343. Total loss: 332.324
2023-05-05 12:02:16,032 INFO Step: 23200. Epoch: 27/50. Iteration: 763/863. Cls loss: 253.203. Reg loss: 2.161. Seg loss: 0.215. Total loss: 255.578
2023-05-05 12:04:14,626 INFO Step: 23300. Epoch: 27/50. Iteration: 863/863. Cls loss: 329.064. Reg loss: 1.790. Seg loss: 0.289. Total loss: 331.143
2023-05-05 12:04:14,823 INFO Validating...
2023-05-05 12:08:04,621 INFO Val. Epoch: 27/50. Classification loss: 311.88224. Regression loss: 2.87541. Segmentation loss: 0.40975. Total loss: 315.16740
2023-05-05 12:08:04,839 INFO Epoch 28/50
2023-05-05 12:10:09,393 INFO Step: 23400. Epoch: 28/50. Iteration: 100/863. Cls loss: 254.727. Reg loss: 2.450. Seg loss: 0.238. Total loss: 257.415
2023-05-05 12:12:05,759 INFO Saved checkpoint to: ./logs/onlybdd10k_FT_v0_bs_16_duplicated_bus_3/2023_0504_2224_32/checkpoints/hybridnets-d3_27_23500.pth
2023-05-05 12:12:06,104 INFO Step: 23500. Epoch: 28/50. Iteration: 200/863. Cls loss: 334.579. Reg loss: 1.681. Seg loss: 0.343. Total loss: 336.603
2023-05-05 12:14:06,207 INFO Step: 23600. Epoch: 28/50. Iteration: 300/863. Cls loss: 518.786. Reg loss: 2.935. Seg loss: 0.310. Total loss: 522.031
2023-05-05 12:16:07,339 INFO Step: 23700. Epoch: 28/50. Iteration: 400/863. Cls loss: 159.862. Reg loss: 2.821. Seg loss: 0.214. Total loss: 162.898
2023-05-05 12:18:16,225 INFO Step: 23800. Epoch: 28/50. Iteration: 500/863. Cls loss: 666.461. Reg loss: 1.703. Seg loss: 0.273. Total loss: 668.437
2023-05-05 12:20:16,786 INFO Step: 23900. Epoch: 28/50. Iteration: 600/863. Cls loss: 254.696. Reg loss: 2.993. Seg loss: 0.303. Total loss: 257.992
2023-05-05 12:22:24,320 INFO Saved checkpoint to: ./logs/onlybdd10k_FT_v0_bs_16_duplicated_bus_3/2023_0504_2224_32/checkpoints/hybridnets-d3_27_24000.pth
2023-05-05 12:22:24,645 INFO Step: 24000. Epoch: 28/50. Iteration: 700/863. Cls loss: 300.048. Reg loss: 2.370. Seg loss: 0.221. Total loss: 302.639
2023-05-05 12:24:24,715 INFO Step: 24100. Epoch: 28/50. Iteration: 800/863. Cls loss: 211.843. Reg loss: 3.029. Seg loss: 0.237. Total loss: 215.109
2023-05-05 12:25:41,535 INFO Validating...
2023-05-05 12:29:20,096 INFO Val. Epoch: 28/50. Classification loss: 296.69240. Regression loss: 2.87242. Segmentation loss: 0.40090. Total loss: 299.96572
2023-05-05 12:29:20,253 INFO Epoch 29/50
2023-05-05 12:30:11,821 INFO Step: 24200. Epoch: 29/50. Iteration: 37/863. Cls loss: 235.435. Reg loss: 2.737. Seg loss: 0.254. Total loss: 238.426
2023-05-05 12:32:14,938 INFO Step: 24300. Epoch: 29/50. Iteration: 137/863. Cls loss: 251.754. Reg loss: 2.160. Seg loss: 0.398. Total loss: 254.313
2023-05-05 12:34:16,462 INFO Step: 24400. Epoch: 29/50. Iteration: 237/863. Cls loss: 298.112. Reg loss: 1.999. Seg loss: 0.326. Total loss: 300.438
2023-05-05 12:36:16,981 INFO Saved checkpoint to: ./logs/onlybdd10k_FT_v0_bs_16_duplicated_bus_3/2023_0504_2224_32/checkpoints/hybridnets-d3_28_24500.pth
2023-05-05 12:36:23,422 INFO Step: 24500. Epoch: 29/50. Iteration: 337/863. Cls loss: 250.045. Reg loss: 3.017. Seg loss: 0.332. Total loss: 253.395
2023-05-05 12:38:25,555 INFO Step: 24600. Epoch: 29/50. Iteration: 437/863. Cls loss: 351.925. Reg loss: 1.831. Seg loss: 0.268. Total loss: 354.023
2023-05-05 12:40:31,551 INFO Step: 24700. Epoch: 29/50. Iteration: 537/863. Cls loss: 326.123. Reg loss: 3.027. Seg loss: 0.284. Total loss: 329.435
2023-05-05 12:42:33,252 INFO Step: 24800. Epoch: 29/50. Iteration: 637/863. Cls loss: 430.438. Reg loss: 2.043. Seg loss: 0.258. Total loss: 432.739
2023-05-05 12:44:32,846 INFO Step: 24900. Epoch: 29/50. Iteration: 737/863. Cls loss: 244.265. Reg loss: 2.410. Seg loss: 0.314. Total loss: 246.988
2023-05-05 12:46:29,343 INFO Saved checkpoint to: ./logs/onlybdd10k_FT_v0_bs_16_duplicated_bus_3/2023_0504_2224_32/checkpoints/hybridnets-d3_28_25000.pth
2023-05-05 12:46:29,679 INFO Step: 25000. Epoch: 29/50. Iteration: 837/863. Cls loss: 150.077. Reg loss: 2.740. Seg loss: 0.313. Total loss: 153.129
2023-05-05 12:46:57,635 INFO Validating...
2023-05-05 12:50:43,043 INFO Val. Epoch: 29/50. Classification loss: 280.83329. Regression loss: 2.86980. Segmentation loss: 0.39595. Total loss: 284.09904
2023-05-05 12:50:43,296 INFO Epoch 30/50
2023-05-05 12:52:24,785 INFO Step: 25100. Epoch: 30/50. Iteration: 74/863. Cls loss: 240.272. Reg loss: 2.168. Seg loss: 0.207. Total loss: 242.647
2023-05-05 12:54:25,716 INFO Step: 25200. Epoch: 30/50. Iteration: 174/863. Cls loss: 294.139. Reg loss: 1.775. Seg loss: 0.262. Total loss: 296.177
2023-05-05 12:56:33,550 INFO Step: 25300. Epoch: 30/50. Iteration: 274/863. Cls loss: 172.817. Reg loss: 2.697. Seg loss: 0.197. Total loss: 175.711
2023-05-05 12:58:34,596 INFO Step: 25400. Epoch: 30/50. Iteration: 374/863. Cls loss: 204.684. Reg loss: 2.386. Seg loss: 0.229. Total loss: 207.298
2023-05-05 13:00:34,644 INFO Saved checkpoint to: ./logs/onlybdd10k_FT_v0_bs_16_duplicated_bus_3/2023_0504_2224_32/checkpoints/hybridnets-d3_29_25500.pth
2023-05-05 13:00:35,005 INFO Step: 25500. Epoch: 30/50. Iteration: 474/863. Cls loss: 306.874. Reg loss: 2.458. Seg loss: 0.224. Total loss: 309.557
2023-05-05 13:02:30,287 INFO Step: 25600. Epoch: 30/50. Iteration: 574/863. Cls loss: 218.092. Reg loss: 2.171. Seg loss: 0.249. Total loss: 220.511
2023-05-05 13:04:30,695 INFO Step: 25700. Epoch: 30/50. Iteration: 674/863. Cls loss: 502.804. Reg loss: 2.357. Seg loss: 0.258. Total loss: 505.418
2023-05-05 13:06:32,390 INFO Step: 25800. Epoch: 30/50. Iteration: 774/863. Cls loss: 217.166. Reg loss: 2.327. Seg loss: 0.243. Total loss: 219.736
2023-05-05 13:08:20,763 INFO Validating...
2023-05-05 13:12:11,627 INFO Val. Epoch: 30/50. Classification loss: 265.43467. Regression loss: 2.87043. Segmentation loss: 0.38675. Total loss: 268.69185
2023-05-05 13:12:11,866 INFO Epoch 31/50
2023-05-05 13:12:34,909 INFO Step: 25900. Epoch: 31/50. Iteration: 11/863. Cls loss: 354.119. Reg loss: 2.172. Seg loss: 0.211. Total loss: 356.502
2023-05-05 13:14:36,365 INFO Saved checkpoint to: ./logs/onlybdd10k_FT_v0_bs_16_duplicated_bus_3/2023_0504_2224_32/checkpoints/hybridnets-d3_30_26000.pth
2023-05-05 13:14:36,746 INFO Step: 26000. Epoch: 31/50. Iteration: 111/863. Cls loss: 464.932. Reg loss: 2.198. Seg loss: 0.293. Total loss: 467.423
2023-05-05 13:16:41,804 INFO Step: 26100. Epoch: 31/50. Iteration: 211/863. Cls loss: 276.397. Reg loss: 2.490. Seg loss: 0.301. Total loss: 279.188
2023-05-05 13:18:35,864 INFO Step: 26200. Epoch: 31/50. Iteration: 311/863. Cls loss: 319.654. Reg loss: 1.727. Seg loss: 0.411. Total loss: 321.792
2023-05-05 13:20:36,833 INFO Step: 26300. Epoch: 31/50. Iteration: 411/863. Cls loss: 189.905. Reg loss: 1.795. Seg loss: 0.155. Total loss: 191.855
2023-05-05 13:22:35,676 INFO Step: 26400. Epoch: 31/50. Iteration: 511/863. Cls loss: 128.954. Reg loss: 3.281. Seg loss: 0.233. Total loss: 132.468
2023-05-05 13:24:41,870 INFO Saved checkpoint to: ./logs/onlybdd10k_FT_v0_bs_16_duplicated_bus_3/2023_0504_2224_32/checkpoints/hybridnets-d3_30_26500.pth
2023-05-05 13:24:42,262 INFO Step: 26500. Epoch: 31/50. Iteration: 611/863. Cls loss: 253.578. Reg loss: 2.187. Seg loss: 0.400. Total loss: 256.165
2023-05-05 13:26:42,673 INFO Step: 26600. Epoch: 31/50. Iteration: 711/863. Cls loss: 198.041. Reg loss: 2.623. Seg loss: 0.205. Total loss: 200.868
2023-05-05 13:28:51,055 INFO Step: 26700. Epoch: 31/50. Iteration: 811/863. Cls loss: 198.814. Reg loss: 2.406. Seg loss: 0.250. Total loss: 201.470
2023-05-05 13:29:50,279 INFO Validating...
2023-05-05 13:33:32,239 INFO Val. Epoch: 31/50. Classification loss: 253.04405. Regression loss: 2.86904. Segmentation loss: 0.37723. Total loss: 256.29032
2023-05-05 13:33:32,441 INFO Epoch 32/50
2023-05-05 13:34:34,239 INFO Step: 26800. Epoch: 32/50. Iteration: 48/863. Cls loss: 204.459. Reg loss: 2.618. Seg loss: 0.185. Total loss: 207.261
2023-05-05 13:36:36,271 INFO Step: 26900. Epoch: 32/50. Iteration: 148/863. Cls loss: 182.815. Reg loss: 2.865. Seg loss: 0.353. Total loss: 186.032
2023-05-05 13:38:32,289 INFO Saved checkpoint to: ./logs/onlybdd10k_FT_v0_bs_16_duplicated_bus_3/2023_0504_2224_32/checkpoints/hybridnets-d3_31_27000.pth
2023-05-05 13:38:32,682 INFO Step: 27000. Epoch: 32/50. Iteration: 248/863. Cls loss: 214.993. Reg loss: 2.158. Seg loss: 0.212. Total loss: 217.364
2023-05-05 13:40:39,406 INFO Step: 27100. Epoch: 32/50. Iteration: 348/863. Cls loss: 145.681. Reg loss: 2.536. Seg loss: 0.180. Total loss: 148.397
2023-05-05 13:42:41,024 INFO Step: 27200. Epoch: 32/50. Iteration: 448/863. Cls loss: 331.314. Reg loss: 2.008. Seg loss: 0.286. Total loss: 333.608
2023-05-05 13:44:48,460 INFO Step: 27300. Epoch: 32/50. Iteration: 548/863. Cls loss: 199.606. Reg loss: 2.472. Seg loss: 0.231. Total loss: 202.310
2023-05-05 13:46:49,125 INFO Step: 27400. Epoch: 32/50. Iteration: 648/863. Cls loss: 282.421. Reg loss: 3.105. Seg loss: 0.211. Total loss: 285.736
2023-05-05 13:48:56,455 INFO Saved checkpoint to: ./logs/onlybdd10k_FT_v0_bs_16_duplicated_bus_3/2023_0504_2224_32/checkpoints/hybridnets-d3_31_27500.pth
2023-05-05 13:48:56,819 INFO Step: 27500. Epoch: 32/50. Iteration: 748/863. Cls loss: 172.686. Reg loss: 2.149. Seg loss: 0.191. Total loss: 175.026
2023-05-05 13:50:50,880 INFO Step: 27600. Epoch: 32/50. Iteration: 848/863. Cls loss: 176.221. Reg loss: 2.215. Seg loss: 0.247. Total loss: 178.684
2023-05-05 13:51:07,995 INFO Validating...
2023-05-05 13:54:46,647 INFO Val. Epoch: 32/50. Classification loss: 239.00993. Regression loss: 2.86782. Segmentation loss: 0.37260. Total loss: 242.25035
2023-05-05 13:54:47,263 INFO Epoch 33/50
2023-05-05 13:56:40,871 INFO Step: 27700. Epoch: 33/50. Iteration: 85/863. Cls loss: 182.801. Reg loss: 2.511. Seg loss: 0.247. Total loss: 185.558
2023-05-05 13:58:48,574 INFO Step: 27800. Epoch: 33/50. Iteration: 185/863. Cls loss: 316.799. Reg loss: 2.070. Seg loss: 0.242. Total loss: 319.111
2023-05-05 14:00:50,470 INFO Step: 27900. Epoch: 33/50. Iteration: 285/863. Cls loss: 108.640. Reg loss: 2.595. Seg loss: 0.281. Total loss: 111.516
2023-05-05 14:02:51,673 INFO Saved checkpoint to: ./logs/onlybdd10k_FT_v0_bs_16_duplicated_bus_3/2023_0504_2224_32/checkpoints/hybridnets-d3_32_28000.pth
2023-05-05 14:02:58,347 INFO Step: 28000. Epoch: 33/50. Iteration: 385/863. Cls loss: 164.351. Reg loss: 2.359. Seg loss: 0.245. Total loss: 166.955
2023-05-05 14:05:00,014 INFO Step: 28100. Epoch: 33/50. Iteration: 485/863. Cls loss: 203.945. Reg loss: 2.469. Seg loss: 0.357. Total loss: 206.771
2023-05-05 14:07:01,663 INFO Step: 28200. Epoch: 33/50. Iteration: 585/863. Cls loss: 411.987. Reg loss: 2.198. Seg loss: 0.212. Total loss: 414.397
2023-05-05 14:08:58,330 INFO Step: 28300. Epoch: 33/50. Iteration: 685/863. Cls loss: 304.889. Reg loss: 2.168. Seg loss: 0.239. Total loss: 307.297
2023-05-05 14:10:56,145 INFO Step: 28400. Epoch: 33/50. Iteration: 785/863. Cls loss: 331.865. Reg loss: 2.085. Seg loss: 0.222. Total loss: 334.172
2023-05-05 14:12:27,547 INFO Validating...
2023-05-05 14:16:17,542 INFO Val. Epoch: 33/50. Classification loss: 227.28766. Regression loss: 2.86128. Segmentation loss: 0.36307. Total loss: 230.51202
2023-05-05 14:16:18,113 INFO Epoch 34/50
2023-05-05 14:16:51,835 INFO Saved checkpoint to: ./logs/onlybdd10k_FT_v0_bs_16_duplicated_bus_3/2023_0504_2224_32/checkpoints/hybridnets-d3_33_28500.pth
2023-05-05 14:16:52,277 INFO Step: 28500. Epoch: 34/50. Iteration: 22/863. Cls loss: 312.185. Reg loss: 1.955. Seg loss: 0.213. Total loss: 314.354
2023-05-05 14:18:59,463 INFO Step: 28600. Epoch: 34/50. Iteration: 122/863. Cls loss: 174.729. Reg loss: 1.844. Seg loss: 0.268. Total loss: 176.841
2023-05-05 14:21:00,104 INFO Step: 28700. Epoch: 34/50. Iteration: 222/863. Cls loss: 163.346. Reg loss: 2.335. Seg loss: 0.249. Total loss: 165.931
2023-05-05 14:23:07,741 INFO Step: 28800. Epoch: 34/50. Iteration: 322/863. Cls loss: 206.340. Reg loss: 2.447. Seg loss: 0.352. Total loss: 209.139
2023-05-05 14:24:59,544 INFO Step: 28900. Epoch: 34/50. Iteration: 422/863. Cls loss: 188.580. Reg loss: 2.581. Seg loss: 0.287. Total loss: 191.449
2023-05-05 14:26:59,109 INFO Saved checkpoint to: ./logs/onlybdd10k_FT_v0_bs_16_duplicated_bus_3/2023_0504_2224_32/checkpoints/hybridnets-d3_33_29000.pth
2023-05-05 14:27:01,729 INFO Step: 29000. Epoch: 34/50. Iteration: 522/863. Cls loss: 242.666. Reg loss: 2.106. Seg loss: 0.275. Total loss: 245.048
2023-05-05 14:28:58,527 INFO Step: 29100. Epoch: 34/50. Iteration: 622/863. Cls loss: 237.391. Reg loss: 2.349. Seg loss: 0.202. Total loss: 239.942
2023-05-05 14:31:04,859 INFO Step: 29200. Epoch: 34/50. Iteration: 722/863. Cls loss: 218.690. Reg loss: 1.786. Seg loss: 0.243. Total loss: 220.719
2023-05-05 14:33:06,206 INFO Step: 29300. Epoch: 34/50. Iteration: 822/863. Cls loss: 172.926. Reg loss: 2.382. Seg loss: 0.233. Total loss: 175.540
2023-05-05 14:33:54,467 INFO Validating...
2023-05-05 14:37:42,788 INFO Val. Epoch: 34/50. Classification loss: 217.33832. Regression loss: 2.85918. Segmentation loss: 0.35443. Total loss: 220.55193
2023-05-05 14:37:42,947 INFO Epoch 35/50
2023-05-05 14:39:04,851 INFO Step: 29400. Epoch: 35/50. Iteration: 59/863. Cls loss: 171.536. Reg loss: 2.555. Seg loss: 0.194. Total loss: 174.285
2023-05-05 14:40:57,848 INFO Saved checkpoint to: ./logs/onlybdd10k_FT_v0_bs_16_duplicated_bus_3/2023_0504_2224_32/checkpoints/hybridnets-d3_34_29500.pth
2023-05-05 14:40:58,254 INFO Step: 29500. Epoch: 35/50. Iteration: 159/863. Cls loss: 158.344. Reg loss: 2.872. Seg loss: 0.251. Total loss: 161.467
2023-05-05 14:43:00,045 INFO Step: 29600. Epoch: 35/50. Iteration: 259/863. Cls loss: 264.730. Reg loss: 1.506. Seg loss: 0.207. Total loss: 266.442
2023-05-05 14:44:54,889 INFO Step: 29700. Epoch: 35/50. Iteration: 359/863. Cls loss: 147.676. Reg loss: 2.798. Seg loss: 0.192. Total loss: 150.666
2023-05-05 14:47:02,059 INFO Step: 29800. Epoch: 35/50. Iteration: 459/863. Cls loss: 151.011. Reg loss: 2.542. Seg loss: 0.267. Total loss: 153.821
2023-05-05 14:49:03,132 INFO Step: 29900. Epoch: 35/50. Iteration: 559/863. Cls loss: 135.937. Reg loss: 2.327. Seg loss: 0.232. Total loss: 138.496
2023-05-05 14:51:09,593 INFO Saved checkpoint to: ./logs/onlybdd10k_FT_v0_bs_16_duplicated_bus_3/2023_0504_2224_32/checkpoints/hybridnets-d3_34_30000.pth
2023-05-05 14:51:09,940 INFO Step: 30000. Epoch: 35/50. Iteration: 659/863. Cls loss: 141.550. Reg loss: 2.582. Seg loss: 0.175. Total loss: 144.307
2023-05-05 14:53:11,630 INFO Step: 30100. Epoch: 35/50. Iteration: 759/863. Cls loss: 165.848. Reg loss: 1.881. Seg loss: 0.219. Total loss: 167.948
2023-05-05 14:55:17,461 INFO Step: 30200. Epoch: 35/50. Iteration: 859/863. Cls loss: 172.950. Reg loss: 2.571. Seg loss: 0.234. Total loss: 175.755
2023-05-05 14:55:19,382 INFO Validating...
2023-05-05 14:58:58,008 INFO Val. Epoch: 35/50. Classification loss: 203.78708. Regression loss: 2.85794. Segmentation loss: 0.35116. Total loss: 206.99617
2023-05-05 14:58:58,171 INFO Epoch 36/50
2023-05-05 15:00:55,365 INFO Step: 30300. Epoch: 36/50. Iteration: 96/863. Cls loss: 193.493. Reg loss: 2.199. Seg loss: 0.261. Total loss: 195.953
2023-05-05 15:03:03,059 INFO Step: 30400. Epoch: 36/50. Iteration: 196/863. Cls loss: 129.272. Reg loss: 3.103. Seg loss: 0.194. Total loss: 132.569
2023-05-05 15:05:03,786 INFO Saved checkpoint to: ./logs/onlybdd10k_FT_v0_bs_16_duplicated_bus_3/2023_0504_2224_32/checkpoints/hybridnets-d3_35_30500.pth
2023-05-05 15:05:04,127 INFO Step: 30500. Epoch: 36/50. Iteration: 296/863. Cls loss: 185.508. Reg loss: 2.077. Seg loss: 0.234. Total loss: 187.819
2023-05-05 15:07:11,769 INFO Step: 30600. Epoch: 36/50. Iteration: 396/863. Cls loss: 326.736. Reg loss: 2.245. Seg loss: 0.289. Total loss: 329.270
2023-05-05 15:09:12,366 INFO Step: 30700. Epoch: 36/50. Iteration: 496/863. Cls loss: 134.387. Reg loss: 2.641. Seg loss: 0.203. Total loss: 137.231
2023-05-05 15:11:19,409 INFO Step: 30800. Epoch: 36/50. Iteration: 596/863. Cls loss: 213.168. Reg loss: 2.232. Seg loss: 0.192. Total loss: 215.592
2023-05-05 15:13:20,072 INFO Step: 30900. Epoch: 36/50. Iteration: 696/863. Cls loss: 196.179. Reg loss: 1.857. Seg loss: 0.204. Total loss: 198.240
2023-05-05 15:15:18,493 INFO Saved checkpoint to: ./logs/onlybdd10k_FT_v0_bs_16_duplicated_bus_3/2023_0504_2224_32/checkpoints/hybridnets-d3_35_31000.pth
2023-05-05 15:15:18,810 INFO Step: 31000. Epoch: 36/50. Iteration: 796/863. Cls loss: 127.654. Reg loss: 2.994. Seg loss: 0.205. Total loss: 130.853
2023-05-05 15:16:34,579 INFO Validating...
2023-05-05 15:20:19,012 INFO Val. Epoch: 36/50. Classification loss: 194.10823. Regression loss: 2.85660. Segmentation loss: 0.34473. Total loss: 197.30956
2023-05-05 15:20:19,276 INFO Epoch 37/50
2023-05-05 15:21:11,418 INFO Step: 31100. Epoch: 37/50. Iteration: 33/863. Cls loss: 183.497. Reg loss: 2.619. Seg loss: 0.177. Total loss: 186.293
2023-05-05 15:23:13,187 INFO Step: 31200. Epoch: 37/50. Iteration: 133/863. Cls loss: 170.687. Reg loss: 2.882. Seg loss: 0.300. Total loss: 173.869
2023-05-05 15:25:20,553 INFO Step: 31300. Epoch: 37/50. Iteration: 233/863. Cls loss: 162.519. Reg loss: 2.316. Seg loss: 0.198. Total loss: 165.033
2023-05-05 15:27:21,753 INFO Step: 31400. Epoch: 37/50. Iteration: 333/863. Cls loss: 179.412. Reg loss: 1.992. Seg loss: 0.183. Total loss: 181.587
2023-05-05 15:29:22,838 INFO Saved checkpoint to: ./logs/onlybdd10k_FT_v0_bs_16_duplicated_bus_3/2023_0504_2224_32/checkpoints/hybridnets-d3_36_31500.pth
2023-05-05 15:29:29,267 INFO Step: 31500. Epoch: 37/50. Iteration: 433/863. Cls loss: 155.062. Reg loss: 2.027. Seg loss: 0.222. Total loss: 157.311
2023-05-05 15:31:22,329 INFO Step: 31600. Epoch: 37/50. Iteration: 533/863. Cls loss: 154.561. Reg loss: 2.453. Seg loss: 0.206. Total loss: 157.220
2023-05-05 15:33:22,465 INFO Step: 31700. Epoch: 37/50. Iteration: 633/863. Cls loss: 145.721. Reg loss: 3.217. Seg loss: 0.266. Total loss: 149.203
2023-05-05 15:35:19,951 INFO Step: 31800. Epoch: 37/50. Iteration: 733/863. Cls loss: 244.938. Reg loss: 1.721. Seg loss: 0.289. Total loss: 246.948
2023-05-05 15:37:27,256 INFO Step: 31900. Epoch: 37/50. Iteration: 833/863. Cls loss: 218.072. Reg loss: 2.062. Seg loss: 0.222. Total loss: 220.356
2023-05-05 15:37:58,670 INFO Validating...
2023-05-05 15:41:48,616 INFO Val. Epoch: 37/50. Classification loss: 182.87635. Regression loss: 2.85174. Segmentation loss: 0.33845. Total loss: 186.06654
2023-05-05 15:41:48,905 INFO Epoch 38/50
2023-05-05 15:43:22,749 INFO Saved checkpoint to: ./logs/onlybdd10k_FT_v0_bs_16_duplicated_bus_3/2023_0504_2224_32/checkpoints/hybridnets-d3_37_32000.pth
2023-05-05 15:43:23,091 INFO Step: 32000. Epoch: 38/50. Iteration: 70/863. Cls loss: 202.059. Reg loss: 1.881. Seg loss: 0.182. Total loss: 204.122
2023-05-05 15:45:30,605 INFO Step: 32100. Epoch: 38/50. Iteration: 170/863. Cls loss: 197.579. Reg loss: 2.144. Seg loss: 0.281. Total loss: 200.005
2023-05-05 15:47:25,963 INFO Step: 32200. Epoch: 38/50. Iteration: 270/863. Cls loss: 133.790. Reg loss: 2.367. Seg loss: 0.290. Total loss: 136.448
2023-05-05 15:49:27,883 INFO Step: 32300. Epoch: 38/50. Iteration: 370/863. Cls loss: 130.210. Reg loss: 3.347. Seg loss: 0.235. Total loss: 133.792
2023-05-05 15:51:22,223 INFO Step: 32400. Epoch: 38/50. Iteration: 470/863. Cls loss: 164.382. Reg loss: 3.303. Seg loss: 0.204. Total loss: 167.890
2023-05-05 15:53:28,283 INFO Saved checkpoint to: ./logs/onlybdd10k_FT_v0_bs_16_duplicated_bus_3/2023_0504_2224_32/checkpoints/hybridnets-d3_37_32500.pth
2023-05-05 15:53:28,704 INFO Step: 32500. Epoch: 38/50. Iteration: 570/863. Cls loss: 216.765. Reg loss: 2.007. Seg loss: 0.248. Total loss: 219.020
2023-05-05 15:55:31,362 INFO Step: 32600. Epoch: 38/50. Iteration: 670/863. Cls loss: 295.217. Reg loss: 2.360. Seg loss: 0.219. Total loss: 297.797
2023-05-05 15:57:38,885 INFO Step: 32700. Epoch: 38/50. Iteration: 770/863. Cls loss: 170.754. Reg loss: 1.643. Seg loss: 0.200. Total loss: 172.597
2023-05-05 15:59:30,655 INFO Validating...
2023-05-05 16:03:19,979 INFO Val. Epoch: 38/50. Classification loss: 173.71714. Regression loss: 2.85250. Segmentation loss: 0.33221. Total loss: 176.90185
2023-05-05 16:03:20,203 INFO Epoch 39/50
2023-05-05 16:03:31,972 INFO Step: 32800. Epoch: 39/50. Iteration: 7/863. Cls loss: 159.192. Reg loss: 2.359. Seg loss: 0.197. Total loss: 161.748
2023-05-05 16:05:35,195 INFO Step: 32900. Epoch: 39/50. Iteration: 107/863. Cls loss: 150.948. Reg loss: 2.131. Seg loss: 0.194. Total loss: 153.273
2023-05-05 16:07:29,901 INFO Saved checkpoint to: ./logs/onlybdd10k_FT_v0_bs_16_duplicated_bus_3/2023_0504_2224_32/checkpoints/hybridnets-d3_38_33000.pth
2023-05-05 16:07:30,313 INFO Step: 33000. Epoch: 39/50. Iteration: 207/863. Cls loss: 192.981. Reg loss: 1.905. Seg loss: 0.276. Total loss: 195.162
2023-05-05 16:09:37,757 INFO Step: 33100. Epoch: 39/50. Iteration: 307/863. Cls loss: 216.898. Reg loss: 1.989. Seg loss: 0.318. Total loss: 219.205
2023-05-05 16:11:39,087 INFO Step: 33200. Epoch: 39/50. Iteration: 407/863. Cls loss: 140.925. Reg loss: 2.462. Seg loss: 0.192. Total loss: 143.579
2023-05-05 16:13:45,937 INFO Step: 33300. Epoch: 39/50. Iteration: 507/863. Cls loss: 186.420. Reg loss: 2.305. Seg loss: 0.216. Total loss: 188.941
2023-05-05 16:15:46,341 INFO Step: 33400. Epoch: 39/50. Iteration: 607/863. Cls loss: 254.286. Reg loss: 2.169. Seg loss: 0.249. Total loss: 256.703
2023-05-05 16:17:52,749 INFO Saved checkpoint to: ./logs/onlybdd10k_FT_v0_bs_16_duplicated_bus_3/2023_0504_2224_32/checkpoints/hybridnets-d3_38_33500.pth
2023-05-05 16:17:53,171 INFO Step: 33500. Epoch: 39/50. Iteration: 707/863. Cls loss: 144.643. Reg loss: 2.344. Seg loss: 0.272. Total loss: 147.259
2023-05-05 16:19:54,330 INFO Step: 33600. Epoch: 39/50. Iteration: 807/863. Cls loss: 129.415. Reg loss: 2.168. Seg loss: 0.160. Total loss: 131.743
2023-05-05 16:20:53,892 INFO Validating...
2023-05-05 16:24:16,803 INFO Val. Epoch: 39/50. Classification loss: 163.88038. Regression loss: 2.85554. Segmentation loss: 0.32879. Total loss: 167.06470
2023-05-05 16:24:17,064 INFO Epoch 40/50
2023-05-05 16:24:50,267 INFO Step: 33700. Epoch: 40/50. Iteration: 44/863. Cls loss: 192.727. Reg loss: 2.362. Seg loss: 0.267. Total loss: 195.356
2023-05-05 16:25:51,954 INFO Step: 33800. Epoch: 40/50. Iteration: 144/863. Cls loss: 146.804. Reg loss: 2.256. Seg loss: 0.222. Total loss: 149.282
2023-05-05 16:26:54,046 INFO Step: 33900. Epoch: 40/50. Iteration: 244/863. Cls loss: 93.190. Reg loss: 2.542. Seg loss: 0.284. Total loss: 96.016
2023-05-05 16:27:55,015 INFO Saved checkpoint to: ./logs/onlybdd10k_FT_v0_bs_16_duplicated_bus_3/2023_0504_2224_32/checkpoints/hybridnets-d3_39_34000.pth
2023-05-05 16:27:55,507 INFO Step: 34000. Epoch: 40/50. Iteration: 344/863. Cls loss: 131.892. Reg loss: 2.324. Seg loss: 0.284. Total loss: 134.501
2023-05-05 16:28:57,688 INFO Step: 34100. Epoch: 40/50. Iteration: 444/863. Cls loss: 161.749. Reg loss: 2.588. Seg loss: 0.189. Total loss: 164.526
2023-05-05 16:29:58,108 INFO Step: 34200. Epoch: 40/50. Iteration: 544/863. Cls loss: 184.503. Reg loss: 1.856. Seg loss: 0.315. Total loss: 186.674
2023-05-05 16:31:00,645 INFO Step: 34300. Epoch: 40/50. Iteration: 644/863. Cls loss: 191.621. Reg loss: 2.314. Seg loss: 0.214. Total loss: 194.149
2023-05-05 16:32:01,743 INFO Step: 34400. Epoch: 40/50. Iteration: 744/863. Cls loss: 138.413. Reg loss: 2.175. Seg loss: 0.204. Total loss: 140.791
2023-05-05 16:33:04,347 INFO Saved checkpoint to: ./logs/onlybdd10k_FT_v0_bs_16_duplicated_bus_3/2023_0504_2224_32/checkpoints/hybridnets-d3_39_34500.pth
2023-05-05 16:33:04,830 INFO Step: 34500. Epoch: 40/50. Iteration: 844/863. Cls loss: 159.675. Reg loss: 1.956. Seg loss: 0.252. Total loss: 161.884
2023-05-05 16:33:14,363 INFO Validating...
2023-05-05 16:35:04,253 INFO Val. Epoch: 40/50. Classification loss: 155.12708. Regression loss: 2.85158. Segmentation loss: 0.32144. Total loss: 158.30009
2023-05-05 16:35:04,407 INFO Epoch 41/50
2023-05-05 16:36:00,241 INFO Step: 34600. Epoch: 41/50. Iteration: 81/863. Cls loss: 144.415. Reg loss: 2.547. Seg loss: 0.222. Total loss: 147.184
2023-05-05 16:37:01,192 INFO Step: 34700. Epoch: 41/50. Iteration: 181/863. Cls loss: 162.623. Reg loss: 2.272. Seg loss: 0.210. Total loss: 165.105
2023-05-05 16:38:03,668 INFO Step: 34800. Epoch: 41/50. Iteration: 281/863. Cls loss: 179.565. Reg loss: 2.563. Seg loss: 0.258. Total loss: 182.387
2023-05-05 16:39:04,572 INFO Step: 34900. Epoch: 41/50. Iteration: 381/863. Cls loss: 122.880. Reg loss: 2.799. Seg loss: 0.241. Total loss: 125.920
2023-05-05 16:40:05,027 INFO Saved checkpoint to: ./logs/onlybdd10k_FT_v0_bs_16_duplicated_bus_3/2023_0504_2224_32/checkpoints/hybridnets-d3_40_35000.pth
2023-05-05 16:40:06,797 INFO Step: 35000. Epoch: 41/50. Iteration: 481/863. Cls loss: 146.607. Reg loss: 2.246. Seg loss: 0.242. Total loss: 149.096
2023-05-05 16:41:08,086 INFO Step: 35100. Epoch: 41/50. Iteration: 581/863. Cls loss: 103.153. Reg loss: 2.990. Seg loss: 0.171. Total loss: 106.314
2023-05-05 16:42:10,281 INFO Step: 35200. Epoch: 41/50. Iteration: 681/863. Cls loss: 132.149. Reg loss: 2.724. Seg loss: 0.232. Total loss: 135.105
2023-05-05 16:43:11,952 INFO Step: 35300. Epoch: 41/50. Iteration: 781/863. Cls loss: 172.195. Reg loss: 2.621. Seg loss: 0.177. Total loss: 174.993
2023-05-05 16:44:00,546 INFO Validating...
2023-05-05 16:45:50,071 INFO Val. Epoch: 41/50. Classification loss: 146.47430. Regression loss: 2.85378. Segmentation loss: 0.31922. Total loss: 149.64730
2023-05-05 16:45:50,321 INFO Epoch 42/50
2023-05-05 16:46:06,789 INFO Step: 35400. Epoch: 42/50. Iteration: 18/863. Cls loss: 130.815. Reg loss: 1.968. Seg loss: 0.270. Total loss: 133.052
2023-05-05 16:47:07,354 INFO Saved checkpoint to: ./logs/onlybdd10k_FT_v0_bs_16_duplicated_bus_3/2023_0504_2224_32/checkpoints/hybridnets-d3_41_35500.pth
2023-05-05 16:47:07,675 INFO Step: 35500. Epoch: 42/50. Iteration: 118/863. Cls loss: 163.831. Reg loss: 2.083. Seg loss: 0.227. Total loss: 166.141
2023-05-05 16:48:10,155 INFO Step: 35600. Epoch: 42/50. Iteration: 218/863. Cls loss: 126.289. Reg loss: 1.982. Seg loss: 0.217. Total loss: 128.488
2023-05-05 16:49:10,915 INFO Step: 35700. Epoch: 42/50. Iteration: 318/863. Cls loss: 93.344. Reg loss: 3.086. Seg loss: 0.313. Total loss: 96.743
2023-05-05 16:50:13,461 INFO Step: 35800. Epoch: 42/50. Iteration: 418/863. Cls loss: 153.450. Reg loss: 2.097. Seg loss: 0.236. Total loss: 155.783
2023-05-05 16:51:14,241 INFO Step: 35900. Epoch: 42/50. Iteration: 518/863. Cls loss: 145.330. Reg loss: 1.738. Seg loss: 0.202. Total loss: 147.269
2023-05-05 16:52:15,922 INFO Saved checkpoint to: ./logs/onlybdd10k_FT_v0_bs_16_duplicated_bus_3/2023_0504_2224_32/checkpoints/hybridnets-d3_41_36000.pth
2023-05-05 16:52:16,765 INFO Step: 36000. Epoch: 42/50. Iteration: 618/863. Cls loss: 130.066. Reg loss: 2.412. Seg loss: 0.186. Total loss: 132.664
2023-05-05 16:53:17,346 INFO Step: 36100. Epoch: 42/50. Iteration: 718/863. Cls loss: 150.075. Reg loss: 2.302. Seg loss: 0.193. Total loss: 152.569
2023-05-05 16:54:19,689 INFO Step: 36200. Epoch: 42/50. Iteration: 818/863. Cls loss: 104.409. Reg loss: 3.260. Seg loss: 0.291. Total loss: 107.960
2023-05-05 16:54:44,773 INFO Validating...
2023-05-05 16:56:34,253 INFO Val. Epoch: 42/50. Classification loss: 138.58399. Regression loss: 2.84203. Segmentation loss: 0.31373. Total loss: 141.73974
2023-05-05 16:56:34,419 INFO Epoch 43/50
2023-05-05 16:57:13,032 INFO Step: 36300. Epoch: 43/50. Iteration: 55/863. Cls loss: 132.696. Reg loss: 2.279. Seg loss: 0.319. Total loss: 135.295
2023-05-05 16:58:15,763 INFO Step: 36400. Epoch: 43/50. Iteration: 155/863. Cls loss: 106.194. Reg loss: 2.737. Seg loss: 0.236. Total loss: 109.166
2023-05-05 16:59:16,162 INFO Saved checkpoint to: ./logs/onlybdd10k_FT_v0_bs_16_duplicated_bus_3/2023_0504_2224_32/checkpoints/hybridnets-d3_42_36500.pth
2023-05-05 16:59:16,457 INFO Step: 36500. Epoch: 43/50. Iteration: 255/863. Cls loss: 115.803. Reg loss: 1.704. Seg loss: 0.176. Total loss: 117.684
2023-05-05 17:00:18,647 INFO Step: 36600. Epoch: 43/50. Iteration: 355/863. Cls loss: 193.087. Reg loss: 1.812. Seg loss: 0.252. Total loss: 195.151
2023-05-05 17:01:19,185 INFO Step: 36700. Epoch: 43/50. Iteration: 455/863. Cls loss: 125.395. Reg loss: 2.236. Seg loss: 0.165. Total loss: 127.795
2023-05-05 17:02:21,507 INFO Step: 36800. Epoch: 43/50. Iteration: 555/863. Cls loss: 148.969. Reg loss: 2.330. Seg loss: 0.287. Total loss: 151.586
2023-05-05 17:03:22,509 INFO Step: 36900. Epoch: 43/50. Iteration: 655/863. Cls loss: 150.654. Reg loss: 2.592. Seg loss: 0.185. Total loss: 153.431
2023-05-05 17:04:24,240 INFO Saved checkpoint to: ./logs/onlybdd10k_FT_v0_bs_16_duplicated_bus_3/2023_0504_2224_32/checkpoints/hybridnets-d3_42_37000.pth
2023-05-05 17:04:25,063 INFO Step: 37000. Epoch: 43/50. Iteration: 755/863. Cls loss: 119.870. Reg loss: 2.283. Seg loss: 0.174. Total loss: 122.327
2023-05-05 17:05:25,360 INFO Step: 37100. Epoch: 43/50. Iteration: 855/863. Cls loss: 185.316. Reg loss: 1.871. Seg loss: 0.177. Total loss: 187.365
2023-05-05 17:05:29,319 INFO Validating...
2023-05-05 17:07:18,604 INFO Val. Epoch: 43/50. Classification loss: 129.35312. Regression loss: 2.84231. Segmentation loss: 0.30780. Total loss: 132.50323
2023-05-05 17:07:18,784 INFO Epoch 44/50
2023-05-05 17:08:20,252 INFO Step: 37200. Epoch: 44/50. Iteration: 92/863. Cls loss: 156.805. Reg loss: 1.787. Seg loss: 0.194. Total loss: 158.787
2023-05-05 17:09:21,391 INFO Step: 37300. Epoch: 44/50. Iteration: 192/863. Cls loss: 84.172. Reg loss: 2.981. Seg loss: 0.209. Total loss: 87.362
2023-05-05 17:10:24,196 INFO Step: 37400. Epoch: 44/50. Iteration: 292/863. Cls loss: 126.338. Reg loss: 2.465. Seg loss: 0.161. Total loss: 128.963
2023-05-05 17:11:24,587 INFO Saved checkpoint to: ./logs/onlybdd10k_FT_v0_bs_16_duplicated_bus_3/2023_0504_2224_32/checkpoints/hybridnets-d3_43_37500.pth
2023-05-05 17:11:24,885 INFO Step: 37500. Epoch: 44/50. Iteration: 392/863. Cls loss: 104.308. Reg loss: 1.916. Seg loss: 0.195. Total loss: 106.418
2023-05-05 17:12:27,832 INFO Step: 37600. Epoch: 44/50. Iteration: 492/863. Cls loss: 84.193. Reg loss: 1.739. Seg loss: 0.148. Total loss: 86.079
2023-05-05 17:13:27,943 INFO Step: 37700. Epoch: 44/50. Iteration: 592/863. Cls loss: 134.700. Reg loss: 2.085. Seg loss: 0.185. Total loss: 136.971
2023-05-05 17:14:30,434 INFO Step: 37800. Epoch: 44/50. Iteration: 692/863. Cls loss: 117.966. Reg loss: 1.922. Seg loss: 0.198. Total loss: 120.086
2023-05-05 17:15:31,566 INFO Step: 37900. Epoch: 44/50. Iteration: 792/863. Cls loss: 147.474. Reg loss: 1.765. Seg loss: 0.210. Total loss: 149.449
2023-05-05 17:16:13,417 INFO Validating...
2023-05-05 17:18:02,608 INFO Val. Epoch: 44/50. Classification loss: 123.31822. Regression loss: 2.83887. Segmentation loss: 0.30358. Total loss: 126.46066
2023-05-05 17:18:02,764 INFO Epoch 45/50
2023-05-05 17:18:25,300 INFO Saved checkpoint to: ./logs/onlybdd10k_FT_v0_bs_16_duplicated_bus_3/2023_0504_2224_32/checkpoints/hybridnets-d3_44_38000.pth
2023-05-05 17:18:25,741 INFO Step: 38000. Epoch: 45/50. Iteration: 29/863. Cls loss: 122.449. Reg loss: 2.293. Seg loss: 0.218. Total loss: 124.961
2023-05-05 17:19:27,844 INFO Step: 38100. Epoch: 45/50. Iteration: 129/863. Cls loss: 172.948. Reg loss: 1.244. Seg loss: 0.173. Total loss: 174.365
2023-05-05 17:20:28,611 INFO Step: 38200. Epoch: 45/50. Iteration: 229/863. Cls loss: 111.826. Reg loss: 1.809. Seg loss: 0.190. Total loss: 113.824
2023-05-05 17:21:31,408 INFO Step: 38300. Epoch: 45/50. Iteration: 329/863. Cls loss: 107.076. Reg loss: 3.315. Seg loss: 0.207. Total loss: 110.597
2023-05-05 17:22:32,139 INFO Step: 38400. Epoch: 45/50. Iteration: 429/863. Cls loss: 166.777. Reg loss: 2.254. Seg loss: 0.175. Total loss: 169.206
2023-05-05 17:23:32,200 INFO Saved checkpoint to: ./logs/onlybdd10k_FT_v0_bs_16_duplicated_bus_3/2023_0504_2224_32/checkpoints/hybridnets-d3_44_38500.pth
2023-05-05 17:23:34,160 INFO Step: 38500. Epoch: 45/50. Iteration: 529/863. Cls loss: 80.147. Reg loss: 2.807. Seg loss: 0.293. Total loss: 83.247
2023-05-05 17:24:34,917 INFO Step: 38600. Epoch: 45/50. Iteration: 629/863. Cls loss: 149.308. Reg loss: 1.734. Seg loss: 0.147. Total loss: 151.188
2023-05-05 17:25:37,352 INFO Step: 38700. Epoch: 45/50. Iteration: 729/863. Cls loss: 104.878. Reg loss: 2.453. Seg loss: 0.225. Total loss: 107.557
2023-05-05 17:26:38,352 INFO Step: 38800. Epoch: 45/50. Iteration: 829/863. Cls loss: 145.983. Reg loss: 2.011. Seg loss: 0.215. Total loss: 148.209
2023-05-05 17:26:57,161 INFO Validating...
2023-05-05 17:28:46,446 INFO Val. Epoch: 45/50. Classification loss: 115.16887. Regression loss: 2.84100. Segmentation loss: 0.30133. Total loss: 118.31120
2023-05-05 17:28:46,683 INFO Epoch 46/50
2023-05-05 17:29:32,734 INFO Step: 38900. Epoch: 46/50. Iteration: 66/863. Cls loss: 107.373. Reg loss: 2.284. Seg loss: 0.170. Total loss: 109.827
2023-05-05 17:30:33,367 INFO Saved checkpoint to: ./logs/onlybdd10k_FT_v0_bs_16_duplicated_bus_3/2023_0504_2224_32/checkpoints/hybridnets-d3_45_39000.pth
2023-05-05 17:30:33,678 INFO Step: 39000. Epoch: 46/50. Iteration: 166/863. Cls loss: 110.893. Reg loss: 1.889. Seg loss: 0.229. Total loss: 113.011
2023-05-05 17:31:35,735 INFO Step: 39100. Epoch: 46/50. Iteration: 266/863. Cls loss: 64.409. Reg loss: 2.685. Seg loss: 0.222. Total loss: 67.317
2023-05-05 17:32:36,800 INFO Step: 39200. Epoch: 46/50. Iteration: 366/863. Cls loss: 91.086. Reg loss: 2.641. Seg loss: 0.192. Total loss: 93.919
2023-05-05 17:33:39,229 INFO Step: 39300. Epoch: 46/50. Iteration: 466/863. Cls loss: 142.967. Reg loss: 2.004. Seg loss: 0.216. Total loss: 145.187
2023-05-05 17:34:39,816 INFO Step: 39400. Epoch: 46/50. Iteration: 566/863. Cls loss: 72.216. Reg loss: 2.283. Seg loss: 0.176. Total loss: 74.675
2023-05-05 17:35:40,659 INFO Saved checkpoint to: ./logs/onlybdd10k_FT_v0_bs_16_duplicated_bus_3/2023_0504_2224_32/checkpoints/hybridnets-d3_45_39500.pth
2023-05-05 17:35:41,376 INFO Step: 39500. Epoch: 46/50. Iteration: 666/863. Cls loss: 126.517. Reg loss: 1.638. Seg loss: 0.169. Total loss: 128.325
2023-05-05 17:36:43,312 INFO Step: 39600. Epoch: 46/50. Iteration: 766/863. Cls loss: 89.476. Reg loss: 2.627. Seg loss: 0.167. Total loss: 92.270
2023-05-05 17:37:40,855 INFO Validating...
2023-05-05 17:39:29,742 INFO Val. Epoch: 46/50. Classification loss: 108.54433. Regression loss: 2.84230. Segmentation loss: 0.29795. Total loss: 111.68458
2023-05-05 17:39:29,979 INFO Epoch 47/50
2023-05-05 17:39:37,068 INFO Step: 39700. Epoch: 47/50. Iteration: 3/863. Cls loss: 112.669. Reg loss: 1.556. Seg loss: 0.200. Total loss: 114.425
2023-05-05 17:40:37,940 INFO Step: 39800. Epoch: 47/50. Iteration: 103/863. Cls loss: 155.731. Reg loss: 1.469. Seg loss: 0.199. Total loss: 157.399
2023-05-05 17:41:40,341 INFO Step: 39900. Epoch: 47/50. Iteration: 203/863. Cls loss: 119.973. Reg loss: 2.095. Seg loss: 0.202. Total loss: 122.270
2023-05-05 17:42:41,510 INFO Saved checkpoint to: ./logs/onlybdd10k_FT_v0_bs_16_duplicated_bus_3/2023_0504_2224_32/checkpoints/hybridnets-d3_46_40000.pth
2023-05-05 17:42:41,943 INFO Step: 40000. Epoch: 47/50. Iteration: 303/863. Cls loss: 90.957. Reg loss: 2.087. Seg loss: 0.194. Total loss: 93.238
2023-05-05 17:43:44,680 INFO Step: 40100. Epoch: 47/50. Iteration: 403/863. Cls loss: 116.418. Reg loss: 1.792. Seg loss: 0.167. Total loss: 118.376
2023-05-05 17:44:44,822 INFO Step: 40200. Epoch: 47/50. Iteration: 503/863. Cls loss: 72.465. Reg loss: 3.089. Seg loss: 0.140. Total loss: 75.694
2023-05-05 17:45:47,629 INFO Step: 40300. Epoch: 47/50. Iteration: 603/863. Cls loss: 109.538. Reg loss: 1.620. Seg loss: 0.163. Total loss: 111.320
2023-05-05 17:46:48,479 INFO Step: 40400. Epoch: 47/50. Iteration: 703/863. Cls loss: 102.548. Reg loss: 2.863. Seg loss: 0.188. Total loss: 105.598
2023-05-05 17:47:51,580 INFO Saved checkpoint to: ./logs/onlybdd10k_FT_v0_bs_16_duplicated_bus_3/2023_0504_2224_32/checkpoints/hybridnets-d3_46_40500.pth
2023-05-05 17:47:51,963 INFO Step: 40500. Epoch: 47/50. Iteration: 803/863. Cls loss: 115.878. Reg loss: 2.211. Seg loss: 0.203. Total loss: 118.292
2023-05-05 17:48:25,883 INFO Validating...
2023-05-05 17:50:15,416 INFO Val. Epoch: 47/50. Classification loss: 102.54098. Regression loss: 2.83816. Segmentation loss: 0.29492. Total loss: 105.67406
2023-05-05 17:50:15,678 INFO Epoch 48/50
2023-05-05 17:50:44,897 INFO Step: 40600. Epoch: 48/50. Iteration: 40/863. Cls loss: 88.410. Reg loss: 2.322. Seg loss: 0.196. Total loss: 90.928
2023-05-05 17:51:47,732 INFO Step: 40700. Epoch: 48/50. Iteration: 140/863. Cls loss: 147.919. Reg loss: 1.754. Seg loss: 0.198. Total loss: 149.870
2023-05-05 17:52:48,170 INFO Step: 40800. Epoch: 48/50. Iteration: 240/863. Cls loss: 74.698. Reg loss: 2.185. Seg loss: 0.257. Total loss: 77.140
2023-05-05 17:53:51,254 INFO Step: 40900. Epoch: 48/50. Iteration: 340/863. Cls loss: 91.173. Reg loss: 2.635. Seg loss: 0.207. Total loss: 94.015
2023-05-05 17:54:52,188 INFO Saved checkpoint to: ./logs/onlybdd10k_FT_v0_bs_16_duplicated_bus_3/2023_0504_2224_32/checkpoints/hybridnets-d3_47_41000.pth
2023-05-05 17:54:52,687 INFO Step: 41000. Epoch: 48/50. Iteration: 440/863. Cls loss: 133.242. Reg loss: 2.513. Seg loss: 0.172. Total loss: 135.926
2023-05-05 17:55:54,647 INFO Step: 41100. Epoch: 48/50. Iteration: 540/863. Cls loss: 118.483. Reg loss: 2.148. Seg loss: 0.308. Total loss: 120.939
2023-05-05 17:56:55,466 INFO Step: 41200. Epoch: 48/50. Iteration: 640/863. Cls loss: 93.336. Reg loss: 2.096. Seg loss: 0.131. Total loss: 95.563
2023-05-05 17:57:57,654 INFO Step: 41300. Epoch: 48/50. Iteration: 740/863. Cls loss: 93.981. Reg loss: 2.416. Seg loss: 0.220. Total loss: 96.617
2023-05-05 17:58:59,054 INFO Step: 41400. Epoch: 48/50. Iteration: 840/863. Cls loss: 93.114. Reg loss: 2.422. Seg loss: 0.217. Total loss: 95.753
2023-05-05 17:59:11,638 INFO Validating...
2023-05-05 18:01:00,861 INFO Val. Epoch: 48/50. Classification loss: 95.53641. Regression loss: 2.83892. Segmentation loss: 0.29303. Total loss: 98.66836
2023-05-05 18:01:01,186 INFO Epoch 49/50
2023-05-05 18:01:53,698 INFO Saved checkpoint to: ./logs/onlybdd10k_FT_v0_bs_16_duplicated_bus_3/2023_0504_2224_32/checkpoints/hybridnets-d3_48_41500.pth
2023-05-05 18:01:54,167 INFO Step: 41500. Epoch: 49/50. Iteration: 77/863. Cls loss: 71.873. Reg loss: 2.579. Seg loss: 0.175. Total loss: 74.627
2023-05-05 18:02:56,218 INFO Step: 41600. Epoch: 49/50. Iteration: 177/863. Cls loss: 94.865. Reg loss: 2.340. Seg loss: 0.214. Total loss: 97.419
2023-05-05 18:03:56,716 INFO Step: 41700. Epoch: 49/50. Iteration: 277/863. Cls loss: 65.683. Reg loss: 2.705. Seg loss: 0.167. Total loss: 68.555
2023-05-05 18:04:59,407 INFO Step: 41800. Epoch: 49/50. Iteration: 377/863. Cls loss: 62.659. Reg loss: 2.168. Seg loss: 0.255. Total loss: 65.082
2023-05-05 18:06:00,021 INFO Step: 41900. Epoch: 49/50. Iteration: 477/863. Cls loss: 110.906. Reg loss: 1.872. Seg loss: 0.185. Total loss: 112.963
2023-05-05 18:07:00,155 INFO Saved checkpoint to: ./logs/onlybdd10k_FT_v0_bs_16_duplicated_bus_3/2023_0504_2224_32/checkpoints/hybridnets-d3_48_42000.pth
2023-05-05 18:07:01,924 INFO Step: 42000. Epoch: 49/50. Iteration: 577/863. Cls loss: 75.933. Reg loss: 2.287. Seg loss: 0.194. Total loss: 78.414
2023-05-05 18:08:02,824 INFO Step: 42100. Epoch: 49/50. Iteration: 677/863. Cls loss: 98.664. Reg loss: 2.207. Seg loss: 0.146. Total loss: 101.018
2023-05-05 18:09:06,057 INFO Step: 42200. Epoch: 49/50. Iteration: 777/863. Cls loss: 69.020. Reg loss: 2.392. Seg loss: 0.214. Total loss: 71.626
2023-05-05 18:09:55,879 INFO Validating...
2023-05-05 18:11:44,920 INFO Val. Epoch: 49/50. Classification loss: 89.55583. Regression loss: 2.83810. Segmentation loss: 0.28873. Total loss: 92.68266
2023-05-05 18:11:45,152 INFO Epoch 50/50
2023-05-05 18:11:58,438 INFO Step: 42300. Epoch: 50/50. Iteration: 14/863. Cls loss: 84.221. Reg loss: 2.274. Seg loss: 0.215. Total loss: 86.710
2023-05-05 18:13:01,097 INFO Step: 42400. Epoch: 50/50. Iteration: 114/863. Cls loss: 78.743. Reg loss: 2.920. Seg loss: 0.322. Total loss: 81.985
2023-05-05 18:14:01,673 INFO Saved checkpoint to: ./logs/onlybdd10k_FT_v0_bs_16_duplicated_bus_3/2023_0504_2224_32/checkpoints/hybridnets-d3_49_42500.pth
2023-05-05 18:14:02,085 INFO Step: 42500. Epoch: 50/50. Iteration: 214/863. Cls loss: 162.436. Reg loss: 2.164. Seg loss: 0.209. Total loss: 164.809
2023-05-05 18:15:04,146 INFO Step: 42600. Epoch: 50/50. Iteration: 314/863. Cls loss: 83.341. Reg loss: 2.571. Seg loss: 0.353. Total loss: 86.266
2023-05-05 18:16:05,025 INFO Step: 42700. Epoch: 50/50. Iteration: 414/863. Cls loss: 60.762. Reg loss: 2.305. Seg loss: 0.212. Total loss: 63.279
2023-05-05 18:17:07,395 INFO Step: 42800. Epoch: 50/50. Iteration: 514/863. Cls loss: 91.428. Reg loss: 2.316. Seg loss: 0.176. Total loss: 93.919
2023-05-05 18:18:07,682 INFO Step: 42900. Epoch: 50/50. Iteration: 614/863. Cls loss: 73.547. Reg loss: 2.494. Seg loss: 0.163. Total loss: 76.205
2023-05-05 18:19:08,971 INFO Saved checkpoint to: ./logs/onlybdd10k_FT_v0_bs_16_duplicated_bus_3/2023_0504_2224_32/checkpoints/hybridnets-d3_49_43000.pth
2023-05-05 18:19:10,278 INFO Step: 43000. Epoch: 50/50. Iteration: 714/863. Cls loss: 102.391. Reg loss: 2.206. Seg loss: 0.185. Total loss: 104.783
2023-05-05 18:20:11,290 INFO Step: 43100. Epoch: 50/50. Iteration: 814/863. Cls loss: 85.460. Reg loss: 1.690. Seg loss: 0.162. Total loss: 87.313
2023-05-05 18:20:39,333 INFO Validating...
2023-05-05 18:22:28,442 INFO Val. Epoch: 50/50. Classification loss: 83.58018. Regression loss: 2.83986. Segmentation loss: 0.28584. Total loss: 86.70587

# I ran it manually and added it:
INFO:root:Val. Epoch: 1/0. Classification loss: 78.55336. Regression loss: 2.40717. Segmentation loss: 0.17654. Total loss: 81.13708
INFO:root:                                                                                                       road                             lane                             
INFO:root:Class          Images     Labels     P          R          mAP@.5     mAP@.5:.95 mIoU       mAcc       mIoU       IoU        Acc        mIoU       IoU        Acc        
INFO:root:all            3300       0          0          0          0          0          0.75       0.902      0.891      0.813      0.949      0.719      0.469      0.813
