2023-04-26 17:28:51,299 INFO Avaliable images: 70000
2023-04-26 17:28:51,299 INFO Running on 10000 images
2023-04-26 17:28:51,306 INFO building database...
2023-04-26 17:28:53,197 INFO database build finish
2023-04-26 17:28:53,214 INFO Avaliable images: 10000
2023-04-26 17:28:53,214 INFO Running on 10000 images
2023-04-26 17:28:53,215 INFO building database...
2023-04-26 17:28:54,816 INFO database build finish
2023-04-26 17:28:56,724 INFO [Info] Successfully!!!
2023-04-26 17:28:56,790 INFO Epoch 1/50
2023-04-26 17:31:43,569 INFO Step: 100. Epoch: 0/50. Iteration: 101/625. Cls loss: 0.221. Reg loss: 2.552. Seg loss: 1.684. Total loss: 4.457
2023-04-26 17:34:25,924 INFO Step: 200. Epoch: 0/50. Iteration: 201/625. Cls loss: 0.216. Reg loss: 2.212. Seg loss: 1.597. Total loss: 4.026
2023-04-26 17:36:59,661 INFO Step: 300. Epoch: 0/50. Iteration: 301/625. Cls loss: 0.264. Reg loss: 3.162. Seg loss: 1.276. Total loss: 4.702
2023-04-26 17:39:35,689 INFO Step: 400. Epoch: 0/50. Iteration: 401/625. Cls loss: 0.249. Reg loss: 3.208. Seg loss: 1.599. Total loss: 5.056
2023-04-26 17:42:02,763 INFO Saved checkpoint to: ./logs/onlybdd10k_FT_v0_bs_16_with_amp_conf_thres_0.8/2023_0426_1728_51/checkpoints/hybridnets-d3_0_500.pth
2023-04-26 17:42:03,072 INFO Step: 500. Epoch: 0/50. Iteration: 501/625. Cls loss: 0.212. Reg loss: 2.389. Seg loss: 1.463. Total loss: 4.064
2023-04-26 17:44:33,827 INFO Step: 600. Epoch: 0/50. Iteration: 601/625. Cls loss: 0.242. Reg loss: 2.419. Seg loss: 1.659. Total loss: 4.321
2023-04-26 17:45:05,274 INFO Validating...
2023-04-26 17:59:26,206 INFO Epoch 2/50
2023-04-26 18:01:34,142 INFO Step: 700. Epoch: 1/50. Iteration: 76/625. Cls loss: 0.229. Reg loss: 2.944. Seg loss: 1.010. Total loss: 4.183
2023-04-26 18:04:07,623 INFO Step: 800. Epoch: 1/50. Iteration: 176/625. Cls loss: 0.205. Reg loss: 1.889. Seg loss: 1.453. Total loss: 3.546
2023-04-26 18:06:49,905 INFO Step: 900. Epoch: 1/50. Iteration: 276/625. Cls loss: 0.221. Reg loss: 2.760. Seg loss: 1.173. Total loss: 4.154
2023-04-26 18:09:23,600 INFO Saved checkpoint to: ./logs/onlybdd10k_FT_v0_bs_16_with_amp_conf_thres_0.8/2023_0426_1728_51/checkpoints/hybridnets-d3_1_1000.pth
2023-04-26 18:09:23,886 INFO Step: 1000. Epoch: 1/50. Iteration: 376/625. Cls loss: 0.225. Reg loss: 2.477. Seg loss: 1.193. Total loss: 3.895
2023-04-26 18:11:59,468 INFO Step: 1100. Epoch: 1/50. Iteration: 476/625. Cls loss: 0.225. Reg loss: 2.920. Seg loss: 1.303. Total loss: 4.448
2023-04-26 18:14:27,200 INFO Step: 1200. Epoch: 1/50. Iteration: 576/625. Cls loss: 0.233. Reg loss: 2.891. Seg loss: 1.075. Total loss: 4.198
2023-04-26 18:15:39,010 INFO Validating...
2023-04-26 18:29:58,720 INFO Epoch 3/50
2023-04-26 18:31:23,970 INFO Step: 1300. Epoch: 2/50. Iteration: 51/625. Cls loss: 0.220. Reg loss: 2.678. Seg loss: 1.135. Total loss: 4.033
2023-04-26 18:33:54,805 INFO Step: 1400. Epoch: 2/50. Iteration: 151/625. Cls loss: 0.249. Reg loss: 2.819. Seg loss: 0.885. Total loss: 3.953
2023-04-26 18:36:35,487 INFO Saved checkpoint to: ./logs/onlybdd10k_FT_v0_bs_16_with_amp_conf_thres_0.8/2023_0426_1728_51/checkpoints/hybridnets-d3_2_1500.pth
2023-04-26 18:36:36,490 INFO Step: 1500. Epoch: 2/50. Iteration: 251/625. Cls loss: 0.226. Reg loss: 2.376. Seg loss: 1.066. Total loss: 3.668
2023-04-26 18:39:11,129 INFO Step: 1600. Epoch: 2/50. Iteration: 351/625. Cls loss: 0.202. Reg loss: 2.433. Seg loss: 0.996. Total loss: 3.632
2023-04-26 18:41:47,519 INFO Step: 1700. Epoch: 2/50. Iteration: 451/625. Cls loss: 0.222. Reg loss: 2.771. Seg loss: 0.949. Total loss: 3.942
2023-04-26 18:44:13,184 INFO Step: 1800. Epoch: 2/50. Iteration: 551/625. Cls loss: 0.194. Reg loss: 2.127. Seg loss: 0.854. Total loss: 3.175
2023-04-26 18:46:04,657 INFO Validating...
2023-04-26 19:00:26,053 INFO Epoch 4/50
2023-04-26 19:01:17,735 INFO Step: 1900. Epoch: 3/50. Iteration: 26/625. Cls loss: 0.216. Reg loss: 2.165. Seg loss: 0.844. Total loss: 3.225
2023-04-26 19:03:47,582 INFO Saved checkpoint to: ./logs/onlybdd10k_FT_v0_bs_16_with_amp_conf_thres_0.8/2023_0426_1728_51/checkpoints/hybridnets-d3_3_2000.pth
2023-04-26 19:03:47,866 INFO Step: 2000. Epoch: 3/50. Iteration: 126/625. Cls loss: 0.232. Reg loss: 2.725. Seg loss: 0.670. Total loss: 3.626
2023-04-26 19:06:24,956 INFO Step: 2100. Epoch: 3/50. Iteration: 226/625. Cls loss: 0.206. Reg loss: 2.111. Seg loss: 0.790. Total loss: 3.107
