2023-05-12 13:54:02,373 INFO PID: 4052319
2023-05-12 13:54:02,373 INFO Random seed: 3
2023-05-12 13:54:02,375 INFO Loading train dataset
2023-05-12 13:54:02,375 INFO Not using augmented dataset
2023-05-12 13:54:02,375 INFO Using paths list file: /mnt/raid/home/eyal_michaeli/datasets/bdd/file_paths_csv/10.0k.csv
2023-05-12 13:54:02,396 INFO Number of avaliable images: 10000
2023-05-12 13:54:02,396 INFO building database...
2023-05-12 13:54:04,397 INFO database build finish
2023-05-12 13:54:04,397 INFO Loading validation dataset
2023-05-12 13:54:04,398 INFO Not using augmented dataset
2023-05-12 13:54:04,398 INFO Using paths list file: /mnt/raid/home/eyal_michaeli/datasets/bdd/file_paths_csv/10.0k.csv
2023-05-12 13:54:04,420 INFO Number of avaliable images: 10000
2023-05-12 13:54:04,421 WARNING Using 10000 images
2023-05-12 13:54:04,421 INFO building database...
2023-05-12 13:54:06,216 INFO database build finish
2023-05-12 13:54:06,257 INFO Initializing Classifier with num_classes: 1
2023-05-12 13:54:09,084 INFO [Info] Weights init Successfully
2023-05-12 13:54:09,159 INFO Epoch 1/50
2023-05-12 13:56:05,848 INFO Step: 100. Epoch: 1/50. Iteration: 101/625. Cls loss: 0.242. Reg loss: 2.910. Seg loss: 1.896. Total loss: 5.049
2023-05-12 13:57:51,814 INFO Step: 200. Epoch: 1/50. Iteration: 201/625. Cls loss: 0.207. Reg loss: 2.367. Seg loss: 1.813. Total loss: 4.388
2023-05-12 13:59:39,070 INFO Step: 300. Epoch: 1/50. Iteration: 301/625. Cls loss: 0.204. Reg loss: 2.674. Seg loss: 1.373. Total loss: 4.250
2023-05-12 14:01:44,454 INFO Step: 400. Epoch: 1/50. Iteration: 401/625. Cls loss: 0.235. Reg loss: 2.922. Seg loss: 1.642. Total loss: 4.800
2023-05-12 14:02:44,677 INFO Saved checkpoint to: logs/2023_0512_1354_02_bdd10k_repeat_base_one_class/checkpoints/hybridnets-d3_0_500.pth
2023-05-12 14:02:45,001 INFO Step: 500. Epoch: 1/50. Iteration: 501/625. Cls loss: 0.231. Reg loss: 2.690. Seg loss: 1.592. Total loss: 4.513
2023-05-12 14:04:21,164 INFO Step: 600. Epoch: 1/50. Iteration: 601/625. Cls loss: 0.199. Reg loss: 2.096. Seg loss: 1.462. Total loss: 3.758
2023-05-12 14:04:45,224 INFO Epoch 2/50
2023-05-12 14:06:29,564 INFO Step: 700. Epoch: 2/50. Iteration: 76/625. Cls loss: 0.203. Reg loss: 2.098. Seg loss: 1.235. Total loss: 3.536
2023-05-12 14:09:06,366 INFO Step: 800. Epoch: 2/50. Iteration: 176/625. Cls loss: 0.190. Reg loss: 2.369. Seg loss: 1.262. Total loss: 3.821
2023-05-12 14:11:49,822 INFO Step: 900. Epoch: 2/50. Iteration: 276/625. Cls loss: 0.210. Reg loss: 2.698. Seg loss: 1.205. Total loss: 4.113
2023-05-12 14:14:28,039 INFO Saved checkpoint to: logs/2023_0512_1354_02_bdd10k_repeat_base_one_class/checkpoints/hybridnets-d3_1_1000.pth
2023-05-12 14:14:28,348 INFO Step: 1000. Epoch: 2/50. Iteration: 376/625. Cls loss: 0.192. Reg loss: 2.145. Seg loss: 0.837. Total loss: 3.173
2023-05-12 14:15:26,665 INFO Step: 1100. Epoch: 2/50. Iteration: 476/625. Cls loss: 0.207. Reg loss: 2.472. Seg loss: 1.127. Total loss: 3.806
2023-05-12 14:16:51,988 INFO Step: 1200. Epoch: 2/50. Iteration: 576/625. Cls loss: 0.235. Reg loss: 2.829. Seg loss: 0.874. Total loss: 3.938
2023-05-12 14:17:46,160 INFO Epoch 3/50
2023-05-12 14:19:14,040 INFO Step: 1300. Epoch: 3/50. Iteration: 51/625. Cls loss: 0.221. Reg loss: 2.599. Seg loss: 1.416. Total loss: 4.236
2023-05-12 14:21:43,306 INFO Step: 1400. Epoch: 3/50. Iteration: 151/625. Cls loss: 0.242. Reg loss: 2.737. Seg loss: 0.905. Total loss: 3.885
2023-05-12 14:24:18,440 INFO Saved checkpoint to: logs/2023_0512_1354_02_bdd10k_repeat_base_one_class/checkpoints/hybridnets-d3_2_1500.pth
2023-05-12 14:24:21,357 INFO Step: 1500. Epoch: 3/50. Iteration: 251/625. Cls loss: 0.218. Reg loss: 2.295. Seg loss: 0.909. Total loss: 3.422
2023-05-12 14:26:50,049 INFO Step: 1600. Epoch: 3/50. Iteration: 351/625. Cls loss: 0.222. Reg loss: 2.535. Seg loss: 1.173. Total loss: 3.930
2023-05-12 14:29:21,021 INFO Step: 1700. Epoch: 3/50. Iteration: 451/625. Cls loss: 0.195. Reg loss: 2.326. Seg loss: 0.913. Total loss: 3.434
2023-05-12 14:31:58,403 INFO Step: 1800. Epoch: 3/50. Iteration: 551/625. Cls loss: 0.214. Reg loss: 2.720. Seg loss: 0.855. Total loss: 3.789
2023-05-12 14:33:46,003 INFO Epoch 4/50
2023-05-12 14:34:36,488 INFO Step: 1900. Epoch: 4/50. Iteration: 26/625. Cls loss: 0.236. Reg loss: 3.245. Seg loss: 0.855. Total loss: 4.336
2023-05-12 14:37:05,023 INFO Saved checkpoint to: logs/2023_0512_1354_02_bdd10k_repeat_base_one_class/checkpoints/hybridnets-d3_3_2000.pth
2023-05-12 14:37:05,023 INFO Validating...
2023-05-12 14:51:36,326 INFO Val. Epoch: 4/50. Classification loss: 0.19757. Regression loss: 2.55813. Segmentation loss: 0.79115. Total loss: 3.54686
2023-05-12 14:51:36,852 INFO Step: 2000. Epoch: 4/50. Iteration: 126/625. Cls loss: 0.203. Reg loss: 2.630. Seg loss: 0.947. Total loss: 3.779
2023-05-12 14:53:45,206 INFO Step: 2100. Epoch: 4/50. Iteration: 226/625. Cls loss: 0.217. Reg loss: 2.270. Seg loss: 0.563. Total loss: 3.050
2023-05-12 14:56:12,990 INFO Step: 2200. Epoch: 4/50. Iteration: 326/625. Cls loss: 0.196. Reg loss: 2.015. Seg loss: 0.586. Total loss: 2.797
2023-05-12 14:58:40,731 INFO Step: 2300. Epoch: 4/50. Iteration: 426/625. Cls loss: 0.194. Reg loss: 2.328. Seg loss: 0.823. Total loss: 3.344
2023-05-12 15:01:08,049 INFO Step: 2400. Epoch: 4/50. Iteration: 526/625. Cls loss: 0.214. Reg loss: 2.342. Seg loss: 0.673. Total loss: 3.229
2023-05-12 15:03:33,525 INFO Saved checkpoint to: logs/2023_0512_1354_02_bdd10k_repeat_base_one_class/checkpoints/hybridnets-d3_3_2500.pth
2023-05-12 15:03:33,679 INFO Epoch 5/50
2023-05-12 15:03:47,250 INFO Step: 2500. Epoch: 5/50. Iteration: 1/625. Cls loss: 0.205. Reg loss: 3.048. Seg loss: 0.980. Total loss: 4.233
2023-05-12 15:06:17,326 INFO Step: 2600. Epoch: 5/50. Iteration: 101/625. Cls loss: 0.205. Reg loss: 3.173. Seg loss: 0.580. Total loss: 3.958
2023-05-12 15:08:56,065 INFO Step: 2700. Epoch: 5/50. Iteration: 201/625. Cls loss: 0.233. Reg loss: 2.646. Seg loss: 0.520. Total loss: 3.399
2023-05-12 15:11:22,808 INFO Step: 2800. Epoch: 5/50. Iteration: 301/625. Cls loss: 0.174. Reg loss: 2.110. Seg loss: 0.404. Total loss: 2.688
2023-05-12 15:13:58,976 INFO Step: 2900. Epoch: 5/50. Iteration: 401/625. Cls loss: 0.188. Reg loss: 1.814. Seg loss: 0.602. Total loss: 2.604
2023-05-12 15:16:27,091 INFO Saved checkpoint to: logs/2023_0512_1354_02_bdd10k_repeat_base_one_class/checkpoints/hybridnets-d3_4_3000.pth
2023-05-12 15:16:27,403 INFO Step: 3000. Epoch: 5/50. Iteration: 501/625. Cls loss: 0.196. Reg loss: 2.424. Seg loss: 0.673. Total loss: 3.293
2023-05-12 15:19:02,082 INFO Step: 3100. Epoch: 5/50. Iteration: 601/625. Cls loss: 0.205. Reg loss: 2.350. Seg loss: 0.561. Total loss: 3.116
2023-05-12 15:19:33,551 INFO Epoch 6/50
2023-05-12 15:21:39,942 INFO Step: 3200. Epoch: 6/50. Iteration: 76/625. Cls loss: 0.204. Reg loss: 2.059. Seg loss: 0.753. Total loss: 3.017
2023-05-12 15:24:09,258 INFO Step: 3300. Epoch: 6/50. Iteration: 176/625. Cls loss: 0.164. Reg loss: 1.653. Seg loss: 0.490. Total loss: 2.306
2023-05-12 15:26:47,108 INFO Step: 3400. Epoch: 6/50. Iteration: 276/625. Cls loss: 0.175. Reg loss: 1.599. Seg loss: 0.493. Total loss: 2.267
2023-05-12 15:29:13,529 INFO Saved checkpoint to: logs/2023_0512_1354_02_bdd10k_repeat_base_one_class/checkpoints/hybridnets-d3_5_3500.pth
2023-05-12 15:29:13,842 INFO Step: 3500. Epoch: 6/50. Iteration: 376/625. Cls loss: 0.206. Reg loss: 2.282. Seg loss: 0.490. Total loss: 2.978
2023-05-12 15:31:42,817 INFO Step: 3600. Epoch: 6/50. Iteration: 476/625. Cls loss: 0.217. Reg loss: 2.615. Seg loss: 0.550. Total loss: 3.382
2023-05-12 15:34:09,474 INFO Step: 3700. Epoch: 6/50. Iteration: 576/625. Cls loss: 0.195. Reg loss: 2.253. Seg loss: 0.400. Total loss: 2.848
2023-05-12 15:35:23,787 INFO Epoch 7/50
2023-05-12 15:36:50,514 INFO Step: 3800. Epoch: 7/50. Iteration: 51/625. Cls loss: 0.179. Reg loss: 2.218. Seg loss: 0.350. Total loss: 2.748
2023-05-12 15:39:20,069 INFO Step: 3900. Epoch: 7/50. Iteration: 151/625. Cls loss: 0.195. Reg loss: 2.319. Seg loss: 0.412. Total loss: 2.926
2023-05-12 15:41:59,222 INFO Saved checkpoint to: logs/2023_0512_1354_02_bdd10k_repeat_base_one_class/checkpoints/hybridnets-d3_6_4000.pth
2023-05-12 15:41:59,222 INFO Validating...
2023-05-12 15:56:17,142 INFO Val. Epoch: 7/50. Classification loss: 0.19339. Regression loss: 2.47974. Segmentation loss: 0.45779. Total loss: 3.13092
2023-05-12 15:56:17,622 INFO Step: 4000. Epoch: 7/50. Iteration: 251/625. Cls loss: 0.216. Reg loss: 1.958. Seg loss: 0.474. Total loss: 2.648
2023-05-12 15:58:32,235 INFO Step: 4100. Epoch: 7/50. Iteration: 351/625. Cls loss: 0.254. Reg loss: 2.924. Seg loss: 0.422. Total loss: 3.601
2023-05-12 16:01:02,538 INFO Step: 4200. Epoch: 7/50. Iteration: 451/625. Cls loss: 0.206. Reg loss: 2.081. Seg loss: 0.328. Total loss: 2.615
2023-05-12 16:03:31,846 INFO Step: 4300. Epoch: 7/50. Iteration: 551/625. Cls loss: 0.203. Reg loss: 2.599. Seg loss: 0.560. Total loss: 3.362
2023-05-12 16:05:21,215 INFO Epoch 8/50
2023-05-12 16:06:11,682 INFO Step: 4400. Epoch: 8/50. Iteration: 26/625. Cls loss: 0.217. Reg loss: 2.810. Seg loss: 0.446. Total loss: 3.473
2023-05-12 16:08:36,779 INFO Saved checkpoint to: logs/2023_0512_1354_02_bdd10k_repeat_base_one_class/checkpoints/hybridnets-d3_7_4500.pth
2023-05-12 16:08:37,088 INFO Step: 4500. Epoch: 8/50. Iteration: 126/625. Cls loss: 0.184. Reg loss: 2.085. Seg loss: 0.349. Total loss: 2.618
2023-05-12 16:11:02,733 INFO Step: 4600. Epoch: 8/50. Iteration: 226/625. Cls loss: 0.182. Reg loss: 1.999. Seg loss: 0.412. Total loss: 2.593
2023-05-12 16:13:33,688 INFO Step: 4700. Epoch: 8/50. Iteration: 326/625. Cls loss: 0.181. Reg loss: 2.015. Seg loss: 0.339. Total loss: 2.535
2023-05-12 16:15:56,898 INFO Step: 4800. Epoch: 8/50. Iteration: 426/625. Cls loss: 0.184. Reg loss: 1.796. Seg loss: 0.933. Total loss: 2.912
2023-05-12 16:18:27,958 INFO Step: 4900. Epoch: 8/50. Iteration: 526/625. Cls loss: 0.179. Reg loss: 2.109. Seg loss: 1.177. Total loss: 3.466
2023-05-12 16:20:52,141 INFO Saved checkpoint to: logs/2023_0512_1354_02_bdd10k_repeat_base_one_class/checkpoints/hybridnets-d3_7_5000.pth
2023-05-12 16:20:52,332 INFO Epoch 9/50
2023-05-12 16:21:05,894 INFO Step: 5000. Epoch: 9/50. Iteration: 1/625. Cls loss: 0.195. Reg loss: 2.393. Seg loss: 0.278. Total loss: 2.866
2023-05-12 16:23:36,285 INFO Step: 5100. Epoch: 9/50. Iteration: 101/625. Cls loss: 0.198. Reg loss: 2.505. Seg loss: 0.384. Total loss: 3.087
2023-05-12 16:26:11,214 INFO Step: 5200. Epoch: 9/50. Iteration: 201/625. Cls loss: 0.167. Reg loss: 1.658. Seg loss: 0.307. Total loss: 2.133
2023-05-12 16:28:37,326 INFO Step: 5300. Epoch: 9/50. Iteration: 301/625. Cls loss: 0.215. Reg loss: 2.726. Seg loss: 0.408. Total loss: 3.348
2023-05-12 16:31:13,417 INFO Step: 5400. Epoch: 9/50. Iteration: 401/625. Cls loss: 0.209. Reg loss: 2.152. Seg loss: 0.392. Total loss: 2.753
2023-05-12 16:33:39,358 INFO Saved checkpoint to: logs/2023_0512_1354_02_bdd10k_repeat_base_one_class/checkpoints/hybridnets-d3_8_5500.pth
2023-05-12 16:33:39,988 INFO Step: 5500. Epoch: 9/50. Iteration: 501/625. Cls loss: 0.179. Reg loss: 2.182. Seg loss: 0.287. Total loss: 2.649
2023-05-12 16:36:14,119 INFO Step: 5600. Epoch: 9/50. Iteration: 601/625. Cls loss: 0.191. Reg loss: 2.449. Seg loss: 0.282. Total loss: 2.921
2023-05-12 16:36:44,919 INFO Epoch 10/50
2023-05-12 16:38:49,893 INFO Step: 5700. Epoch: 10/50. Iteration: 76/625. Cls loss: 0.197. Reg loss: 2.152. Seg loss: 0.486. Total loss: 2.835
2023-05-12 16:41:16,880 INFO Step: 5800. Epoch: 10/50. Iteration: 176/625. Cls loss: 0.171. Reg loss: 1.777. Seg loss: 0.359. Total loss: 2.307
2023-05-12 16:43:52,865 INFO Step: 5900. Epoch: 10/50. Iteration: 276/625. Cls loss: 0.191. Reg loss: 2.317. Seg loss: 0.358. Total loss: 2.866
2023-05-12 16:46:21,203 INFO Saved checkpoint to: logs/2023_0512_1354_02_bdd10k_repeat_base_one_class/checkpoints/hybridnets-d3_9_6000.pth
2023-05-12 16:46:21,204 INFO Validating...
2023-05-12 17:00:17,797 INFO Val. Epoch: 10/50. Classification loss: 0.18947. Regression loss: 2.42735. Segmentation loss: 0.30887. Total loss: 2.92569
2023-05-12 17:00:18,280 INFO Step: 6000. Epoch: 10/50. Iteration: 376/625. Cls loss: 0.207. Reg loss: 2.310. Seg loss: 0.498. Total loss: 3.015
2023-05-12 17:02:32,435 INFO Step: 6100. Epoch: 10/50. Iteration: 476/625. Cls loss: 0.200. Reg loss: 2.338. Seg loss: 0.340. Total loss: 2.877
2023-05-12 17:05:00,596 INFO Step: 6200. Epoch: 10/50. Iteration: 576/625. Cls loss: 0.163. Reg loss: 1.722. Seg loss: 0.267. Total loss: 2.152
2023-05-12 17:06:11,430 INFO Epoch 11/50
2023-05-12 17:07:36,680 INFO Step: 6300. Epoch: 11/50. Iteration: 51/625. Cls loss: 0.188. Reg loss: 2.118. Seg loss: 0.243. Total loss: 2.550
2023-05-12 17:10:05,351 INFO Step: 6400. Epoch: 11/50. Iteration: 151/625. Cls loss: 0.195. Reg loss: 2.157. Seg loss: 0.204. Total loss: 2.557
2023-05-12 17:12:33,692 INFO Saved checkpoint to: logs/2023_0512_1354_02_bdd10k_repeat_base_one_class/checkpoints/hybridnets-d3_10_6500.pth
2023-05-12 17:12:34,002 INFO Step: 6500. Epoch: 11/50. Iteration: 251/625. Cls loss: 0.199. Reg loss: 2.497. Seg loss: 0.369. Total loss: 3.065
2023-05-12 17:15:07,580 INFO Step: 6600. Epoch: 11/50. Iteration: 351/625. Cls loss: 0.204. Reg loss: 2.187. Seg loss: 0.293. Total loss: 2.684
2023-05-12 17:17:35,721 INFO Step: 6700. Epoch: 11/50. Iteration: 451/625. Cls loss: 0.180. Reg loss: 1.798. Seg loss: 0.289. Total loss: 2.267
2023-05-12 17:20:08,332 INFO Step: 6800. Epoch: 11/50. Iteration: 551/625. Cls loss: 0.183. Reg loss: 2.824. Seg loss: 0.235. Total loss: 3.241
2023-05-12 17:21:55,056 INFO Epoch 12/50
2023-05-12 17:22:45,282 INFO Step: 6900. Epoch: 12/50. Iteration: 26/625. Cls loss: 0.223. Reg loss: 2.649. Seg loss: 0.305. Total loss: 3.178
2023-05-12 17:25:04,837 INFO Saved checkpoint to: logs/2023_0512_1354_02_bdd10k_repeat_base_one_class/checkpoints/hybridnets-d3_11_7000.pth
2023-05-12 17:25:05,142 INFO Step: 7000. Epoch: 12/50. Iteration: 126/625. Cls loss: 0.186. Reg loss: 1.515. Seg loss: 0.212. Total loss: 1.913
2023-05-12 17:27:39,485 INFO Step: 7100. Epoch: 12/50. Iteration: 226/625. Cls loss: 0.200. Reg loss: 2.348. Seg loss: 0.302. Total loss: 2.850
2023-05-12 17:30:08,089 INFO Step: 7200. Epoch: 12/50. Iteration: 326/625. Cls loss: 0.188. Reg loss: 2.448. Seg loss: 0.458. Total loss: 3.094
2023-05-12 17:32:24,264 INFO Step: 7300. Epoch: 12/50. Iteration: 426/625. Cls loss: 0.192. Reg loss: 2.365. Seg loss: 0.180. Total loss: 2.736
2023-05-12 17:34:58,559 INFO Step: 7400. Epoch: 12/50. Iteration: 526/625. Cls loss: 0.182. Reg loss: 2.106. Seg loss: 0.270. Total loss: 2.558
2023-05-12 17:37:21,384 INFO Saved checkpoint to: logs/2023_0512_1354_02_bdd10k_repeat_base_one_class/checkpoints/hybridnets-d3_11_7500.pth
2023-05-12 17:37:21,520 INFO Epoch 13/50
2023-05-12 17:37:35,130 INFO Step: 7500. Epoch: 13/50. Iteration: 1/625. Cls loss: 0.178. Reg loss: 2.401. Seg loss: 0.332. Total loss: 2.910
2023-05-12 17:40:00,680 INFO Step: 7600. Epoch: 13/50. Iteration: 101/625. Cls loss: 0.179. Reg loss: 2.268. Seg loss: 0.213. Total loss: 2.660
2023-05-12 17:42:31,132 INFO Step: 7700. Epoch: 13/50. Iteration: 201/625. Cls loss: 0.187. Reg loss: 1.897. Seg loss: 0.210. Total loss: 2.294
2023-05-12 17:45:02,944 INFO Step: 7800. Epoch: 13/50. Iteration: 301/625. Cls loss: 0.210. Reg loss: 2.760. Seg loss: 0.255. Total loss: 3.225
2023-05-12 17:47:29,597 INFO Step: 7900. Epoch: 13/50. Iteration: 401/625. Cls loss: 0.190. Reg loss: 2.386. Seg loss: 0.196. Total loss: 2.772
2023-05-12 17:50:04,423 INFO Saved checkpoint to: logs/2023_0512_1354_02_bdd10k_repeat_base_one_class/checkpoints/hybridnets-d3_12_8000.pth
2023-05-12 17:50:04,424 INFO Validating...
2023-05-12 18:04:30,764 INFO Val. Epoch: 13/50. Classification loss: 0.18599. Regression loss: 2.38008. Segmentation loss: 0.24624. Total loss: 2.81231
2023-05-12 18:04:31,233 INFO Step: 8000. Epoch: 13/50. Iteration: 501/625. Cls loss: 0.206. Reg loss: 2.808. Seg loss: 0.197. Total loss: 3.211
2023-05-12 18:06:42,459 INFO Step: 8100. Epoch: 13/50. Iteration: 601/625. Cls loss: 0.185. Reg loss: 2.193. Seg loss: 0.260. Total loss: 2.637
2023-05-12 18:07:16,704 INFO Epoch 14/50
2023-05-12 18:09:14,010 INFO Step: 8200. Epoch: 14/50. Iteration: 76/625. Cls loss: 0.197. Reg loss: 2.146. Seg loss: 0.314. Total loss: 2.657
2023-05-12 18:11:41,377 INFO Step: 8300. Epoch: 14/50. Iteration: 176/625. Cls loss: 0.172. Reg loss: 2.041. Seg loss: 0.229. Total loss: 2.442
2023-05-12 18:14:17,504 INFO Step: 8400. Epoch: 14/50. Iteration: 276/625. Cls loss: 0.182. Reg loss: 1.479. Seg loss: 0.300. Total loss: 1.961
2023-05-12 18:16:43,912 INFO Saved checkpoint to: logs/2023_0512_1354_02_bdd10k_repeat_base_one_class/checkpoints/hybridnets-d3_13_8500.pth
2023-05-12 18:16:44,222 INFO Step: 8500. Epoch: 14/50. Iteration: 376/625. Cls loss: 0.187. Reg loss: 1.924. Seg loss: 0.228. Total loss: 2.339
2023-05-12 18:19:20,831 INFO Step: 8600. Epoch: 14/50. Iteration: 476/625. Cls loss: 0.231. Reg loss: 2.537. Seg loss: 0.232. Total loss: 3.001
2023-05-12 18:21:50,709 INFO Step: 8700. Epoch: 14/50. Iteration: 576/625. Cls loss: 0.181. Reg loss: 2.191. Seg loss: 0.234. Total loss: 2.605
2023-05-12 18:23:02,511 INFO Epoch 15/50
2023-05-12 18:24:28,831 INFO Step: 8800. Epoch: 15/50. Iteration: 51/625. Cls loss: 0.199. Reg loss: 2.180. Seg loss: 0.283. Total loss: 2.662
2023-05-12 18:26:57,648 INFO Step: 8900. Epoch: 15/50. Iteration: 151/625. Cls loss: 0.194. Reg loss: 2.138. Seg loss: 0.227. Total loss: 2.559
2023-05-12 18:29:32,003 INFO LR updated: 1e-06 --> 9e-07
2023-05-12 18:29:32,159 INFO Saved checkpoint to: logs/2023_0512_1354_02_bdd10k_repeat_base_one_class/checkpoints/hybridnets-d3_14_9000.pth
2023-05-12 18:29:32,470 INFO Step: 9000. Epoch: 15/50. Iteration: 251/625. Cls loss: 0.163. Reg loss: 1.807. Seg loss: 0.262. Total loss: 2.232
2023-05-12 18:32:01,838 INFO Step: 9100. Epoch: 15/50. Iteration: 351/625. Cls loss: 0.201. Reg loss: 2.434. Seg loss: 0.183. Total loss: 2.818
2023-05-12 18:34:34,894 INFO Step: 9200. Epoch: 15/50. Iteration: 451/625. Cls loss: 0.194. Reg loss: 2.432. Seg loss: 0.231. Total loss: 2.858
2023-05-12 18:37:03,813 INFO Step: 9300. Epoch: 15/50. Iteration: 551/625. Cls loss: 0.189. Reg loss: 1.857. Seg loss: 0.318. Total loss: 2.364
2023-05-12 18:38:42,367 INFO Epoch 16/50
2023-05-12 18:39:33,434 INFO Step: 9400. Epoch: 16/50. Iteration: 26/625. Cls loss: 0.175. Reg loss: 1.980. Seg loss: 0.224. Total loss: 2.380
2023-05-12 18:42:01,342 INFO Saved checkpoint to: logs/2023_0512_1354_02_bdd10k_repeat_base_one_class/checkpoints/hybridnets-d3_15_9500.pth
2023-05-12 18:42:01,647 INFO Step: 9500. Epoch: 16/50. Iteration: 126/625. Cls loss: 0.175. Reg loss: 1.829. Seg loss: 0.150. Total loss: 2.154
2023-05-12 18:44:35,739 INFO Step: 9600. Epoch: 16/50. Iteration: 226/625. Cls loss: 0.220. Reg loss: 2.552. Seg loss: 0.205. Total loss: 2.976
2023-05-12 18:47:02,538 INFO Step: 9700. Epoch: 16/50. Iteration: 326/625. Cls loss: 0.213. Reg loss: 2.612. Seg loss: 0.226. Total loss: 3.051
2023-05-12 18:49:27,274 INFO Step: 9800. Epoch: 16/50. Iteration: 426/625. Cls loss: 0.172. Reg loss: 2.099. Seg loss: 0.336. Total loss: 2.606
2023-05-12 18:51:57,538 INFO Step: 9900. Epoch: 16/50. Iteration: 526/625. Cls loss: 0.206. Reg loss: 2.137. Seg loss: 0.267. Total loss: 2.610
2023-05-12 18:54:20,675 INFO Saved checkpoint to: logs/2023_0512_1354_02_bdd10k_repeat_base_one_class/checkpoints/hybridnets-d3_15_10000.pth
2023-05-12 18:54:20,676 INFO Validating...
2023-05-12 19:08:27,162 INFO Val. Epoch: 16/50. Classification loss: 0.18389. Regression loss: 2.34656. Segmentation loss: 0.21279. Total loss: 2.74325
2023-05-12 19:08:27,328 INFO Epoch 17/50
2023-05-12 19:08:40,771 INFO Step: 10000. Epoch: 17/50. Iteration: 1/625. Cls loss: 0.169. Reg loss: 1.934. Seg loss: 0.204. Total loss: 2.307
2023-05-12 19:11:09,415 INFO Step: 10100. Epoch: 17/50. Iteration: 101/625. Cls loss: 0.183. Reg loss: 2.366. Seg loss: 0.188. Total loss: 2.737
2023-05-12 19:13:35,901 INFO Step: 10200. Epoch: 17/50. Iteration: 201/625. Cls loss: 0.202. Reg loss: 2.330. Seg loss: 0.231. Total loss: 2.763
2023-05-12 19:16:03,704 INFO Step: 10300. Epoch: 17/50. Iteration: 301/625. Cls loss: 0.173. Reg loss: 1.994. Seg loss: 0.249. Total loss: 2.417
2023-05-12 19:18:29,507 INFO Step: 10400. Epoch: 17/50. Iteration: 401/625. Cls loss: 0.180. Reg loss: 1.971. Seg loss: 0.245. Total loss: 2.396
2023-05-12 19:21:03,157 INFO Saved checkpoint to: logs/2023_0512_1354_02_bdd10k_repeat_base_one_class/checkpoints/hybridnets-d3_16_10500.pth
2023-05-12 19:21:03,466 INFO Step: 10500. Epoch: 17/50. Iteration: 501/625. Cls loss: 0.193. Reg loss: 2.181. Seg loss: 0.257. Total loss: 2.632
2023-05-12 19:23:30,487 INFO Step: 10600. Epoch: 17/50. Iteration: 601/625. Cls loss: 0.203. Reg loss: 2.489. Seg loss: 0.233. Total loss: 2.925
2023-05-12 19:24:03,476 INFO Epoch 18/50
2023-05-12 19:26:01,295 INFO Step: 10700. Epoch: 18/50. Iteration: 76/625. Cls loss: 0.239. Reg loss: 1.657. Seg loss: 0.173. Total loss: 2.069
2023-05-12 19:28:30,507 INFO Step: 10800. Epoch: 18/50. Iteration: 176/625. Cls loss: 0.207. Reg loss: 2.548. Seg loss: 0.180. Total loss: 2.934
2023-05-12 19:31:08,574 INFO Step: 10900. Epoch: 18/50. Iteration: 276/625. Cls loss: 0.190. Reg loss: 2.433. Seg loss: 0.248. Total loss: 2.870
2023-05-12 19:33:35,252 INFO Saved checkpoint to: logs/2023_0512_1354_02_bdd10k_repeat_base_one_class/checkpoints/hybridnets-d3_17_11000.pth
2023-05-12 19:33:35,560 INFO Step: 11000. Epoch: 18/50. Iteration: 376/625. Cls loss: 0.233. Reg loss: 2.609. Seg loss: 0.177. Total loss: 3.019
2023-05-12 19:36:14,740 INFO Step: 11100. Epoch: 18/50. Iteration: 476/625. Cls loss: 0.173. Reg loss: 2.121. Seg loss: 0.232. Total loss: 2.526
2023-05-12 19:38:44,870 INFO Step: 11200. Epoch: 18/50. Iteration: 576/625. Cls loss: 0.182. Reg loss: 1.924. Seg loss: 0.228. Total loss: 2.335
2023-05-12 19:40:03,646 INFO Epoch 19/50
2023-05-12 19:41:34,049 INFO Step: 11300. Epoch: 19/50. Iteration: 51/625. Cls loss: 0.197. Reg loss: 2.207. Seg loss: 0.154. Total loss: 2.557
2023-05-12 19:44:06,580 INFO Step: 11400. Epoch: 19/50. Iteration: 151/625. Cls loss: 0.184. Reg loss: 2.471. Seg loss: 0.165. Total loss: 2.820
2023-05-12 19:46:49,056 INFO Saved checkpoint to: logs/2023_0512_1354_02_bdd10k_repeat_base_one_class/checkpoints/hybridnets-d3_18_11500.pth
2023-05-12 19:46:49,367 INFO Step: 11500. Epoch: 19/50. Iteration: 251/625. Cls loss: 0.178. Reg loss: 1.892. Seg loss: 0.228. Total loss: 2.298
2023-05-12 19:49:21,367 INFO Step: 11600. Epoch: 19/50. Iteration: 351/625. Cls loss: 0.185. Reg loss: 2.204. Seg loss: 0.197. Total loss: 2.587
2023-05-12 19:51:58,282 INFO Step: 11700. Epoch: 19/50. Iteration: 451/625. Cls loss: 0.164. Reg loss: 2.414. Seg loss: 0.193. Total loss: 2.771
2023-05-12 19:54:22,761 INFO Step: 11800. Epoch: 19/50. Iteration: 551/625. Cls loss: 0.192. Reg loss: 2.324. Seg loss: 0.238. Total loss: 2.754
2023-05-12 19:56:16,360 INFO Epoch 20/50
2023-05-12 19:57:07,817 INFO Step: 11900. Epoch: 20/50. Iteration: 26/625. Cls loss: 0.218. Reg loss: 2.642. Seg loss: 0.157. Total loss: 3.017
2023-05-12 19:59:40,380 INFO Saved checkpoint to: logs/2023_0512_1354_02_bdd10k_repeat_base_one_class/checkpoints/hybridnets-d3_19_12000.pth
2023-05-12 19:59:40,381 INFO Validating...
2023-05-12 20:13:57,829 INFO Val. Epoch: 20/50. Classification loss: 0.18226. Regression loss: 2.31672. Segmentation loss: 0.19378. Total loss: 2.69276
2023-05-12 20:13:58,306 INFO Step: 12000. Epoch: 20/50. Iteration: 126/625. Cls loss: 0.182. Reg loss: 2.053. Seg loss: 0.230. Total loss: 2.466
2023-05-12 20:16:13,490 INFO Step: 12100. Epoch: 20/50. Iteration: 226/625. Cls loss: 0.200. Reg loss: 2.292. Seg loss: 0.208. Total loss: 2.700
2023-05-12 20:18:42,652 INFO Step: 12200. Epoch: 20/50. Iteration: 326/625. Cls loss: 0.223. Reg loss: 2.793. Seg loss: 0.209. Total loss: 3.225
2023-05-12 20:21:13,755 INFO Step: 12300. Epoch: 20/50. Iteration: 426/625. Cls loss: 0.206. Reg loss: 1.869. Seg loss: 0.254. Total loss: 2.329
2023-05-12 20:23:49,053 INFO Step: 12400. Epoch: 20/50. Iteration: 526/625. Cls loss: 0.183. Reg loss: 2.225. Seg loss: 0.355. Total loss: 2.763
2023-05-12 20:26:11,935 INFO Saved checkpoint to: logs/2023_0512_1354_02_bdd10k_repeat_base_one_class/checkpoints/hybridnets-d3_19_12500.pth
2023-05-12 20:26:11,937 INFO Epoch 21/50
2023-05-12 20:26:25,379 INFO Step: 12500. Epoch: 21/50. Iteration: 1/625. Cls loss: 0.195. Reg loss: 2.317. Seg loss: 0.162. Total loss: 2.674
2023-05-12 20:28:52,044 INFO Step: 12600. Epoch: 21/50. Iteration: 101/625. Cls loss: 0.209. Reg loss: 2.316. Seg loss: 0.118. Total loss: 2.643
2023-05-12 20:31:24,747 INFO Step: 12700. Epoch: 21/50. Iteration: 201/625. Cls loss: 0.204. Reg loss: 2.301. Seg loss: 0.156. Total loss: 2.661
2023-05-12 20:33:50,386 INFO Step: 12800. Epoch: 21/50. Iteration: 301/625. Cls loss: 0.168. Reg loss: 2.005. Seg loss: 0.147. Total loss: 2.320
2023-05-12 20:36:21,714 INFO Step: 12900. Epoch: 21/50. Iteration: 401/625. Cls loss: 0.180. Reg loss: 1.797. Seg loss: 0.159. Total loss: 2.136
2023-05-12 20:38:50,725 INFO Saved checkpoint to: logs/2023_0512_1354_02_bdd10k_repeat_base_one_class/checkpoints/hybridnets-d3_20_13000.pth
2023-05-12 20:38:56,220 INFO Step: 13000. Epoch: 21/50. Iteration: 501/625. Cls loss: 0.187. Reg loss: 2.754. Seg loss: 0.227. Total loss: 3.169
2023-05-12 20:41:22,536 INFO Step: 13100. Epoch: 21/50. Iteration: 601/625. Cls loss: 0.202. Reg loss: 2.326. Seg loss: 0.183. Total loss: 2.710
2023-05-12 20:41:54,978 INFO Epoch 22/50
2023-05-12 20:43:47,982 INFO Step: 13200. Epoch: 22/50. Iteration: 76/625. Cls loss: 0.182. Reg loss: 2.237. Seg loss: 0.158. Total loss: 2.577
2023-05-12 20:46:17,291 INFO Step: 13300. Epoch: 22/50. Iteration: 176/625. Cls loss: 0.166. Reg loss: 2.130. Seg loss: 0.195. Total loss: 2.491
2023-05-12 20:48:52,789 INFO Step: 13400. Epoch: 22/50. Iteration: 276/625. Cls loss: 0.206. Reg loss: 2.284. Seg loss: 0.148. Total loss: 2.638
2023-05-12 20:51:20,039 INFO Saved checkpoint to: logs/2023_0512_1354_02_bdd10k_repeat_base_one_class/checkpoints/hybridnets-d3_21_13500.pth
2023-05-12 20:51:20,348 INFO Step: 13500. Epoch: 22/50. Iteration: 376/625. Cls loss: 0.178. Reg loss: 1.878. Seg loss: 0.199. Total loss: 2.256
2023-05-12 20:53:54,061 INFO Step: 13600. Epoch: 22/50. Iteration: 476/625. Cls loss: 0.205. Reg loss: 2.438. Seg loss: 0.181. Total loss: 2.824
2023-05-12 20:56:20,972 INFO Step: 13700. Epoch: 22/50. Iteration: 576/625. Cls loss: 0.192. Reg loss: 2.583. Seg loss: 0.201. Total loss: 2.977
2023-05-12 20:57:31,507 INFO Epoch 23/50
2023-05-12 20:59:00,046 INFO Step: 13800. Epoch: 23/50. Iteration: 51/625. Cls loss: 0.160. Reg loss: 1.811. Seg loss: 0.193. Total loss: 2.164
2023-05-12 21:01:26,567 INFO Step: 13900. Epoch: 23/50. Iteration: 151/625. Cls loss: 0.165. Reg loss: 1.915. Seg loss: 0.145. Total loss: 2.225
2023-05-12 21:04:02,999 INFO Saved checkpoint to: logs/2023_0512_1354_02_bdd10k_repeat_base_one_class/checkpoints/hybridnets-d3_22_14000.pth
2023-05-12 21:04:03,000 INFO Validating...
2023-05-12 21:18:11,136 INFO Val. Epoch: 23/50. Classification loss: 0.18142. Regression loss: 2.28955. Segmentation loss: 0.17736. Total loss: 2.64833
2023-05-12 21:18:11,566 INFO Step: 14000. Epoch: 23/50. Iteration: 251/625. Cls loss: 0.197. Reg loss: 2.601. Seg loss: 0.168. Total loss: 2.966
2023-05-12 21:20:23,951 INFO Step: 14100. Epoch: 23/50. Iteration: 351/625. Cls loss: 0.189. Reg loss: 1.993. Seg loss: 0.166. Total loss: 2.348
2023-05-12 21:22:46,251 INFO Step: 14200. Epoch: 23/50. Iteration: 451/625. Cls loss: 0.187. Reg loss: 2.135. Seg loss: 0.180. Total loss: 2.502
2023-05-12 21:25:16,899 INFO Step: 14300. Epoch: 23/50. Iteration: 551/625. Cls loss: 0.184. Reg loss: 2.125. Seg loss: 0.183. Total loss: 2.492
2023-05-12 21:27:11,619 INFO Epoch 24/50
2023-05-12 21:28:03,042 INFO Step: 14400. Epoch: 24/50. Iteration: 26/625. Cls loss: 0.198. Reg loss: 2.099. Seg loss: 0.188. Total loss: 2.484
2023-05-12 21:30:33,047 INFO Saved checkpoint to: logs/2023_0512_1354_02_bdd10k_repeat_base_one_class/checkpoints/hybridnets-d3_23_14500.pth
2023-05-12 21:30:33,350 INFO Step: 14500. Epoch: 24/50. Iteration: 126/625. Cls loss: 0.204. Reg loss: 2.334. Seg loss: 0.173. Total loss: 2.711
2023-05-12 21:33:13,486 INFO Step: 14600. Epoch: 24/50. Iteration: 226/625. Cls loss: 0.202. Reg loss: 2.421. Seg loss: 0.155. Total loss: 2.778
2023-05-12 21:35:45,420 INFO Step: 14700. Epoch: 24/50. Iteration: 326/625. Cls loss: 0.170. Reg loss: 2.101. Seg loss: 0.219. Total loss: 2.489
2023-05-12 21:38:26,103 INFO Step: 14800. Epoch: 24/50. Iteration: 426/625. Cls loss: 0.158. Reg loss: 1.838. Seg loss: 0.145. Total loss: 2.141
2023-05-12 21:40:57,342 INFO Step: 14900. Epoch: 24/50. Iteration: 526/625. Cls loss: 0.218. Reg loss: 2.615. Seg loss: 0.174. Total loss: 3.007
2023-05-12 21:43:31,117 INFO Saved checkpoint to: logs/2023_0512_1354_02_bdd10k_repeat_base_one_class/checkpoints/hybridnets-d3_23_15000.pth
2023-05-12 21:43:31,343 INFO Epoch 25/50
2023-05-12 21:43:44,746 INFO Step: 15000. Epoch: 25/50. Iteration: 1/625. Cls loss: 0.166. Reg loss: 1.675. Seg loss: 0.181. Total loss: 2.022
2023-05-12 21:46:13,990 INFO Step: 15100. Epoch: 25/50. Iteration: 101/625. Cls loss: 0.169. Reg loss: 2.370. Seg loss: 0.148. Total loss: 2.687
2023-05-12 21:48:37,039 INFO Step: 15200. Epoch: 25/50. Iteration: 201/625. Cls loss: 0.170. Reg loss: 1.599. Seg loss: 0.150. Total loss: 1.919
2023-05-12 21:51:13,611 INFO Step: 15300. Epoch: 25/50. Iteration: 301/625. Cls loss: 0.170. Reg loss: 1.931. Seg loss: 0.136. Total loss: 2.237
2023-05-12 21:53:40,458 INFO Step: 15400. Epoch: 25/50. Iteration: 401/625. Cls loss: 0.194. Reg loss: 2.203. Seg loss: 0.145. Total loss: 2.542
2023-05-12 21:56:16,431 INFO Saved checkpoint to: logs/2023_0512_1354_02_bdd10k_repeat_base_one_class/checkpoints/hybridnets-d3_24_15500.pth
2023-05-12 21:56:16,743 INFO Step: 15500. Epoch: 25/50. Iteration: 501/625. Cls loss: 0.199. Reg loss: 1.918. Seg loss: 0.210. Total loss: 2.327
2023-05-12 21:58:41,465 INFO Step: 15600. Epoch: 25/50. Iteration: 601/625. Cls loss: 0.166. Reg loss: 1.605. Seg loss: 0.295. Total loss: 2.066
2023-05-12 21:59:14,036 INFO Epoch 26/50
2023-05-12 22:01:10,441 INFO Step: 15700. Epoch: 26/50. Iteration: 76/625. Cls loss: 0.153. Reg loss: 1.775. Seg loss: 0.137. Total loss: 2.065
2023-05-12 22:03:37,203 INFO Step: 15800. Epoch: 26/50. Iteration: 176/625. Cls loss: 0.190. Reg loss: 2.463. Seg loss: 0.152. Total loss: 2.804
2023-05-12 22:06:11,292 INFO Step: 15900. Epoch: 26/50. Iteration: 276/625. Cls loss: 0.178. Reg loss: 2.006. Seg loss: 0.141. Total loss: 2.325
2023-05-12 22:08:35,150 INFO Saved checkpoint to: logs/2023_0512_1354_02_bdd10k_repeat_base_one_class/checkpoints/hybridnets-d3_25_16000.pth
2023-05-12 22:08:35,151 INFO Validating...
2023-05-12 22:22:39,439 INFO Val. Epoch: 26/50. Classification loss: 0.18065. Regression loss: 2.27347. Segmentation loss: 0.16703. Total loss: 2.62116
2023-05-12 22:22:39,963 INFO Step: 16000. Epoch: 26/50. Iteration: 376/625. Cls loss: 0.189. Reg loss: 2.071. Seg loss: 0.150. Total loss: 2.410
2023-05-12 22:24:42,550 INFO Step: 16100. Epoch: 26/50. Iteration: 476/625. Cls loss: 0.177. Reg loss: 2.267. Seg loss: 0.208. Total loss: 2.652
2023-05-12 22:27:07,161 INFO Step: 16200. Epoch: 26/50. Iteration: 576/625. Cls loss: 0.175. Reg loss: 2.113. Seg loss: 0.184. Total loss: 2.472
2023-05-12 22:28:19,972 INFO Epoch 27/50
2023-05-12 22:29:47,853 INFO Step: 16300. Epoch: 27/50. Iteration: 51/625. Cls loss: 0.225. Reg loss: 2.558. Seg loss: 0.178. Total loss: 2.961
2023-05-12 22:32:18,656 INFO Step: 16400. Epoch: 27/50. Iteration: 151/625. Cls loss: 0.172. Reg loss: 1.777. Seg loss: 0.166. Total loss: 2.115
2023-05-12 22:34:59,995 INFO Saved checkpoint to: logs/2023_0512_1354_02_bdd10k_repeat_base_one_class/checkpoints/hybridnets-d3_26_16500.pth
2023-05-12 22:35:00,313 INFO Step: 16500. Epoch: 27/50. Iteration: 251/625. Cls loss: 0.176. Reg loss: 1.930. Seg loss: 0.210. Total loss: 2.316
2023-05-12 22:37:30,272 INFO Step: 16600. Epoch: 27/50. Iteration: 351/625. Cls loss: 0.198. Reg loss: 2.393. Seg loss: 0.156. Total loss: 2.747
2023-05-12 22:39:56,486 INFO Step: 16700. Epoch: 27/50. Iteration: 451/625. Cls loss: 0.178. Reg loss: 2.120. Seg loss: 0.163. Total loss: 2.461
2023-05-12 22:42:26,130 INFO Step: 16800. Epoch: 27/50. Iteration: 551/625. Cls loss: 0.188. Reg loss: 2.007. Seg loss: 0.143. Total loss: 2.339
2023-05-12 22:44:20,567 INFO Epoch 28/50
2023-05-12 22:45:11,481 INFO Step: 16900. Epoch: 28/50. Iteration: 26/625. Cls loss: 0.193. Reg loss: 2.354. Seg loss: 0.231. Total loss: 2.779
2023-05-12 22:47:40,629 INFO Saved checkpoint to: logs/2023_0512_1354_02_bdd10k_repeat_base_one_class/checkpoints/hybridnets-d3_27_17000.pth
2023-05-12 22:47:40,938 INFO Step: 17000. Epoch: 28/50. Iteration: 126/625. Cls loss: 0.220. Reg loss: 2.240. Seg loss: 0.134. Total loss: 2.595
2023-05-12 22:50:19,886 INFO Step: 17100. Epoch: 28/50. Iteration: 226/625. Cls loss: 0.180. Reg loss: 2.299. Seg loss: 0.147. Total loss: 2.626
2023-05-12 22:52:50,706 INFO Step: 17200. Epoch: 28/50. Iteration: 326/625. Cls loss: 0.161. Reg loss: 1.556. Seg loss: 0.143. Total loss: 1.860
2023-05-12 22:55:29,156 INFO Step: 17300. Epoch: 28/50. Iteration: 426/625. Cls loss: 0.176. Reg loss: 2.491. Seg loss: 0.231. Total loss: 2.898
2023-05-12 22:57:59,363 INFO Step: 17400. Epoch: 28/50. Iteration: 526/625. Cls loss: 0.214. Reg loss: 2.894. Seg loss: 0.176. Total loss: 3.284
2023-05-12 23:00:27,726 INFO Saved checkpoint to: logs/2023_0512_1354_02_bdd10k_repeat_base_one_class/checkpoints/hybridnets-d3_27_17500.pth
2023-05-12 23:00:27,948 INFO Epoch 29/50
2023-05-12 23:00:41,635 INFO Step: 17500. Epoch: 29/50. Iteration: 1/625. Cls loss: 0.160. Reg loss: 1.767. Seg loss: 0.178. Total loss: 2.105
2023-05-12 23:03:05,950 INFO Step: 17600. Epoch: 29/50. Iteration: 101/625. Cls loss: 0.176. Reg loss: 1.821. Seg loss: 0.170. Total loss: 2.166
2023-05-12 23:05:39,777 INFO Step: 17700. Epoch: 29/50. Iteration: 201/625. Cls loss: 0.173. Reg loss: 1.635. Seg loss: 0.199. Total loss: 2.007
2023-05-12 23:08:09,910 INFO Step: 17800. Epoch: 29/50. Iteration: 301/625. Cls loss: 0.164. Reg loss: 1.676. Seg loss: 0.140. Total loss: 1.981
2023-05-12 23:10:44,952 INFO Step: 17900. Epoch: 29/50. Iteration: 401/625. Cls loss: 0.174. Reg loss: 2.089. Seg loss: 0.150. Total loss: 2.413
2023-05-12 23:13:12,863 INFO LR updated: 9e-07 --> 8.1e-07
2023-05-12 23:13:13,020 INFO Saved checkpoint to: logs/2023_0512_1354_02_bdd10k_repeat_base_one_class/checkpoints/hybridnets-d3_28_18000.pth
2023-05-12 23:13:13,021 INFO Validating...
2023-05-12 23:27:05,498 INFO Val. Epoch: 29/50. Classification loss: 0.17919. Regression loss: 2.24064. Segmentation loss: 0.15799. Total loss: 2.57782
2023-05-12 23:27:05,972 INFO Step: 18000. Epoch: 29/50. Iteration: 501/625. Cls loss: 0.188. Reg loss: 2.235. Seg loss: 0.134. Total loss: 2.557
2023-05-12 23:29:20,119 INFO Step: 18100. Epoch: 29/50. Iteration: 601/625. Cls loss: 0.157. Reg loss: 1.746. Seg loss: 0.142. Total loss: 2.045
2023-05-12 23:29:54,002 INFO Epoch 30/50
2023-05-12 23:31:58,224 INFO Step: 18200. Epoch: 30/50. Iteration: 76/625. Cls loss: 0.183. Reg loss: 1.808. Seg loss: 0.131. Total loss: 2.122
2023-05-12 23:34:25,482 INFO Step: 18300. Epoch: 30/50. Iteration: 176/625. Cls loss: 0.185. Reg loss: 2.606. Seg loss: 0.157. Total loss: 2.949
2023-05-12 23:36:59,550 INFO Step: 18400. Epoch: 30/50. Iteration: 276/625. Cls loss: 0.212. Reg loss: 2.449. Seg loss: 0.119. Total loss: 2.779
2023-05-12 23:39:16,750 INFO Saved checkpoint to: logs/2023_0512_1354_02_bdd10k_repeat_base_one_class/checkpoints/hybridnets-d3_29_18500.pth
2023-05-12 23:39:17,054 INFO Step: 18500. Epoch: 30/50. Iteration: 376/625. Cls loss: 0.187. Reg loss: 2.074. Seg loss: 0.140. Total loss: 2.402
2023-05-12 23:41:43,809 INFO Step: 18600. Epoch: 30/50. Iteration: 476/625. Cls loss: 0.215. Reg loss: 2.432. Seg loss: 0.150. Total loss: 2.798
2023-05-12 23:44:10,854 INFO Step: 18700. Epoch: 30/50. Iteration: 576/625. Cls loss: 0.200. Reg loss: 2.469. Seg loss: 0.185. Total loss: 2.854
2023-05-12 23:45:19,234 INFO Epoch 31/50
2023-05-12 23:46:45,870 INFO Step: 18800. Epoch: 31/50. Iteration: 51/625. Cls loss: 0.151. Reg loss: 1.434. Seg loss: 0.121. Total loss: 1.706
2023-05-12 23:49:08,787 INFO Step: 18900. Epoch: 31/50. Iteration: 151/625. Cls loss: 0.184. Reg loss: 2.466. Seg loss: 0.162. Total loss: 2.811
2023-05-12 23:51:41,558 INFO Saved checkpoint to: logs/2023_0512_1354_02_bdd10k_repeat_base_one_class/checkpoints/hybridnets-d3_30_19000.pth
2023-05-12 23:51:41,900 INFO Step: 19000. Epoch: 31/50. Iteration: 251/625. Cls loss: 0.217. Reg loss: 1.977. Seg loss: 0.154. Total loss: 2.348
2023-05-12 23:54:05,902 INFO Step: 19100. Epoch: 31/50. Iteration: 351/625. Cls loss: 0.161. Reg loss: 1.954. Seg loss: 0.181. Total loss: 2.296
2023-05-12 23:56:36,180 INFO Step: 19200. Epoch: 31/50. Iteration: 451/625. Cls loss: 0.172. Reg loss: 1.683. Seg loss: 0.168. Total loss: 2.023
2023-05-12 23:59:00,342 INFO Step: 19300. Epoch: 31/50. Iteration: 551/625. Cls loss: 0.197. Reg loss: 2.047. Seg loss: 0.224. Total loss: 2.468
2023-05-13 00:00:46,289 INFO Epoch 32/50
2023-05-13 00:01:36,776 INFO Step: 19400. Epoch: 32/50. Iteration: 26/625. Cls loss: 0.203. Reg loss: 2.176. Seg loss: 0.150. Total loss: 2.529
2023-05-13 00:04:04,741 INFO Saved checkpoint to: logs/2023_0512_1354_02_bdd10k_repeat_base_one_class/checkpoints/hybridnets-d3_31_19500.pth
2023-05-13 00:04:05,050 INFO Step: 19500. Epoch: 32/50. Iteration: 126/625. Cls loss: 0.251. Reg loss: 3.247. Seg loss: 0.140. Total loss: 3.638
2023-05-13 00:06:38,539 INFO Step: 19600. Epoch: 32/50. Iteration: 226/625. Cls loss: 0.173. Reg loss: 1.728. Seg loss: 0.206. Total loss: 2.107
2023-05-13 00:09:03,462 INFO Step: 19700. Epoch: 32/50. Iteration: 326/625. Cls loss: 0.159. Reg loss: 2.110. Seg loss: 0.169. Total loss: 2.439
2023-05-13 00:11:35,445 INFO Step: 19800. Epoch: 32/50. Iteration: 426/625. Cls loss: 0.175. Reg loss: 2.045. Seg loss: 0.157. Total loss: 2.377
2023-05-13 00:14:01,285 INFO Step: 19900. Epoch: 32/50. Iteration: 526/625. Cls loss: 0.186. Reg loss: 1.900. Seg loss: 0.183. Total loss: 2.269
2023-05-13 00:16:20,422 INFO Saved checkpoint to: logs/2023_0512_1354_02_bdd10k_repeat_base_one_class/checkpoints/hybridnets-d3_31_20000.pth
2023-05-13 00:16:20,422 INFO Validating...
2023-05-13 00:30:11,881 INFO Val. Epoch: 32/50. Classification loss: 0.17927. Regression loss: 2.23844. Segmentation loss: 0.15247. Total loss: 2.57017
2023-05-13 00:30:12,048 INFO Epoch 33/50
2023-05-13 00:30:24,791 INFO Step: 20000. Epoch: 33/50. Iteration: 1/625. Cls loss: 0.186. Reg loss: 1.754. Seg loss: 0.162. Total loss: 2.103
2023-05-13 00:32:46,568 INFO Step: 20100. Epoch: 33/50. Iteration: 101/625. Cls loss: 0.183. Reg loss: 2.162. Seg loss: 0.143. Total loss: 2.488
2023-05-13 00:35:15,128 INFO Step: 20200. Epoch: 33/50. Iteration: 201/625. Cls loss: 0.163. Reg loss: 2.251. Seg loss: 0.162. Total loss: 2.577
2023-05-13 00:37:52,244 INFO Step: 20300. Epoch: 33/50. Iteration: 301/625. Cls loss: 0.163. Reg loss: 2.431. Seg loss: 0.145. Total loss: 2.738
2023-05-13 00:40:19,088 INFO Step: 20400. Epoch: 33/50. Iteration: 401/625. Cls loss: 0.168. Reg loss: 1.924. Seg loss: 0.141. Total loss: 2.233
2023-05-13 00:42:55,728 INFO Saved checkpoint to: logs/2023_0512_1354_02_bdd10k_repeat_base_one_class/checkpoints/hybridnets-d3_32_20500.pth
2023-05-13 00:42:56,043 INFO Step: 20500. Epoch: 33/50. Iteration: 501/625. Cls loss: 0.161. Reg loss: 2.342. Seg loss: 0.141. Total loss: 2.644
2023-05-13 00:45:22,835 INFO Step: 20600. Epoch: 33/50. Iteration: 601/625. Cls loss: 0.179. Reg loss: 1.548. Seg loss: 0.148. Total loss: 1.874
2023-05-13 00:45:55,604 INFO Epoch 34/50
2023-05-13 00:47:56,922 INFO Step: 20700. Epoch: 34/50. Iteration: 76/625. Cls loss: 0.210. Reg loss: 2.450. Seg loss: 0.153. Total loss: 2.813
2023-05-13 00:50:21,257 INFO Step: 20800. Epoch: 34/50. Iteration: 176/625. Cls loss: 0.163. Reg loss: 1.926. Seg loss: 0.181. Total loss: 2.269
2023-05-13 00:52:42,811 INFO Step: 20900. Epoch: 34/50. Iteration: 276/625. Cls loss: 0.157. Reg loss: 1.735. Seg loss: 0.134. Total loss: 2.026
2023-05-13 00:55:08,474 INFO Saved checkpoint to: logs/2023_0512_1354_02_bdd10k_repeat_base_one_class/checkpoints/hybridnets-d3_33_21000.pth
2023-05-13 00:55:08,784 INFO Step: 21000. Epoch: 34/50. Iteration: 376/625. Cls loss: 0.157. Reg loss: 1.582. Seg loss: 0.157. Total loss: 1.895
2023-05-13 00:57:37,421 INFO Step: 21100. Epoch: 34/50. Iteration: 476/625. Cls loss: 0.175. Reg loss: 2.523. Seg loss: 0.155. Total loss: 2.853
2023-05-13 01:00:02,480 INFO Step: 21200. Epoch: 34/50. Iteration: 576/625. Cls loss: 0.163. Reg loss: 1.877. Seg loss: 0.119. Total loss: 2.159
2023-05-13 01:01:10,905 INFO Epoch 35/50
2023-05-13 01:02:37,055 INFO Step: 21300. Epoch: 35/50. Iteration: 51/625. Cls loss: 0.191. Reg loss: 2.239. Seg loss: 0.132. Total loss: 2.562
2023-05-13 01:05:00,950 INFO Step: 21400. Epoch: 35/50. Iteration: 151/625. Cls loss: 0.199. Reg loss: 2.421. Seg loss: 0.239. Total loss: 2.858
2023-05-13 01:07:34,052 INFO Saved checkpoint to: logs/2023_0512_1354_02_bdd10k_repeat_base_one_class/checkpoints/hybridnets-d3_34_21500.pth
2023-05-13 01:07:34,357 INFO Step: 21500. Epoch: 35/50. Iteration: 251/625. Cls loss: 0.161. Reg loss: 1.924. Seg loss: 0.135. Total loss: 2.219
2023-05-13 01:09:56,907 INFO Step: 21600. Epoch: 35/50. Iteration: 351/625. Cls loss: 0.193. Reg loss: 2.357. Seg loss: 0.156. Total loss: 2.705
2023-05-13 01:12:24,050 INFO Step: 21700. Epoch: 35/50. Iteration: 451/625. Cls loss: 0.185. Reg loss: 2.291. Seg loss: 0.160. Total loss: 2.636
2023-05-13 01:14:50,592 INFO Step: 21800. Epoch: 35/50. Iteration: 551/625. Cls loss: 0.171. Reg loss: 1.614. Seg loss: 0.176. Total loss: 1.961
2023-05-13 01:16:35,972 INFO Epoch 36/50
2023-05-13 01:17:27,070 INFO Step: 21900. Epoch: 36/50. Iteration: 26/625. Cls loss: 0.213. Reg loss: 2.587. Seg loss: 0.166. Total loss: 2.966
2023-05-13 01:19:55,236 INFO Saved checkpoint to: logs/2023_0512_1354_02_bdd10k_repeat_base_one_class/checkpoints/hybridnets-d3_35_22000.pth
2023-05-13 01:19:55,236 INFO Validating...
2023-05-13 01:33:43,117 INFO Val. Epoch: 36/50. Classification loss: 0.17818. Regression loss: 2.21501. Segmentation loss: 0.14736. Total loss: 2.54055
2023-05-13 01:33:43,592 INFO Step: 22000. Epoch: 36/50. Iteration: 126/625. Cls loss: 0.198. Reg loss: 2.559. Seg loss: 0.129. Total loss: 2.886
2023-05-13 01:35:57,208 INFO Step: 22100. Epoch: 36/50. Iteration: 226/625. Cls loss: 0.157. Reg loss: 1.828. Seg loss: 0.126. Total loss: 2.111
2023-05-13 01:38:26,032 INFO Step: 22200. Epoch: 36/50. Iteration: 326/625. Cls loss: 0.180. Reg loss: 2.020. Seg loss: 0.123. Total loss: 2.324
2023-05-13 01:41:02,023 INFO Step: 22300. Epoch: 36/50. Iteration: 426/625. Cls loss: 0.206. Reg loss: 2.267. Seg loss: 0.143. Total loss: 2.617
2023-05-13 01:43:27,291 INFO Step: 22400. Epoch: 36/50. Iteration: 526/625. Cls loss: 0.191. Reg loss: 1.998. Seg loss: 0.133. Total loss: 2.322
2023-05-13 01:45:56,921 INFO Saved checkpoint to: logs/2023_0512_1354_02_bdd10k_repeat_base_one_class/checkpoints/hybridnets-d3_35_22500.pth
2023-05-13 01:45:57,007 INFO Epoch 37/50
2023-05-13 01:46:09,831 INFO Step: 22500. Epoch: 37/50. Iteration: 1/625. Cls loss: 0.161. Reg loss: 1.851. Seg loss: 0.143. Total loss: 2.155
2023-05-13 01:48:28,996 INFO Step: 22600. Epoch: 37/50. Iteration: 101/625. Cls loss: 0.162. Reg loss: 2.121. Seg loss: 0.143. Total loss: 2.427
2023-05-13 01:51:00,885 INFO Step: 22700. Epoch: 37/50. Iteration: 201/625. Cls loss: 0.169. Reg loss: 1.888. Seg loss: 0.127. Total loss: 2.184
2023-05-13 01:53:31,671 INFO Step: 22800. Epoch: 37/50. Iteration: 301/625. Cls loss: 0.189. Reg loss: 2.525. Seg loss: 0.196. Total loss: 2.910
2023-05-13 01:55:59,613 INFO Step: 22900. Epoch: 37/50. Iteration: 401/625. Cls loss: 0.175. Reg loss: 2.280. Seg loss: 0.119. Total loss: 2.573
2023-05-13 01:58:36,131 INFO Saved checkpoint to: logs/2023_0512_1354_02_bdd10k_repeat_base_one_class/checkpoints/hybridnets-d3_36_23000.pth
2023-05-13 01:58:36,441 INFO Step: 23000. Epoch: 37/50. Iteration: 501/625. Cls loss: 0.185. Reg loss: 2.050. Seg loss: 0.131. Total loss: 2.365
2023-05-13 02:01:01,413 INFO Step: 23100. Epoch: 37/50. Iteration: 601/625. Cls loss: 0.195. Reg loss: 2.146. Seg loss: 0.133. Total loss: 2.475
2023-05-13 02:01:35,731 INFO Epoch 38/50
2023-05-13 02:03:40,729 INFO Step: 23200. Epoch: 38/50. Iteration: 76/625. Cls loss: 0.184. Reg loss: 1.422. Seg loss: 0.159. Total loss: 1.765
2023-05-13 02:06:09,360 INFO Step: 23300. Epoch: 38/50. Iteration: 176/625. Cls loss: 0.174. Reg loss: 2.187. Seg loss: 0.126. Total loss: 2.487
2023-05-13 02:08:35,799 INFO Step: 23400. Epoch: 38/50. Iteration: 276/625. Cls loss: 0.185. Reg loss: 2.484. Seg loss: 0.177. Total loss: 2.846
2023-05-13 02:11:03,329 INFO Saved checkpoint to: logs/2023_0512_1354_02_bdd10k_repeat_base_one_class/checkpoints/hybridnets-d3_37_23500.pth
2023-05-13 02:11:03,639 INFO Step: 23500. Epoch: 38/50. Iteration: 376/625. Cls loss: 0.185. Reg loss: 2.506. Seg loss: 0.115. Total loss: 2.805
2023-05-13 02:13:39,613 INFO Step: 23600. Epoch: 38/50. Iteration: 476/625. Cls loss: 0.186. Reg loss: 2.106. Seg loss: 0.245. Total loss: 2.537
2023-05-13 02:16:05,919 INFO Step: 23700. Epoch: 38/50. Iteration: 576/625. Cls loss: 0.186. Reg loss: 1.861. Seg loss: 0.134. Total loss: 2.181
2023-05-13 02:17:17,200 INFO Epoch 39/50
2023-05-13 02:18:45,142 INFO Step: 23800. Epoch: 39/50. Iteration: 51/625. Cls loss: 0.165. Reg loss: 1.874. Seg loss: 0.148. Total loss: 2.187
2023-05-13 02:21:13,679 INFO Step: 23900. Epoch: 39/50. Iteration: 151/625. Cls loss: 0.183. Reg loss: 2.221. Seg loss: 0.148. Total loss: 2.553
2023-05-13 02:23:48,397 INFO Saved checkpoint to: logs/2023_0512_1354_02_bdd10k_repeat_base_one_class/checkpoints/hybridnets-d3_38_24000.pth
2023-05-13 02:23:48,397 INFO Validating...
2023-05-13 02:37:44,988 INFO Val. Epoch: 39/50. Classification loss: 0.17785. Regression loss: 2.20421. Segmentation loss: 0.14271. Total loss: 2.52476
2023-05-13 02:37:45,513 INFO Step: 24000. Epoch: 39/50. Iteration: 251/625. Cls loss: 0.179. Reg loss: 2.350. Seg loss: 0.138. Total loss: 2.667
2023-05-13 02:39:57,088 INFO Step: 24100. Epoch: 39/50. Iteration: 351/625. Cls loss: 0.192. Reg loss: 1.725. Seg loss: 0.144. Total loss: 2.061
2023-05-13 02:42:27,622 INFO Step: 24200. Epoch: 39/50. Iteration: 451/625. Cls loss: 0.173. Reg loss: 2.158. Seg loss: 0.139. Total loss: 2.471
2023-05-13 02:44:47,134 INFO Step: 24300. Epoch: 39/50. Iteration: 551/625. Cls loss: 0.206. Reg loss: 1.612. Seg loss: 0.140. Total loss: 1.957
2023-05-13 02:46:36,816 INFO Epoch 40/50
2023-05-13 02:47:26,327 INFO Step: 24400. Epoch: 40/50. Iteration: 26/625. Cls loss: 0.196. Reg loss: 2.408. Seg loss: 0.161. Total loss: 2.765
2023-05-13 02:49:54,503 INFO Saved checkpoint to: logs/2023_0512_1354_02_bdd10k_repeat_base_one_class/checkpoints/hybridnets-d3_39_24500.pth
2023-05-13 02:49:54,812 INFO Step: 24500. Epoch: 40/50. Iteration: 126/625. Cls loss: 0.171. Reg loss: 1.559. Seg loss: 0.145. Total loss: 1.875
2023-05-13 02:52:32,206 INFO Step: 24600. Epoch: 40/50. Iteration: 226/625. Cls loss: 0.186. Reg loss: 2.321. Seg loss: 0.152. Total loss: 2.659
2023-05-13 02:54:58,584 INFO Step: 24700. Epoch: 40/50. Iteration: 326/625. Cls loss: 0.144. Reg loss: 1.584. Seg loss: 0.118. Total loss: 1.846
2023-05-13 02:57:30,561 INFO Step: 24800. Epoch: 40/50. Iteration: 426/625. Cls loss: 0.160. Reg loss: 1.575. Seg loss: 0.187. Total loss: 1.922
2023-05-13 02:59:53,461 INFO Step: 24900. Epoch: 40/50. Iteration: 526/625. Cls loss: 0.154. Reg loss: 1.592. Seg loss: 0.127. Total loss: 1.873
2023-05-13 03:02:19,721 INFO Saved checkpoint to: logs/2023_0512_1354_02_bdd10k_repeat_base_one_class/checkpoints/hybridnets-d3_39_25000.pth
2023-05-13 03:02:19,722 INFO Epoch 41/50
2023-05-13 03:02:32,944 INFO Step: 25000. Epoch: 41/50. Iteration: 1/625. Cls loss: 0.179. Reg loss: 1.820. Seg loss: 0.153. Total loss: 2.152
2023-05-13 03:04:51,077 INFO Step: 25100. Epoch: 41/50. Iteration: 101/625. Cls loss: 0.188. Reg loss: 2.440. Seg loss: 0.132. Total loss: 2.760
2023-05-13 03:07:25,264 INFO Step: 25200. Epoch: 41/50. Iteration: 201/625. Cls loss: 0.197. Reg loss: 2.644. Seg loss: 0.165. Total loss: 3.007
2023-05-13 03:09:57,560 INFO Step: 25300. Epoch: 41/50. Iteration: 301/625. Cls loss: 0.200. Reg loss: 2.108. Seg loss: 0.114. Total loss: 2.421
2023-05-13 03:12:24,878 INFO Step: 25400. Epoch: 41/50. Iteration: 401/625. Cls loss: 0.179. Reg loss: 2.274. Seg loss: 0.118. Total loss: 2.571
2023-05-13 03:15:00,706 INFO Saved checkpoint to: logs/2023_0512_1354_02_bdd10k_repeat_base_one_class/checkpoints/hybridnets-d3_40_25500.pth
2023-05-13 03:15:01,019 INFO Step: 25500. Epoch: 41/50. Iteration: 501/625. Cls loss: 0.203. Reg loss: 2.762. Seg loss: 0.119. Total loss: 3.084
2023-05-13 03:17:27,184 INFO Step: 25600. Epoch: 41/50. Iteration: 601/625. Cls loss: 0.203. Reg loss: 2.346. Seg loss: 0.130. Total loss: 2.679
2023-05-13 03:18:00,560 INFO Epoch 42/50
2023-05-13 03:20:04,543 INFO Step: 25700. Epoch: 42/50. Iteration: 76/625. Cls loss: 0.184. Reg loss: 2.168. Seg loss: 0.146. Total loss: 2.498
2023-05-13 03:22:19,708 INFO Step: 25800. Epoch: 42/50. Iteration: 176/625. Cls loss: 0.179. Reg loss: 2.046. Seg loss: 0.140. Total loss: 2.366
2023-05-13 03:24:55,176 INFO Step: 25900. Epoch: 42/50. Iteration: 276/625. Cls loss: 0.173. Reg loss: 2.221. Seg loss: 0.122. Total loss: 2.516
2023-05-13 03:27:19,555 INFO Saved checkpoint to: logs/2023_0512_1354_02_bdd10k_repeat_base_one_class/checkpoints/hybridnets-d3_41_26000.pth
2023-05-13 03:27:19,555 INFO Validating...
2023-05-13 03:41:35,681 INFO Val. Epoch: 42/50. Classification loss: 0.17727. Regression loss: 2.18502. Segmentation loss: 0.13836. Total loss: 2.50066
2023-05-13 03:41:36,165 INFO Step: 26000. Epoch: 42/50. Iteration: 376/625. Cls loss: 0.165. Reg loss: 2.201. Seg loss: 0.142. Total loss: 2.508
2023-05-13 03:43:42,223 INFO Step: 26100. Epoch: 42/50. Iteration: 476/625. Cls loss: 0.188. Reg loss: 2.024. Seg loss: 0.132. Total loss: 2.344
2023-05-13 03:46:09,519 INFO Step: 26200. Epoch: 42/50. Iteration: 576/625. Cls loss: 0.197. Reg loss: 2.247. Seg loss: 0.196. Total loss: 2.639
2023-05-13 03:47:20,730 INFO Epoch 43/50
2023-05-13 03:48:47,660 INFO Step: 26300. Epoch: 43/50. Iteration: 51/625. Cls loss: 0.190. Reg loss: 2.313. Seg loss: 0.157. Total loss: 2.661
2023-05-13 03:51:15,800 INFO Step: 26400. Epoch: 43/50. Iteration: 151/625. Cls loss: 0.164. Reg loss: 2.283. Seg loss: 0.154. Total loss: 2.601
2023-05-13 03:53:50,218 INFO Saved checkpoint to: logs/2023_0512_1354_02_bdd10k_repeat_base_one_class/checkpoints/hybridnets-d3_42_26500.pth
2023-05-13 03:53:50,530 INFO Step: 26500. Epoch: 43/50. Iteration: 251/625. Cls loss: 0.194. Reg loss: 2.395. Seg loss: 0.151. Total loss: 2.739
2023-05-13 03:56:20,307 INFO Step: 26600. Epoch: 43/50. Iteration: 351/625. Cls loss: 0.195. Reg loss: 1.838. Seg loss: 0.144. Total loss: 2.176
2023-05-13 03:58:40,161 INFO Step: 26700. Epoch: 43/50. Iteration: 451/625. Cls loss: 0.192. Reg loss: 2.216. Seg loss: 0.124. Total loss: 2.532
2023-05-13 04:01:16,357 INFO Step: 26800. Epoch: 43/50. Iteration: 551/625. Cls loss: 0.174. Reg loss: 2.800. Seg loss: 0.131. Total loss: 3.105
2023-05-13 04:03:01,419 INFO Epoch 44/50
2023-05-13 04:03:52,044 INFO Step: 26900. Epoch: 44/50. Iteration: 26/625. Cls loss: 0.178. Reg loss: 2.157. Seg loss: 0.212. Total loss: 2.547
2023-05-13 04:06:18,272 INFO LR updated: 8.1e-07 --> 7.29e-07
2023-05-13 04:06:18,430 INFO Saved checkpoint to: logs/2023_0512_1354_02_bdd10k_repeat_base_one_class/checkpoints/hybridnets-d3_43_27000.pth
2023-05-13 04:06:18,739 INFO Step: 27000. Epoch: 44/50. Iteration: 126/625. Cls loss: 0.202. Reg loss: 2.073. Seg loss: 0.208. Total loss: 2.484
2023-05-13 04:08:53,896 INFO Step: 27100. Epoch: 44/50. Iteration: 226/625. Cls loss: 0.188. Reg loss: 2.027. Seg loss: 0.115. Total loss: 2.331
2023-05-13 04:11:20,358 INFO Step: 27200. Epoch: 44/50. Iteration: 326/625. Cls loss: 0.182. Reg loss: 1.948. Seg loss: 0.130. Total loss: 2.261
2023-05-13 04:13:51,056 INFO Step: 27300. Epoch: 44/50. Iteration: 426/625. Cls loss: 0.186. Reg loss: 2.159. Seg loss: 0.254. Total loss: 2.600
2023-05-13 04:16:22,962 INFO Step: 27400. Epoch: 44/50. Iteration: 526/625. Cls loss: 0.150. Reg loss: 1.350. Seg loss: 0.214. Total loss: 1.714
2023-05-13 04:18:45,919 INFO Saved checkpoint to: logs/2023_0512_1354_02_bdd10k_repeat_base_one_class/checkpoints/hybridnets-d3_43_27500.pth
2023-05-13 04:18:45,986 INFO Epoch 45/50
2023-05-13 04:18:59,201 INFO Step: 27500. Epoch: 45/50. Iteration: 1/625. Cls loss: 0.202. Reg loss: 2.201. Seg loss: 0.157. Total loss: 2.560
2023-05-13 04:21:16,478 INFO Step: 27600. Epoch: 45/50. Iteration: 101/625. Cls loss: 0.191. Reg loss: 2.320. Seg loss: 0.142. Total loss: 2.653
2023-05-13 04:23:53,788 INFO Step: 27700. Epoch: 45/50. Iteration: 201/625. Cls loss: 0.176. Reg loss: 1.583. Seg loss: 0.143. Total loss: 1.902
2023-05-13 04:26:21,135 INFO Step: 27800. Epoch: 45/50. Iteration: 301/625. Cls loss: 0.175. Reg loss: 2.145. Seg loss: 0.132. Total loss: 2.453
2023-05-13 04:28:56,139 INFO Step: 27900. Epoch: 45/50. Iteration: 401/625. Cls loss: 0.174. Reg loss: 1.613. Seg loss: 0.112. Total loss: 1.899
2023-05-13 04:31:21,431 INFO Saved checkpoint to: logs/2023_0512_1354_02_bdd10k_repeat_base_one_class/checkpoints/hybridnets-d3_44_28000.pth
2023-05-13 04:31:21,432 INFO Validating...
2023-05-13 04:45:34,057 INFO Val. Epoch: 45/50. Classification loss: 0.17737. Regression loss: 2.18856. Segmentation loss: 0.13561. Total loss: 2.50154
2023-05-13 04:45:34,384 INFO Step: 28000. Epoch: 45/50. Iteration: 501/625. Cls loss: 0.192. Reg loss: 2.437. Seg loss: 0.176. Total loss: 2.805
2023-05-13 04:47:47,714 INFO Step: 28100. Epoch: 45/50. Iteration: 601/625. Cls loss: 0.178. Reg loss: 2.139. Seg loss: 0.135. Total loss: 2.451
2023-05-13 04:48:20,699 INFO Epoch 46/50
2023-05-13 04:50:25,697 INFO Step: 28200. Epoch: 46/50. Iteration: 76/625. Cls loss: 0.173. Reg loss: 2.298. Seg loss: 0.141. Total loss: 2.613
2023-05-13 04:52:55,511 INFO Step: 28300. Epoch: 46/50. Iteration: 176/625. Cls loss: 0.164. Reg loss: 1.738. Seg loss: 0.157. Total loss: 2.060
2023-05-13 04:55:34,010 INFO Step: 28400. Epoch: 46/50. Iteration: 276/625. Cls loss: 0.205. Reg loss: 2.478. Seg loss: 0.149. Total loss: 2.832
2023-05-13 04:57:59,780 INFO Saved checkpoint to: logs/2023_0512_1354_02_bdd10k_repeat_base_one_class/checkpoints/hybridnets-d3_45_28500.pth
2023-05-13 04:58:00,089 INFO Step: 28500. Epoch: 46/50. Iteration: 376/625. Cls loss: 0.190. Reg loss: 2.000. Seg loss: 0.117. Total loss: 2.306
2023-05-13 05:00:24,762 INFO Step: 28600. Epoch: 46/50. Iteration: 476/625. Cls loss: 0.212. Reg loss: 2.592. Seg loss: 0.112. Total loss: 2.916
2023-05-13 05:02:50,271 INFO Step: 28700. Epoch: 46/50. Iteration: 576/625. Cls loss: 0.223. Reg loss: 2.124. Seg loss: 0.154. Total loss: 2.501
2023-05-13 05:03:59,312 INFO Epoch 47/50
2023-05-13 05:05:24,537 INFO Step: 28800. Epoch: 47/50. Iteration: 51/625. Cls loss: 0.190. Reg loss: 2.123. Seg loss: 0.160. Total loss: 2.474
2023-05-13 05:07:47,774 INFO Step: 28900. Epoch: 47/50. Iteration: 151/625. Cls loss: 0.193. Reg loss: 2.501. Seg loss: 0.120. Total loss: 2.815
2023-05-13 05:10:21,128 INFO Saved checkpoint to: logs/2023_0512_1354_02_bdd10k_repeat_base_one_class/checkpoints/hybridnets-d3_46_29000.pth
2023-05-13 05:10:21,438 INFO Step: 29000. Epoch: 47/50. Iteration: 251/625. Cls loss: 0.162. Reg loss: 2.283. Seg loss: 0.145. Total loss: 2.590
2023-05-13 05:12:39,907 INFO Step: 29100. Epoch: 47/50. Iteration: 351/625. Cls loss: 0.219. Reg loss: 2.116. Seg loss: 0.141. Total loss: 2.477
2023-05-13 05:15:12,717 INFO Step: 29200. Epoch: 47/50. Iteration: 451/625. Cls loss: 0.208. Reg loss: 2.256. Seg loss: 0.153. Total loss: 2.618
2023-05-13 05:17:36,221 INFO Step: 29300. Epoch: 47/50. Iteration: 551/625. Cls loss: 0.179. Reg loss: 2.154. Seg loss: 0.128. Total loss: 2.461
2023-05-13 05:19:29,899 INFO Epoch 48/50
2023-05-13 05:20:20,084 INFO Step: 29400. Epoch: 48/50. Iteration: 26/625. Cls loss: 0.176. Reg loss: 1.874. Seg loss: 0.189. Total loss: 2.239
2023-05-13 05:22:47,644 INFO Saved checkpoint to: logs/2023_0512_1354_02_bdd10k_repeat_base_one_class/checkpoints/hybridnets-d3_47_29500.pth
2023-05-13 05:22:47,958 INFO Step: 29500. Epoch: 48/50. Iteration: 126/625. Cls loss: 0.205. Reg loss: 2.477. Seg loss: 0.127. Total loss: 2.809
2023-05-13 05:25:22,947 INFO Step: 29600. Epoch: 48/50. Iteration: 226/625. Cls loss: 0.179. Reg loss: 2.055. Seg loss: 0.166. Total loss: 2.400
2023-05-13 05:27:49,342 INFO Step: 29700. Epoch: 48/50. Iteration: 326/625. Cls loss: 0.187. Reg loss: 2.424. Seg loss: 0.137. Total loss: 2.749
2023-05-13 05:30:21,239 INFO Step: 29800. Epoch: 48/50. Iteration: 426/625. Cls loss: 0.177. Reg loss: 2.116. Seg loss: 0.111. Total loss: 2.404
2023-05-13 05:32:49,737 INFO Step: 29900. Epoch: 48/50. Iteration: 526/625. Cls loss: 0.204. Reg loss: 3.019. Seg loss: 0.142. Total loss: 3.365
2023-05-13 05:35:10,764 INFO Saved checkpoint to: logs/2023_0512_1354_02_bdd10k_repeat_base_one_class/checkpoints/hybridnets-d3_47_30000.pth
2023-05-13 05:35:10,765 INFO Validating...
2023-05-13 05:49:01,212 INFO Val. Epoch: 48/50. Classification loss: 0.17756. Regression loss: 2.19111. Segmentation loss: 0.13265. Total loss: 2.50133
2023-05-13 05:49:01,225 INFO Epoch 49/50
2023-05-13 05:49:14,302 INFO Step: 30000. Epoch: 49/50. Iteration: 1/625. Cls loss: 0.174. Reg loss: 1.825. Seg loss: 0.141. Total loss: 2.140
2023-05-13 05:51:42,527 INFO Step: 30100. Epoch: 49/50. Iteration: 101/625. Cls loss: 0.184. Reg loss: 1.975. Seg loss: 0.156. Total loss: 2.315
2023-05-13 05:54:19,370 INFO Step: 30200. Epoch: 49/50. Iteration: 201/625. Cls loss: 0.175. Reg loss: 2.005. Seg loss: 0.147. Total loss: 2.327
2023-05-13 05:56:49,478 INFO Step: 30300. Epoch: 49/50. Iteration: 301/625. Cls loss: 0.197. Reg loss: 2.249. Seg loss: 0.145. Total loss: 2.591
2023-05-13 05:59:21,501 INFO Step: 30400. Epoch: 49/50. Iteration: 401/625. Cls loss: 0.172. Reg loss: 1.826. Seg loss: 0.171. Total loss: 2.169
2023-05-13 06:01:52,830 INFO Saved checkpoint to: logs/2023_0512_1354_02_bdd10k_repeat_base_one_class/checkpoints/hybridnets-d3_48_30500.pth
2023-05-13 06:01:53,140 INFO Step: 30500. Epoch: 49/50. Iteration: 501/625. Cls loss: 0.185. Reg loss: 2.119. Seg loss: 0.095. Total loss: 2.399
2023-05-13 06:04:21,084 INFO Step: 30600. Epoch: 49/50. Iteration: 601/625. Cls loss: 0.166. Reg loss: 1.559. Seg loss: 0.120. Total loss: 1.846
2023-05-13 06:04:54,244 INFO Epoch 50/50
2023-05-13 06:06:57,836 INFO Step: 30700. Epoch: 50/50. Iteration: 76/625. Cls loss: 0.191. Reg loss: 2.567. Seg loss: 0.100. Total loss: 2.859
2023-05-13 06:09:24,314 INFO Step: 30800. Epoch: 50/50. Iteration: 176/625. Cls loss: 0.185. Reg loss: 2.330. Seg loss: 0.178. Total loss: 2.693
2023-05-13 06:11:58,035 INFO Step: 30900. Epoch: 50/50. Iteration: 276/625. Cls loss: 0.181. Reg loss: 1.756. Seg loss: 0.127. Total loss: 2.065
2023-05-13 06:14:23,764 INFO Saved checkpoint to: logs/2023_0512_1354_02_bdd10k_repeat_base_one_class/checkpoints/hybridnets-d3_49_31000.pth
2023-05-13 06:14:24,088 INFO Step: 31000. Epoch: 50/50. Iteration: 376/625. Cls loss: 0.206. Reg loss: 2.715. Seg loss: 0.140. Total loss: 3.061
2023-05-13 06:16:53,009 INFO Step: 31100. Epoch: 50/50. Iteration: 476/625. Cls loss: 0.182. Reg loss: 1.988. Seg loss: 0.124. Total loss: 2.294
2023-05-13 06:19:18,519 INFO Step: 31200. Epoch: 50/50. Iteration: 576/625. Cls loss: 0.161. Reg loss: 1.432. Seg loss: 0.134. Total loss: 1.726
2023-05-13 06:20:33,260 INFO Final validating...
2023-05-13 06:34:30,813 INFO Val. Epoch: 50/50. Classification loss: 0.17738. Regression loss: 2.18596. Segmentation loss: 0.13119. Total loss: 2.49453
