2023-05-03 10:19:36,176 INFO Loading train dataset
2023-05-03 10:19:37,033 INFO Avaliable images: 70000
2023-05-03 10:19:37,033 INFO Running on 10000 images
2023-05-03 10:19:37,060 INFO building database...
2023-05-03 10:19:38,934 INFO database build finish
2023-05-03 10:19:38,934 INFO Not using MUNIT output
2023-05-03 10:19:38,934 INFO Loading validation dataset
2023-05-03 10:19:39,005 INFO Avaliable images: 10000
2023-05-03 10:19:39,005 INFO Running on 10000 images
2023-05-03 10:19:39,006 INFO building database...
2023-05-03 10:19:40,846 INFO database build finish
2023-05-03 10:19:40,846 INFO Not using MUNIT output
2023-05-03 10:19:43,605 INFO [Info] Successfully!!!
2023-05-03 10:19:43,688 INFO Epoch 1/50
2023-05-03 10:20:03,510 INFO Validating...
2023-05-03 10:20:12,862 INFO Calculating mAP...
2023-05-03 10:20:13,555 INFO Calculating mAP...
2023-05-03 10:20:13,804 INFO Calculating mAP...
2023-05-03 10:20:14,054 INFO Calculating mAP...
2023-05-03 10:20:14,291 INFO Calculating mAP...
2023-05-03 10:20:14,518 INFO Calculating mAP...
2023-05-03 10:20:14,777 INFO Calculating mAP...
2023-05-03 10:20:15,044 INFO Calculating mAP...
2023-05-03 10:20:15,328 INFO Calculating mAP...
2023-05-03 10:20:15,605 INFO Calculating mAP...
2023-05-03 10:20:15,848 INFO Calculating mAP...
2023-05-03 10:20:16,066 INFO Calculating mAP...
2023-05-03 10:20:16,299 INFO Calculating mAP...
2023-05-03 10:20:16,505 INFO Calculating mAP...
2023-05-03 10:20:16,709 INFO Calculating mAP...
2023-05-03 10:20:16,923 INFO Calculating mAP...
2023-05-03 10:20:17,143 INFO Calculating mAP...
2023-05-03 10:20:17,361 INFO Calculating mAP...
2023-05-03 10:20:17,593 INFO Calculating mAP...
2023-05-03 10:20:17,808 INFO Calculating mAP...
2023-05-03 10:20:18,024 INFO Calculating mAP...
2023-05-03 10:20:18,242 INFO Calculating mAP...
2023-05-03 10:20:18,461 INFO Calculating mAP...
2023-05-03 10:20:18,668 INFO Calculating mAP...
2023-05-03 10:20:19,960 INFO Calculating mAP...
2023-05-03 10:20:20,171 INFO Calculating mAP...
2023-05-03 10:20:20,385 INFO Calculating mAP...
2023-05-03 10:20:21,746 INFO Calculating mAP...
2023-05-03 10:20:21,997 INFO Calculating mAP...
2023-05-03 10:20:22,470 INFO Calculating mAP...
2023-05-03 10:20:22,726 INFO Calculating mAP...
2023-05-03 10:20:22,979 INFO Calculating mAP...
2023-05-03 10:20:24,123 INFO Calculating mAP...
2023-05-03 10:20:24,334 INFO Calculating mAP...
2023-05-03 10:20:24,539 INFO Calculating mAP...
2023-05-03 10:20:25,832 INFO Calculating mAP...
2023-05-03 10:20:26,156 INFO Calculating mAP...
2023-05-03 10:20:26,651 INFO Calculating mAP...
2023-05-03 10:20:26,892 INFO Calculating mAP...
2023-05-03 10:20:27,134 INFO Calculating mAP...
2023-05-03 10:20:28,481 INFO Calculating mAP...
2023-05-03 10:20:28,693 INFO Calculating mAP...
2023-05-03 10:20:28,894 INFO Calculating mAP...
2023-05-03 10:20:30,028 INFO Calculating mAP...
2023-05-03 10:20:30,282 INFO Calculating mAP...
2023-05-03 10:20:30,741 INFO Calculating mAP...
2023-05-03 10:20:30,973 INFO Calculating mAP...
2023-05-03 10:20:31,208 INFO Calculating mAP...
2023-05-03 10:20:32,603 INFO Calculating mAP...
2023-05-03 10:20:32,834 INFO Calculating mAP...
2023-05-03 10:20:33,056 INFO Calculating mAP...
2023-05-03 10:20:34,108 INFO Calculating mAP...
2023-05-03 10:20:34,380 INFO Calculating mAP...
2023-05-03 10:20:34,696 INFO Calculating mAP...
2023-05-03 10:20:34,985 INFO Calculating mAP...
2023-05-03 10:20:35,189 INFO Calculating mAP...
2023-05-03 10:20:36,786 INFO Calculating mAP...
2023-05-03 10:20:36,994 INFO Calculating mAP...
2023-05-03 10:20:37,198 INFO Calculating mAP...
2023-05-03 10:20:38,546 INFO Calculating mAP...
2023-05-03 10:20:38,796 INFO Calculating mAP...
2023-05-03 10:20:39,022 INFO Calculating mAP...
2023-05-03 10:20:39,230 INFO Calculating mAP...
2023-05-03 10:20:39,565 INFO Calculating mAP...
2023-05-03 10:20:40,853 INFO Calculating mAP...
2023-05-03 10:20:41,069 INFO Calculating mAP...
2023-05-03 10:20:41,276 INFO Calculating mAP...
2023-05-03 10:20:42,904 INFO Calculating mAP...
2023-05-03 10:20:43,136 INFO Calculating mAP...
2023-05-03 10:20:43,348 INFO Calculating mAP...
2023-05-03 10:20:43,567 INFO Calculating mAP...
2023-05-03 10:20:43,959 INFO Calculating mAP...
2023-05-03 10:20:44,993 INFO Calculating mAP...
2023-05-03 10:20:45,233 INFO Calculating mAP...
2023-05-03 10:20:45,436 INFO Calculating mAP...
2023-05-03 10:20:47,029 INFO Calculating mAP...
2023-05-03 10:20:47,249 INFO Calculating mAP...
2023-05-03 10:20:47,454 INFO Calculating mAP...
2023-05-03 10:20:47,660 INFO Calculating mAP...
2023-05-03 10:20:48,108 INFO Calculating mAP...
2023-05-03 10:20:49,112 INFO Calculating mAP...
2023-05-03 10:20:49,321 INFO Calculating mAP...
2023-05-03 10:20:49,554 INFO Calculating mAP...
2023-05-03 10:20:51,123 INFO Calculating mAP...
2023-05-03 10:20:51,351 INFO Calculating mAP...
2023-05-03 10:20:51,565 INFO Calculating mAP...
2023-05-03 10:20:51,780 INFO Calculating mAP...
2023-05-03 10:20:52,198 INFO Calculating mAP...
2023-05-03 10:20:53,237 INFO Calculating mAP...
2023-05-03 10:20:53,468 INFO Calculating mAP...
2023-05-03 10:20:53,673 INFO Calculating mAP...
2023-05-03 10:20:55,503 INFO Calculating mAP...
2023-05-03 10:20:55,712 INFO Calculating mAP...
2023-05-03 10:20:55,919 INFO Calculating mAP...
2023-05-03 10:20:56,133 INFO Calculating mAP...
2023-05-03 10:20:56,355 INFO Calculating mAP...
2023-05-03 10:20:57,486 INFO Calculating mAP...
2023-05-03 10:20:57,694 INFO Calculating mAP...
2023-05-03 10:20:57,941 INFO Calculating mAP...
2023-05-03 10:20:59,557 INFO Calculating mAP...
2023-05-03 10:20:59,806 INFO Calculating mAP...
2023-05-03 10:21:00,044 INFO Calculating mAP...
2023-05-03 10:21:00,273 INFO Calculating mAP...
2023-05-03 10:21:00,630 INFO Calculating mAP...
2023-05-03 10:21:01,628 INFO Calculating mAP...
2023-05-03 10:21:01,843 INFO Calculating mAP...
2023-05-03 10:21:02,049 INFO Calculating mAP...
2023-05-03 10:21:03,829 INFO Calculating mAP...
2023-05-03 10:21:04,064 INFO Calculating mAP...
2023-05-03 10:21:04,272 INFO Calculating mAP...
2023-05-03 10:21:04,473 INFO Calculating mAP...
2023-05-03 10:21:04,739 INFO Calculating mAP...
2023-05-03 10:21:05,679 INFO Calculating mAP...
2023-05-03 10:21:05,883 INFO Calculating mAP...
2023-05-03 10:21:06,094 INFO Calculating mAP...
2023-05-03 10:21:07,946 INFO Calculating mAP...
2023-05-03 10:21:08,175 INFO Calculating mAP...
2023-05-03 10:21:08,370 INFO Calculating mAP...
2023-05-03 10:21:08,569 INFO Calculating mAP...
2023-05-03 10:21:08,839 INFO Calculating mAP...
2023-05-03 10:21:09,727 INFO Calculating mAP...
2023-05-03 10:21:09,962 INFO Calculating mAP...
2023-05-03 10:21:10,168 INFO Calculating mAP...
2023-05-03 10:21:12,167 INFO Calculating mAP...
2023-05-03 10:21:12,383 INFO Calculating mAP...
2023-05-03 10:21:12,606 INFO Calculating mAP...
2023-05-03 10:21:12,852 INFO Calculating mAP...
2023-05-03 10:21:13,241 INFO Calculating mAP...
2023-05-03 10:21:14,015 INFO Calculating mAP...
2023-05-03 10:21:14,282 INFO Calculating mAP...
2023-05-03 10:21:14,533 INFO Calculating mAP...
2023-05-03 10:21:16,302 INFO Calculating mAP...
2023-05-03 10:21:16,550 INFO Calculating mAP...
2023-05-03 10:21:16,802 INFO Calculating mAP...
2023-05-03 10:21:17,048 INFO Calculating mAP...
2023-05-03 10:21:17,364 INFO Calculating mAP...
2023-05-03 10:21:18,220 INFO Calculating mAP...
2023-05-03 10:21:18,468 INFO Calculating mAP...
2023-05-03 10:21:18,678 INFO Calculating mAP...
2023-05-03 10:21:20,510 INFO Calculating mAP...
2023-05-03 10:21:20,810 INFO Calculating mAP...
2023-05-03 10:21:21,057 INFO Calculating mAP...
2023-05-03 10:21:21,309 INFO Calculating mAP...
2023-05-03 10:21:21,551 INFO Calculating mAP...
2023-05-03 10:21:22,548 INFO Calculating mAP...
2023-05-03 10:21:22,798 INFO Calculating mAP...
2023-05-03 10:21:23,048 INFO Calculating mAP...
2023-05-03 10:21:24,705 INFO Calculating mAP...
2023-05-03 10:21:24,965 INFO Calculating mAP...
2023-05-03 10:21:25,201 INFO Calculating mAP...
2023-05-03 10:21:25,433 INFO Calculating mAP...
2023-05-03 10:21:25,958 INFO Calculating mAP...
2023-05-03 10:21:26,662 INFO Calculating mAP...
2023-05-03 10:21:26,937 INFO Calculating mAP...
2023-05-03 10:21:27,179 INFO Calculating mAP...
2023-05-03 10:21:29,046 INFO Calculating mAP...
2023-05-03 10:21:29,316 INFO Calculating mAP...
2023-05-03 10:21:29,550 INFO Calculating mAP...
2023-05-03 10:21:29,792 INFO Calculating mAP...
2023-05-03 10:21:30,305 INFO Calculating mAP...
2023-05-03 10:21:30,887 INFO Calculating mAP...
2023-05-03 10:21:31,167 INFO Calculating mAP...
2023-05-03 10:21:31,437 INFO Calculating mAP...
2023-05-03 10:21:32,991 INFO Calculating mAP...
2023-05-03 10:21:33,244 INFO Calculating mAP...
2023-05-03 10:21:33,467 INFO Calculating mAP...
2023-05-03 10:21:33,709 INFO Calculating mAP...
2023-05-03 10:21:34,767 INFO Calculating mAP...
2023-05-03 10:21:35,029 INFO Calculating mAP...
2023-05-03 10:21:35,261 INFO Calculating mAP...
2023-05-03 10:21:35,487 INFO Calculating mAP...
2023-05-03 10:21:37,325 INFO Calculating mAP...
2023-05-03 10:21:37,585 INFO Calculating mAP...
2023-05-03 10:21:37,836 INFO Calculating mAP...
2023-05-03 10:21:38,090 INFO Calculating mAP...
2023-05-03 10:21:38,875 INFO Calculating mAP...
2023-05-03 10:21:39,156 INFO Calculating mAP...
2023-05-03 10:21:39,358 INFO Calculating mAP...
2023-05-03 10:21:39,587 INFO Calculating mAP...
2023-05-03 10:21:41,370 INFO Calculating mAP...
2023-05-03 10:21:41,707 INFO Calculating mAP...
2023-05-03 10:21:41,956 INFO Calculating mAP...
2023-05-03 10:21:42,210 INFO Calculating mAP...
2023-05-03 10:21:42,909 INFO Calculating mAP...
2023-05-03 10:21:43,148 INFO Calculating mAP...
2023-05-03 10:21:43,383 INFO Calculating mAP...
2023-05-03 10:21:43,654 INFO Calculating mAP...
2023-05-03 10:21:45,576 INFO Calculating mAP...
2023-05-03 10:21:45,822 INFO Calculating mAP...
2023-05-03 10:21:46,045 INFO Calculating mAP...
2023-05-03 10:21:46,278 INFO Calculating mAP...
2023-05-03 10:21:47,281 INFO Calculating mAP...
2023-05-03 10:21:47,528 INFO Calculating mAP...
2023-05-03 10:21:47,774 INFO Calculating mAP...
2023-05-03 10:21:48,029 INFO Calculating mAP...
2023-05-03 10:21:49,731 INFO Calculating mAP...
2023-05-03 10:21:50,043 INFO Calculating mAP...
2023-05-03 10:21:50,303 INFO Calculating mAP...
2023-05-03 10:21:50,562 INFO Calculating mAP...
2023-05-03 10:21:51,500 INFO Calculating mAP...
2023-05-03 10:21:51,757 INFO Calculating mAP...
2023-05-03 10:21:52,011 INFO Calculating mAP...
2023-05-03 10:21:52,383 INFO Calculating mAP...
2023-05-03 10:21:53,877 INFO Calculating mAP...
2023-05-03 10:21:54,176 INFO Calculating mAP...
2023-05-03 10:21:54,442 INFO Calculating mAP...
2023-05-03 10:21:54,720 INFO Calculating mAP...
2023-05-03 10:21:55,737 INFO Calculating mAP...
2023-05-03 10:21:56,059 INFO Calculating mAP...
2023-05-03 10:21:56,295 INFO Calculating mAP...
2023-05-03 10:21:56,765 INFO Calculating mAP...
2023-05-03 10:21:58,072 INFO Calculating mAP...
2023-05-03 10:21:58,450 INFO Calculating mAP...
2023-05-03 10:21:58,677 INFO Calculating mAP...
2023-05-03 10:21:58,958 INFO Calculating mAP...
2023-05-03 10:21:59,736 INFO Calculating mAP...
2023-05-03 10:22:00,231 INFO Calculating mAP...
2023-05-03 10:22:00,490 INFO Calculating mAP...
2023-05-03 10:22:00,732 INFO Calculating mAP...
2023-05-03 10:22:02,171 INFO Calculating mAP...
2023-05-03 10:22:02,617 INFO Calculating mAP...
2023-05-03 10:22:02,931 INFO Calculating mAP...
2023-05-03 10:22:03,195 INFO Calculating mAP...
