2023-05-02 12:50:31,340 INFO Loading train dataset
2023-05-02 12:50:31,692 INFO Avaliable images: 60000
2023-05-02 12:50:31,692 INFO Running on 10000 images
2023-05-02 12:50:31,700 INFO building database...
2023-05-02 12:50:33,711 INFO database build finish
2023-05-02 12:50:33,712 INFO Using MUNIT output from /mnt/raid/home/eyal_michaeli/git/imaginaire/logs/2023_0421_1405_28_ampO1_lower_LR/inference_cp_400k_style_std_1.5_on_new_10k/
2023-05-02 12:50:33,713 INFO Loading validation dataset
2023-05-02 12:50:33,784 INFO Avaliable images: 10000
2023-05-02 12:50:33,784 INFO Running on 10000 images
2023-05-02 12:50:33,784 INFO building database...
2023-05-02 12:50:35,611 INFO database build finish
2023-05-02 12:50:35,611 INFO Not using MUNIT output
2023-05-02 12:50:39,161 INFO [Info] Successfully!!!
2023-05-02 12:50:39,231 INFO Epoch 1/50
2023-05-02 12:52:03,440 INFO Step: 100. Epoch: 1/50. Iteration: 101/625. Cls loss: 0.263. Reg loss: 3.435. Seg loss: 1.821. Total loss: 5.520
2023-05-02 12:53:13,029 INFO Step: 200. Epoch: 1/50. Iteration: 201/625. Cls loss: 0.280. Reg loss: 3.324. Seg loss: 1.592. Total loss: 5.196
2023-05-02 12:54:22,455 INFO Step: 300. Epoch: 1/50. Iteration: 301/625. Cls loss: 0.253. Reg loss: 3.199. Seg loss: 1.832. Total loss: 5.284
2023-05-02 12:55:31,316 INFO Step: 400. Epoch: 1/50. Iteration: 401/625. Cls loss: 0.253. Reg loss: 2.868. Seg loss: 1.701. Total loss: 4.822
2023-05-02 12:56:39,944 INFO Saved checkpoint to: ./logs/onlybdd10k_FT_v0_bs_16_with_MUNIT_5_outputs/2023_0502_1250_31/checkpoints/hybridnets-d3_0_500.pth
2023-05-02 12:56:41,680 INFO Step: 500. Epoch: 1/50. Iteration: 501/625. Cls loss: 0.247. Reg loss: 2.555. Seg loss: 1.679. Total loss: 4.481
2023-05-02 12:57:50,341 INFO Step: 600. Epoch: 1/50. Iteration: 601/625. Cls loss: 0.318. Reg loss: 3.895. Seg loss: 1.392. Total loss: 5.605
2023-05-02 12:58:04,374 INFO Validating...
2023-05-02 14:00:40,747 INFO Val. Epoch: 1/50. Classification loss: 0.24093. Regression loss: 3.00644. Segmentation loss: 1.68576. Total loss: 4.93314
2023-05-02 14:00:40,951 INFO Epoch 2/50
2023-05-02 14:01:39,529 INFO Step: 700. Epoch: 2/50. Iteration: 76/625. Cls loss: 0.236. Reg loss: 3.108. Seg loss: 1.062. Total loss: 4.406
2023-05-02 14:02:48,041 INFO Step: 800. Epoch: 2/50. Iteration: 176/625. Cls loss: 0.238. Reg loss: 3.209. Seg loss: 1.109. Total loss: 4.556
2023-05-02 14:03:58,584 INFO Step: 900. Epoch: 2/50. Iteration: 276/625. Cls loss: 0.283. Reg loss: 3.080. Seg loss: 1.101. Total loss: 4.463
2023-05-02 14:05:07,073 INFO Saved checkpoint to: ./logs/onlybdd10k_FT_v0_bs_16_with_MUNIT_5_outputs/2023_0502_1250_31/checkpoints/hybridnets-d3_1_1000.pth
2023-05-02 14:05:07,502 INFO Step: 1000. Epoch: 2/50. Iteration: 376/625. Cls loss: 0.234. Reg loss: 3.275. Seg loss: 1.417. Total loss: 4.926
2023-05-02 14:06:18,072 INFO Step: 1100. Epoch: 2/50. Iteration: 476/625. Cls loss: 0.229. Reg loss: 2.416. Seg loss: 1.158. Total loss: 3.803
2023-05-02 14:07:27,297 INFO Step: 1200. Epoch: 2/50. Iteration: 576/625. Cls loss: 0.221. Reg loss: 2.897. Seg loss: 1.195. Total loss: 4.313
2023-05-02 14:07:58,176 INFO Validating...
2023-05-02 15:10:21,913 INFO Val. Epoch: 2/50. Classification loss: 0.24008. Regression loss: 3.02006. Segmentation loss: 1.39626. Total loss: 4.65640
2023-05-02 15:10:22,143 INFO Epoch 3/50
2023-05-02 15:11:03,848 INFO Step: 1300. Epoch: 3/50. Iteration: 51/625. Cls loss: 0.222. Reg loss: 3.699. Seg loss: 1.016. Total loss: 4.938
2023-05-02 15:12:13,779 INFO Step: 1400. Epoch: 3/50. Iteration: 151/625. Cls loss: 0.226. Reg loss: 2.827. Seg loss: 1.142. Total loss: 4.196
2023-05-02 15:13:24,717 INFO Saved checkpoint to: ./logs/onlybdd10k_FT_v0_bs_16_with_MUNIT_5_outputs/2023_0502_1250_31/checkpoints/hybridnets-d3_2_1500.pth
2023-05-02 15:13:25,152 INFO Step: 1500. Epoch: 3/50. Iteration: 251/625. Cls loss: 0.213. Reg loss: 2.335. Seg loss: 0.882. Total loss: 3.431
2023-05-02 15:14:33,462 INFO Step: 1600. Epoch: 3/50. Iteration: 351/625. Cls loss: 0.256. Reg loss: 2.334. Seg loss: 1.455. Total loss: 4.044
2023-05-02 15:15:44,088 INFO Step: 1700. Epoch: 3/50. Iteration: 451/625. Cls loss: 0.259. Reg loss: 3.292. Seg loss: 0.867. Total loss: 4.418
2023-05-02 15:16:53,896 INFO Step: 1800. Epoch: 3/50. Iteration: 551/625. Cls loss: 0.204. Reg loss: 2.381. Seg loss: 1.024. Total loss: 3.609
2023-05-02 15:17:41,631 INFO Validating...
2023-05-02 16:20:13,954 INFO Val. Epoch: 3/50. Classification loss: 0.23921. Regression loss: 3.00308. Segmentation loss: 1.17003. Total loss: 4.41232
2023-05-02 16:20:14,106 INFO Epoch 4/50
2023-05-02 16:20:37,289 INFO Step: 1900. Epoch: 4/50. Iteration: 26/625. Cls loss: 0.238. Reg loss: 3.316. Seg loss: 0.852. Total loss: 4.406
2023-05-02 16:21:46,137 INFO Saved checkpoint to: ./logs/onlybdd10k_FT_v0_bs_16_with_MUNIT_5_outputs/2023_0502_1250_31/checkpoints/hybridnets-d3_3_2000.pth
2023-05-02 16:21:46,554 INFO Step: 2000. Epoch: 4/50. Iteration: 126/625. Cls loss: 0.224. Reg loss: 2.324. Seg loss: 0.858. Total loss: 3.405
2023-05-02 16:22:55,523 INFO Step: 2100. Epoch: 4/50. Iteration: 226/625. Cls loss: 0.195. Reg loss: 2.484. Seg loss: 0.627. Total loss: 3.307
2023-05-02 16:24:05,726 INFO Step: 2200. Epoch: 4/50. Iteration: 326/625. Cls loss: 0.260. Reg loss: 3.072. Seg loss: 0.775. Total loss: 4.107
2023-05-02 16:25:14,033 INFO Step: 2300. Epoch: 4/50. Iteration: 426/625. Cls loss: 0.239. Reg loss: 2.472. Seg loss: 0.794. Total loss: 3.506
2023-05-02 16:26:25,059 INFO Step: 2400. Epoch: 4/50. Iteration: 526/625. Cls loss: 0.235. Reg loss: 2.422. Seg loss: 0.721. Total loss: 3.378
2023-05-02 16:27:30,575 INFO Saved checkpoint to: ./logs/onlybdd10k_FT_v0_bs_16_with_MUNIT_5_outputs/2023_0502_1250_31/checkpoints/hybridnets-d3_3_2500.pth
2023-05-02 16:27:30,577 INFO Validating...
2023-05-02 17:29:29,587 INFO Val. Epoch: 4/50. Classification loss: 0.23813. Regression loss: 2.97970. Segmentation loss: 0.98618. Total loss: 4.20402
2023-05-02 17:29:29,751 INFO Epoch 5/50
2023-05-02 17:29:36,688 INFO Step: 2500. Epoch: 5/50. Iteration: 1/625. Cls loss: 0.281. Reg loss: 3.371. Seg loss: 0.779. Total loss: 4.432
2023-05-02 17:30:45,339 INFO Step: 2600. Epoch: 5/50. Iteration: 101/625. Cls loss: 0.229. Reg loss: 3.061. Seg loss: 0.466. Total loss: 3.756
2023-05-02 17:31:55,234 INFO Step: 2700. Epoch: 5/50. Iteration: 201/625. Cls loss: 0.222. Reg loss: 2.907. Seg loss: 0.570. Total loss: 3.699
2023-05-02 17:33:03,204 INFO Step: 2800. Epoch: 5/50. Iteration: 301/625. Cls loss: 0.244. Reg loss: 2.684. Seg loss: 0.776. Total loss: 3.704
2023-05-02 17:34:12,791 INFO Step: 2900. Epoch: 5/50. Iteration: 401/625. Cls loss: 0.237. Reg loss: 2.787. Seg loss: 0.644. Total loss: 3.668
2023-05-02 17:35:23,070 INFO Saved checkpoint to: ./logs/onlybdd10k_FT_v0_bs_16_with_MUNIT_5_outputs/2023_0502_1250_31/checkpoints/hybridnets-d3_4_3000.pth
2023-05-02 17:35:23,450 INFO Step: 3000. Epoch: 5/50. Iteration: 501/625. Cls loss: 0.220. Reg loss: 2.541. Seg loss: 0.667. Total loss: 3.428
2023-05-02 17:36:31,294 INFO Step: 3100. Epoch: 5/50. Iteration: 601/625. Cls loss: 0.240. Reg loss: 3.398. Seg loss: 0.564. Total loss: 4.202
2023-05-02 17:36:45,666 INFO Validating...
2023-05-02 18:38:28,908 INFO Val. Epoch: 5/50. Classification loss: 0.23605. Regression loss: 2.95315. Segmentation loss: 0.83055. Total loss: 4.01976
2023-05-02 18:38:29,066 INFO Epoch 6/50
2023-05-02 18:39:27,318 INFO Step: 3200. Epoch: 6/50. Iteration: 76/625. Cls loss: 0.226. Reg loss: 2.918. Seg loss: 0.478. Total loss: 3.622
2023-05-02 18:40:36,645 INFO Step: 3300. Epoch: 6/50. Iteration: 176/625. Cls loss: 0.228. Reg loss: 2.765. Seg loss: 0.446. Total loss: 3.439
2023-05-02 18:41:48,437 INFO Step: 3400. Epoch: 6/50. Iteration: 276/625. Cls loss: 0.224. Reg loss: 3.284. Seg loss: 0.571. Total loss: 4.079
2023-05-02 18:42:57,143 INFO Saved checkpoint to: ./logs/onlybdd10k_FT_v0_bs_16_with_MUNIT_5_outputs/2023_0502_1250_31/checkpoints/hybridnets-d3_5_3500.pth
2023-05-02 18:42:57,502 INFO Step: 3500. Epoch: 6/50. Iteration: 376/625. Cls loss: 0.209. Reg loss: 2.070. Seg loss: 0.800. Total loss: 3.079
2023-05-02 18:44:06,589 INFO Step: 3600. Epoch: 6/50. Iteration: 476/625. Cls loss: 0.238. Reg loss: 2.382. Seg loss: 0.503. Total loss: 3.123
2023-05-02 18:45:13,808 INFO Step: 3700. Epoch: 6/50. Iteration: 576/625. Cls loss: 0.216. Reg loss: 2.847. Seg loss: 0.547. Total loss: 3.610
2023-05-02 18:45:44,374 INFO Validating...
2023-05-02 19:44:39,835 INFO Val. Epoch: 6/50. Classification loss: 0.23517. Regression loss: 2.93399. Segmentation loss: 0.71376. Total loss: 3.88292
2023-05-02 19:44:40,023 INFO Epoch 7/50
2023-05-02 19:45:21,676 INFO Step: 3800. Epoch: 7/50. Iteration: 51/625. Cls loss: 0.235. Reg loss: 3.456. Seg loss: 0.412. Total loss: 4.103
2023-05-02 19:46:30,266 INFO Step: 3900. Epoch: 7/50. Iteration: 151/625. Cls loss: 0.187. Reg loss: 2.556. Seg loss: 0.554. Total loss: 3.297
2023-05-02 19:47:39,576 INFO Saved checkpoint to: ./logs/onlybdd10k_FT_v0_bs_16_with_MUNIT_5_outputs/2023_0502_1250_31/checkpoints/hybridnets-d3_6_4000.pth
2023-05-02 19:47:39,924 INFO Step: 4000. Epoch: 7/50. Iteration: 251/625. Cls loss: 0.208. Reg loss: 2.435. Seg loss: 0.395. Total loss: 3.037
2023-05-02 19:48:49,372 INFO Step: 4100. Epoch: 7/50. Iteration: 351/625. Cls loss: 0.245. Reg loss: 1.962. Seg loss: 0.847. Total loss: 3.055
2023-05-02 19:49:56,967 INFO Step: 4200. Epoch: 7/50. Iteration: 451/625. Cls loss: 0.222. Reg loss: 2.511. Seg loss: 0.366. Total loss: 3.099
2023-05-02 19:51:08,322 INFO Step: 4300. Epoch: 7/50. Iteration: 551/625. Cls loss: 0.189. Reg loss: 2.352. Seg loss: 0.476. Total loss: 3.016
2023-05-02 19:51:56,097 INFO Validating...
2023-05-02 20:52:00,838 INFO Val. Epoch: 7/50. Classification loss: 0.23362. Regression loss: 2.91784. Segmentation loss: 0.62423. Total loss: 3.77568
2023-05-02 20:52:01,071 INFO Epoch 8/50
2023-05-02 20:52:24,962 INFO Step: 4400. Epoch: 8/50. Iteration: 26/625. Cls loss: 0.246. Reg loss: 3.231. Seg loss: 0.479. Total loss: 3.956
2023-05-02 20:53:33,104 INFO Saved checkpoint to: ./logs/onlybdd10k_FT_v0_bs_16_with_MUNIT_5_outputs/2023_0502_1250_31/checkpoints/hybridnets-d3_7_4500.pth
2023-05-02 20:53:33,483 INFO Step: 4500. Epoch: 8/50. Iteration: 126/625. Cls loss: 0.196. Reg loss: 2.087. Seg loss: 0.490. Total loss: 2.772
2023-05-02 20:54:43,261 INFO Step: 4600. Epoch: 8/50. Iteration: 226/625. Cls loss: 0.203. Reg loss: 2.098. Seg loss: 0.327. Total loss: 2.628
2023-05-02 20:55:53,172 INFO Step: 4700. Epoch: 8/50. Iteration: 326/625. Cls loss: 0.180. Reg loss: 2.173. Seg loss: 0.423. Total loss: 2.776
2023-05-02 20:57:01,471 INFO Step: 4800. Epoch: 8/50. Iteration: 426/625. Cls loss: 0.236. Reg loss: 3.011. Seg loss: 0.457. Total loss: 3.704
2023-05-02 20:58:11,079 INFO Step: 4900. Epoch: 8/50. Iteration: 526/625. Cls loss: 0.214. Reg loss: 2.806. Seg loss: 0.364. Total loss: 3.383
2023-05-02 20:59:15,556 INFO Saved checkpoint to: ./logs/onlybdd10k_FT_v0_bs_16_with_MUNIT_5_outputs/2023_0502_1250_31/checkpoints/hybridnets-d3_7_5000.pth
2023-05-02 20:59:15,558 INFO Validating...
2023-05-02 21:59:48,507 INFO Val. Epoch: 8/50. Classification loss: 0.23272. Regression loss: 2.90774. Segmentation loss: 0.55942. Total loss: 3.69988
2023-05-02 21:59:48,654 INFO Epoch 9/50
2023-05-02 21:59:55,382 INFO Step: 5000. Epoch: 9/50. Iteration: 1/625. Cls loss: 0.269. Reg loss: 3.112. Seg loss: 0.432. Total loss: 3.813
2023-05-02 22:01:04,395 INFO Step: 5100. Epoch: 9/50. Iteration: 101/625. Cls loss: 0.184. Reg loss: 2.340. Seg loss: 0.236. Total loss: 2.760
2023-05-02 22:02:14,240 INFO Step: 5200. Epoch: 9/50. Iteration: 201/625. Cls loss: 0.204. Reg loss: 2.793. Seg loss: 0.340. Total loss: 3.337
2023-05-02 22:03:21,825 INFO Step: 5300. Epoch: 9/50. Iteration: 301/625. Cls loss: 0.237. Reg loss: 2.841. Seg loss: 0.475. Total loss: 3.552
2023-05-02 22:04:30,605 INFO Step: 5400. Epoch: 9/50. Iteration: 401/625. Cls loss: 0.247. Reg loss: 2.728. Seg loss: 0.359. Total loss: 3.334
2023-05-02 22:05:39,641 INFO Saved checkpoint to: ./logs/onlybdd10k_FT_v0_bs_16_with_MUNIT_5_outputs/2023_0502_1250_31/checkpoints/hybridnets-d3_8_5500.pth
2023-05-02 22:05:40,042 INFO Step: 5500. Epoch: 9/50. Iteration: 501/625. Cls loss: 0.202. Reg loss: 2.469. Seg loss: 0.372. Total loss: 3.044
2023-05-02 22:06:49,667 INFO Step: 5600. Epoch: 9/50. Iteration: 601/625. Cls loss: 0.285. Reg loss: 2.668. Seg loss: 0.343. Total loss: 3.297
2023-05-02 22:07:02,969 INFO Validating...
2023-05-02 23:07:19,356 INFO Val. Epoch: 9/50. Classification loss: 0.23126. Regression loss: 2.89517. Segmentation loss: 0.50748. Total loss: 3.63391
2023-05-02 23:07:19,653 INFO Epoch 10/50
2023-05-02 23:08:17,616 INFO Step: 5700. Epoch: 10/50. Iteration: 76/625. Cls loss: 0.238. Reg loss: 2.399. Seg loss: 0.337. Total loss: 2.974
2023-05-02 23:09:25,373 INFO Step: 5800. Epoch: 10/50. Iteration: 176/625. Cls loss: 0.215. Reg loss: 2.695. Seg loss: 0.360. Total loss: 3.270
2023-05-02 23:10:35,805 INFO Step: 5900. Epoch: 10/50. Iteration: 276/625. Cls loss: 0.191. Reg loss: 2.823. Seg loss: 0.266. Total loss: 3.281
2023-05-02 23:11:43,795 INFO Saved checkpoint to: ./logs/onlybdd10k_FT_v0_bs_16_with_MUNIT_5_outputs/2023_0502_1250_31/checkpoints/hybridnets-d3_9_6000.pth
2023-05-02 23:11:44,181 INFO Step: 6000. Epoch: 10/50. Iteration: 376/625. Cls loss: 0.215. Reg loss: 2.149. Seg loss: 0.623. Total loss: 2.988
2023-05-02 23:12:54,287 INFO Step: 6100. Epoch: 10/50. Iteration: 476/625. Cls loss: 0.218. Reg loss: 2.302. Seg loss: 0.322. Total loss: 2.842
2023-05-02 23:14:01,683 INFO Step: 6200. Epoch: 10/50. Iteration: 576/625. Cls loss: 0.197. Reg loss: 2.529. Seg loss: 0.303. Total loss: 3.029
2023-05-02 23:14:32,854 INFO Validating...
2023-05-03 00:13:34,957 INFO Val. Epoch: 10/50. Classification loss: 0.23000. Regression loss: 2.88218. Segmentation loss: 0.46897. Total loss: 3.58115
2023-05-03 00:13:35,122 INFO Epoch 11/50
2023-05-03 00:14:16,050 INFO Step: 6300. Epoch: 11/50. Iteration: 51/625. Cls loss: 0.203. Reg loss: 2.772. Seg loss: 0.265. Total loss: 3.240
2023-05-03 00:15:24,802 INFO Step: 6400. Epoch: 11/50. Iteration: 151/625. Cls loss: 0.191. Reg loss: 2.414. Seg loss: 0.300. Total loss: 2.906
2023-05-03 00:16:32,947 INFO Saved checkpoint to: ./logs/onlybdd10k_FT_v0_bs_16_with_MUNIT_5_outputs/2023_0502_1250_31/checkpoints/hybridnets-d3_10_6500.pth
2023-05-03 00:16:33,344 INFO Step: 6500. Epoch: 11/50. Iteration: 251/625. Cls loss: 0.224. Reg loss: 2.640. Seg loss: 0.239. Total loss: 3.103
2023-05-03 00:17:44,203 INFO Step: 6600. Epoch: 11/50. Iteration: 351/625. Cls loss: 0.224. Reg loss: 2.465. Seg loss: 0.328. Total loss: 3.017
2023-05-03 00:18:52,306 INFO Step: 6700. Epoch: 11/50. Iteration: 451/625. Cls loss: 0.197. Reg loss: 2.517. Seg loss: 0.255. Total loss: 2.970
2023-05-03 00:20:01,938 INFO Step: 6800. Epoch: 11/50. Iteration: 551/625. Cls loss: 0.179. Reg loss: 1.684. Seg loss: 0.309. Total loss: 2.173
2023-05-03 00:20:48,249 INFO Validating...
2023-05-03 01:20:46,095 INFO Val. Epoch: 11/50. Classification loss: 0.22876. Regression loss: 2.86835. Segmentation loss: 0.43963. Total loss: 3.53673
2023-05-03 01:20:46,292 INFO Epoch 12/50
2023-05-03 01:21:10,077 INFO Step: 6900. Epoch: 12/50. Iteration: 26/625. Cls loss: 0.233. Reg loss: 3.582. Seg loss: 0.355. Total loss: 4.170
2023-05-03 01:22:19,734 INFO Saved checkpoint to: ./logs/onlybdd10k_FT_v0_bs_16_with_MUNIT_5_outputs/2023_0502_1250_31/checkpoints/hybridnets-d3_11_7000.pth
2023-05-03 01:22:20,119 INFO Step: 7000. Epoch: 12/50. Iteration: 126/625. Cls loss: 0.183. Reg loss: 1.949. Seg loss: 0.251. Total loss: 2.383
2023-05-03 01:23:28,477 INFO Step: 7100. Epoch: 12/50. Iteration: 226/625. Cls loss: 0.184. Reg loss: 2.060. Seg loss: 0.203. Total loss: 2.447
2023-05-03 01:24:37,495 INFO Step: 7200. Epoch: 12/50. Iteration: 326/625. Cls loss: 0.213. Reg loss: 2.761. Seg loss: 0.315. Total loss: 3.289
2023-05-03 01:25:46,694 INFO Step: 7300. Epoch: 12/50. Iteration: 426/625. Cls loss: 0.232. Reg loss: 2.914. Seg loss: 0.249. Total loss: 3.395
2023-05-03 01:26:56,781 INFO Step: 7400. Epoch: 12/50. Iteration: 526/625. Cls loss: 0.234. Reg loss: 2.431. Seg loss: 0.259. Total loss: 2.924
2023-05-03 01:28:01,448 INFO Saved checkpoint to: ./logs/onlybdd10k_FT_v0_bs_16_with_MUNIT_5_outputs/2023_0502_1250_31/checkpoints/hybridnets-d3_11_7500.pth
2023-05-03 01:28:01,450 INFO Validating...
2023-05-03 02:27:44,977 INFO Val. Epoch: 12/50. Classification loss: 0.22796. Regression loss: 2.86979. Segmentation loss: 0.41884. Total loss: 3.51658
2023-05-03 02:27:45,127 INFO Epoch 13/50
2023-05-03 02:27:52,065 INFO Step: 7500. Epoch: 13/50. Iteration: 1/625. Cls loss: 0.201. Reg loss: 2.547. Seg loss: 0.345. Total loss: 3.092
2023-05-03 02:28:59,378 INFO Step: 7600. Epoch: 13/50. Iteration: 101/625. Cls loss: 0.213. Reg loss: 2.865. Seg loss: 0.190. Total loss: 3.268
2023-05-03 02:30:08,584 INFO Step: 7700. Epoch: 13/50. Iteration: 201/625. Cls loss: 0.245. Reg loss: 2.804. Seg loss: 0.241. Total loss: 3.290
2023-05-03 02:31:19,383 INFO Step: 7800. Epoch: 13/50. Iteration: 301/625. Cls loss: 0.216. Reg loss: 2.495. Seg loss: 0.350. Total loss: 3.060
2023-05-03 02:32:27,974 INFO Step: 7900. Epoch: 13/50. Iteration: 401/625. Cls loss: 0.223. Reg loss: 2.640. Seg loss: 0.244. Total loss: 3.108
2023-05-03 02:33:37,724 INFO Saved checkpoint to: ./logs/onlybdd10k_FT_v0_bs_16_with_MUNIT_5_outputs/2023_0502_1250_31/checkpoints/hybridnets-d3_12_8000.pth
2023-05-03 02:33:38,158 INFO Step: 8000. Epoch: 13/50. Iteration: 501/625. Cls loss: 0.208. Reg loss: 2.536. Seg loss: 0.266. Total loss: 3.011
2023-05-03 02:34:45,484 INFO Step: 8100. Epoch: 13/50. Iteration: 601/625. Cls loss: 0.243. Reg loss: 3.161. Seg loss: 0.243. Total loss: 3.646
2023-05-03 02:34:59,886 INFO Validating...
2023-05-03 03:34:36,630 INFO Val. Epoch: 13/50. Classification loss: 0.22673. Regression loss: 2.85460. Segmentation loss: 0.40024. Total loss: 3.48157
2023-05-03 03:34:36,770 INFO Epoch 14/50
2023-05-03 03:35:33,466 INFO Step: 8200. Epoch: 14/50. Iteration: 76/625. Cls loss: 0.290. Reg loss: 2.760. Seg loss: 0.211. Total loss: 3.260
2023-05-03 03:36:39,814 INFO Step: 8300. Epoch: 14/50. Iteration: 176/625. Cls loss: 0.198. Reg loss: 2.507. Seg loss: 0.211. Total loss: 2.916
2023-05-03 03:37:49,390 INFO Step: 8400. Epoch: 14/50. Iteration: 276/625. Cls loss: 0.242. Reg loss: 2.994. Seg loss: 0.291. Total loss: 3.527
2023-05-03 03:38:56,182 INFO Saved checkpoint to: ./logs/onlybdd10k_FT_v0_bs_16_with_MUNIT_5_outputs/2023_0502_1250_31/checkpoints/hybridnets-d3_13_8500.pth
2023-05-03 03:38:56,497 INFO Step: 8500. Epoch: 14/50. Iteration: 376/625. Cls loss: 0.194. Reg loss: 2.263. Seg loss: 0.267. Total loss: 2.723
2023-05-03 03:40:04,703 INFO Step: 8600. Epoch: 14/50. Iteration: 476/625. Cls loss: 0.219. Reg loss: 2.228. Seg loss: 0.235. Total loss: 2.683
2023-05-03 03:41:11,216 INFO Step: 8700. Epoch: 14/50. Iteration: 576/625. Cls loss: 0.213. Reg loss: 2.756. Seg loss: 0.250. Total loss: 3.218
2023-05-03 03:41:41,575 INFO Validating...
2023-05-03 04:36:06,384 INFO Val. Epoch: 14/50. Classification loss: 0.22578. Regression loss: 2.83798. Segmentation loss: 0.38482. Total loss: 3.44858
2023-05-03 04:36:06,599 INFO Epoch 15/50
2023-05-03 04:36:46,911 INFO Step: 8800. Epoch: 15/50. Iteration: 51/625. Cls loss: 0.181. Reg loss: 2.643. Seg loss: 0.203. Total loss: 3.028
2023-05-03 04:37:54,350 INFO Step: 8900. Epoch: 15/50. Iteration: 151/625. Cls loss: 0.199. Reg loss: 2.780. Seg loss: 0.226. Total loss: 3.205
2023-05-03 04:39:01,571 INFO Saved checkpoint to: ./logs/onlybdd10k_FT_v0_bs_16_with_MUNIT_5_outputs/2023_0502_1250_31/checkpoints/hybridnets-d3_14_9000.pth
2023-05-03 04:39:01,925 INFO Step: 9000. Epoch: 15/50. Iteration: 251/625. Cls loss: 0.210. Reg loss: 2.419. Seg loss: 0.168. Total loss: 2.796
2023-05-03 04:40:10,331 INFO Step: 9100. Epoch: 15/50. Iteration: 351/625. Cls loss: 0.229. Reg loss: 2.346. Seg loss: 0.446. Total loss: 3.021
2023-05-03 04:41:17,246 INFO Step: 9200. Epoch: 15/50. Iteration: 451/625. Cls loss: 0.214. Reg loss: 2.794. Seg loss: 0.224. Total loss: 3.232
2023-05-03 04:42:26,095 INFO Step: 9300. Epoch: 15/50. Iteration: 551/625. Cls loss: 0.188. Reg loss: 1.765. Seg loss: 0.261. Total loss: 2.214
2023-05-03 04:43:12,125 INFO Validating...
2023-05-03 05:37:11,420 INFO Val. Epoch: 15/50. Classification loss: 0.22473. Regression loss: 2.82710. Segmentation loss: 0.37166. Total loss: 3.42349
2023-05-03 05:37:11,629 INFO Epoch 16/50
2023-05-03 05:37:34,884 INFO Step: 9400. Epoch: 16/50. Iteration: 26/625. Cls loss: 0.241. Reg loss: 3.170. Seg loss: 0.237. Total loss: 3.648
2023-05-03 05:38:43,232 INFO Saved checkpoint to: ./logs/onlybdd10k_FT_v0_bs_16_with_MUNIT_5_outputs/2023_0502_1250_31/checkpoints/hybridnets-d3_15_9500.pth
2023-05-03 05:38:43,729 INFO Step: 9500. Epoch: 16/50. Iteration: 126/625. Cls loss: 0.174. Reg loss: 1.934. Seg loss: 0.224. Total loss: 2.331
2023-05-03 05:39:52,692 INFO Step: 9600. Epoch: 16/50. Iteration: 226/625. Cls loss: 0.193. Reg loss: 2.199. Seg loss: 0.173. Total loss: 2.565
2023-05-03 05:40:59,756 INFO Step: 9700. Epoch: 16/50. Iteration: 326/625. Cls loss: 0.205. Reg loss: 2.177. Seg loss: 0.259. Total loss: 2.640
2023-05-03 05:42:08,881 INFO Step: 9800. Epoch: 16/50. Iteration: 426/625. Cls loss: 0.262. Reg loss: 2.712. Seg loss: 0.257. Total loss: 3.231
2023-05-03 05:43:14,887 INFO Step: 9900. Epoch: 16/50. Iteration: 526/625. Cls loss: 0.226. Reg loss: 2.386. Seg loss: 0.205. Total loss: 2.817
2023-05-03 05:44:18,640 INFO Saved checkpoint to: ./logs/onlybdd10k_FT_v0_bs_16_with_MUNIT_5_outputs/2023_0502_1250_31/checkpoints/hybridnets-d3_15_10000.pth
2023-05-03 05:44:18,642 INFO Validating...
2023-05-03 06:38:23,193 INFO Val. Epoch: 16/50. Classification loss: 0.22437. Regression loss: 2.82284. Segmentation loss: 0.36014. Total loss: 3.40735
2023-05-03 06:38:23,338 INFO Epoch 17/50
2023-05-03 06:38:30,344 INFO Step: 10000. Epoch: 17/50. Iteration: 1/625. Cls loss: 0.237. Reg loss: 2.376. Seg loss: 0.210. Total loss: 2.823
2023-05-03 06:39:37,550 INFO Step: 10100. Epoch: 17/50. Iteration: 101/625. Cls loss: 0.204. Reg loss: 2.541. Seg loss: 0.211. Total loss: 2.955
2023-05-03 06:40:45,881 INFO Step: 10200. Epoch: 17/50. Iteration: 201/625. Cls loss: 0.238. Reg loss: 2.924. Seg loss: 0.175. Total loss: 3.337
2023-05-03 06:41:52,203 INFO Step: 10300. Epoch: 17/50. Iteration: 301/625. Cls loss: 0.233. Reg loss: 3.097. Seg loss: 0.237. Total loss: 3.567
2023-05-03 06:42:59,360 INFO Step: 10400. Epoch: 17/50. Iteration: 401/625. Cls loss: 0.254. Reg loss: 2.841. Seg loss: 0.269. Total loss: 3.365
2023-05-03 06:44:07,785 INFO Saved checkpoint to: ./logs/onlybdd10k_FT_v0_bs_16_with_MUNIT_5_outputs/2023_0502_1250_31/checkpoints/hybridnets-d3_16_10500.pth
2023-05-03 06:44:08,271 INFO Step: 10500. Epoch: 17/50. Iteration: 501/625. Cls loss: 0.198. Reg loss: 2.329. Seg loss: 0.204. Total loss: 2.732
2023-05-03 06:45:15,082 INFO Step: 10600. Epoch: 17/50. Iteration: 601/625. Cls loss: 0.237. Reg loss: 3.027. Seg loss: 0.186. Total loss: 3.450
2023-05-03 06:45:29,910 INFO Validating...
2023-05-03 07:39:03,564 INFO Val. Epoch: 17/50. Classification loss: 0.22335. Regression loss: 2.80950. Segmentation loss: 0.35150. Total loss: 3.38434
2023-05-03 07:39:03,720 INFO Epoch 18/50
2023-05-03 07:40:00,364 INFO Step: 10700. Epoch: 18/50. Iteration: 76/625. Cls loss: 0.210. Reg loss: 2.491. Seg loss: 0.180. Total loss: 2.881
2023-05-03 07:41:07,388 INFO Step: 10800. Epoch: 18/50. Iteration: 176/625. Cls loss: 0.199. Reg loss: 2.893. Seg loss: 0.200. Total loss: 3.292
2023-05-03 07:42:16,419 INFO Step: 10900. Epoch: 18/50. Iteration: 276/625. Cls loss: 0.212. Reg loss: 3.427. Seg loss: 0.224. Total loss: 3.863
2023-05-03 07:43:22,383 INFO Saved checkpoint to: ./logs/onlybdd10k_FT_v0_bs_16_with_MUNIT_5_outputs/2023_0502_1250_31/checkpoints/hybridnets-d3_17_11000.pth
2023-05-03 07:43:22,845 INFO Step: 11000. Epoch: 18/50. Iteration: 376/625. Cls loss: 0.210. Reg loss: 2.191. Seg loss: 0.339. Total loss: 2.740
2023-05-03 07:44:32,138 INFO Step: 11100. Epoch: 18/50. Iteration: 476/625. Cls loss: 0.233. Reg loss: 2.133. Seg loss: 0.214. Total loss: 2.580
2023-05-03 07:45:38,612 INFO Step: 11200. Epoch: 18/50. Iteration: 576/625. Cls loss: 0.183. Reg loss: 2.431. Seg loss: 0.210. Total loss: 2.823
2023-05-03 07:46:08,870 INFO Validating...
2023-05-03 08:38:25,288 INFO Val. Epoch: 18/50. Classification loss: 0.22313. Regression loss: 2.80509. Segmentation loss: 0.34206. Total loss: 3.37028
2023-05-03 08:38:25,439 INFO Epoch 19/50
2023-05-03 08:39:05,505 INFO Step: 11300. Epoch: 19/50. Iteration: 51/625. Cls loss: 0.205. Reg loss: 2.917. Seg loss: 0.166. Total loss: 3.287
2023-05-03 08:40:11,294 INFO Step: 11400. Epoch: 19/50. Iteration: 151/625. Cls loss: 0.214. Reg loss: 2.595. Seg loss: 0.204. Total loss: 3.014
2023-05-03 08:41:19,739 INFO Saved checkpoint to: ./logs/onlybdd10k_FT_v0_bs_16_with_MUNIT_5_outputs/2023_0502_1250_31/checkpoints/hybridnets-d3_18_11500.pth
2023-05-03 08:41:20,092 INFO Step: 11500. Epoch: 19/50. Iteration: 251/625. Cls loss: 0.214. Reg loss: 2.463. Seg loss: 0.151. Total loss: 2.828
2023-05-03 08:42:26,951 INFO Step: 11600. Epoch: 19/50. Iteration: 351/625. Cls loss: 0.234. Reg loss: 2.416. Seg loss: 0.316. Total loss: 2.967
2023-05-03 08:43:34,787 INFO Step: 11700. Epoch: 19/50. Iteration: 451/625. Cls loss: 0.201. Reg loss: 2.435. Seg loss: 0.220. Total loss: 2.856
2023-05-03 08:44:44,680 INFO Step: 11800. Epoch: 19/50. Iteration: 551/625. Cls loss: 0.203. Reg loss: 1.982. Seg loss: 0.208. Total loss: 2.394
2023-05-03 08:45:32,009 INFO Validating...
2023-05-03 09:37:44,286 INFO Val. Epoch: 19/50. Classification loss: 0.22275. Regression loss: 2.79505. Segmentation loss: 0.33482. Total loss: 3.35262
2023-05-03 09:37:44,425 INFO Epoch 20/50
2023-05-03 09:38:07,555 INFO Step: 11900. Epoch: 20/50. Iteration: 26/625. Cls loss: 0.215. Reg loss: 3.029. Seg loss: 0.243. Total loss: 3.487
2023-05-03 09:39:13,921 INFO Saved checkpoint to: ./logs/onlybdd10k_FT_v0_bs_16_with_MUNIT_5_outputs/2023_0502_1250_31/checkpoints/hybridnets-d3_19_12000.pth
2023-05-03 09:39:14,301 INFO Step: 12000. Epoch: 20/50. Iteration: 126/625. Cls loss: 0.203. Reg loss: 2.148. Seg loss: 0.194. Total loss: 2.545
2023-05-03 09:40:21,624 INFO Step: 12100. Epoch: 20/50. Iteration: 226/625. Cls loss: 0.167. Reg loss: 1.782. Seg loss: 0.146. Total loss: 2.095
2023-05-03 09:41:27,745 INFO Step: 12200. Epoch: 20/50. Iteration: 326/625. Cls loss: 0.185. Reg loss: 2.205. Seg loss: 0.195. Total loss: 2.585
2023-05-03 09:42:36,590 INFO Step: 12300. Epoch: 20/50. Iteration: 426/625. Cls loss: 0.224. Reg loss: 2.966. Seg loss: 0.205. Total loss: 3.395
2023-05-03 09:43:43,494 INFO Step: 12400. Epoch: 20/50. Iteration: 526/625. Cls loss: 0.214. Reg loss: 2.948. Seg loss: 0.177. Total loss: 3.340
2023-05-03 09:44:48,116 INFO Saved checkpoint to: ./logs/onlybdd10k_FT_v0_bs_16_with_MUNIT_5_outputs/2023_0502_1250_31/checkpoints/hybridnets-d3_19_12500.pth
2023-05-03 09:44:48,117 INFO Validating...
2023-05-03 10:11:04,878 ERROR Received signal: SIGTERM (<module 'signal' from '/mnt/raid/home/eyal_michaeli/anaconda3/envs/HybridNets/lib/python3.8/signal.py'>)
2023-05-03 10:11:05,053 INFO Continuing training... num_error_signals = 1
2023-05-03 10:11:05,993 ERROR Received signal: SIGTERM (<module 'signal' from '/mnt/raid/home/eyal_michaeli/anaconda3/envs/HybridNets/lib/python3.8/signal.py'>)
