2023-05-11 23:08:07,473 INFO PID: 3550079
2023-05-11 23:08:07,474 INFO Random seed: 2
2023-05-11 23:08:07,478 INFO Loading train dataset
2023-05-11 23:08:07,478 INFO Using paths list file: /mnt/raid/home/eyal_michaeli/datasets/bdd/file_paths_csv/10.0k.csv
2023-05-11 23:08:07,501 INFO Number of avaliable images: 10000
2023-05-11 23:08:07,502 INFO building database...
2023-05-11 23:08:09,117 INFO database build finish
2023-05-11 23:08:09,118 INFO Loading validation dataset
2023-05-11 23:08:09,118 INFO Using paths list file: /mnt/raid/home/eyal_michaeli/datasets/bdd/file_paths_csv/10.0k.csv
2023-05-11 23:08:09,135 INFO Number of avaliable images: 10000
2023-05-11 23:08:09,135 WARNING Using 10000 images
2023-05-11 23:08:09,136 INFO building database...
2023-05-11 23:08:10,643 INFO database build finish
2023-05-11 23:08:10,682 INFO Initializing Classifier with num_classes: 1
2023-05-11 23:08:13,488 INFO [Info] Weights init Successfully
2023-05-11 23:08:13,560 INFO Epoch 1/50
2023-05-11 23:09:55,965 INFO Step: 100. Epoch: 1/50. Iteration: 101/625. Cls loss: 0.245. Reg loss: 2.312. Seg loss: 1.947. Total loss: 4.504
2023-05-11 23:11:42,418 INFO Step: 200. Epoch: 1/50. Iteration: 201/625. Cls loss: 0.230. Reg loss: 2.903. Seg loss: 1.724. Total loss: 4.857
2023-05-11 23:13:26,225 INFO Step: 300. Epoch: 1/50. Iteration: 301/625. Cls loss: 0.226. Reg loss: 3.060. Seg loss: 2.058. Total loss: 5.344
2023-05-11 23:15:14,600 INFO Step: 400. Epoch: 1/50. Iteration: 401/625. Cls loss: 0.248. Reg loss: 2.377. Seg loss: 1.815. Total loss: 4.440
2023-05-11 23:16:56,783 INFO Saved checkpoint to: logs/2023_0511_2308_07_bdd10k_repeat_base_one_class/checkpoints/hybridnets-d3_0_500.pth
2023-05-11 23:16:57,091 INFO Step: 500. Epoch: 1/50. Iteration: 501/625. Cls loss: 0.226. Reg loss: 2.103. Seg loss: 1.569. Total loss: 3.898
2023-05-11 23:18:45,614 INFO Step: 600. Epoch: 1/50. Iteration: 601/625. Cls loss: 0.262. Reg loss: 3.365. Seg loss: 1.302. Total loss: 4.929
2023-05-11 23:19:11,081 INFO Epoch 2/50
2023-05-11 23:20:38,110 INFO Step: 700. Epoch: 2/50. Iteration: 76/625. Cls loss: 0.212. Reg loss: 2.378. Seg loss: 1.459. Total loss: 4.049
2023-05-11 23:22:26,375 INFO Step: 800. Epoch: 2/50. Iteration: 176/625. Cls loss: 0.186. Reg loss: 1.909. Seg loss: 1.475. Total loss: 3.569
2023-05-11 23:24:15,587 INFO Step: 900. Epoch: 2/50. Iteration: 276/625. Cls loss: 0.271. Reg loss: 2.930. Seg loss: 1.187. Total loss: 4.389
2023-05-11 23:26:00,344 INFO Saved checkpoint to: logs/2023_0511_2308_07_bdd10k_repeat_base_one_class/checkpoints/hybridnets-d3_1_1000.pth
2023-05-11 23:26:00,649 INFO Step: 1000. Epoch: 2/50. Iteration: 376/625. Cls loss: 0.268. Reg loss: 3.140. Seg loss: 1.164. Total loss: 4.571
2023-05-11 23:27:48,609 INFO Step: 1100. Epoch: 2/50. Iteration: 476/625. Cls loss: 0.213. Reg loss: 2.374. Seg loss: 0.941. Total loss: 3.528
2023-05-11 23:29:31,750 INFO Step: 1200. Epoch: 2/50. Iteration: 576/625. Cls loss: 0.221. Reg loss: 2.823. Seg loss: 1.025. Total loss: 4.069
2023-05-11 23:30:22,435 INFO Epoch 3/50
2023-05-11 23:31:22,912 INFO Step: 1300. Epoch: 3/50. Iteration: 51/625. Cls loss: 0.183. Reg loss: 1.906. Seg loss: 1.038. Total loss: 3.126
2023-05-11 23:33:05,433 INFO Step: 1400. Epoch: 3/50. Iteration: 151/625. Cls loss: 0.229. Reg loss: 2.840. Seg loss: 1.246. Total loss: 4.315
2023-05-11 23:34:56,016 INFO Saved checkpoint to: logs/2023_0511_2308_07_bdd10k_repeat_base_one_class/checkpoints/hybridnets-d3_2_1500.pth
2023-05-11 23:34:56,922 INFO Step: 1500. Epoch: 3/50. Iteration: 251/625. Cls loss: 0.217. Reg loss: 2.320. Seg loss: 0.853. Total loss: 3.389
2023-05-11 23:36:44,284 INFO Step: 1600. Epoch: 3/50. Iteration: 351/625. Cls loss: 0.225. Reg loss: 2.368. Seg loss: 0.906. Total loss: 3.498
2023-05-11 23:38:31,393 INFO Step: 1700. Epoch: 3/50. Iteration: 451/625. Cls loss: 0.235. Reg loss: 2.693. Seg loss: 0.748. Total loss: 3.676
2023-05-11 23:40:20,794 INFO Step: 1800. Epoch: 3/50. Iteration: 551/625. Cls loss: 0.187. Reg loss: 2.252. Seg loss: 0.827. Total loss: 3.265
2023-05-11 23:41:38,302 INFO Epoch 4/50
2023-05-11 23:42:15,665 INFO Step: 1900. Epoch: 4/50. Iteration: 26/625. Cls loss: 0.214. Reg loss: 2.084. Seg loss: 0.879. Total loss: 3.177
2023-05-11 23:44:02,934 INFO Saved checkpoint to: logs/2023_0511_2308_07_bdd10k_repeat_base_one_class/checkpoints/hybridnets-d3_3_2000.pth
2023-05-11 23:44:02,934 INFO Validating...
2023-05-11 23:54:10,820 INFO Val. Epoch: 4/50. Classification loss: 0.19787. Regression loss: 2.56944. Segmentation loss: 0.79740. Total loss: 3.56471
2023-05-11 23:54:11,880 INFO Step: 2000. Epoch: 4/50. Iteration: 126/625. Cls loss: 0.172. Reg loss: 2.777. Seg loss: 0.560. Total loss: 3.508
2023-05-11 23:55:44,024 INFO Step: 2100. Epoch: 4/50. Iteration: 226/625. Cls loss: 0.214. Reg loss: 2.390. Seg loss: 1.073. Total loss: 3.677
2023-05-11 23:57:27,775 INFO Step: 2200. Epoch: 4/50. Iteration: 326/625. Cls loss: 0.223. Reg loss: 2.240. Seg loss: 0.650. Total loss: 3.113
2023-05-11 23:59:17,701 INFO Step: 2300. Epoch: 4/50. Iteration: 426/625. Cls loss: 0.194. Reg loss: 1.917. Seg loss: 0.628. Total loss: 2.739
2023-05-12 00:01:06,154 INFO Step: 2400. Epoch: 4/50. Iteration: 526/625. Cls loss: 0.254. Reg loss: 2.883. Seg loss: 0.905. Total loss: 4.042
2023-05-12 00:02:53,210 INFO Saved checkpoint to: logs/2023_0511_2308_07_bdd10k_repeat_base_one_class/checkpoints/hybridnets-d3_3_2500.pth
2023-05-12 00:02:53,211 INFO Epoch 5/50
2023-05-12 00:03:03,205 INFO Step: 2500. Epoch: 5/50. Iteration: 1/625. Cls loss: 0.177. Reg loss: 2.296. Seg loss: 0.783. Total loss: 3.256
2023-05-12 00:04:50,117 INFO Step: 2600. Epoch: 5/50. Iteration: 101/625. Cls loss: 0.187. Reg loss: 2.005. Seg loss: 0.579. Total loss: 2.771
2023-05-12 00:06:41,164 INFO Step: 2700. Epoch: 5/50. Iteration: 201/625. Cls loss: 0.225. Reg loss: 1.990. Seg loss: 0.527. Total loss: 2.742
2023-05-12 00:08:30,130 INFO Step: 2800. Epoch: 5/50. Iteration: 301/625. Cls loss: 0.183. Reg loss: 2.260. Seg loss: 0.517. Total loss: 2.960
2023-05-12 00:10:17,419 INFO Step: 2900. Epoch: 5/50. Iteration: 401/625. Cls loss: 0.216. Reg loss: 3.149. Seg loss: 0.452. Total loss: 3.816
2023-05-12 00:12:06,211 INFO Saved checkpoint to: logs/2023_0511_2308_07_bdd10k_repeat_base_one_class/checkpoints/hybridnets-d3_4_3000.pth
2023-05-12 00:12:07,151 INFO Step: 3000. Epoch: 5/50. Iteration: 501/625. Cls loss: 0.188. Reg loss: 2.203. Seg loss: 0.569. Total loss: 2.960
2023-05-12 00:13:54,291 INFO Step: 3100. Epoch: 5/50. Iteration: 601/625. Cls loss: 0.189. Reg loss: 1.760. Seg loss: 0.779. Total loss: 2.729
2023-05-12 00:14:18,669 INFO Epoch 6/50
2023-05-12 00:15:48,374 INFO Step: 3200. Epoch: 6/50. Iteration: 76/625. Cls loss: 0.183. Reg loss: 2.689. Seg loss: 0.566. Total loss: 3.438
2023-05-12 00:17:36,151 INFO Step: 3300. Epoch: 6/50. Iteration: 176/625. Cls loss: 0.189. Reg loss: 2.094. Seg loss: 0.519. Total loss: 2.802
2023-05-12 00:19:25,188 INFO Step: 3400. Epoch: 6/50. Iteration: 276/625. Cls loss: 0.248. Reg loss: 2.735. Seg loss: 0.752. Total loss: 3.735
2023-05-12 00:21:12,740 INFO Saved checkpoint to: logs/2023_0511_2308_07_bdd10k_repeat_base_one_class/checkpoints/hybridnets-d3_5_3500.pth
2023-05-12 00:21:13,666 INFO Step: 3500. Epoch: 6/50. Iteration: 376/625. Cls loss: 0.189. Reg loss: 2.104. Seg loss: 0.433. Total loss: 2.727
2023-05-12 00:23:02,639 INFO Step: 3600. Epoch: 6/50. Iteration: 476/625. Cls loss: 0.194. Reg loss: 2.197. Seg loss: 0.524. Total loss: 2.915
2023-05-12 00:24:52,597 INFO Step: 3700. Epoch: 6/50. Iteration: 576/625. Cls loss: 0.185. Reg loss: 2.452. Seg loss: 0.441. Total loss: 3.079
2023-05-12 00:25:42,454 INFO Epoch 7/50
2023-05-12 00:26:46,707 INFO Step: 3800. Epoch: 7/50. Iteration: 51/625. Cls loss: 0.183. Reg loss: 1.990. Seg loss: 0.507. Total loss: 2.680
2023-05-12 00:28:35,047 INFO Step: 3900. Epoch: 7/50. Iteration: 151/625. Cls loss: 0.232. Reg loss: 3.184. Seg loss: 0.442. Total loss: 3.858
2023-05-12 00:30:15,480 INFO Saved checkpoint to: logs/2023_0511_2308_07_bdd10k_repeat_base_one_class/checkpoints/hybridnets-d3_6_4000.pth
2023-05-12 00:30:15,480 INFO Validating...
2023-05-12 00:40:13,668 INFO Val. Epoch: 7/50. Classification loss: 0.19341. Regression loss: 2.47339. Segmentation loss: 0.45948. Total loss: 3.12629
2023-05-12 00:40:14,731 INFO Step: 4000. Epoch: 7/50. Iteration: 251/625. Cls loss: 0.201. Reg loss: 3.191. Seg loss: 0.374. Total loss: 3.766
2023-05-12 00:41:49,020 INFO Step: 4100. Epoch: 7/50. Iteration: 351/625. Cls loss: 0.201. Reg loss: 2.420. Seg loss: 0.458. Total loss: 3.079
2023-05-12 00:43:34,199 INFO Step: 4200. Epoch: 7/50. Iteration: 451/625. Cls loss: 0.218. Reg loss: 3.020. Seg loss: 0.394. Total loss: 3.632
2023-05-12 00:45:12,080 INFO Step: 4300. Epoch: 7/50. Iteration: 551/625. Cls loss: 0.188. Reg loss: 1.832. Seg loss: 0.438. Total loss: 2.457
2023-05-12 00:46:30,741 INFO Epoch 8/50
2023-05-12 00:47:07,568 INFO Step: 4400. Epoch: 8/50. Iteration: 26/625. Cls loss: 0.189. Reg loss: 1.782. Seg loss: 0.375. Total loss: 2.347
2023-05-12 00:48:52,927 INFO Saved checkpoint to: logs/2023_0511_2308_07_bdd10k_repeat_base_one_class/checkpoints/hybridnets-d3_7_4500.pth
2023-05-12 00:48:53,856 INFO Step: 4500. Epoch: 8/50. Iteration: 126/625. Cls loss: 0.186. Reg loss: 2.222. Seg loss: 0.635. Total loss: 3.044
2023-05-12 00:50:41,447 INFO Step: 4600. Epoch: 8/50. Iteration: 226/625. Cls loss: 0.239. Reg loss: 2.312. Seg loss: 0.400. Total loss: 2.950
2023-05-12 00:52:29,921 INFO Step: 4700. Epoch: 8/50. Iteration: 326/625. Cls loss: 0.185. Reg loss: 2.076. Seg loss: 0.313. Total loss: 2.574
2023-05-12 00:54:16,983 INFO Step: 4800. Epoch: 8/50. Iteration: 426/625. Cls loss: 0.205. Reg loss: 2.185. Seg loss: 0.368. Total loss: 2.758
2023-05-12 00:56:04,689 INFO Step: 4900. Epoch: 8/50. Iteration: 526/625. Cls loss: 0.186. Reg loss: 1.867. Seg loss: 0.320. Total loss: 2.372
2023-05-12 00:57:50,062 INFO Saved checkpoint to: logs/2023_0511_2308_07_bdd10k_repeat_base_one_class/checkpoints/hybridnets-d3_7_5000.pth
2023-05-12 00:57:50,063 INFO Epoch 9/50
2023-05-12 00:58:00,517 INFO Step: 5000. Epoch: 9/50. Iteration: 1/625. Cls loss: 0.192. Reg loss: 2.303. Seg loss: 0.440. Total loss: 2.935
2023-05-12 00:59:48,259 INFO Step: 5100. Epoch: 9/50. Iteration: 101/625. Cls loss: 0.213. Reg loss: 2.218. Seg loss: 0.559. Total loss: 2.990
2023-05-12 01:01:35,676 INFO Step: 5200. Epoch: 9/50. Iteration: 201/625. Cls loss: 0.196. Reg loss: 2.876. Seg loss: 0.345. Total loss: 3.417
2023-05-12 01:03:22,920 INFO Step: 5300. Epoch: 9/50. Iteration: 301/625. Cls loss: 0.189. Reg loss: 1.776. Seg loss: 0.377. Total loss: 2.341
2023-05-12 01:05:10,595 INFO Step: 5400. Epoch: 9/50. Iteration: 401/625. Cls loss: 0.206. Reg loss: 2.032. Seg loss: 0.364. Total loss: 2.603
2023-05-12 01:06:58,917 INFO Saved checkpoint to: logs/2023_0511_2308_07_bdd10k_repeat_base_one_class/checkpoints/hybridnets-d3_8_5500.pth
2023-05-12 01:06:59,854 INFO Step: 5500. Epoch: 9/50. Iteration: 501/625. Cls loss: 0.201. Reg loss: 1.975. Seg loss: 0.283. Total loss: 2.460
2023-05-12 01:08:46,154 INFO Step: 5600. Epoch: 9/50. Iteration: 601/625. Cls loss: 0.197. Reg loss: 2.813. Seg loss: 0.318. Total loss: 3.328
2023-05-12 01:09:11,139 INFO Epoch 10/50
2023-05-12 01:10:41,619 INFO Step: 5700. Epoch: 10/50. Iteration: 76/625. Cls loss: 0.182. Reg loss: 2.324. Seg loss: 0.301. Total loss: 2.807
2023-05-12 01:12:27,966 INFO Step: 5800. Epoch: 10/50. Iteration: 176/625. Cls loss: 0.215. Reg loss: 2.556. Seg loss: 0.461. Total loss: 3.232
2023-05-12 01:14:14,440 INFO Step: 5900. Epoch: 10/50. Iteration: 276/625. Cls loss: 0.211. Reg loss: 2.164. Seg loss: 0.396. Total loss: 2.771
2023-05-12 01:16:01,082 INFO Saved checkpoint to: logs/2023_0511_2308_07_bdd10k_repeat_base_one_class/checkpoints/hybridnets-d3_9_6000.pth
2023-05-12 01:16:01,082 INFO Validating...
2023-05-12 01:25:55,060 INFO Val. Epoch: 10/50. Classification loss: 0.19029. Regression loss: 2.43741. Segmentation loss: 0.31166. Total loss: 2.93936
2023-05-12 01:25:56,119 INFO Step: 6000. Epoch: 10/50. Iteration: 376/625. Cls loss: 0.199. Reg loss: 2.528. Seg loss: 0.297. Total loss: 3.024
2023-05-12 01:27:28,143 INFO Step: 6100. Epoch: 10/50. Iteration: 476/625. Cls loss: 0.219. Reg loss: 2.199. Seg loss: 0.242. Total loss: 2.661
2023-05-12 01:29:12,536 INFO Step: 6200. Epoch: 10/50. Iteration: 576/625. Cls loss: 0.205. Reg loss: 3.172. Seg loss: 0.322. Total loss: 3.699
2023-05-12 01:30:01,592 INFO Epoch 11/50
2023-05-12 01:31:02,857 INFO Step: 6300. Epoch: 11/50. Iteration: 51/625. Cls loss: 0.148. Reg loss: 1.868. Seg loss: 0.285. Total loss: 2.302
2023-05-12 01:32:43,433 INFO Step: 6400. Epoch: 11/50. Iteration: 151/625. Cls loss: 0.216. Reg loss: 2.952. Seg loss: 0.236. Total loss: 3.405
2023-05-12 01:34:33,165 INFO Saved checkpoint to: logs/2023_0511_2308_07_bdd10k_repeat_base_one_class/checkpoints/hybridnets-d3_10_6500.pth
2023-05-12 01:34:34,083 INFO Step: 6500. Epoch: 11/50. Iteration: 251/625. Cls loss: 0.176. Reg loss: 2.068. Seg loss: 0.299. Total loss: 2.543
2023-05-12 01:36:21,765 INFO Step: 6600. Epoch: 11/50. Iteration: 351/625. Cls loss: 0.204. Reg loss: 2.322. Seg loss: 0.242. Total loss: 2.769
2023-05-12 01:38:10,290 INFO Step: 6700. Epoch: 11/50. Iteration: 451/625. Cls loss: 0.160. Reg loss: 2.221. Seg loss: 0.217. Total loss: 2.598
2023-05-12 01:39:57,695 INFO Step: 6800. Epoch: 11/50. Iteration: 551/625. Cls loss: 0.234. Reg loss: 2.999. Seg loss: 0.409. Total loss: 3.642
2023-05-12 01:41:16,122 INFO Epoch 12/50
2023-05-12 01:41:53,232 INFO Step: 6900. Epoch: 12/50. Iteration: 26/625. Cls loss: 0.206. Reg loss: 2.087. Seg loss: 0.288. Total loss: 2.581
2023-05-12 01:43:39,464 INFO Saved checkpoint to: logs/2023_0511_2308_07_bdd10k_repeat_base_one_class/checkpoints/hybridnets-d3_11_7000.pth
2023-05-12 01:43:40,395 INFO Step: 7000. Epoch: 12/50. Iteration: 126/625. Cls loss: 0.207. Reg loss: 2.343. Seg loss: 0.203. Total loss: 2.753
2023-05-12 01:45:28,691 INFO Step: 7100. Epoch: 12/50. Iteration: 226/625. Cls loss: 0.188. Reg loss: 1.744. Seg loss: 0.258. Total loss: 2.190
2023-05-12 01:47:15,940 INFO Step: 7200. Epoch: 12/50. Iteration: 326/625. Cls loss: 0.223. Reg loss: 2.823. Seg loss: 0.217. Total loss: 3.263
2023-05-12 01:49:04,157 INFO Step: 7300. Epoch: 12/50. Iteration: 426/625. Cls loss: 0.195. Reg loss: 2.415. Seg loss: 0.556. Total loss: 3.166
2023-05-12 01:50:51,419 INFO Step: 7400. Epoch: 12/50. Iteration: 526/625. Cls loss: 0.173. Reg loss: 2.485. Seg loss: 0.302. Total loss: 2.960
2023-05-12 01:52:36,629 INFO Saved checkpoint to: logs/2023_0511_2308_07_bdd10k_repeat_base_one_class/checkpoints/hybridnets-d3_11_7500.pth
2023-05-12 01:52:36,630 INFO Epoch 13/50
2023-05-12 01:52:46,879 INFO Step: 7500. Epoch: 13/50. Iteration: 1/625. Cls loss: 0.208. Reg loss: 2.471. Seg loss: 0.530. Total loss: 3.209
2023-05-12 01:54:32,571 INFO Step: 7600. Epoch: 13/50. Iteration: 101/625. Cls loss: 0.184. Reg loss: 1.911. Seg loss: 0.256. Total loss: 2.351
2023-05-12 01:56:19,466 INFO Step: 7700. Epoch: 13/50. Iteration: 201/625. Cls loss: 0.222. Reg loss: 3.145. Seg loss: 0.315. Total loss: 3.682
2023-05-12 01:58:09,509 INFO Step: 7800. Epoch: 13/50. Iteration: 301/625. Cls loss: 0.216. Reg loss: 2.074. Seg loss: 0.270. Total loss: 2.560
2023-05-12 01:59:55,146 INFO Step: 7900. Epoch: 13/50. Iteration: 401/625. Cls loss: 0.190. Reg loss: 2.568. Seg loss: 0.211. Total loss: 2.969
2023-05-12 02:01:33,872 INFO Saved checkpoint to: logs/2023_0511_2308_07_bdd10k_repeat_base_one_class/checkpoints/hybridnets-d3_12_8000.pth
2023-05-12 02:01:33,872 INFO Validating...
2023-05-12 02:11:36,850 INFO Val. Epoch: 13/50. Classification loss: 0.18602. Regression loss: 2.37315. Segmentation loss: 0.24690. Total loss: 2.80607
2023-05-12 02:11:37,955 INFO Step: 8000. Epoch: 13/50. Iteration: 501/625. Cls loss: 0.190. Reg loss: 1.938. Seg loss: 0.231. Total loss: 2.358
2023-05-12 02:13:10,226 INFO Step: 8100. Epoch: 13/50. Iteration: 601/625. Cls loss: 0.207. Reg loss: 3.028. Seg loss: 0.267. Total loss: 3.501
2023-05-12 02:13:34,636 INFO Epoch 14/50
2023-05-12 02:15:02,190 INFO Step: 8200. Epoch: 14/50. Iteration: 76/625. Cls loss: 0.204. Reg loss: 2.295. Seg loss: 0.215. Total loss: 2.714
2023-05-12 02:16:43,741 INFO Step: 8300. Epoch: 14/50. Iteration: 176/625. Cls loss: 0.174. Reg loss: 1.907. Seg loss: 0.227. Total loss: 2.307
2023-05-12 02:18:26,355 INFO Step: 8400. Epoch: 14/50. Iteration: 276/625. Cls loss: 0.207. Reg loss: 2.153. Seg loss: 0.203. Total loss: 2.563
2023-05-12 02:20:09,146 INFO Saved checkpoint to: logs/2023_0511_2308_07_bdd10k_repeat_base_one_class/checkpoints/hybridnets-d3_13_8500.pth
2023-05-12 02:20:10,080 INFO Step: 8500. Epoch: 14/50. Iteration: 376/625. Cls loss: 0.184. Reg loss: 2.257. Seg loss: 0.205. Total loss: 2.645
2023-05-12 02:21:47,809 INFO Step: 8600. Epoch: 14/50. Iteration: 476/625. Cls loss: 0.191. Reg loss: 2.473. Seg loss: 0.398. Total loss: 3.061
2023-05-12 02:23:34,407 INFO Step: 8700. Epoch: 14/50. Iteration: 576/625. Cls loss: 0.185. Reg loss: 2.365. Seg loss: 0.281. Total loss: 2.832
2023-05-12 02:24:25,582 INFO Epoch 15/50
2023-05-12 02:25:29,790 INFO Step: 8800. Epoch: 15/50. Iteration: 51/625. Cls loss: 0.175. Reg loss: 2.116. Seg loss: 0.263. Total loss: 2.554
2023-05-12 02:27:16,957 INFO Step: 8900. Epoch: 15/50. Iteration: 151/625. Cls loss: 0.189. Reg loss: 2.874. Seg loss: 0.193. Total loss: 3.257
2023-05-12 02:29:04,661 INFO LR updated: 9e-07
2023-05-12 02:29:04,819 INFO Saved checkpoint to: logs/2023_0511_2308_07_bdd10k_repeat_base_one_class/checkpoints/hybridnets-d3_14_9000.pth
2023-05-12 02:29:05,740 INFO Step: 9000. Epoch: 15/50. Iteration: 251/625. Cls loss: 0.199. Reg loss: 2.277. Seg loss: 0.165. Total loss: 2.640
2023-05-12 02:30:53,138 INFO Step: 9100. Epoch: 15/50. Iteration: 351/625. Cls loss: 0.211. Reg loss: 2.412. Seg loss: 0.228. Total loss: 2.850
2023-05-12 02:32:40,738 INFO Step: 9200. Epoch: 15/50. Iteration: 451/625. Cls loss: 0.191. Reg loss: 2.085. Seg loss: 0.280. Total loss: 2.556
2023-05-12 02:34:26,026 INFO Step: 9300. Epoch: 15/50. Iteration: 551/625. Cls loss: 0.187. Reg loss: 2.164. Seg loss: 0.275. Total loss: 2.626
2023-05-12 02:35:42,918 INFO Epoch 16/50
2023-05-12 02:36:19,426 INFO Step: 9400. Epoch: 16/50. Iteration: 26/625. Cls loss: 0.173. Reg loss: 1.676. Seg loss: 0.229. Total loss: 2.078
2023-05-12 02:38:05,028 INFO Saved checkpoint to: logs/2023_0511_2308_07_bdd10k_repeat_base_one_class/checkpoints/hybridnets-d3_15_9500.pth
2023-05-12 02:38:05,932 INFO Step: 9500. Epoch: 16/50. Iteration: 126/625. Cls loss: 0.182. Reg loss: 2.719. Seg loss: 0.188. Total loss: 3.089
2023-05-12 02:39:53,336 INFO Step: 9600. Epoch: 16/50. Iteration: 226/625. Cls loss: 0.182. Reg loss: 2.480. Seg loss: 0.292. Total loss: 2.955
2023-05-12 02:41:39,980 INFO Step: 9700. Epoch: 16/50. Iteration: 326/625. Cls loss: 0.202. Reg loss: 2.358. Seg loss: 0.156. Total loss: 2.716
2023-05-12 02:43:27,733 INFO Step: 9800. Epoch: 16/50. Iteration: 426/625. Cls loss: 0.188. Reg loss: 1.732. Seg loss: 0.169. Total loss: 2.088
2023-05-12 02:45:15,383 INFO Step: 9900. Epoch: 16/50. Iteration: 526/625. Cls loss: 0.176. Reg loss: 2.056. Seg loss: 0.269. Total loss: 2.501
2023-05-12 02:47:00,162 INFO Saved checkpoint to: logs/2023_0511_2308_07_bdd10k_repeat_base_one_class/checkpoints/hybridnets-d3_15_10000.pth
2023-05-12 02:47:00,163 INFO Validating...
2023-05-12 02:56:49,677 INFO Val. Epoch: 16/50. Classification loss: 0.18382. Regression loss: 2.34240. Segmentation loss: 0.21438. Total loss: 2.74060
2023-05-12 02:56:49,814 INFO Epoch 17/50
2023-05-12 02:57:00,218 INFO Step: 10000. Epoch: 17/50. Iteration: 1/625. Cls loss: 0.175. Reg loss: 1.945. Seg loss: 0.153. Total loss: 2.273
2023-05-12 02:58:49,189 INFO Step: 10100. Epoch: 17/50. Iteration: 101/625. Cls loss: 0.203. Reg loss: 2.039. Seg loss: 0.281. Total loss: 2.523
2023-05-12 03:00:32,144 INFO Step: 10200. Epoch: 17/50. Iteration: 201/625. Cls loss: 0.179. Reg loss: 2.219. Seg loss: 0.311. Total loss: 2.710
2023-05-12 03:02:15,538 INFO Step: 10300. Epoch: 17/50. Iteration: 301/625. Cls loss: 0.219. Reg loss: 2.591. Seg loss: 0.169. Total loss: 2.979
2023-05-12 03:03:55,924 INFO Step: 10400. Epoch: 17/50. Iteration: 401/625. Cls loss: 0.152. Reg loss: 1.410. Seg loss: 0.223. Total loss: 1.785
2023-05-12 03:05:36,435 INFO Saved checkpoint to: logs/2023_0511_2308_07_bdd10k_repeat_base_one_class/checkpoints/hybridnets-d3_16_10500.pth
2023-05-12 03:05:37,843 INFO Step: 10500. Epoch: 17/50. Iteration: 501/625. Cls loss: 0.170. Reg loss: 2.167. Seg loss: 0.193. Total loss: 2.530
2023-05-12 03:07:18,680 INFO Step: 10600. Epoch: 17/50. Iteration: 601/625. Cls loss: 0.206. Reg loss: 2.346. Seg loss: 0.253. Total loss: 2.805
2023-05-12 03:07:41,774 INFO Epoch 18/50
2023-05-12 03:09:05,449 INFO Step: 10700. Epoch: 18/50. Iteration: 76/625. Cls loss: 0.183. Reg loss: 1.448. Seg loss: 0.349. Total loss: 1.980
2023-05-12 03:10:52,925 INFO Step: 10800. Epoch: 18/50. Iteration: 176/625. Cls loss: 0.179. Reg loss: 1.948. Seg loss: 0.284. Total loss: 2.411
2023-05-12 03:12:44,193 INFO Step: 10900. Epoch: 18/50. Iteration: 276/625. Cls loss: 0.185. Reg loss: 2.231. Seg loss: 0.208. Total loss: 2.625
2023-05-12 03:14:30,406 INFO Saved checkpoint to: logs/2023_0511_2308_07_bdd10k_repeat_base_one_class/checkpoints/hybridnets-d3_17_11000.pth
2023-05-12 03:14:31,329 INFO Step: 11000. Epoch: 18/50. Iteration: 376/625. Cls loss: 0.179. Reg loss: 2.121. Seg loss: 0.144. Total loss: 2.444
2023-05-12 03:16:19,462 INFO Step: 11100. Epoch: 18/50. Iteration: 476/625. Cls loss: 0.167. Reg loss: 2.057. Seg loss: 0.208. Total loss: 2.432
2023-05-12 03:18:05,107 INFO Step: 11200. Epoch: 18/50. Iteration: 576/625. Cls loss: 0.188. Reg loss: 2.677. Seg loss: 0.220. Total loss: 3.085
2023-05-12 03:18:56,128 INFO Epoch 19/50
2023-05-12 03:20:00,108 INFO Step: 11300. Epoch: 19/50. Iteration: 51/625. Cls loss: 0.187. Reg loss: 1.789. Seg loss: 0.263. Total loss: 2.239
2023-05-12 03:21:45,385 INFO Step: 11400. Epoch: 19/50. Iteration: 151/625. Cls loss: 0.171. Reg loss: 1.780. Seg loss: 0.181. Total loss: 2.132
2023-05-12 03:23:31,761 INFO Saved checkpoint to: logs/2023_0511_2308_07_bdd10k_repeat_base_one_class/checkpoints/hybridnets-d3_18_11500.pth
2023-05-12 03:23:33,379 INFO Step: 11500. Epoch: 19/50. Iteration: 251/625. Cls loss: 0.188. Reg loss: 2.512. Seg loss: 0.174. Total loss: 2.874
2023-05-12 03:25:18,601 INFO Step: 11600. Epoch: 19/50. Iteration: 351/625. Cls loss: 0.196. Reg loss: 2.020. Seg loss: 0.184. Total loss: 2.399
2023-05-12 03:27:05,313 INFO Step: 11700. Epoch: 19/50. Iteration: 451/625. Cls loss: 0.201. Reg loss: 2.407. Seg loss: 0.186. Total loss: 2.794
2023-05-12 03:28:50,667 INFO Step: 11800. Epoch: 19/50. Iteration: 551/625. Cls loss: 0.153. Reg loss: 1.750. Seg loss: 0.172. Total loss: 2.075
2023-05-12 03:30:06,920 INFO Epoch 20/50
2023-05-12 03:30:42,744 INFO Step: 11900. Epoch: 20/50. Iteration: 26/625. Cls loss: 0.195. Reg loss: 2.527. Seg loss: 0.204. Total loss: 2.925
2023-05-12 03:32:27,376 INFO Saved checkpoint to: logs/2023_0511_2308_07_bdd10k_repeat_base_one_class/checkpoints/hybridnets-d3_19_12000.pth
2023-05-12 03:32:27,377 INFO Validating...
2023-05-12 03:42:23,597 INFO Val. Epoch: 20/50. Classification loss: 0.18223. Regression loss: 2.31516. Segmentation loss: 0.19217. Total loss: 2.68956
2023-05-12 03:42:24,650 INFO Step: 12000. Epoch: 20/50. Iteration: 126/625. Cls loss: 0.176. Reg loss: 2.231. Seg loss: 0.177. Total loss: 2.584
2023-05-12 03:44:00,136 INFO Step: 12100. Epoch: 20/50. Iteration: 226/625. Cls loss: 0.225. Reg loss: 2.915. Seg loss: 0.189. Total loss: 3.329
2023-05-12 03:45:48,369 INFO Step: 12200. Epoch: 20/50. Iteration: 326/625. Cls loss: 0.201. Reg loss: 2.727. Seg loss: 0.216. Total loss: 3.143
2023-05-12 03:47:38,431 INFO Step: 12300. Epoch: 20/50. Iteration: 426/625. Cls loss: 0.212. Reg loss: 2.209. Seg loss: 0.182. Total loss: 2.602
2023-05-12 03:49:22,277 INFO Step: 12400. Epoch: 20/50. Iteration: 526/625. Cls loss: 0.173. Reg loss: 2.339. Seg loss: 0.198. Total loss: 2.711
2023-05-12 03:51:03,565 INFO Saved checkpoint to: logs/2023_0511_2308_07_bdd10k_repeat_base_one_class/checkpoints/hybridnets-d3_19_12500.pth
2023-05-12 03:51:03,566 INFO Epoch 21/50
2023-05-12 03:51:13,249 INFO Step: 12500. Epoch: 21/50. Iteration: 1/625. Cls loss: 0.197. Reg loss: 1.742. Seg loss: 0.147. Total loss: 2.085
2023-05-12 03:52:57,012 INFO Step: 12600. Epoch: 21/50. Iteration: 101/625. Cls loss: 0.175. Reg loss: 2.183. Seg loss: 0.237. Total loss: 2.595
2023-05-12 03:54:40,596 INFO Step: 12700. Epoch: 21/50. Iteration: 201/625. Cls loss: 0.199. Reg loss: 2.370. Seg loss: 0.207. Total loss: 2.776
2023-05-12 03:56:25,366 INFO Step: 12800. Epoch: 21/50. Iteration: 301/625. Cls loss: 0.166. Reg loss: 2.008. Seg loss: 0.174. Total loss: 2.348
2023-05-12 03:58:09,998 INFO Step: 12900. Epoch: 21/50. Iteration: 401/625. Cls loss: 0.165. Reg loss: 1.966. Seg loss: 0.141. Total loss: 2.272
2023-05-12 03:59:55,078 INFO Saved checkpoint to: logs/2023_0511_2308_07_bdd10k_repeat_base_one_class/checkpoints/hybridnets-d3_20_13000.pth
2023-05-12 03:59:56,000 INFO Step: 13000. Epoch: 21/50. Iteration: 501/625. Cls loss: 0.202. Reg loss: 2.593. Seg loss: 0.196. Total loss: 2.990
2023-05-12 04:01:42,179 INFO Step: 13100. Epoch: 21/50. Iteration: 601/625. Cls loss: 0.203. Reg loss: 2.116. Seg loss: 0.196. Total loss: 2.514
2023-05-12 04:02:06,246 INFO Epoch 22/50
2023-05-12 04:03:35,294 INFO Step: 13200. Epoch: 22/50. Iteration: 76/625. Cls loss: 0.173. Reg loss: 2.105. Seg loss: 0.152. Total loss: 2.431
2023-05-12 04:05:22,403 INFO Step: 13300. Epoch: 22/50. Iteration: 176/625. Cls loss: 0.167. Reg loss: 1.652. Seg loss: 0.233. Total loss: 2.052
2023-05-12 04:07:09,040 INFO Step: 13400. Epoch: 22/50. Iteration: 276/625. Cls loss: 0.181. Reg loss: 2.448. Seg loss: 0.212. Total loss: 2.841
2023-05-12 04:08:57,018 INFO Saved checkpoint to: logs/2023_0511_2308_07_bdd10k_repeat_base_one_class/checkpoints/hybridnets-d3_21_13500.pth
2023-05-12 04:08:57,940 INFO Step: 13500. Epoch: 22/50. Iteration: 376/625. Cls loss: 0.205. Reg loss: 2.290. Seg loss: 0.133. Total loss: 2.628
2023-05-12 04:10:43,353 INFO Step: 13600. Epoch: 22/50. Iteration: 476/625. Cls loss: 0.176. Reg loss: 2.127. Seg loss: 0.214. Total loss: 2.517
2023-05-12 04:12:32,551 INFO Step: 13700. Epoch: 22/50. Iteration: 576/625. Cls loss: 0.177. Reg loss: 2.021. Seg loss: 0.189. Total loss: 2.388
2023-05-12 04:13:23,127 INFO Epoch 23/50
2023-05-12 04:14:25,911 INFO Step: 13800. Epoch: 23/50. Iteration: 51/625. Cls loss: 0.190. Reg loss: 2.407. Seg loss: 0.212. Total loss: 2.809
2023-05-12 04:16:11,612 INFO Step: 13900. Epoch: 23/50. Iteration: 151/625. Cls loss: 0.210. Reg loss: 2.275. Seg loss: 0.167. Total loss: 2.652
2023-05-12 04:17:56,506 INFO Saved checkpoint to: logs/2023_0511_2308_07_bdd10k_repeat_base_one_class/checkpoints/hybridnets-d3_22_14000.pth
2023-05-12 04:17:56,506 INFO Validating...
2023-05-12 04:27:55,862 INFO Val. Epoch: 23/50. Classification loss: 0.18139. Regression loss: 2.29928. Segmentation loss: 0.17718. Total loss: 2.65786
2023-05-12 04:27:56,956 INFO Step: 14000. Epoch: 23/50. Iteration: 251/625. Cls loss: 0.229. Reg loss: 2.644. Seg loss: 0.151. Total loss: 3.024
2023-05-12 04:29:31,691 INFO Step: 14100. Epoch: 23/50. Iteration: 351/625. Cls loss: 0.186. Reg loss: 2.280. Seg loss: 0.192. Total loss: 2.657
2023-05-12 04:31:19,785 INFO Step: 14200. Epoch: 23/50. Iteration: 451/625. Cls loss: 0.220. Reg loss: 2.149. Seg loss: 0.221. Total loss: 2.590
2023-05-12 04:33:06,311 INFO Step: 14300. Epoch: 23/50. Iteration: 551/625. Cls loss: 0.179. Reg loss: 2.279. Seg loss: 0.155. Total loss: 2.613
2023-05-12 04:34:24,550 INFO Epoch 24/50
2023-05-12 04:35:02,486 INFO Step: 14400. Epoch: 24/50. Iteration: 26/625. Cls loss: 0.174. Reg loss: 1.929. Seg loss: 0.151. Total loss: 2.255
2023-05-12 04:36:42,694 INFO Saved checkpoint to: logs/2023_0511_2308_07_bdd10k_repeat_base_one_class/checkpoints/hybridnets-d3_23_14500.pth
2023-05-12 04:36:43,622 INFO Step: 14500. Epoch: 24/50. Iteration: 126/625. Cls loss: 0.194. Reg loss: 2.240. Seg loss: 0.203. Total loss: 2.637
2023-05-12 04:38:26,281 INFO Step: 14600. Epoch: 24/50. Iteration: 226/625. Cls loss: 0.163. Reg loss: 1.540. Seg loss: 0.191. Total loss: 1.895
2023-05-12 04:40:08,397 INFO Step: 14700. Epoch: 24/50. Iteration: 326/625. Cls loss: 0.178. Reg loss: 1.892. Seg loss: 0.161. Total loss: 2.231
2023-05-12 04:41:50,978 INFO Step: 14800. Epoch: 24/50. Iteration: 426/625. Cls loss: 0.170. Reg loss: 2.251. Seg loss: 0.176. Total loss: 2.596
2023-05-12 04:43:33,700 INFO Step: 14900. Epoch: 24/50. Iteration: 526/625. Cls loss: 0.160. Reg loss: 1.983. Seg loss: 0.170. Total loss: 2.313
2023-05-12 04:45:10,184 INFO Saved checkpoint to: logs/2023_0511_2308_07_bdd10k_repeat_base_one_class/checkpoints/hybridnets-d3_23_15000.pth
2023-05-12 04:45:10,185 INFO Epoch 25/50
2023-05-12 04:45:20,504 INFO Step: 15000. Epoch: 25/50. Iteration: 1/625. Cls loss: 0.170. Reg loss: 2.011. Seg loss: 0.145. Total loss: 2.326
2023-05-12 04:47:06,157 INFO Step: 15100. Epoch: 25/50. Iteration: 101/625. Cls loss: 0.202. Reg loss: 2.346. Seg loss: 0.140. Total loss: 2.688
2023-05-12 04:48:54,766 INFO Step: 15200. Epoch: 25/50. Iteration: 201/625. Cls loss: 0.190. Reg loss: 1.928. Seg loss: 0.143. Total loss: 2.261
2023-05-12 04:50:43,680 INFO Step: 15300. Epoch: 25/50. Iteration: 301/625. Cls loss: 0.181. Reg loss: 2.060. Seg loss: 0.155. Total loss: 2.396
2023-05-12 04:52:30,532 INFO Step: 15400. Epoch: 25/50. Iteration: 401/625. Cls loss: 0.176. Reg loss: 1.764. Seg loss: 0.180. Total loss: 2.119
2023-05-12 04:54:15,218 INFO Saved checkpoint to: logs/2023_0511_2308_07_bdd10k_repeat_base_one_class/checkpoints/hybridnets-d3_24_15500.pth
2023-05-12 04:54:16,143 INFO Step: 15500. Epoch: 25/50. Iteration: 501/625. Cls loss: 0.215. Reg loss: 1.764. Seg loss: 0.227. Total loss: 2.206
2023-05-12 04:56:01,392 INFO Step: 15600. Epoch: 25/50. Iteration: 601/625. Cls loss: 0.166. Reg loss: 2.135. Seg loss: 0.161. Total loss: 2.461
2023-05-12 04:56:25,661 INFO Epoch 26/50
2023-05-12 04:57:55,450 INFO Step: 15700. Epoch: 26/50. Iteration: 76/625. Cls loss: 0.216. Reg loss: 2.442. Seg loss: 0.180. Total loss: 2.838
2023-05-12 04:59:43,393 INFO Step: 15800. Epoch: 26/50. Iteration: 176/625. Cls loss: 0.192. Reg loss: 2.759. Seg loss: 0.143. Total loss: 3.094
2023-05-12 05:01:32,161 INFO Step: 15900. Epoch: 26/50. Iteration: 276/625. Cls loss: 0.172. Reg loss: 1.736. Seg loss: 0.205. Total loss: 2.113
2023-05-12 05:03:14,134 INFO Saved checkpoint to: logs/2023_0511_2308_07_bdd10k_repeat_base_one_class/checkpoints/hybridnets-d3_25_16000.pth
2023-05-12 05:03:14,134 INFO Validating...
2023-05-12 05:13:08,251 INFO Val. Epoch: 26/50. Classification loss: 0.18025. Regression loss: 2.26834. Segmentation loss: 0.16744. Total loss: 2.61604
2023-05-12 05:13:09,319 INFO Step: 16000. Epoch: 26/50. Iteration: 376/625. Cls loss: 0.183. Reg loss: 2.611. Seg loss: 0.173. Total loss: 2.968
2023-05-12 05:14:45,465 INFO Step: 16100. Epoch: 26/50. Iteration: 476/625. Cls loss: 0.180. Reg loss: 2.415. Seg loss: 0.181. Total loss: 2.776
2023-05-12 05:16:33,465 INFO Step: 16200. Epoch: 26/50. Iteration: 576/625. Cls loss: 0.164. Reg loss: 2.003. Seg loss: 0.188. Total loss: 2.355
2023-05-12 05:17:24,104 INFO Epoch 27/50
2023-05-12 05:18:26,558 INFO Step: 16300. Epoch: 27/50. Iteration: 51/625. Cls loss: 0.188. Reg loss: 1.779. Seg loss: 0.169. Total loss: 2.136
2023-05-12 05:20:11,827 INFO Step: 16400. Epoch: 27/50. Iteration: 151/625. Cls loss: 0.186. Reg loss: 2.131. Seg loss: 0.194. Total loss: 2.511
2023-05-12 05:21:56,464 INFO Saved checkpoint to: logs/2023_0511_2308_07_bdd10k_repeat_base_one_class/checkpoints/hybridnets-d3_26_16500.pth
2023-05-12 05:21:59,521 INFO Step: 16500. Epoch: 27/50. Iteration: 251/625. Cls loss: 0.209. Reg loss: 1.905. Seg loss: 0.186. Total loss: 2.300
2023-05-12 05:23:45,559 INFO Step: 16600. Epoch: 27/50. Iteration: 351/625. Cls loss: 0.170. Reg loss: 1.839. Seg loss: 0.160. Total loss: 2.169
2023-05-12 05:25:30,495 INFO Step: 16700. Epoch: 27/50. Iteration: 451/625. Cls loss: 0.202. Reg loss: 1.946. Seg loss: 0.184. Total loss: 2.332
2023-05-12 05:27:11,734 INFO Step: 16800. Epoch: 27/50. Iteration: 551/625. Cls loss: 0.186. Reg loss: 2.042. Seg loss: 0.158. Total loss: 2.386
2023-05-12 05:28:26,842 INFO Epoch 28/50
2023-05-12 05:29:01,599 INFO Step: 16900. Epoch: 28/50. Iteration: 26/625. Cls loss: 0.182. Reg loss: 2.131. Seg loss: 0.183. Total loss: 2.496
2023-05-12 05:30:44,066 INFO Saved checkpoint to: logs/2023_0511_2308_07_bdd10k_repeat_base_one_class/checkpoints/hybridnets-d3_27_17000.pth
2023-05-12 05:30:44,991 INFO Step: 17000. Epoch: 28/50. Iteration: 126/625. Cls loss: 0.184. Reg loss: 1.725. Seg loss: 0.129. Total loss: 2.039
2023-05-12 05:32:23,349 INFO Step: 17100. Epoch: 28/50. Iteration: 226/625. Cls loss: 0.176. Reg loss: 2.070. Seg loss: 0.146. Total loss: 2.392
2023-05-12 05:34:10,312 INFO Step: 17200. Epoch: 28/50. Iteration: 326/625. Cls loss: 0.185. Reg loss: 2.061. Seg loss: 0.170. Total loss: 2.416
2023-05-12 05:35:57,849 INFO Step: 17300. Epoch: 28/50. Iteration: 426/625. Cls loss: 0.225. Reg loss: 2.319. Seg loss: 0.150. Total loss: 2.694
2023-05-12 05:37:45,016 INFO Step: 17400. Epoch: 28/50. Iteration: 526/625. Cls loss: 0.165. Reg loss: 2.092. Seg loss: 0.156. Total loss: 2.412
2023-05-12 05:39:29,253 INFO Saved checkpoint to: logs/2023_0511_2308_07_bdd10k_repeat_base_one_class/checkpoints/hybridnets-d3_27_17500.pth
2023-05-12 05:39:29,254 INFO Epoch 29/50
2023-05-12 05:39:39,177 INFO Step: 17500. Epoch: 29/50. Iteration: 1/625. Cls loss: 0.192. Reg loss: 1.984. Seg loss: 0.164. Total loss: 2.339
2023-05-12 05:41:25,561 INFO Step: 17600. Epoch: 29/50. Iteration: 101/625. Cls loss: 0.161. Reg loss: 1.485. Seg loss: 0.209. Total loss: 1.855
2023-05-12 05:43:12,560 INFO Step: 17700. Epoch: 29/50. Iteration: 201/625. Cls loss: 0.178. Reg loss: 2.460. Seg loss: 0.160. Total loss: 2.798
2023-05-12 05:44:58,451 INFO Step: 17800. Epoch: 29/50. Iteration: 301/625. Cls loss: 0.182. Reg loss: 2.205. Seg loss: 0.235. Total loss: 2.623
2023-05-12 05:46:42,962 INFO Step: 17900. Epoch: 29/50. Iteration: 401/625. Cls loss: 0.184. Reg loss: 2.266. Seg loss: 0.135. Total loss: 2.585
2023-05-12 05:48:26,710 INFO LR updated: 8.1e-07
2023-05-12 05:48:26,937 INFO Saved checkpoint to: logs/2023_0511_2308_07_bdd10k_repeat_base_one_class/checkpoints/hybridnets-d3_28_18000.pth
2023-05-12 05:48:26,937 INFO Validating...
2023-05-12 05:58:21,198 INFO Val. Epoch: 29/50. Classification loss: 0.17956. Regression loss: 2.25066. Segmentation loss: 0.15859. Total loss: 2.58881
2023-05-12 05:58:22,112 INFO Step: 18000. Epoch: 29/50. Iteration: 501/625. Cls loss: 0.163. Reg loss: 2.079. Seg loss: 0.132. Total loss: 2.373
2023-05-12 05:59:57,175 INFO Step: 18100. Epoch: 29/50. Iteration: 601/625. Cls loss: 0.163. Reg loss: 1.815. Seg loss: 0.164. Total loss: 2.141
2023-05-12 06:00:21,309 INFO Epoch 30/50
2023-05-12 06:01:51,306 INFO Step: 18200. Epoch: 30/50. Iteration: 76/625. Cls loss: 0.160. Reg loss: 1.752. Seg loss: 0.141. Total loss: 2.053
2023-05-12 06:03:36,071 INFO Step: 18300. Epoch: 30/50. Iteration: 176/625. Cls loss: 0.204. Reg loss: 2.508. Seg loss: 0.137. Total loss: 2.848
2023-05-12 06:05:22,908 INFO Step: 18400. Epoch: 30/50. Iteration: 276/625. Cls loss: 0.151. Reg loss: 1.698. Seg loss: 0.124. Total loss: 1.972
2023-05-12 06:07:10,211 INFO Saved checkpoint to: logs/2023_0511_2308_07_bdd10k_repeat_base_one_class/checkpoints/hybridnets-d3_29_18500.pth
2023-05-12 06:07:11,134 INFO Step: 18500. Epoch: 30/50. Iteration: 376/625. Cls loss: 0.184. Reg loss: 1.922. Seg loss: 0.159. Total loss: 2.265
2023-05-12 06:08:55,910 INFO Step: 18600. Epoch: 30/50. Iteration: 476/625. Cls loss: 0.174. Reg loss: 2.230. Seg loss: 0.222. Total loss: 2.627
2023-05-12 06:10:42,305 INFO Step: 18700. Epoch: 30/50. Iteration: 576/625. Cls loss: 0.219. Reg loss: 2.527. Seg loss: 0.169. Total loss: 2.914
2023-05-12 06:11:30,802 INFO Epoch 31/50
2023-05-12 06:12:28,779 INFO Step: 18800. Epoch: 31/50. Iteration: 51/625. Cls loss: 0.222. Reg loss: 3.238. Seg loss: 0.154. Total loss: 3.614
2023-05-12 06:14:12,910 INFO Step: 18900. Epoch: 31/50. Iteration: 151/625. Cls loss: 0.174. Reg loss: 2.581. Seg loss: 0.130. Total loss: 2.885
2023-05-12 06:15:52,570 INFO Saved checkpoint to: logs/2023_0511_2308_07_bdd10k_repeat_base_one_class/checkpoints/hybridnets-d3_30_19000.pth
2023-05-12 06:15:55,463 INFO Step: 19000. Epoch: 31/50. Iteration: 251/625. Cls loss: 0.180. Reg loss: 2.009. Seg loss: 0.216. Total loss: 2.405
2023-05-12 06:17:35,031 INFO Step: 19100. Epoch: 31/50. Iteration: 351/625. Cls loss: 0.178. Reg loss: 1.945. Seg loss: 0.129. Total loss: 2.252
2023-05-12 06:19:18,996 INFO Step: 19200. Epoch: 31/50. Iteration: 451/625. Cls loss: 0.203. Reg loss: 2.061. Seg loss: 0.123. Total loss: 2.386
2023-05-12 06:20:55,430 INFO Step: 19300. Epoch: 31/50. Iteration: 551/625. Cls loss: 0.182. Reg loss: 2.233. Seg loss: 0.164. Total loss: 2.580
2023-05-12 06:22:10,242 INFO Epoch 32/50
2023-05-12 06:22:45,167 INFO Step: 19400. Epoch: 32/50. Iteration: 26/625. Cls loss: 0.158. Reg loss: 2.008. Seg loss: 0.174. Total loss: 2.340
2023-05-12 06:24:28,625 INFO Saved checkpoint to: logs/2023_0511_2308_07_bdd10k_repeat_base_one_class/checkpoints/hybridnets-d3_31_19500.pth
2023-05-12 06:24:28,937 INFO Step: 19500. Epoch: 32/50. Iteration: 126/625. Cls loss: 0.180. Reg loss: 1.768. Seg loss: 0.131. Total loss: 2.079
2023-05-12 06:26:13,323 INFO Step: 19600. Epoch: 32/50. Iteration: 226/625. Cls loss: 0.200. Reg loss: 2.551. Seg loss: 0.159. Total loss: 2.911
2023-05-12 06:28:00,089 INFO Step: 19700. Epoch: 32/50. Iteration: 326/625. Cls loss: 0.203. Reg loss: 2.767. Seg loss: 0.197. Total loss: 3.167
2023-05-12 06:29:41,554 INFO Step: 19800. Epoch: 32/50. Iteration: 426/625. Cls loss: 0.184. Reg loss: 1.990. Seg loss: 0.167. Total loss: 2.340
2023-05-12 06:31:28,041 INFO Step: 19900. Epoch: 32/50. Iteration: 526/625. Cls loss: 0.174. Reg loss: 1.855. Seg loss: 0.153. Total loss: 2.182
2023-05-12 06:33:04,820 INFO Saved checkpoint to: logs/2023_0511_2308_07_bdd10k_repeat_base_one_class/checkpoints/hybridnets-d3_31_20000.pth
2023-05-12 06:33:04,821 INFO Validating...
2023-05-12 06:42:38,122 INFO Val. Epoch: 32/50. Classification loss: 0.17888. Regression loss: 2.23007. Segmentation loss: 0.15250. Total loss: 2.56145
2023-05-12 06:42:38,290 INFO Epoch 33/50
2023-05-12 06:42:47,955 INFO Step: 20000. Epoch: 33/50. Iteration: 1/625. Cls loss: 0.168. Reg loss: 1.676. Seg loss: 0.147. Total loss: 1.991
2023-05-12 06:44:30,486 INFO Step: 20100. Epoch: 33/50. Iteration: 101/625. Cls loss: 0.188. Reg loss: 2.106. Seg loss: 0.144. Total loss: 2.438
2023-05-12 06:46:15,018 INFO Step: 20200. Epoch: 33/50. Iteration: 201/625. Cls loss: 0.204. Reg loss: 2.147. Seg loss: 0.144. Total loss: 2.494
2023-05-12 06:48:01,659 INFO Step: 20300. Epoch: 33/50. Iteration: 301/625. Cls loss: 0.195. Reg loss: 2.012. Seg loss: 0.184. Total loss: 2.391
2023-05-12 06:49:46,638 INFO Step: 20400. Epoch: 33/50. Iteration: 401/625. Cls loss: 0.218. Reg loss: 2.507. Seg loss: 0.194. Total loss: 2.919
2023-05-12 06:51:29,317 INFO Saved checkpoint to: logs/2023_0511_2308_07_bdd10k_repeat_base_one_class/checkpoints/hybridnets-d3_32_20500.pth
2023-05-12 06:51:31,526 INFO Step: 20500. Epoch: 33/50. Iteration: 501/625. Cls loss: 0.264. Reg loss: 2.503. Seg loss: 0.207. Total loss: 2.974
2023-05-12 06:53:14,855 INFO Step: 20600. Epoch: 33/50. Iteration: 601/625. Cls loss: 0.174. Reg loss: 2.085. Seg loss: 0.168. Total loss: 2.428
2023-05-12 06:53:35,433 INFO Epoch 34/50
2023-05-12 06:55:01,255 INFO Step: 20700. Epoch: 34/50. Iteration: 76/625. Cls loss: 0.190. Reg loss: 2.411. Seg loss: 0.159. Total loss: 2.760
2023-05-12 06:56:44,844 INFO Step: 20800. Epoch: 34/50. Iteration: 176/625. Cls loss: 0.170. Reg loss: 1.919. Seg loss: 0.192. Total loss: 2.281
2023-05-12 06:58:30,042 INFO Step: 20900. Epoch: 34/50. Iteration: 276/625. Cls loss: 0.195. Reg loss: 2.402. Seg loss: 0.135. Total loss: 2.732
2023-05-12 07:00:08,269 INFO Saved checkpoint to: logs/2023_0511_2308_07_bdd10k_repeat_base_one_class/checkpoints/hybridnets-d3_33_21000.pth
2023-05-12 07:00:08,578 INFO Step: 21000. Epoch: 34/50. Iteration: 376/625. Cls loss: 0.159. Reg loss: 1.830. Seg loss: 0.170. Total loss: 2.159
2023-05-12 07:01:50,174 INFO Step: 21100. Epoch: 34/50. Iteration: 476/625. Cls loss: 0.161. Reg loss: 1.872. Seg loss: 0.133. Total loss: 2.166
2023-05-12 07:03:25,684 INFO Step: 21200. Epoch: 34/50. Iteration: 576/625. Cls loss: 0.206. Reg loss: 3.099. Seg loss: 0.178. Total loss: 3.483
2023-05-12 07:04:10,469 INFO Epoch 35/50
2023-05-12 07:05:09,369 INFO Step: 21300. Epoch: 35/50. Iteration: 51/625. Cls loss: 0.205. Reg loss: 2.341. Seg loss: 0.176. Total loss: 2.722
2023-05-12 07:06:44,881 INFO Step: 21400. Epoch: 35/50. Iteration: 151/625. Cls loss: 0.191. Reg loss: 2.436. Seg loss: 0.179. Total loss: 2.806
2023-05-12 07:08:27,487 INFO Saved checkpoint to: logs/2023_0511_2308_07_bdd10k_repeat_base_one_class/checkpoints/hybridnets-d3_34_21500.pth
2023-05-12 07:08:33,464 INFO Step: 21500. Epoch: 35/50. Iteration: 251/625. Cls loss: 0.200. Reg loss: 1.781. Seg loss: 0.176. Total loss: 2.157
2023-05-12 07:10:15,938 INFO Step: 21600. Epoch: 35/50. Iteration: 351/625. Cls loss: 0.182. Reg loss: 2.192. Seg loss: 0.162. Total loss: 2.536
2023-05-12 07:12:03,822 INFO Step: 21700. Epoch: 35/50. Iteration: 451/625. Cls loss: 0.184. Reg loss: 1.897. Seg loss: 0.180. Total loss: 2.261
2023-05-12 07:13:47,068 INFO Step: 21800. Epoch: 35/50. Iteration: 551/625. Cls loss: 0.197. Reg loss: 2.034. Seg loss: 0.191. Total loss: 2.422
2023-05-12 07:14:59,164 INFO Epoch 36/50
2023-05-12 07:15:34,609 INFO Step: 21900. Epoch: 36/50. Iteration: 26/625. Cls loss: 0.149. Reg loss: 2.210. Seg loss: 0.154. Total loss: 2.513
2023-05-12 07:17:17,581 INFO Saved checkpoint to: logs/2023_0511_2308_07_bdd10k_repeat_base_one_class/checkpoints/hybridnets-d3_35_22000.pth
2023-05-12 07:17:17,581 INFO Validating...
2023-05-12 07:26:58,927 INFO Val. Epoch: 36/50. Classification loss: 0.17822. Regression loss: 2.21337. Segmentation loss: 0.14665. Total loss: 2.53824
2023-05-12 07:26:59,408 INFO Step: 22000. Epoch: 36/50. Iteration: 126/625. Cls loss: 0.230. Reg loss: 2.254. Seg loss: 0.121. Total loss: 2.604
2023-05-12 07:28:31,787 INFO Step: 22100. Epoch: 36/50. Iteration: 226/625. Cls loss: 0.216. Reg loss: 2.559. Seg loss: 0.107. Total loss: 2.882
2023-05-12 07:30:13,508 INFO Step: 22200. Epoch: 36/50. Iteration: 326/625. Cls loss: 0.188. Reg loss: 2.225. Seg loss: 0.157. Total loss: 2.570
2023-05-12 07:32:01,014 INFO Step: 22300. Epoch: 36/50. Iteration: 426/625. Cls loss: 0.203. Reg loss: 2.367. Seg loss: 0.187. Total loss: 2.758
2023-05-12 07:33:43,660 INFO Step: 22400. Epoch: 36/50. Iteration: 526/625. Cls loss: 0.187. Reg loss: 2.087. Seg loss: 0.114. Total loss: 2.388
2023-05-12 07:35:25,635 INFO Saved checkpoint to: logs/2023_0511_2308_07_bdd10k_repeat_base_one_class/checkpoints/hybridnets-d3_35_22500.pth
2023-05-12 07:35:25,636 INFO Epoch 37/50
2023-05-12 07:35:35,194 INFO Step: 22500. Epoch: 37/50. Iteration: 1/625. Cls loss: 0.184. Reg loss: 2.203. Seg loss: 0.158. Total loss: 2.545
2023-05-12 07:37:18,358 INFO Step: 22600. Epoch: 37/50. Iteration: 101/625. Cls loss: 0.209. Reg loss: 2.128. Seg loss: 0.150. Total loss: 2.487
2023-05-12 07:39:04,758 INFO Step: 22700. Epoch: 37/50. Iteration: 201/625. Cls loss: 0.201. Reg loss: 2.271. Seg loss: 0.142. Total loss: 2.613
2023-05-12 07:40:49,281 INFO Step: 22800. Epoch: 37/50. Iteration: 301/625. Cls loss: 0.184. Reg loss: 2.189. Seg loss: 0.119. Total loss: 2.491
2023-05-12 07:42:35,576 INFO Step: 22900. Epoch: 37/50. Iteration: 401/625. Cls loss: 0.155. Reg loss: 1.422. Seg loss: 0.170. Total loss: 1.746
2023-05-12 07:44:21,483 INFO Saved checkpoint to: logs/2023_0511_2308_07_bdd10k_repeat_base_one_class/checkpoints/hybridnets-d3_36_23000.pth
2023-05-12 07:44:21,790 INFO Step: 23000. Epoch: 37/50. Iteration: 501/625. Cls loss: 0.199. Reg loss: 2.171. Seg loss: 0.154. Total loss: 2.524
2023-05-12 07:46:01,973 INFO Step: 23100. Epoch: 37/50. Iteration: 601/625. Cls loss: 0.195. Reg loss: 2.064. Seg loss: 0.138. Total loss: 2.396
2023-05-12 07:46:22,718 INFO Epoch 38/50
2023-05-12 07:47:46,844 INFO Step: 23200. Epoch: 38/50. Iteration: 76/625. Cls loss: 0.186. Reg loss: 2.116. Seg loss: 0.136. Total loss: 2.437
2023-05-12 07:49:25,078 INFO Step: 23300. Epoch: 38/50. Iteration: 176/625. Cls loss: 0.145. Reg loss: 1.696. Seg loss: 0.132. Total loss: 1.973
2023-05-12 07:51:07,695 INFO Step: 23400. Epoch: 38/50. Iteration: 276/625. Cls loss: 0.178. Reg loss: 2.058. Seg loss: 0.119. Total loss: 2.355
2023-05-12 07:52:45,237 INFO Saved checkpoint to: logs/2023_0511_2308_07_bdd10k_repeat_base_one_class/checkpoints/hybridnets-d3_37_23500.pth
2023-05-12 07:52:45,537 INFO Step: 23500. Epoch: 38/50. Iteration: 376/625. Cls loss: 0.166. Reg loss: 1.851. Seg loss: 0.128. Total loss: 2.145
2023-05-12 07:54:27,157 INFO Step: 23600. Epoch: 38/50. Iteration: 476/625. Cls loss: 0.181. Reg loss: 2.101. Seg loss: 0.139. Total loss: 2.421
2023-05-12 07:56:11,122 INFO Step: 23700. Epoch: 38/50. Iteration: 576/625. Cls loss: 0.181. Reg loss: 1.760. Seg loss: 0.160. Total loss: 2.101
2023-05-12 07:57:00,607 INFO Epoch 39/50
2023-05-12 07:58:01,294 INFO Step: 23800. Epoch: 39/50. Iteration: 51/625. Cls loss: 0.214. Reg loss: 2.213. Seg loss: 0.137. Total loss: 2.563
2023-05-12 07:59:44,935 INFO Step: 23900. Epoch: 39/50. Iteration: 151/625. Cls loss: 0.153. Reg loss: 1.862. Seg loss: 0.154. Total loss: 2.169
2023-05-12 08:01:30,923 INFO Saved checkpoint to: logs/2023_0511_2308_07_bdd10k_repeat_base_one_class/checkpoints/hybridnets-d3_38_24000.pth
2023-05-12 08:01:30,924 INFO Validating...
2023-05-12 08:11:08,780 INFO Val. Epoch: 39/50. Classification loss: 0.17807. Regression loss: 2.20373. Segmentation loss: 0.14213. Total loss: 2.52393
2023-05-12 08:11:09,205 INFO Step: 24000. Epoch: 39/50. Iteration: 251/625. Cls loss: 0.179. Reg loss: 1.750. Seg loss: 0.157. Total loss: 2.086
2023-05-12 08:12:43,005 INFO Step: 24100. Epoch: 39/50. Iteration: 351/625. Cls loss: 0.177. Reg loss: 1.792. Seg loss: 0.135. Total loss: 2.104
2023-05-12 08:14:24,465 INFO Step: 24200. Epoch: 39/50. Iteration: 451/625. Cls loss: 0.209. Reg loss: 2.994. Seg loss: 0.190. Total loss: 3.393
2023-05-12 08:16:14,005 INFO Step: 24300. Epoch: 39/50. Iteration: 551/625. Cls loss: 0.203. Reg loss: 1.849. Seg loss: 0.154. Total loss: 2.206
2023-05-12 08:17:26,295 INFO Epoch 40/50
2023-05-12 08:18:02,126 INFO Step: 24400. Epoch: 40/50. Iteration: 26/625. Cls loss: 0.178. Reg loss: 2.158. Seg loss: 0.128. Total loss: 2.463
2023-05-12 08:19:46,332 INFO Saved checkpoint to: logs/2023_0511_2308_07_bdd10k_repeat_base_one_class/checkpoints/hybridnets-d3_39_24500.pth
2023-05-12 08:19:46,643 INFO Step: 24500. Epoch: 40/50. Iteration: 126/625. Cls loss: 0.189. Reg loss: 2.121. Seg loss: 0.120. Total loss: 2.430
2023-05-12 08:21:34,521 INFO Step: 24600. Epoch: 40/50. Iteration: 226/625. Cls loss: 0.174. Reg loss: 2.582. Seg loss: 0.119. Total loss: 2.875
2023-05-12 08:23:16,895 INFO Step: 24700. Epoch: 40/50. Iteration: 326/625. Cls loss: 0.181. Reg loss: 1.823. Seg loss: 0.149. Total loss: 2.153
2023-05-12 08:25:07,634 INFO Step: 24800. Epoch: 40/50. Iteration: 426/625. Cls loss: 0.186. Reg loss: 2.285. Seg loss: 0.132. Total loss: 2.603
2023-05-12 08:26:50,513 INFO Step: 24900. Epoch: 40/50. Iteration: 526/625. Cls loss: 0.191. Reg loss: 1.904. Seg loss: 0.183. Total loss: 2.278
2023-05-12 08:28:33,890 INFO Saved checkpoint to: logs/2023_0511_2308_07_bdd10k_repeat_base_one_class/checkpoints/hybridnets-d3_39_25000.pth
2023-05-12 08:28:33,892 INFO Epoch 41/50
2023-05-12 08:28:43,348 INFO Step: 25000. Epoch: 41/50. Iteration: 1/625. Cls loss: 0.222. Reg loss: 1.934. Seg loss: 0.202. Total loss: 2.357
2023-05-12 08:30:25,955 INFO Step: 25100. Epoch: 41/50. Iteration: 101/625. Cls loss: 0.170. Reg loss: 2.171. Seg loss: 0.145. Total loss: 2.486
2023-05-12 08:32:10,127 INFO Step: 25200. Epoch: 41/50. Iteration: 201/625. Cls loss: 0.170. Reg loss: 2.084. Seg loss: 0.162. Total loss: 2.416
2023-05-12 08:33:55,318 INFO Step: 25300. Epoch: 41/50. Iteration: 301/625. Cls loss: 0.190. Reg loss: 1.818. Seg loss: 0.143. Total loss: 2.151
2023-05-12 08:35:32,461 INFO Step: 25400. Epoch: 41/50. Iteration: 401/625. Cls loss: 0.182. Reg loss: 1.893. Seg loss: 0.129. Total loss: 2.205
2023-05-12 08:37:16,848 INFO Saved checkpoint to: logs/2023_0511_2308_07_bdd10k_repeat_base_one_class/checkpoints/hybridnets-d3_40_25500.pth
2023-05-12 08:37:17,155 INFO Step: 25500. Epoch: 41/50. Iteration: 501/625. Cls loss: 0.169. Reg loss: 1.415. Seg loss: 0.161. Total loss: 1.745
2023-05-12 08:38:55,624 INFO Step: 25600. Epoch: 41/50. Iteration: 601/625. Cls loss: 0.165. Reg loss: 1.925. Seg loss: 0.150. Total loss: 2.239
2023-05-12 08:39:15,551 INFO Epoch 42/50
2023-05-12 08:40:36,287 INFO Step: 25700. Epoch: 42/50. Iteration: 76/625. Cls loss: 0.183. Reg loss: 2.359. Seg loss: 0.148. Total loss: 2.690
2023-05-12 08:42:20,778 INFO Step: 25800. Epoch: 42/50. Iteration: 176/625. Cls loss: 0.187. Reg loss: 1.827. Seg loss: 0.114. Total loss: 2.128
2023-05-12 08:44:09,081 INFO Step: 25900. Epoch: 42/50. Iteration: 276/625. Cls loss: 0.210. Reg loss: 2.318. Seg loss: 0.164. Total loss: 2.692
2023-05-12 08:45:50,885 INFO Saved checkpoint to: logs/2023_0511_2308_07_bdd10k_repeat_base_one_class/checkpoints/hybridnets-d3_41_26000.pth
2023-05-12 08:45:50,885 INFO Validating...
2023-05-12 08:55:30,644 INFO Val. Epoch: 42/50. Classification loss: 0.17818. Regression loss: 2.20526. Segmentation loss: 0.13870. Total loss: 2.52215
2023-05-12 08:55:31,128 INFO Step: 26000. Epoch: 42/50. Iteration: 376/625. Cls loss: 0.183. Reg loss: 1.820. Seg loss: 0.153. Total loss: 2.156
2023-05-12 08:57:03,855 INFO Step: 26100. Epoch: 42/50. Iteration: 476/625. Cls loss: 0.175. Reg loss: 1.923. Seg loss: 0.153. Total loss: 2.251
2023-05-12 08:58:45,166 INFO Step: 26200. Epoch: 42/50. Iteration: 576/625. Cls loss: 0.180. Reg loss: 1.885. Seg loss: 0.127. Total loss: 2.192
2023-05-12 08:59:33,747 INFO Epoch 43/50
2023-05-12 09:00:33,803 INFO Step: 26300. Epoch: 43/50. Iteration: 51/625. Cls loss: 0.175. Reg loss: 2.065. Seg loss: 0.108. Total loss: 2.349
2023-05-12 09:02:16,338 INFO Step: 26400. Epoch: 43/50. Iteration: 151/625. Cls loss: 0.193. Reg loss: 1.943. Seg loss: 0.129. Total loss: 2.265
2023-05-12 09:04:02,116 INFO Saved checkpoint to: logs/2023_0511_2308_07_bdd10k_repeat_base_one_class/checkpoints/hybridnets-d3_42_26500.pth
2023-05-12 09:04:02,429 INFO Step: 26500. Epoch: 43/50. Iteration: 251/625. Cls loss: 0.190. Reg loss: 2.020. Seg loss: 0.134. Total loss: 2.344
2023-05-12 09:05:46,629 INFO Step: 26600. Epoch: 43/50. Iteration: 351/625. Cls loss: 0.153. Reg loss: 1.658. Seg loss: 0.114. Total loss: 1.925
2023-05-12 09:07:30,831 INFO Step: 26700. Epoch: 43/50. Iteration: 451/625. Cls loss: 0.185. Reg loss: 2.039. Seg loss: 0.157. Total loss: 2.381
2023-05-12 09:09:16,617 INFO Step: 26800. Epoch: 43/50. Iteration: 551/625. Cls loss: 0.177. Reg loss: 2.071. Seg loss: 0.142. Total loss: 2.390
2023-05-12 09:10:31,246 INFO Epoch 44/50
2023-05-12 09:11:05,389 INFO Step: 26900. Epoch: 44/50. Iteration: 26/625. Cls loss: 0.187. Reg loss: 2.430. Seg loss: 0.135. Total loss: 2.752
2023-05-12 09:12:47,639 INFO LR updated: 7.29e-07
2023-05-12 09:12:47,799 INFO Saved checkpoint to: logs/2023_0511_2308_07_bdd10k_repeat_base_one_class/checkpoints/hybridnets-d3_43_27000.pth
2023-05-12 09:12:48,109 INFO Step: 27000. Epoch: 44/50. Iteration: 126/625. Cls loss: 0.220. Reg loss: 1.937. Seg loss: 0.163. Total loss: 2.321
2023-05-12 09:14:33,520 INFO Step: 27100. Epoch: 44/50. Iteration: 226/625. Cls loss: 0.179. Reg loss: 2.409. Seg loss: 0.154. Total loss: 2.742
2023-05-12 09:16:16,424 INFO Step: 27200. Epoch: 44/50. Iteration: 326/625. Cls loss: 0.157. Reg loss: 1.755. Seg loss: 0.127. Total loss: 2.038
2023-05-12 09:18:02,100 INFO Step: 27300. Epoch: 44/50. Iteration: 426/625. Cls loss: 0.187. Reg loss: 2.374. Seg loss: 0.138. Total loss: 2.699
2023-05-12 09:19:42,324 INFO Step: 27400. Epoch: 44/50. Iteration: 526/625. Cls loss: 0.188. Reg loss: 1.702. Seg loss: 0.159. Total loss: 2.049
2023-05-12 09:21:16,249 INFO Saved checkpoint to: logs/2023_0511_2308_07_bdd10k_repeat_base_one_class/checkpoints/hybridnets-d3_43_27500.pth
2023-05-12 09:21:16,250 INFO Epoch 45/50
2023-05-12 09:21:25,016 INFO Step: 27500. Epoch: 45/50. Iteration: 1/625. Cls loss: 0.179. Reg loss: 2.318. Seg loss: 0.114. Total loss: 2.610
2023-05-12 09:23:04,082 INFO Step: 27600. Epoch: 45/50. Iteration: 101/625. Cls loss: 0.182. Reg loss: 1.817. Seg loss: 0.139. Total loss: 2.138
2023-05-12 09:24:43,513 INFO Step: 27700. Epoch: 45/50. Iteration: 201/625. Cls loss: 0.177. Reg loss: 1.748. Seg loss: 0.136. Total loss: 2.061
2023-05-12 09:26:24,740 INFO Step: 27800. Epoch: 45/50. Iteration: 301/625. Cls loss: 0.204. Reg loss: 2.297. Seg loss: 0.124. Total loss: 2.625
2023-05-12 09:27:58,203 INFO Step: 27900. Epoch: 45/50. Iteration: 401/625. Cls loss: 0.185. Reg loss: 1.372. Seg loss: 0.127. Total loss: 1.685
2023-05-12 09:29:44,948 INFO Saved checkpoint to: logs/2023_0511_2308_07_bdd10k_repeat_base_one_class/checkpoints/hybridnets-d3_44_28000.pth
2023-05-12 09:29:44,949 INFO Validating...
2023-05-12 09:39:22,956 INFO Val. Epoch: 45/50. Classification loss: 0.17776. Regression loss: 2.19371. Segmentation loss: 0.13566. Total loss: 2.50713
2023-05-12 09:39:23,441 INFO Step: 28000. Epoch: 45/50. Iteration: 501/625. Cls loss: 0.167. Reg loss: 1.843. Seg loss: 0.131. Total loss: 2.141
2023-05-12 09:40:55,906 INFO Step: 28100. Epoch: 45/50. Iteration: 601/625. Cls loss: 0.217. Reg loss: 2.519. Seg loss: 0.166. Total loss: 2.903
2023-05-12 09:41:18,565 INFO Epoch 46/50
2023-05-12 09:42:45,740 INFO Step: 28200. Epoch: 46/50. Iteration: 76/625. Cls loss: 0.174. Reg loss: 2.105. Seg loss: 0.152. Total loss: 2.431
2023-05-12 09:44:28,796 INFO Step: 28300. Epoch: 46/50. Iteration: 176/625. Cls loss: 0.178. Reg loss: 2.028. Seg loss: 0.104. Total loss: 2.310
2023-05-12 09:46:16,852 INFO Step: 28400. Epoch: 46/50. Iteration: 276/625. Cls loss: 0.197. Reg loss: 2.415. Seg loss: 0.109. Total loss: 2.721
2023-05-12 09:47:58,613 INFO Saved checkpoint to: logs/2023_0511_2308_07_bdd10k_repeat_base_one_class/checkpoints/hybridnets-d3_45_28500.pth
2023-05-12 09:47:58,923 INFO Step: 28500. Epoch: 46/50. Iteration: 376/625. Cls loss: 0.181. Reg loss: 1.537. Seg loss: 0.138. Total loss: 1.857
2023-05-12 09:49:43,613 INFO Step: 28600. Epoch: 46/50. Iteration: 476/625. Cls loss: 0.170. Reg loss: 2.192. Seg loss: 0.147. Total loss: 2.509
2023-05-12 09:51:26,774 INFO Step: 28700. Epoch: 46/50. Iteration: 576/625. Cls loss: 0.194. Reg loss: 2.059. Seg loss: 0.142. Total loss: 2.394
2023-05-12 09:52:13,631 INFO Epoch 47/50
2023-05-12 09:53:12,848 INFO Step: 28800. Epoch: 47/50. Iteration: 51/625. Cls loss: 0.193. Reg loss: 1.993. Seg loss: 0.114. Total loss: 2.299
2023-05-12 09:54:54,993 INFO Step: 28900. Epoch: 47/50. Iteration: 151/625. Cls loss: 0.175. Reg loss: 1.994. Seg loss: 0.151. Total loss: 2.320
2023-05-12 09:56:36,537 INFO Saved checkpoint to: logs/2023_0511_2308_07_bdd10k_repeat_base_one_class/checkpoints/hybridnets-d3_46_29000.pth
2023-05-12 09:56:40,085 INFO Step: 29000. Epoch: 47/50. Iteration: 251/625. Cls loss: 0.208. Reg loss: 2.439. Seg loss: 0.157. Total loss: 2.804
2023-05-12 09:58:23,107 INFO Step: 29100. Epoch: 47/50. Iteration: 351/625. Cls loss: 0.186. Reg loss: 1.768. Seg loss: 0.158. Total loss: 2.111
2023-05-12 10:00:07,440 INFO Step: 29200. Epoch: 47/50. Iteration: 451/625. Cls loss: 0.180. Reg loss: 2.601. Seg loss: 0.149. Total loss: 2.929
2023-05-12 10:01:51,993 INFO Step: 29300. Epoch: 47/50. Iteration: 551/625. Cls loss: 0.183. Reg loss: 2.071. Seg loss: 0.127. Total loss: 2.382
2023-05-12 10:03:06,510 INFO Epoch 48/50
2023-05-12 10:03:40,825 INFO Step: 29400. Epoch: 48/50. Iteration: 26/625. Cls loss: 0.196. Reg loss: 2.007. Seg loss: 0.128. Total loss: 2.331
2023-05-12 10:05:23,595 INFO Saved checkpoint to: logs/2023_0511_2308_07_bdd10k_repeat_base_one_class/checkpoints/hybridnets-d3_47_29500.pth
2023-05-12 10:05:23,906 INFO Step: 29500. Epoch: 48/50. Iteration: 126/625. Cls loss: 0.168. Reg loss: 2.013. Seg loss: 0.127. Total loss: 2.309
2023-05-12 10:07:04,981 INFO Step: 29600. Epoch: 48/50. Iteration: 226/625. Cls loss: 0.223. Reg loss: 1.945. Seg loss: 0.111. Total loss: 2.279
2023-05-12 10:08:45,579 INFO Step: 29700. Epoch: 48/50. Iteration: 326/625. Cls loss: 0.178. Reg loss: 1.914. Seg loss: 0.126. Total loss: 2.218
2023-05-12 10:10:25,219 INFO Step: 29800. Epoch: 48/50. Iteration: 426/625. Cls loss: 0.185. Reg loss: 2.094. Seg loss: 0.193. Total loss: 2.472
2023-05-12 10:12:04,846 INFO Step: 29900. Epoch: 48/50. Iteration: 526/625. Cls loss: 0.145. Reg loss: 1.529. Seg loss: 0.134. Total loss: 1.808
2023-05-12 10:13:38,850 INFO Saved checkpoint to: logs/2023_0511_2308_07_bdd10k_repeat_base_one_class/checkpoints/hybridnets-d3_47_30000.pth
2023-05-12 10:13:38,850 INFO Validating...
2023-05-12 10:23:19,139 INFO Val. Epoch: 48/50. Classification loss: 0.17734. Regression loss: 2.18593. Segmentation loss: 0.13318. Total loss: 2.49645
2023-05-12 10:23:19,308 INFO Epoch 49/50
2023-05-12 10:23:28,961 INFO Step: 30000. Epoch: 49/50. Iteration: 1/625. Cls loss: 0.177. Reg loss: 2.030. Seg loss: 0.147. Total loss: 2.354
2023-05-12 10:25:11,461 INFO Step: 30100. Epoch: 49/50. Iteration: 101/625. Cls loss: 0.149. Reg loss: 1.978. Seg loss: 0.121. Total loss: 2.249
2023-05-12 10:26:58,551 INFO Step: 30200. Epoch: 49/50. Iteration: 201/625. Cls loss: 0.198. Reg loss: 1.787. Seg loss: 0.144. Total loss: 2.128
2023-05-12 10:28:39,610 INFO Step: 30300. Epoch: 49/50. Iteration: 301/625. Cls loss: 0.180. Reg loss: 2.154. Seg loss: 0.110. Total loss: 2.444
2023-05-12 10:30:28,289 INFO Step: 30400. Epoch: 49/50. Iteration: 401/625. Cls loss: 0.180. Reg loss: 2.228. Seg loss: 0.129. Total loss: 2.537
2023-05-12 10:32:10,930 INFO Saved checkpoint to: logs/2023_0511_2308_07_bdd10k_repeat_base_one_class/checkpoints/hybridnets-d3_48_30500.pth
2023-05-12 10:32:11,238 INFO Step: 30500. Epoch: 49/50. Iteration: 501/625. Cls loss: 0.165. Reg loss: 1.844. Seg loss: 0.132. Total loss: 2.141
2023-05-12 10:33:58,913 INFO Step: 30600. Epoch: 49/50. Iteration: 601/625. Cls loss: 0.171. Reg loss: 1.925. Seg loss: 0.153. Total loss: 2.248
2023-05-12 10:34:18,377 INFO Epoch 50/50
2023-05-12 10:35:45,070 INFO Step: 30700. Epoch: 50/50. Iteration: 76/625. Cls loss: 0.168. Reg loss: 2.103. Seg loss: 0.141. Total loss: 2.412
2023-05-12 10:37:28,129 INFO Step: 30800. Epoch: 50/50. Iteration: 176/625. Cls loss: 0.190. Reg loss: 2.176. Seg loss: 0.123. Total loss: 2.489
2023-05-12 10:39:17,358 INFO Step: 30900. Epoch: 50/50. Iteration: 276/625. Cls loss: 0.160. Reg loss: 2.034. Seg loss: 0.158. Total loss: 2.352
2023-05-12 10:40:59,860 INFO Saved checkpoint to: logs/2023_0511_2308_07_bdd10k_repeat_base_one_class/checkpoints/hybridnets-d3_49_31000.pth
2023-05-12 10:41:00,163 INFO Step: 31000. Epoch: 50/50. Iteration: 376/625. Cls loss: 0.170. Reg loss: 1.609. Seg loss: 0.111. Total loss: 1.891
2023-05-12 10:42:47,406 INFO Step: 31100. Epoch: 50/50. Iteration: 476/625. Cls loss: 0.161. Reg loss: 2.123. Seg loss: 0.175. Total loss: 2.459
2023-05-12 10:44:31,288 INFO Step: 31200. Epoch: 50/50. Iteration: 576/625. Cls loss: 0.184. Reg loss: 2.333. Seg loss: 0.165. Total loss: 2.681
2023-05-12 10:45:16,471 INFO Final validating...
2023-05-12 10:54:30,274 INFO Val. Epoch: 50/50. Classification loss: 0.17684. Regression loss: 2.17674. Segmentation loss: 0.13150. Total loss: 2.48509
